#
# There is insufficient memory for the Java Runtime Environment to continue.
# Native memory allocation (mmap) failed to map 115343360 bytes. Error detail: G1 virtual space
# Possible reasons:
#   The system is out of physical RAM or swap space
#   This process is running with CompressedOops enabled, and the Java Heap may be blocking the growth of the native heap
# Possible solutions:
#   Reduce memory load on the system
#   Increase physical memory or swap space
#   Check if swap backing store is full
#   Decrease Java heap size (-Xmx/-Xms)
#   Decrease number of Java threads
#   Decrease Java thread stack sizes (-Xss)
#   Set larger code cache with -XX:ReservedCodeCacheSize=
#   JVM is running with Zero Based Compressed Oops mode in which the Java heap is
#     placed in the first 32GB address space. The Java Heap base address is the
#     maximum limit for the native heap growth. Please use -XX:HeapBaseMinAddress
#     to set the Java Heap base and to place the Java Heap above 32GB virtual address.
# This output file may be truncated or incomplete.
#
#  Out of Memory Error (os_windows.cpp:3631), pid=15100, tid=440
#
# JRE version: Java(TM) SE Runtime Environment (22.0+36) (build 22+36-2370)
# Java VM: Java HotSpot(TM) 64-Bit Server VM (22+36-2370, mixed mode, sharing, tiered, compressed oops, compressed class ptrs, g1 gc, windows-amd64)
# No core dump will be written. Minidumps are not enabled by default on client versions of Windows
#

---------------  S U M M A R Y ------------

Command Line: --add-opens=java.base/java.util=ALL-UNNAMED --add-opens=java.base/java.lang=ALL-UNNAMED --add-opens=java.base/java.lang.invoke=ALL-UNNAMED --add-opens=java.prefs/java.util.prefs=ALL-UNNAMED --add-exports=jdk.compiler/com.sun.tools.javac.api=ALL-UNNAMED --add-exports=jdk.compiler/com.sun.tools.javac.util=ALL-UNNAMED --add-opens=java.base/java.nio.charset=ALL-UNNAMED --add-opens=java.base/java.net=ALL-UNNAMED --add-opens=java.base/java.util.concurrent.atomic=ALL-UNNAMED -Xmx4096m -Dfile.encoding=UTF-8 -Duser.country=RU -Duser.language=ru -Duser.variant -javaagent:C:\Users\user\.gradle\wrapper\dists\gradle-8.9-bin\90cnw93cvbtalezasaz0blq0a\gradle-8.9\lib\agents\gradle-instrumentation-agent-8.9.jar org.gradle.launcher.daemon.bootstrap.GradleDaemon 8.9

Host: AMD Ryzen 5 2600 Six-Core Processor            , 12 cores, 15G,  Windows 10 , 64 bit Build 19041 (10.0.19041.5438)
Time: Thu Apr 24 00:09:27 2025 RTZ 4 (s 10 , 64 bit Build 19041 (10.0.19041.5438) elapsed time: 216.577689 seconds (0d 0h 3m 36s)

---------------  T H R E A D  ---------------

Current thread (0x0000021ffe537c90):  VMThread "VM Thread"          [id=440, stack(0x000000322b500000,0x000000322b600000) (1024K)]

Stack: [0x000000322b500000,0x000000322b600000]
Native frames: (J=compiled Java code, j=interpreted, Vv=VM code, C=native code)
V  [jvm.dll+0x6e2349]  (no source info available)
V  [jvm.dll+0x874ed3]  (no source info available)
V  [jvm.dll+0x8772fe]  (no source info available)
V  [jvm.dll+0x8779d3]  (no source info available)
V  [jvm.dll+0x27fcb6]  (no source info available)
V  [jvm.dll+0x6de9e5]  (no source info available)
V  [jvm.dll+0x6d34ea]  (no source info available)
V  [jvm.dll+0x35892a]  (no source info available)
V  [jvm.dll+0x360e56]  (no source info available)
V  [jvm.dll+0x3b3d7e]  (no source info available)
V  [jvm.dll+0x3b4028]  (no source info available)
V  [jvm.dll+0x32c4ec]  (no source info available)
V  [jvm.dll+0x32c577]  (no source info available)
V  [jvm.dll+0x3721ec]  (no source info available)
V  [jvm.dll+0x3708e6]  (no source info available)
V  [jvm.dll+0x32bbd7]  (no source info available)
V  [jvm.dll+0x3700a4]  (no source info available)
V  [jvm.dll+0x87d870]  (no source info available)
V  [jvm.dll+0x87ebf7]  (no source info available)
V  [jvm.dll+0x87f170]  (no source info available)
V  [jvm.dll+0x87f413]  (no source info available)
V  [jvm.dll+0x81d50b]  (no source info available)
V  [jvm.dll+0x6e09e5]  (no source info available)
C  [ucrtbase.dll+0x21bb2]  (no source info available)
C  [KERNEL32.DLL+0x17374]  (no source info available)
C  [ntdll.dll+0x4cc91]  (no source info available)

VM_Operation (0x0000003231bf9190): G1CollectForAllocation, mode: safepoint, requested by thread 0x0000021fc8c180c0


---------------  P R O C E S S  ---------------

Threads class SMR info:
_java_thread_list=0x0000021fc6396b30, length=98, elements={
0x0000021fdf0315c0, 0x0000021ffe557da0, 0x0000021ffe55b820, 0x0000021ffe55d5e0,
0x0000021ffe55e040, 0x0000021ffe55f240, 0x0000021ffe5607a0, 0x0000021ffe56b200,
0x0000021ffe56c450, 0x0000021fc52300f0, 0x0000021fc53e19c0, 0x0000021fc6a61730,
0x0000021fc6a60380, 0x0000021fc6a60a10, 0x0000021fc6f45560, 0x0000021fc6f46fa0,
0x0000021fc6f43490, 0x0000021fc6f44ed0, 0x0000021fc6f40d30, 0x0000021fc6f46280,
0x0000021fc6f42e00, 0x0000021fc6f40010, 0x0000021fc6f45bf0, 0x0000021fc6f46910,
0x0000021fc6f47630, 0x0000021fc6f406a0, 0x0000021fc6f413c0, 0x0000021fc6f42770,
0x0000021fc6f41a50, 0x0000021fc6f420e0, 0x0000021fc6f43b20, 0x0000021fc6f441b0,
0x0000021fc6a61dc0, 0x0000021fc6a5efd0, 0x0000021fc6a5e940, 0x0000021fc6a610a0,
0x0000021fc6a5fcf0, 0x0000021fc8cb7850, 0x0000021fc8cb9290, 0x0000021fc8cbc710,
0x0000021fc8cb8c00, 0x0000021fc8cbb360, 0x0000021fc8cb6b30, 0x0000021fc8cb9920,
0x0000021fc8cbb9f0, 0x0000021fc8cbacd0, 0x0000021fc8cb5e10, 0x0000021fc8cbc080,
0x0000021fc8cb8570, 0x0000021fc8cbcda0, 0x0000021fc8cb71c0, 0x0000021fc8cbd430,
0x0000021fc8fba900, 0x0000021fc8fb7b10, 0x0000021fc8fb9550, 0x0000021fc8fb8830,
0x0000021fc8fb7480, 0x0000021fc8fbbcb0, 0x0000021fc8fb8ec0, 0x0000021fc8fb9be0,
0x0000021fc8fbeaa0, 0x0000021fc8fba270, 0x0000021fc8fbaf90, 0x0000021fc8fbb620,
0x0000021fc8fbc340, 0x0000021fc8fbc9d0, 0x0000021fc8fbd060, 0x0000021fc8fbd6f0,
0x0000021fc8fbdd80, 0x0000021fc8fbe410, 0x0000021fc8c19b00, 0x0000021fc8c16d10,
0x0000021fc8c1c260, 0x0000021fc8c1aeb0, 0x0000021fc8c1cf80, 0x0000021fc8c19470,
0x0000021fc8c1a190, 0x0000021fc8392130, 0x0000021fc8c1c8f0, 0x0000021fc8c18750,
0x0000021fc8c1bbd0, 0x0000021fc8c1d610, 0x0000021fc8c1a820, 0x0000021fc8391390,
0x0000021fc8c1dca0, 0x0000021fc8c1e330, 0x0000021fc8c18de0, 0x0000021fc8c1b540,
0x0000021fc8c173a0, 0x0000021fc8c17a30, 0x0000021fc8c180c0, 0x0000021fc799d390,
0x0000021fc79a2250, 0x0000021fc79a1bc0, 0x0000021fc799faf0, 0x0000021fc79a0810,
0x0000021fc799bfe0, 0x0000021fc799e740
}

Java Threads: ( => current thread )
  0x0000021fdf0315c0 JavaThread "main"                              [_thread_blocked, id=18508, stack(0x000000322ae00000,0x000000322af00000) (1024K)]
  0x0000021ffe557da0 JavaThread "Reference Handler"          daemon [_thread_blocked, id=10388, stack(0x000000322b600000,0x000000322b700000) (1024K)]
  0x0000021ffe55b820 JavaThread "Finalizer"                  daemon [_thread_blocked, id=2084, stack(0x000000322b700000,0x000000322b800000) (1024K)]
  0x0000021ffe55d5e0 JavaThread "Signal Dispatcher"          daemon [_thread_blocked, id=18968, stack(0x000000322b800000,0x000000322b900000) (1024K)]
  0x0000021ffe55e040 JavaThread "Attach Listener"            daemon [_thread_blocked, id=18332, stack(0x000000322b900000,0x000000322ba00000) (1024K)]
  0x0000021ffe55f240 JavaThread "Service Thread"             daemon [_thread_blocked, id=9280, stack(0x000000322ba00000,0x000000322bb00000) (1024K)]
  0x0000021ffe5607a0 JavaThread "Monitor Deflation Thread"   daemon [_thread_blocked, id=18904, stack(0x000000322bb00000,0x000000322bc00000) (1024K)]
  0x0000021ffe56b200 JavaThread "C2 CompilerThread0"         daemon [_thread_blocked, id=9076, stack(0x000000322bc00000,0x000000322bd00000) (1024K)]
  0x0000021ffe56c450 JavaThread "C1 CompilerThread0"         daemon [_thread_blocked, id=14328, stack(0x000000322bd00000,0x000000322be00000) (1024K)]
  0x0000021fc52300f0 JavaThread "Common-Cleaner"             daemon [_thread_blocked, id=15228, stack(0x000000322be00000,0x000000322bf00000) (1024K)]
  0x0000021fc53e19c0 JavaThread "Notification Thread"        daemon [_thread_blocked, id=18144, stack(0x000000322c000000,0x000000322c100000) (1024K)]
  0x0000021fc6a61730 JavaThread "Daemon health stats"               [_thread_blocked, id=17836, stack(0x000000322c100000,0x000000322c200000) (1024K)]
  0x0000021fc6a60380 JavaThread "Incoming local TCP Connector on port 58544"        [_thread_in_native, id=17372, stack(0x000000322c700000,0x000000322c800000) (1024K)]
  0x0000021fc6a60a10 JavaThread "Daemon periodic checks"            [_thread_blocked, id=16888, stack(0x000000322c800000,0x000000322c900000) (1024K)]
  0x0000021fc6f45560 JavaThread "Cache worker for journal cache (C:\Users\user\.gradle\caches\journal-1)"        [_thread_blocked, id=14428, stack(0x000000322d000000,0x000000322d100000) (1024K)]
  0x0000021fc6f46fa0 JavaThread "File lock request listener"        [_thread_in_native, id=16364, stack(0x000000322d100000,0x000000322d200000) (1024K)]
  0x0000021fc6f43490 JavaThread "Cache worker for file hash cache (C:\Users\user\.gradle\caches\8.9\fileHashes)"        [_thread_blocked, id=16856, stack(0x000000322bf00000,0x000000322c000000) (1024K)]
  0x0000021fc6f44ed0 JavaThread "File watcher server"        daemon [_thread_blocked, id=17268, stack(0x000000322db00000,0x000000322dc00000) (1024K)]
  0x0000021fc6f40d30 JavaThread "File watcher consumer"      daemon [_thread_blocked, id=9620, stack(0x000000322dc00000,0x000000322dd00000) (1024K)]
  0x0000021fc6f46280 JavaThread "jar transforms"                    [_thread_blocked, id=14184, stack(0x000000322dd00000,0x000000322de00000) (1024K)]
  0x0000021fc6f42e00 JavaThread "jar transforms Thread 2"           [_thread_blocked, id=6204, stack(0x000000322de00000,0x000000322df00000) (1024K)]
  0x0000021fc6f40010 JavaThread "jar transforms Thread 3"           [_thread_blocked, id=14412, stack(0x000000322df00000,0x000000322e000000) (1024K)]
  0x0000021fc6f45bf0 JavaThread "Daemon Thread 2"                   [_thread_blocked, id=18596, stack(0x000000322ad00000,0x000000322ae00000) (1024K)]
  0x0000021fc6f46910 JavaThread "Handler for socket connection from /127.0.0.1:58544 to /127.0.0.1:64226"        [_thread_in_native, id=20560, stack(0x000000322c900000,0x000000322ca00000) (1024K)]
  0x0000021fc6f47630 JavaThread "Cancel handler"                    [_thread_blocked, id=20648, stack(0x000000322ca00000,0x000000322cb00000) (1024K)]
  0x0000021fc6f406a0 JavaThread "Daemon worker Thread 2"            [_thread_blocked, id=15036, stack(0x000000322cb00000,0x000000322cc00000) (1024K)]
  0x0000021fc6f413c0 JavaThread "Asynchronous log dispatcher for DefaultDaemonConnection: socket connection from /127.0.0.1:58544 to /127.0.0.1:64226"        [_thread_blocked, id=20656, stack(0x000000322cc00000,0x000000322cd00000) (1024K)]
  0x0000021fc6f42770 JavaThread "Stdin handler"                     [_thread_blocked, id=20688, stack(0x000000322cd00000,0x000000322ce00000) (1024K)]
  0x0000021fc6f41a50 JavaThread "Daemon client event forwarder"        [_thread_blocked, id=17736, stack(0x000000322ce00000,0x000000322cf00000) (1024K)]
  0x0000021fc6f420e0 JavaThread "Cache worker for file hash cache (C:\Users\user\AndroidStudioProjects\StoryThere\.gradle\8.9\fileHashes)"        [_thread_blocked, id=20404, stack(0x000000322cf00000,0x000000322d000000) (1024K)]
  0x0000021fc6f43b20 JavaThread "Cache worker for Build Output Cleanup Cache (C:\Users\user\AndroidStudioProjects\StoryThere\.gradle\buildOutputCleanup)"        [_thread_blocked, id=20416, stack(0x000000322d200000,0x000000322d300000) (1024K)]
  0x0000021fc6f441b0 JavaThread "jar transforms Thread 4"           [_thread_blocked, id=20408, stack(0x000000322d900000,0x000000322da00000) (1024K)]
  0x0000021fc6a61dc0 JavaThread "jar transforms Thread 5"           [_thread_blocked, id=5032, stack(0x000000322da00000,0x000000322db00000) (1024K)]
  0x0000021fc6a5efd0 JavaThread "jar transforms Thread 6"           [_thread_blocked, id=15124, stack(0x000000322e000000,0x000000322e100000) (1024K)]
  0x0000021fc6a5e940 JavaThread "Cache worker for checksums cache (C:\Users\user\AndroidStudioProjects\StoryThere\.gradle\8.9\checksums)"        [_thread_blocked, id=3020, stack(0x000000322e200000,0x000000322e300000) (1024K)]
  0x0000021fc6a610a0 JavaThread "Cache worker for file content cache (C:\Users\user\.gradle\caches\8.9\fileContent)"        [_thread_blocked, id=20420, stack(0x000000322e300000,0x000000322e400000) (1024K)]
  0x0000021fc6a5fcf0 JavaThread "Cache worker for cache directory md-rule (C:\Users\user\.gradle\caches\8.9\md-rule)"        [_thread_blocked, id=11012, stack(0x000000322e500000,0x000000322e600000) (1024K)]
  0x0000021fc8cb7850 JavaThread "Cache worker for cache directory md-supplier (C:\Users\user\.gradle\caches\8.9\md-supplier)"        [_thread_blocked, id=8932, stack(0x000000322e600000,0x000000322e700000) (1024K)]
  0x0000021fc8cb9290 JavaThread "jar transforms Thread 7"           [_thread_blocked, id=20380, stack(0x000000322e700000,0x000000322e800000) (1024K)]
  0x0000021fc8cbc710 JavaThread "jar transforms Thread 8"           [_thread_blocked, id=20432, stack(0x000000322e800000,0x000000322e900000) (1024K)]
  0x0000021fc8cb8c00 JavaThread "jar transforms Thread 9"           [_thread_blocked, id=20368, stack(0x000000322e900000,0x000000322ea00000) (1024K)]
  0x0000021fc8cbb360 JavaThread "jar transforms Thread 10"          [_thread_blocked, id=20372, stack(0x000000322ea00000,0x000000322eb00000) (1024K)]
  0x0000021fc8cb6b30 JavaThread "jar transforms Thread 11"          [_thread_blocked, id=20376, stack(0x000000322eb00000,0x000000322ec00000) (1024K)]
  0x0000021fc8cb9920 JavaThread "jar transforms Thread 12"          [_thread_blocked, id=20188, stack(0x000000322ec00000,0x000000322ed00000) (1024K)]
  0x0000021fc8cbb9f0 JavaThread "Unconstrained build operations"        [_thread_blocked, id=13584, stack(0x000000322e100000,0x000000322e200000) (1024K)]
  0x0000021fc8cbacd0 JavaThread "Unconstrained build operations Thread 2"        [_thread_blocked, id=4396, stack(0x000000322e400000,0x000000322e500000) (1024K)]
  0x0000021fc8cb5e10 JavaThread "Unconstrained build operations Thread 3"        [_thread_blocked, id=20672, stack(0x000000322ef00000,0x000000322f000000) (1024K)]
  0x0000021fc8cbc080 JavaThread "Unconstrained build operations Thread 4"        [_thread_blocked, id=18892, stack(0x000000322f000000,0x000000322f100000) (1024K)]
  0x0000021fc8cb8570 JavaThread "Unconstrained build operations Thread 5"        [_thread_blocked, id=16872, stack(0x000000322f100000,0x000000322f200000) (1024K)]
  0x0000021fc8cbcda0 JavaThread "Unconstrained build operations Thread 6"        [_thread_blocked, id=9644, stack(0x000000322f200000,0x000000322f300000) (1024K)]
  0x0000021fc8cb71c0 JavaThread "Unconstrained build operations Thread 7"        [_thread_blocked, id=18764, stack(0x000000322f300000,0x000000322f400000) (1024K)]
  0x0000021fc8cbd430 JavaThread "Unconstrained build operations Thread 8"        [_thread_blocked, id=20232, stack(0x000000322f400000,0x000000322f500000) (1024K)]
  0x0000021fc8fba900 JavaThread "Unconstrained build operations Thread 9"        [_thread_blocked, id=4356, stack(0x000000322f500000,0x000000322f600000) (1024K)]
  0x0000021fc8fb7b10 JavaThread "Unconstrained build operations Thread 10"        [_thread_blocked, id=20036, stack(0x000000322f600000,0x000000322f700000) (1024K)]
  0x0000021fc8fb9550 JavaThread "Unconstrained build operations Thread 11"        [_thread_blocked, id=19424, stack(0x000000322f700000,0x000000322f800000) (1024K)]
  0x0000021fc8fb8830 JavaThread "Unconstrained build operations Thread 12"        [_thread_blocked, id=20992, stack(0x000000322f800000,0x000000322f900000) (1024K)]
  0x0000021fc8fb7480 JavaThread "Unconstrained build operations Thread 13"        [_thread_blocked, id=18048, stack(0x000000322f900000,0x000000322fa00000) (1024K)]
  0x0000021fc8fbbcb0 JavaThread "Unconstrained build operations Thread 14"        [_thread_blocked, id=21100, stack(0x000000322fa00000,0x000000322fb00000) (1024K)]
  0x0000021fc8fb8ec0 JavaThread "Unconstrained build operations Thread 15"        [_thread_blocked, id=21144, stack(0x000000322fb00000,0x000000322fc00000) (1024K)]
  0x0000021fc8fb9be0 JavaThread "Unconstrained build operations Thread 16"        [_thread_blocked, id=21136, stack(0x000000322fc00000,0x000000322fd00000) (1024K)]
  0x0000021fc8fbeaa0 JavaThread "Unconstrained build operations Thread 17"        [_thread_blocked, id=21188, stack(0x000000322fd00000,0x000000322fe00000) (1024K)]
  0x0000021fc8fba270 JavaThread "Unconstrained build operations Thread 18"        [_thread_blocked, id=21112, stack(0x000000322fe00000,0x000000322ff00000) (1024K)]
  0x0000021fc8fbaf90 JavaThread "Unconstrained build operations Thread 19"        [_thread_blocked, id=21240, stack(0x000000322ff00000,0x0000003230000000) (1024K)]
  0x0000021fc8fbb620 JavaThread "Unconstrained build operations Thread 20"        [_thread_blocked, id=21164, stack(0x0000003230000000,0x0000003230100000) (1024K)]
  0x0000021fc8fbc340 JavaThread "Unconstrained build operations Thread 21"        [_thread_blocked, id=21172, stack(0x0000003230100000,0x0000003230200000) (1024K)]
  0x0000021fc8fbc9d0 JavaThread "Unconstrained build operations Thread 22"        [_thread_blocked, id=21228, stack(0x0000003230200000,0x0000003230300000) (1024K)]
  0x0000021fc8fbd060 JavaThread "Unconstrained build operations Thread 23"        [_thread_blocked, id=21152, stack(0x0000003230300000,0x0000003230400000) (1024K)]
  0x0000021fc8fbd6f0 JavaThread "Unconstrained build operations Thread 24"        [_thread_blocked, id=21180, stack(0x0000003230400000,0x0000003230500000) (1024K)]
  0x0000021fc8fbdd80 JavaThread "Unconstrained build operations Thread 25"        [_thread_blocked, id=21204, stack(0x0000003230500000,0x0000003230600000) (1024K)]
  0x0000021fc8fbe410 JavaThread "Unconstrained build operations Thread 26"        [_thread_blocked, id=21236, stack(0x0000003230600000,0x0000003230700000) (1024K)]
  0x0000021fc8c19b00 JavaThread "Unconstrained build operations Thread 27"        [_thread_blocked, id=21208, stack(0x0000003230700000,0x0000003230800000) (1024K)]
  0x0000021fc8c16d10 JavaThread "Unconstrained build operations Thread 28"        [_thread_blocked, id=21120, stack(0x0000003230800000,0x0000003230900000) (1024K)]
  0x0000021fc8c1c260 JavaThread "Unconstrained build operations Thread 29"        [_thread_blocked, id=21184, stack(0x0000003230900000,0x0000003230a00000) (1024K)]
  0x0000021fc8c1aeb0 JavaThread "Unconstrained build operations Thread 30"        [_thread_blocked, id=21132, stack(0x0000003230a00000,0x0000003230b00000) (1024K)]
  0x0000021fc8c1cf80 JavaThread "Unconstrained build operations Thread 31"        [_thread_blocked, id=21408, stack(0x0000003230b00000,0x0000003230c00000) (1024K)]
  0x0000021fc8c19470 JavaThread "Unconstrained build operations Thread 32"        [_thread_blocked, id=21404, stack(0x0000003230c00000,0x0000003230d00000) (1024K)]
  0x0000021fc8c1a190 JavaThread "Unconstrained build operations Thread 33"        [_thread_blocked, id=21376, stack(0x0000003230d00000,0x0000003230e00000) (1024K)]
  0x0000021fc8392130 JavaThread "C2 CompilerThread1"         daemon [_thread_blocked, id=21416, stack(0x0000003230e00000,0x0000003230f00000) (1024K)]
  0x0000021fc8c1c8f0 JavaThread "Unconstrained build operations Thread 34"        [_thread_blocked, id=13500, stack(0x0000003230f00000,0x0000003231000000) (1024K)]
  0x0000021fc8c18750 JavaThread "Unconstrained build operations Thread 35"        [_thread_blocked, id=21392, stack(0x0000003231000000,0x0000003231100000) (1024K)]
  0x0000021fc8c1bbd0 JavaThread "Unconstrained build operations Thread 36"        [_thread_blocked, id=21360, stack(0x0000003231100000,0x0000003231200000) (1024K)]
  0x0000021fc8c1d610 JavaThread "Unconstrained build operations Thread 37"        [_thread_blocked, id=21384, stack(0x0000003231200000,0x0000003231300000) (1024K)]
  0x0000021fc8c1a820 JavaThread "Unconstrained build operations Thread 38"        [_thread_blocked, id=21380, stack(0x0000003231300000,0x0000003231400000) (1024K)]
  0x0000021fc8391390 JavaThread "C2 CompilerThread2"         daemon [_thread_blocked, id=21336, stack(0x0000003231400000,0x0000003231500000) (1024K)]
  0x0000021fc8c1dca0 JavaThread "Unconstrained build operations Thread 39"        [_thread_blocked, id=21364, stack(0x0000003231500000,0x0000003231600000) (1024K)]
  0x0000021fc8c1e330 JavaThread "Unconstrained build operations Thread 40"        [_thread_blocked, id=21356, stack(0x0000003231600000,0x0000003231700000) (1024K)]
  0x0000021fc8c18de0 JavaThread "Unconstrained build operations Thread 41"        [_thread_blocked, id=21396, stack(0x0000003231700000,0x0000003231800000) (1024K)]
  0x0000021fc8c1b540 JavaThread "Unconstrained build operations Thread 42"        [_thread_blocked, id=21368, stack(0x0000003231800000,0x0000003231900000) (1024K)]
  0x0000021fc8c173a0 JavaThread "Unconstrained build operations Thread 43"        [_thread_blocked, id=21332, stack(0x0000003231900000,0x0000003231a00000) (1024K)]
  0x0000021fc8c17a30 JavaThread "Unconstrained build operations Thread 44"        [_thread_blocked, id=21372, stack(0x0000003231a00000,0x0000003231b00000) (1024K)]
  0x0000021fc8c180c0 JavaThread "Unconstrained build operations Thread 45"        [_thread_blocked, id=21272, stack(0x0000003231b00000,0x0000003231c00000) (1024K)]
  0x0000021fc799d390 JavaThread "Unconstrained build operations Thread 46"        [_thread_blocked, id=15400, stack(0x0000003231c00000,0x0000003231d00000) (1024K)]
  0x0000021fc79a2250 JavaThread "Unconstrained build operations Thread 47"        [_thread_blocked, id=21196, stack(0x0000003231d00000,0x0000003231e00000) (1024K)]
  0x0000021fc79a1bc0 JavaThread "Unconstrained build operations Thread 48"        [_thread_blocked, id=21176, stack(0x0000003231e00000,0x0000003231f00000) (1024K)]
  0x0000021fc799faf0 JavaThread "Unconstrained build operations Thread 49"        [_thread_blocked, id=21300, stack(0x0000003231f00000,0x0000003232000000) (1024K)]
  0x0000021fc79a0810 JavaThread "Unconstrained build operations Thread 50"        [_thread_blocked, id=21296, stack(0x0000003232000000,0x0000003232100000) (1024K)]
  0x0000021fc799bfe0 JavaThread "Unconstrained build operations Thread 51"        [_thread_blocked, id=21264, stack(0x0000003232100000,0x0000003232200000) (1024K)]
  0x0000021fc799e740 JavaThread "Unconstrained build operations Thread 52"        [_thread_blocked, id=21260, stack(0x0000003232200000,0x0000003232300000) (1024K)]
Total: 98

Other Threads:
=>0x0000021ffe537c90 VMThread "VM Thread"                           [id=440, stack(0x000000322b500000,0x000000322b600000) (1024K)]
  0x0000021ffe522080 WatcherThread "VM Periodic Task Thread"        [id=10344, stack(0x000000322b400000,0x000000322b500000) (1024K)]
  0x0000021fdf099bd0 WorkerThread "GC Thread#0"                     [id=5460, stack(0x000000322af00000,0x000000322b000000) (1024K)]
  0x0000021fc585b0c0 WorkerThread "GC Thread#1"                     [id=13724, stack(0x000000322c200000,0x000000322c300000) (1024K)]
  0x0000021fc542e230 WorkerThread "GC Thread#2"                     [id=17464, stack(0x000000322c300000,0x000000322c400000) (1024K)]
  0x0000021fc542e5e0 WorkerThread "GC Thread#3"                     [id=8904, stack(0x000000322c400000,0x000000322c500000) (1024K)]
  0x0000021fc5782fe0 WorkerThread "GC Thread#4"                     [id=2508, stack(0x000000322c500000,0x000000322c600000) (1024K)]
  0x0000021fc5783390 WorkerThread "GC Thread#5"                     [id=1748, stack(0x000000322c600000,0x000000322c700000) (1024K)]
  0x0000021fc5ecdb80 WorkerThread "GC Thread#6"                     [id=15544, stack(0x000000322d300000,0x000000322d400000) (1024K)]
  0x0000021fc5ecf1a0 WorkerThread "GC Thread#7"                     [id=15468, stack(0x000000322d400000,0x000000322d500000) (1024K)]
  0x0000021fc5ecf550 WorkerThread "GC Thread#8"                     [id=2960, stack(0x000000322d500000,0x000000322d600000) (1024K)]
  0x0000021fc5ecdf30 WorkerThread "GC Thread#9"                     [id=9624, stack(0x000000322d600000,0x000000322d700000) (1024K)]
  0x0000021fdf0aabc0 ConcurrentGCThread "G1 Main Marker"            [id=13980, stack(0x000000322b000000,0x000000322b100000) (1024K)]
  0x0000021fdf0acca0 WorkerThread "G1 Conc#0"                       [id=13760, stack(0x000000322b100000,0x000000322b200000) (1024K)]
  0x0000021fc5ece2e0 WorkerThread "G1 Conc#1"                       [id=3844, stack(0x000000322d700000,0x000000322d800000) (1024K)]
  0x0000021fc5ece690 WorkerThread "G1 Conc#2"                       [id=15972, stack(0x000000322d800000,0x000000322d900000) (1024K)]
  0x0000021ffe3e3e10 ConcurrentGCThread "G1 Refine#0"               [id=10348, stack(0x000000322b200000,0x000000322b300000) (1024K)]
  0x0000021ffe3e48a0 ConcurrentGCThread "G1 Service"                [id=3476, stack(0x000000322b300000,0x000000322b400000) (1024K)]
Total: 18

Threads with active compile tasks:
C2 CompilerThread0  216731 13701       4       org.gradle.internal.classpath.types.ExternalPluginsInstrumentationTypeRegistry::getSuperTypes (70 bytes)
C2 CompilerThread1  216731 13756   !   4       java.util.zip.ZipFile$ZipEntryIterator::next (71 bytes)
C2 CompilerThread2  216731 13755       4       java.util.zip.ZipFile$ZipEntryIterator::nextElement (5 bytes)
Total: 3

VM state: at safepoint (normal execution)

VM Mutex/Monitor currently owned by a thread:  ([mutex/lock_event])
[0x00007ff9642acbc8] Threads_lock - owner thread: 0x0000021ffe537c90
[0x00007ff9642accc8] Heap_lock - owner thread: 0x0000021fc8c180c0

Heap address: 0x0000000700000000, size: 4096 MB, Compressed Oops mode: Zero based, Oop shift amount: 3

CDS archive(s) mapped at: [0x0000021f80000000-0x0000021f80c60000-0x0000021f80c60000), size 12976128, SharedBaseAddress: 0x0000021f80000000, ArchiveRelocationMode: 1.
Compressed class space mapped at: 0x0000021f81000000-0x0000021fc1000000, reserved size: 1073741824
Narrow klass base: 0x0000021f80000000, Narrow klass shift: 0, Narrow klass range: 0x41000000

GC Precious Log:
 CardTable entry size: 512
 Card Set container configuration: InlinePtr #cards 4 size 8 Array Of Cards #cards 16 size 48 Howl #buckets 8 coarsen threshold 3686 Howl Bitmap #cards 512 size 80 coarsen threshold 460 Card regions per heap region 1 cards per card region 4096
 CPUs: 12 total, 12 available
 Memory: 16309M
 Large Page Support: Disabled
 NUMA Support: Disabled
 Compressed Oops: Enabled (Zero based)
 Heap Region Size: 2M
 Heap Min Capacity: 8M
 Heap Initial Capacity: 256M
 Heap Max Capacity: 4G
 Pre-touch: Disabled
 Parallel Workers: 10
 Concurrent Workers: 3
 Concurrent Refinement Workers: 10
 Periodic GC: Disabled

Heap:
 garbage-first heap   total reserved 4194304K, committed 397312K, used 118515K [0x0000000700000000, 0x0000000800000000)
  region size 2048K, 9 young (18432K), 9 survivors (18432K)
 Metaspace       used 70049K, committed 71872K, reserved 1114112K
  class space    used 9730K, committed 10624K, reserved 1048576K

Heap Regions: E=young(eden), S=young(survivor), O=old, HS=humongous(starts), HC=humongous(continues), CS=collection set, F=free, TAMS=top-at-mark-start, PB=parsable bottom
|   0|0x0000000700000000, 0x0000000700200000, 0x0000000700200000|100%|HS|  |TAMS 0x0000000700000000| PB 0x0000000700000000| Complete |  0
|   1|0x0000000700200000, 0x0000000700400000, 0x0000000700400000|100%|HC|  |TAMS 0x0000000700200000| PB 0x0000000700200000| Complete |  0
|   2|0x0000000700400000, 0x0000000700600000, 0x0000000700600000|100%| O|  |TAMS 0x0000000700400000| PB 0x0000000700400000| Untracked |  0
|   3|0x0000000700600000, 0x0000000700800000, 0x0000000700800000|100%| O|  |TAMS 0x0000000700600000| PB 0x0000000700600000| Untracked |  0
|   4|0x0000000700800000, 0x0000000700a00000, 0x0000000700a00000|100%| O|  |TAMS 0x0000000700800000| PB 0x0000000700800000| Untracked |  0
|   5|0x0000000700a00000, 0x0000000700c00000, 0x0000000700c00000|100%| O|  |TAMS 0x0000000700a00000| PB 0x0000000700a00000| Untracked |  0
|   6|0x0000000700c00000, 0x0000000700e00000, 0x0000000700e00000|100%| O|  |TAMS 0x0000000700c00000| PB 0x0000000700c00000| Untracked |  0
|   7|0x0000000700e00000, 0x0000000701000000, 0x0000000701000000|100%| O|  |TAMS 0x0000000700e00000| PB 0x0000000700e00000| Untracked |  0
|   8|0x0000000701000000, 0x0000000701200000, 0x0000000701200000|100%| O|  |TAMS 0x0000000701000000| PB 0x0000000701000000| Untracked |  0
|   9|0x0000000701200000, 0x0000000701400000, 0x0000000701400000|100%| O|  |TAMS 0x0000000701200000| PB 0x0000000701200000| Untracked |  0
|  10|0x0000000701400000, 0x0000000701600000, 0x0000000701600000|100%| O|  |TAMS 0x0000000701400000| PB 0x0000000701400000| Untracked |  0
|  11|0x0000000701600000, 0x0000000701800000, 0x0000000701800000|100%| O|  |TAMS 0x0000000701600000| PB 0x0000000701600000| Untracked |  0
|  12|0x0000000701800000, 0x0000000701a00000, 0x0000000701a00000|100%| O|  |TAMS 0x0000000701800000| PB 0x0000000701800000| Untracked |  0
|  13|0x0000000701a00000, 0x0000000701c00000, 0x0000000701c00000|100%| O|  |TAMS 0x0000000701a00000| PB 0x0000000701a00000| Untracked |  0
|  14|0x0000000701c00000, 0x0000000701e00000, 0x0000000701e00000|100%| O|  |TAMS 0x0000000701c00000| PB 0x0000000701c00000| Untracked |  0
|  15|0x0000000701e00000, 0x0000000702000000, 0x0000000702000000|100%| O|  |TAMS 0x0000000701e00000| PB 0x0000000701e00000| Untracked |  0
|  16|0x0000000702000000, 0x0000000702200000, 0x0000000702200000|100%| O|  |TAMS 0x0000000702000000| PB 0x0000000702000000| Untracked |  0
|  17|0x0000000702200000, 0x0000000702400000, 0x0000000702400000|100%| O|  |TAMS 0x0000000702200000| PB 0x0000000702200000| Untracked |  0
|  18|0x0000000702400000, 0x0000000702600000, 0x0000000702600000|100%| O|  |TAMS 0x0000000702400000| PB 0x0000000702400000| Untracked |  0
|  19|0x0000000702600000, 0x0000000702800000, 0x0000000702800000|100%| O|  |TAMS 0x0000000702600000| PB 0x0000000702600000| Untracked |  0
|  20|0x0000000702800000, 0x0000000702a00000, 0x0000000702a00000|100%| O|  |TAMS 0x0000000702800000| PB 0x0000000702800000| Untracked |  0
|  21|0x0000000702a00000, 0x0000000702c00000, 0x0000000702c00000|100%| O|  |TAMS 0x0000000702a00000| PB 0x0000000702a00000| Untracked |  0
|  22|0x0000000702c00000, 0x0000000702e00000, 0x0000000702e00000|100%| O|  |TAMS 0x0000000702c00000| PB 0x0000000702c00000| Untracked |  0
|  23|0x0000000702e00000, 0x0000000703000000, 0x0000000703000000|100%| O|  |TAMS 0x0000000702e00000| PB 0x0000000702e00000| Untracked |  0
|  24|0x0000000703000000, 0x0000000703200000, 0x0000000703200000|100%| O|  |TAMS 0x0000000703000000| PB 0x0000000703000000| Untracked |  0
|  25|0x0000000703200000, 0x0000000703400000, 0x0000000703400000|100%| O|  |TAMS 0x0000000703200000| PB 0x0000000703200000| Untracked |  0
|  26|0x0000000703400000, 0x0000000703400000, 0x0000000703600000|  0%| F|  |TAMS 0x0000000703400000| PB 0x0000000703400000| Untracked |  0
|  27|0x0000000703600000, 0x0000000703800000, 0x0000000703800000|100%| O|  |TAMS 0x0000000703600000| PB 0x0000000703600000| Untracked |  0
|  28|0x0000000703800000, 0x0000000703a00000, 0x0000000703a00000|100%| O|  |TAMS 0x0000000703800000| PB 0x0000000703800000| Untracked |  0
|  29|0x0000000703a00000, 0x0000000703c00000, 0x0000000703c00000|100%| O|  |TAMS 0x0000000703a00000| PB 0x0000000703a00000| Untracked |  0
|  30|0x0000000703c00000, 0x0000000703e00000, 0x0000000703e00000|100%| O|  |TAMS 0x0000000703c00000| PB 0x0000000703c00000| Untracked |  0
|  31|0x0000000703e00000, 0x0000000704000000, 0x0000000704000000|100%| O|  |TAMS 0x0000000703e00000| PB 0x0000000703e00000| Untracked |  0
|  32|0x0000000704000000, 0x0000000704200000, 0x0000000704200000|100%| O|  |TAMS 0x0000000704000000| PB 0x0000000704000000| Untracked |  0
|  33|0x0000000704200000, 0x00000007042a6920, 0x0000000704400000| 32%| O|  |TAMS 0x0000000704200000| PB 0x0000000704200000| Untracked |  0
|  34|0x0000000704400000, 0x0000000704400000, 0x0000000704600000|  0%| F|  |TAMS 0x0000000704400000| PB 0x0000000704400000| Untracked |  0
|  35|0x0000000704600000, 0x0000000704600000, 0x0000000704800000|  0%| F|  |TAMS 0x0000000704600000| PB 0x0000000704600000| Untracked |  0
|  36|0x0000000704800000, 0x0000000704800000, 0x0000000704a00000|  0%| F|  |TAMS 0x0000000704800000| PB 0x0000000704800000| Untracked |  0
|  37|0x0000000704a00000, 0x0000000704a00000, 0x0000000704c00000|  0%| F|  |TAMS 0x0000000704a00000| PB 0x0000000704a00000| Untracked |  0
|  38|0x0000000704c00000, 0x0000000704c00000, 0x0000000704e00000|  0%| F|  |TAMS 0x0000000704c00000| PB 0x0000000704c00000| Untracked |  0
|  39|0x0000000704e00000, 0x0000000705000000, 0x0000000705000000|100%| O|  |TAMS 0x0000000704e00000| PB 0x0000000704e00000| Untracked |  0
|  40|0x0000000705000000, 0x0000000705200000, 0x0000000705200000|100%| O|  |TAMS 0x0000000705000000| PB 0x0000000705000000| Untracked |  0
|  41|0x0000000705200000, 0x0000000705400000, 0x0000000705400000|100%| O|  |TAMS 0x0000000705200000| PB 0x0000000705200000| Untracked |  0
|  42|0x0000000705400000, 0x0000000705600000, 0x0000000705600000|100%| O|  |TAMS 0x0000000705400000| PB 0x0000000705400000| Untracked |  0
|  43|0x0000000705600000, 0x0000000705800000, 0x0000000705800000|100%| O|  |TAMS 0x0000000705600000| PB 0x0000000705600000| Untracked |  0
|  44|0x0000000705800000, 0x0000000705800000, 0x0000000705a00000|  0%| F|  |TAMS 0x0000000705800000| PB 0x0000000705800000| Untracked |  0
|  45|0x0000000705a00000, 0x0000000705a00000, 0x0000000705c00000|  0%| F|  |TAMS 0x0000000705a00000| PB 0x0000000705a00000| Untracked |  0
|  46|0x0000000705c00000, 0x0000000705e00000, 0x0000000705e00000|100%| O|  |TAMS 0x0000000705c00000| PB 0x0000000705c00000| Untracked |  0
|  47|0x0000000705e00000, 0x0000000706000000, 0x0000000706000000|100%| O|  |TAMS 0x0000000705e00000| PB 0x0000000705e00000| Untracked |  0
|  48|0x0000000706000000, 0x0000000706000000, 0x0000000706200000|  0%| F|  |TAMS 0x0000000706000000| PB 0x0000000706000000| Untracked |  0
|  49|0x0000000706200000, 0x0000000706200000, 0x0000000706400000|  0%| F|  |TAMS 0x0000000706200000| PB 0x0000000706200000| Untracked |  0
|  50|0x0000000706400000, 0x00000007065fb8b0, 0x0000000706600000| 99%| O|  |TAMS 0x0000000706400000| PB 0x0000000706400000| Untracked |  0
|  51|0x0000000706600000, 0x0000000706600000, 0x0000000706800000|  0%| F|  |TAMS 0x0000000706600000| PB 0x0000000706600000| Untracked |  0
|  52|0x0000000706800000, 0x0000000706800000, 0x0000000706a00000|  0%| F|  |TAMS 0x0000000706800000| PB 0x0000000706800000| Untracked |  0
|  53|0x0000000706a00000, 0x0000000706a00000, 0x0000000706c00000|  0%| F|  |TAMS 0x0000000706a00000| PB 0x0000000706a00000| Untracked |  0
|  54|0x0000000706c00000, 0x0000000706d1ae20, 0x0000000706e00000| 55%| S|CS|TAMS 0x0000000706c00000| PB 0x0000000706c00000| Complete |  0
|  55|0x0000000706e00000, 0x0000000707000000, 0x0000000707000000|100%| S|CS|TAMS 0x0000000706e00000| PB 0x0000000706e00000| Complete |  0
|  56|0x0000000707000000, 0x0000000707200000, 0x0000000707200000|100%| S|CS|TAMS 0x0000000707000000| PB 0x0000000707000000| Complete |  0
|  57|0x0000000707200000, 0x0000000707400000, 0x0000000707400000|100%| S|CS|TAMS 0x0000000707200000| PB 0x0000000707200000| Complete |  0
|  58|0x0000000707400000, 0x0000000707600000, 0x0000000707600000|100%| S|CS|TAMS 0x0000000707400000| PB 0x0000000707400000| Complete |  0
|  59|0x0000000707600000, 0x0000000707800000, 0x0000000707800000|100%| S|CS|TAMS 0x0000000707600000| PB 0x0000000707600000| Complete |  0
|  60|0x0000000707800000, 0x0000000707a00000, 0x0000000707a00000|100%| S|CS|TAMS 0x0000000707800000| PB 0x0000000707800000| Complete |  0
|  61|0x0000000707a00000, 0x0000000707c00000, 0x0000000707c00000|100%| S|CS|TAMS 0x0000000707a00000| PB 0x0000000707a00000| Complete |  0
|  62|0x0000000707c00000, 0x0000000707e00000, 0x0000000707e00000|100%| S|CS|TAMS 0x0000000707c00000| PB 0x0000000707c00000| Complete |  0
|  63|0x0000000707e00000, 0x0000000707e00000, 0x0000000708000000|  0%| F|  |TAMS 0x0000000707e00000| PB 0x0000000707e00000| Untracked |  0
|  64|0x0000000708000000, 0x0000000708000000, 0x0000000708200000|  0%| F|  |TAMS 0x0000000708000000| PB 0x0000000708000000| Untracked |  0
|  65|0x0000000708200000, 0x0000000708200000, 0x0000000708400000|  0%| F|  |TAMS 0x0000000708200000| PB 0x0000000708200000| Untracked |  0
|  66|0x0000000708400000, 0x0000000708400000, 0x0000000708600000|  0%| F|  |TAMS 0x0000000708400000| PB 0x0000000708400000| Untracked |  0
|  67|0x0000000708600000, 0x0000000708600000, 0x0000000708800000|  0%| F|  |TAMS 0x0000000708600000| PB 0x0000000708600000| Untracked |  0
|  68|0x0000000708800000, 0x0000000708800000, 0x0000000708a00000|  0%| F|  |TAMS 0x0000000708800000| PB 0x0000000708800000| Untracked |  0
|  69|0x0000000708a00000, 0x0000000708a00000, 0x0000000708c00000|  0%| F|  |TAMS 0x0000000708a00000| PB 0x0000000708a00000| Untracked |  0
|  70|0x0000000708c00000, 0x0000000708c00000, 0x0000000708e00000|  0%| F|  |TAMS 0x0000000708c00000| PB 0x0000000708c00000| Untracked |  0
|  71|0x0000000708e00000, 0x0000000709000000, 0x0000000709000000|100%| O|Cr|TAMS 0x0000000708e00000| PB 0x0000000708e00000| Complete |  2
|  72|0x0000000709000000, 0x0000000709000000, 0x0000000709200000|  0%| F|  |TAMS 0x0000000709000000| PB 0x0000000709000000| Untracked |  0
|  73|0x0000000709200000, 0x0000000709200000, 0x0000000709400000|  0%| F|  |TAMS 0x0000000709200000| PB 0x0000000709200000| Untracked |  0
|  74|0x0000000709400000, 0x0000000709400000, 0x0000000709600000|  0%| F|  |TAMS 0x0000000709400000| PB 0x0000000709400000| Untracked |  0
|  75|0x0000000709600000, 0x0000000709600000, 0x0000000709800000|  0%| F|  |TAMS 0x0000000709600000| PB 0x0000000709600000| Untracked |  0
|  76|0x0000000709800000, 0x0000000709800000, 0x0000000709a00000|  0%| F|  |TAMS 0x0000000709800000| PB 0x0000000709800000| Untracked |  0
|  77|0x0000000709a00000, 0x0000000709a00000, 0x0000000709c00000|  0%| F|  |TAMS 0x0000000709a00000| PB 0x0000000709a00000| Untracked |  0
|  78|0x0000000709c00000, 0x0000000709c00000, 0x0000000709e00000|  0%| F|  |TAMS 0x0000000709c00000| PB 0x0000000709c00000| Untracked |  0
|  79|0x0000000709e00000, 0x0000000709e00000, 0x000000070a000000|  0%| F|  |TAMS 0x0000000709e00000| PB 0x0000000709e00000| Untracked |  0
|  80|0x000000070a000000, 0x000000070a000000, 0x000000070a200000|  0%| F|  |TAMS 0x000000070a000000| PB 0x000000070a000000| Untracked |  0
|  81|0x000000070a200000, 0x000000070a200000, 0x000000070a400000|  0%| F|  |TAMS 0x000000070a200000| PB 0x000000070a200000| Untracked |  0
|  82|0x000000070a400000, 0x000000070a400000, 0x000000070a600000|  0%| F|  |TAMS 0x000000070a400000| PB 0x000000070a400000| Untracked |  0
|  83|0x000000070a600000, 0x000000070a600000, 0x000000070a800000|  0%| F|  |TAMS 0x000000070a600000| PB 0x000000070a600000| Untracked |  0
|  84|0x000000070a800000, 0x000000070a800000, 0x000000070aa00000|  0%| F|  |TAMS 0x000000070a800000| PB 0x000000070a800000| Untracked |  0
|  85|0x000000070aa00000, 0x000000070aa00000, 0x000000070ac00000|  0%| F|  |TAMS 0x000000070aa00000| PB 0x000000070aa00000| Untracked |  0
|  86|0x000000070ac00000, 0x000000070ac00000, 0x000000070ae00000|  0%| F|  |TAMS 0x000000070ac00000| PB 0x000000070ac00000| Untracked |  0
|  87|0x000000070ae00000, 0x000000070ae00000, 0x000000070b000000|  0%| F|  |TAMS 0x000000070ae00000| PB 0x000000070ae00000| Untracked |  0
|  88|0x000000070b000000, 0x000000070b000000, 0x000000070b200000|  0%| F|  |TAMS 0x000000070b000000| PB 0x000000070b000000| Untracked |  0
|  89|0x000000070b200000, 0x000000070b200000, 0x000000070b400000|  0%| F|  |TAMS 0x000000070b200000| PB 0x000000070b200000| Untracked |  0
|  90|0x000000070b400000, 0x000000070b400000, 0x000000070b600000|  0%| F|  |TAMS 0x000000070b400000| PB 0x000000070b400000| Untracked |  0
|  91|0x000000070b600000, 0x000000070b600000, 0x000000070b800000|  0%| F|  |TAMS 0x000000070b600000| PB 0x000000070b600000| Untracked |  0
|  92|0x000000070b800000, 0x000000070b800000, 0x000000070ba00000|  0%| F|  |TAMS 0x000000070b800000| PB 0x000000070b800000| Untracked |  0
|  93|0x000000070ba00000, 0x000000070ba00000, 0x000000070bc00000|  0%| F|  |TAMS 0x000000070ba00000| PB 0x000000070ba00000| Untracked |  0
|  94|0x000000070bc00000, 0x000000070bc00000, 0x000000070be00000|  0%| F|  |TAMS 0x000000070bc00000| PB 0x000000070bc00000| Untracked |  0
|  95|0x000000070be00000, 0x000000070be00000, 0x000000070c000000|  0%| F|  |TAMS 0x000000070be00000| PB 0x000000070be00000| Untracked |  0
|  96|0x000000070c000000, 0x000000070c000000, 0x000000070c200000|  0%| F|  |TAMS 0x000000070c000000| PB 0x000000070c000000| Untracked |  0
|  97|0x000000070c200000, 0x000000070c200000, 0x000000070c400000|  0%| F|  |TAMS 0x000000070c200000| PB 0x000000070c200000| Untracked |  0
|  98|0x000000070c400000, 0x000000070c400000, 0x000000070c600000|  0%| F|  |TAMS 0x000000070c400000| PB 0x000000070c400000| Untracked |  0
|  99|0x000000070c600000, 0x000000070c600000, 0x000000070c800000|  0%| F|  |TAMS 0x000000070c600000| PB 0x000000070c600000| Untracked |  0
| 100|0x000000070c800000, 0x000000070c800000, 0x000000070ca00000|  0%| F|  |TAMS 0x000000070c800000| PB 0x000000070c800000| Untracked |  0
| 101|0x000000070ca00000, 0x000000070ca00000, 0x000000070cc00000|  0%| F|  |TAMS 0x000000070ca00000| PB 0x000000070ca00000| Untracked |  0
| 102|0x000000070cc00000, 0x000000070cc00000, 0x000000070ce00000|  0%| F|  |TAMS 0x000000070cc00000| PB 0x000000070cc00000| Untracked |  0
| 103|0x000000070ce00000, 0x000000070ce00000, 0x000000070d000000|  0%| F|  |TAMS 0x000000070ce00000| PB 0x000000070ce00000| Untracked |  0
| 104|0x000000070d000000, 0x000000070d000000, 0x000000070d200000|  0%| F|  |TAMS 0x000000070d000000| PB 0x000000070d000000| Untracked |  0
| 105|0x000000070d200000, 0x000000070d200000, 0x000000070d400000|  0%| F|  |TAMS 0x000000070d200000| PB 0x000000070d200000| Untracked |  0
| 106|0x000000070d400000, 0x000000070d400000, 0x000000070d600000|  0%| F|  |TAMS 0x000000070d400000| PB 0x000000070d400000| Untracked |  0
| 107|0x000000070d600000, 0x000000070d600000, 0x000000070d800000|  0%| F|  |TAMS 0x000000070d600000| PB 0x000000070d600000| Untracked |  0
| 108|0x000000070d800000, 0x000000070d800000, 0x000000070da00000|  0%| F|  |TAMS 0x000000070d800000| PB 0x000000070d800000| Untracked |  0
| 109|0x000000070da00000, 0x000000070da00000, 0x000000070dc00000|  0%| F|  |TAMS 0x000000070da00000| PB 0x000000070da00000| Untracked |  0
| 110|0x000000070dc00000, 0x000000070dc00000, 0x000000070de00000|  0%| F|  |TAMS 0x000000070dc00000| PB 0x000000070dc00000| Untracked |  0
| 111|0x000000070de00000, 0x000000070de00000, 0x000000070e000000|  0%| F|  |TAMS 0x000000070de00000| PB 0x000000070de00000| Untracked |  0
| 112|0x000000070e000000, 0x000000070e000000, 0x000000070e200000|  0%| F|  |TAMS 0x000000070e000000| PB 0x000000070e000000| Untracked |  0
| 113|0x000000070e200000, 0x000000070e200000, 0x000000070e400000|  0%| F|  |TAMS 0x000000070e200000| PB 0x000000070e200000| Untracked |  0
| 114|0x000000070e400000, 0x000000070e400000, 0x000000070e600000|  0%| F|  |TAMS 0x000000070e400000| PB 0x000000070e400000| Untracked |  0
| 115|0x000000070e600000, 0x000000070e600000, 0x000000070e800000|  0%| F|  |TAMS 0x000000070e600000| PB 0x000000070e600000| Untracked |  0
| 116|0x000000070e800000, 0x000000070e800000, 0x000000070ea00000|  0%| F|  |TAMS 0x000000070e800000| PB 0x000000070e800000| Untracked |  0
| 117|0x000000070ea00000, 0x000000070ea00000, 0x000000070ec00000|  0%| F|  |TAMS 0x000000070ea00000| PB 0x000000070ea00000| Untracked |  0
| 118|0x000000070ec00000, 0x000000070ec00000, 0x000000070ee00000|  0%| F|  |TAMS 0x000000070ec00000| PB 0x000000070ec00000| Untracked |  0
| 119|0x000000070ee00000, 0x000000070ee00000, 0x000000070f000000|  0%| F|  |TAMS 0x000000070ee00000| PB 0x000000070ee00000| Untracked |  0
| 120|0x000000070f000000, 0x000000070f000000, 0x000000070f200000|  0%| F|  |TAMS 0x000000070f000000| PB 0x000000070f000000| Untracked |  0
| 121|0x000000070f200000, 0x000000070f200000, 0x000000070f400000|  0%| F|  |TAMS 0x000000070f200000| PB 0x000000070f200000| Untracked |  0
| 122|0x000000070f400000, 0x000000070f400000, 0x000000070f600000|  0%| F|  |TAMS 0x000000070f400000| PB 0x000000070f400000| Untracked |  0
| 123|0x000000070f600000, 0x000000070f600000, 0x000000070f800000|  0%| F|  |TAMS 0x000000070f600000| PB 0x000000070f600000| Untracked |  0
| 124|0x000000070f800000, 0x000000070f800000, 0x000000070fa00000|  0%| F|  |TAMS 0x000000070f800000| PB 0x000000070f800000| Untracked |  0
| 125|0x000000070fa00000, 0x000000070fa00000, 0x000000070fc00000|  0%| F|  |TAMS 0x000000070fa00000| PB 0x000000070fa00000| Untracked |  0
| 126|0x000000070fc00000, 0x000000070fc00000, 0x000000070fe00000|  0%| F|  |TAMS 0x000000070fc00000| PB 0x000000070fc00000| Untracked |  0
| 127|0x000000070fe00000, 0x000000070fe00000, 0x0000000710000000|  0%| F|  |TAMS 0x000000070fe00000| PB 0x000000070fe00000| Untracked |  0
| 128|0x0000000710000000, 0x0000000710000000, 0x0000000710200000|  0%| F|  |TAMS 0x0000000710000000| PB 0x0000000710000000| Untracked |  0
| 129|0x0000000710200000, 0x0000000710200000, 0x0000000710400000|  0%| F|  |TAMS 0x0000000710200000| PB 0x0000000710200000| Untracked |  0
| 130|0x0000000710400000, 0x0000000710400000, 0x0000000710600000|  0%| F|  |TAMS 0x0000000710400000| PB 0x0000000710400000| Untracked |  0
| 131|0x0000000710600000, 0x0000000710600000, 0x0000000710800000|  0%| F|  |TAMS 0x0000000710600000| PB 0x0000000710600000| Untracked |  0
| 132|0x0000000710800000, 0x0000000710800000, 0x0000000710a00000|  0%| F|  |TAMS 0x0000000710800000| PB 0x0000000710800000| Untracked |  0
| 133|0x0000000710a00000, 0x0000000710a00000, 0x0000000710c00000|  0%| F|  |TAMS 0x0000000710a00000| PB 0x0000000710a00000| Untracked |  0
| 134|0x0000000710c00000, 0x0000000710c00000, 0x0000000710e00000|  0%| F|  |TAMS 0x0000000710c00000| PB 0x0000000710c00000| Untracked |  0
| 135|0x0000000710e00000, 0x0000000710e00000, 0x0000000711000000|  0%| F|  |TAMS 0x0000000710e00000| PB 0x0000000710e00000| Untracked |  0
| 136|0x0000000711000000, 0x0000000711000000, 0x0000000711200000|  0%| F|  |TAMS 0x0000000711000000| PB 0x0000000711000000| Untracked |  0
| 137|0x0000000711200000, 0x0000000711200000, 0x0000000711400000|  0%| F|  |TAMS 0x0000000711200000| PB 0x0000000711200000| Untracked |  0
| 138|0x0000000711400000, 0x0000000711400000, 0x0000000711600000|  0%| F|  |TAMS 0x0000000711400000| PB 0x0000000711400000| Untracked |  0
| 139|0x0000000711600000, 0x0000000711600000, 0x0000000711800000|  0%| F|  |TAMS 0x0000000711600000| PB 0x0000000711600000| Untracked |  0
| 140|0x0000000711800000, 0x0000000711800000, 0x0000000711a00000|  0%| F|  |TAMS 0x0000000711800000| PB 0x0000000711800000| Untracked |  0
| 141|0x0000000711a00000, 0x0000000711a00000, 0x0000000711c00000|  0%| F|  |TAMS 0x0000000711a00000| PB 0x0000000711a00000| Untracked |  0
| 142|0x0000000711c00000, 0x0000000711c00000, 0x0000000711e00000|  0%| F|  |TAMS 0x0000000711c00000| PB 0x0000000711c00000| Untracked |  0
| 143|0x0000000711e00000, 0x0000000711e00000, 0x0000000712000000|  0%| F|  |TAMS 0x0000000711e00000| PB 0x0000000711e00000| Untracked |  0
| 144|0x0000000712000000, 0x0000000712000000, 0x0000000712200000|  0%| F|  |TAMS 0x0000000712000000| PB 0x0000000712000000| Untracked |  0
| 145|0x0000000712200000, 0x0000000712200000, 0x0000000712400000|  0%| F|  |TAMS 0x0000000712200000| PB 0x0000000712200000| Untracked |  0
| 146|0x0000000712400000, 0x0000000712400000, 0x0000000712600000|  0%| F|  |TAMS 0x0000000712400000| PB 0x0000000712400000| Untracked |  0
| 147|0x0000000712600000, 0x0000000712600000, 0x0000000712800000|  0%| F|  |TAMS 0x0000000712600000| PB 0x0000000712600000| Untracked |  0
| 148|0x0000000712800000, 0x0000000712800000, 0x0000000712a00000|  0%| F|  |TAMS 0x0000000712800000| PB 0x0000000712800000| Untracked |  0
| 149|0x0000000712a00000, 0x0000000712a00000, 0x0000000712c00000|  0%| F|  |TAMS 0x0000000712a00000| PB 0x0000000712a00000| Untracked |  0
| 150|0x0000000712c00000, 0x0000000712c00000, 0x0000000712e00000|  0%| F|  |TAMS 0x0000000712c00000| PB 0x0000000712c00000| Untracked |  0
| 151|0x0000000712e00000, 0x0000000712e00000, 0x0000000713000000|  0%| F|  |TAMS 0x0000000712e00000| PB 0x0000000712e00000| Untracked |  0
| 152|0x0000000713000000, 0x0000000713000000, 0x0000000713200000|  0%| F|  |TAMS 0x0000000713000000| PB 0x0000000713000000| Untracked |  0
| 153|0x0000000713200000, 0x0000000713200000, 0x0000000713400000|  0%| F|  |TAMS 0x0000000713200000| PB 0x0000000713200000| Untracked |  0
| 154|0x0000000713400000, 0x0000000713400000, 0x0000000713600000|  0%| F|  |TAMS 0x0000000713400000| PB 0x0000000713400000| Untracked |  0
| 155|0x0000000713600000, 0x0000000713600000, 0x0000000713800000|  0%| F|  |TAMS 0x0000000713600000| PB 0x0000000713600000| Untracked |  0
| 156|0x0000000713800000, 0x0000000713800000, 0x0000000713a00000|  0%| F|  |TAMS 0x0000000713800000| PB 0x0000000713800000| Untracked |  0
| 157|0x0000000713a00000, 0x0000000713a00000, 0x0000000713c00000|  0%| F|  |TAMS 0x0000000713a00000| PB 0x0000000713a00000| Untracked |  0
| 158|0x0000000713c00000, 0x0000000713c00000, 0x0000000713e00000|  0%| F|  |TAMS 0x0000000713c00000| PB 0x0000000713c00000| Untracked |  0
| 159|0x0000000713e00000, 0x0000000713e00000, 0x0000000714000000|  0%| F|  |TAMS 0x0000000713e00000| PB 0x0000000713e00000| Untracked |  0
| 160|0x0000000714000000, 0x0000000714000000, 0x0000000714200000|  0%| F|  |TAMS 0x0000000714000000| PB 0x0000000714000000| Untracked |  0
| 161|0x0000000714200000, 0x0000000714200000, 0x0000000714400000|  0%| F|  |TAMS 0x0000000714200000| PB 0x0000000714200000| Untracked |  0
| 162|0x0000000714400000, 0x0000000714400000, 0x0000000714600000|  0%| F|  |TAMS 0x0000000714400000| PB 0x0000000714400000| Untracked |  0
| 163|0x0000000714600000, 0x0000000714600000, 0x0000000714800000|  0%| F|  |TAMS 0x0000000714600000| PB 0x0000000714600000| Untracked |  0
| 164|0x0000000714800000, 0x0000000714800000, 0x0000000714a00000|  0%| F|  |TAMS 0x0000000714800000| PB 0x0000000714800000| Untracked |  0
| 165|0x0000000714a00000, 0x0000000714a00000, 0x0000000714c00000|  0%| F|  |TAMS 0x0000000714a00000| PB 0x0000000714a00000| Untracked |  0
| 166|0x0000000714c00000, 0x0000000714c00000, 0x0000000714e00000|  0%| F|  |TAMS 0x0000000714c00000| PB 0x0000000714c00000| Untracked |  0
| 167|0x0000000714e00000, 0x0000000714e00000, 0x0000000715000000|  0%| F|  |TAMS 0x0000000714e00000| PB 0x0000000714e00000| Untracked |  0
| 168|0x0000000715000000, 0x0000000715000000, 0x0000000715200000|  0%| F|  |TAMS 0x0000000715000000| PB 0x0000000715000000| Untracked |  0
| 169|0x0000000715200000, 0x0000000715200000, 0x0000000715400000|  0%| F|  |TAMS 0x0000000715200000| PB 0x0000000715200000| Untracked |  0
| 170|0x0000000715400000, 0x0000000715400000, 0x0000000715600000|  0%| F|  |TAMS 0x0000000715400000| PB 0x0000000715400000| Untracked |  0
| 171|0x0000000715600000, 0x0000000715600000, 0x0000000715800000|  0%| F|  |TAMS 0x0000000715600000| PB 0x0000000715600000| Untracked |  0
| 172|0x0000000715800000, 0x0000000715800000, 0x0000000715a00000|  0%| F|  |TAMS 0x0000000715800000| PB 0x0000000715800000| Untracked |  0
| 173|0x0000000715a00000, 0x0000000715a00000, 0x0000000715c00000|  0%| F|  |TAMS 0x0000000715a00000| PB 0x0000000715a00000| Untracked |  0
| 174|0x0000000715c00000, 0x0000000715c00000, 0x0000000715e00000|  0%| F|  |TAMS 0x0000000715c00000| PB 0x0000000715c00000| Untracked |  0
| 175|0x0000000715e00000, 0x0000000715e00000, 0x0000000716000000|  0%| F|  |TAMS 0x0000000715e00000| PB 0x0000000715e00000| Untracked |  0
| 176|0x0000000716000000, 0x0000000716000000, 0x0000000716200000|  0%| F|  |TAMS 0x0000000716000000| PB 0x0000000716000000| Untracked |  0
| 177|0x0000000716200000, 0x0000000716200000, 0x0000000716400000|  0%| F|  |TAMS 0x0000000716200000| PB 0x0000000716200000| Untracked |  0
| 178|0x0000000716400000, 0x0000000716400000, 0x0000000716600000|  0%| F|  |TAMS 0x0000000716400000| PB 0x0000000716400000| Untracked |  0
| 179|0x0000000716600000, 0x0000000716600000, 0x0000000716800000|  0%| F|  |TAMS 0x0000000716600000| PB 0x0000000716600000| Untracked |  0
| 180|0x0000000716800000, 0x0000000716800000, 0x0000000716a00000|  0%| F|  |TAMS 0x0000000716800000| PB 0x0000000716800000| Untracked |  0
| 181|0x0000000716a00000, 0x0000000716a00000, 0x0000000716c00000|  0%| F|  |TAMS 0x0000000716a00000| PB 0x0000000716a00000| Untracked |  0
| 182|0x0000000716c00000, 0x0000000716c00000, 0x0000000716e00000|  0%| F|  |TAMS 0x0000000716c00000| PB 0x0000000716c00000| Untracked |  0
| 183|0x0000000716e00000, 0x0000000716e00000, 0x0000000717000000|  0%| F|  |TAMS 0x0000000716e00000| PB 0x0000000716e00000| Untracked |  0
|2038|0x00000007fec00000, 0x00000007fec00000, 0x00000007fee00000|  0%| F|  |TAMS 0x00000007fec00000| PB 0x00000007fec00000| Untracked |  0
|2039|0x00000007fee00000, 0x00000007ff000000, 0x00000007ff000000|100%| O|  |TAMS 0x00000007fee00000| PB 0x00000007fee00000| Untracked |  0
|2040|0x00000007ff000000, 0x00000007ff200000, 0x00000007ff200000|100%| O|  |TAMS 0x00000007ff000000| PB 0x00000007ff000000| Untracked |  0
|2041|0x00000007ff200000, 0x00000007ff200000, 0x00000007ff400000|  0%| F|  |TAMS 0x00000007ff200000| PB 0x00000007ff200000| Untracked |  0
|2042|0x00000007ff400000, 0x00000007ff600000, 0x00000007ff600000|100%| O|  |TAMS 0x00000007ff400000| PB 0x00000007ff400000| Untracked |  0
|2043|0x00000007ff600000, 0x00000007ff800000, 0x00000007ff800000|100%| O|  |TAMS 0x00000007ff600000| PB 0x00000007ff600000| Untracked |  0
|2044|0x00000007ff800000, 0x00000007ffa00000, 0x00000007ffa00000|100%| O|  |TAMS 0x00000007ff800000| PB 0x00000007ff800000| Untracked |  0
|2045|0x00000007ffa00000, 0x00000007ffc00000, 0x00000007ffc00000|100%| O|  |TAMS 0x00000007ffa00000| PB 0x00000007ffa00000| Untracked |  0
|2046|0x00000007ffc00000, 0x00000007ffe00000, 0x00000007ffe00000|100%| O|  |TAMS 0x00000007ffc00000| PB 0x00000007ffc00000| Untracked |  0
|2047|0x00000007ffe00000, 0x0000000800000000, 0x0000000800000000|100%| O|  |TAMS 0x00000007ffe00000| PB 0x00000007ffe00000| Untracked |  0

Card table byte_map: [0x0000021ff70c0000,0x0000021ff78c0000] _byte_map_base: 0x0000021ff38c0000

Marking Bits: (CMBitMap*) 0x0000021fdf09a2e0
 Bits: [0x0000021ff78c0000, 0x0000021ffb8c0000)

Polling page: 0x0000021fdcfc0000

Metaspace:

Usage:
  Non-class:     58.91 MB used.
      Class:      9.50 MB used.
       Both:     68.41 MB used.

Virtual space:
  Non-class space:       64.00 MB reserved,      59.81 MB ( 93%) committed,  1 nodes.
      Class space:        1.00 GB reserved,      10.38 MB (  1%) committed,  1 nodes.
             Both:        1.06 GB reserved,      70.19 MB (  6%) committed. 

Chunk freelists:
   Non-Class:  4.12 MB
       Class:  5.62 MB
        Both:  9.75 MB

MaxMetaspaceSize: unlimited
CompressedClassSpaceSize: 1.00 GB
Initial GC threshold: 21.00 MB
Current GC threshold: 117.00 MB
CDS: on
 - commit_granule_bytes: 65536.
 - commit_granule_words: 8192.
 - virtual_space_node_default_size: 8388608.
 - enlarge_chunks_in_place: 1.
 - use_allocation_guard: 0.


Internal statistics:

num_allocs_failed_limit: 9.
num_arena_births: 3050.
num_arena_deaths: 2.
num_vsnodes_births: 2.
num_vsnodes_deaths: 0.
num_space_committed: 1123.
num_space_uncommitted: 0.
num_chunks_returned_to_freelist: 12.
num_chunks_taken_from_freelist: 5745.
num_chunk_merges: 9.
num_chunk_splits: 3823.
num_chunks_enlarged: 2517.
num_inconsistent_stats: 0.

CodeHeap 'non-profiled nmethods': size=120000Kb used=4225Kb max_used=6372Kb free=115774Kb
 bounds [0x0000021feee40000, 0x0000021fef4d0000, 0x0000021ff6370000]
CodeHeap 'profiled nmethods': size=120000Kb used=8521Kb max_used=20753Kb free=111478Kb
 bounds [0x0000021fe7370000, 0x0000021fe8820000, 0x0000021fee8a0000]
CodeHeap 'non-nmethods': size=5760Kb used=2866Kb max_used=2978Kb free=2893Kb
 bounds [0x0000021fee8a0000, 0x0000021feeb90000, 0x0000021feee40000]
 total_blobs=5665 nmethods=4703 adapters=866
 compilation: enabled
              stopped_count=0, restarted_count=0
 full_count=0

Compilation events (20 events):
Event: 216.525 Thread 0x0000021fc8391390 nmethod 12755 0x0000021feeef3310 code [0x0000021feeef3480, 0x0000021feeef34f0]
Event: 216.525 Thread 0x0000021fc8392130 nmethod 11663 0x0000021feeef7110 code [0x0000021feeef7280, 0x0000021feeef72f0]
Event: 216.525 Thread 0x0000021fc8391390 13755       4       java.util.zip.ZipFile$ZipEntryIterator::nextElement (5 bytes)
Event: 216.525 Thread 0x0000021fc8392130 13257       4       org.gradle.tooling.internal.provider.runner.ClientForwardingTestOutputOperationListener::started (1 bytes)
Event: 216.525 Thread 0x0000021fc8392130 nmethod 13257 0x0000021feeef8590 code [0x0000021feeef8700, 0x0000021feeef8788]
Event: 216.525 Thread 0x0000021fc8392130 13314       4       org.gradle.tooling.internal.provider.runner.ClientForwardingTestOutputOperationListener::finished (1 bytes)
Event: 216.525 Thread 0x0000021fc8392130 nmethod 13314 0x0000021feeef8f10 code [0x0000021feeef9080, 0x0000021feeef9108]
Event: 216.526 Thread 0x0000021fc8392130 13219       4       org.gradle.tooling.internal.provider.runner.PluginApplicationTracker::finished (1 bytes)
Event: 216.526 Thread 0x0000021fc8392130 nmethod 13219 0x0000021feeefbc10 code [0x0000021feeefbd80, 0x0000021feeefbe08]
Event: 216.526 Thread 0x0000021fc8392130 13220       4       org.gradle.tooling.internal.provider.runner.TaskOriginTracker::finished (1 bytes)
Event: 216.526 Thread 0x0000021fc8392130 nmethod 13220 0x0000021feeefc210 code [0x0000021feeefc380, 0x0000021feeefc408]
Event: 216.526 Thread 0x0000021fc8392130 13275       4       org.gradle.internal.operations.BuildOperationProgressEventListenerAdapter::close (1 bytes)
Event: 216.526 Thread 0x0000021fc8392130 nmethod 13275 0x0000021feef1b690 code [0x0000021feef1b800, 0x0000021feef1b888]
Event: 216.526 Thread 0x0000021fc8392130 11492       4       java.util.Spliterators::emptySpliterator (4 bytes)
Event: 216.527 Thread 0x0000021fc8392130 nmethod 11492 0x0000021feef1e810 code [0x0000021feef1e980, 0x0000021feef1e9f0]
Event: 216.527 Thread 0x0000021fc8392130 13199       4       org.gradle.cache.internal.btree.FileBackedBlockStore::flush (1 bytes)
Event: 216.527 Thread 0x0000021fc8392130 nmethod 13199 0x0000021feef2b810 code [0x0000021feef2b980, 0x0000021feef2ba08]
Event: 216.527 Thread 0x0000021fc8392130 13379       4       org.gradle.internal.operations.BuildOperationDescriptor$Builder::details (7 bytes)
Event: 216.528 Thread 0x0000021fc8392130 nmethod 13379 0x0000021fef0fc110 code [0x0000021fef0fc280, 0x0000021fef0fc3e0]
Event: 216.528 Thread 0x0000021fc8392130 13756   !   4       java.util.zip.ZipFile$ZipEntryIterator::next (71 bytes)

GC Heap History (20 events):
Event: 213.392 GC heap after
{Heap after GC invocations=28 (full 0):
 garbage-first heap   total reserved 4194304K, committed 247808K, used 102365K [0x0000000700000000, 0x0000000800000000)
  region size 2048K, 9 young (18432K), 9 survivors (18432K)
 Metaspace       used 69530K, committed 71360K, reserved 1114112K
  class space    used 9724K, committed 10560K, reserved 1048576K
}
Event: 213.635 GC heap before
{Heap before GC invocations=28 (full 0):
 garbage-first heap   total reserved 4194304K, committed 247808K, used 212957K [0x0000000700000000, 0x0000000800000000)
  region size 2048K, 64 young (131072K), 9 survivors (18432K)
 Metaspace       used 69667K, committed 71424K, reserved 1114112K
  class space    used 9725K, committed 10560K, reserved 1048576K
}
Event: 213.650 GC heap after
{Heap after GC invocations=29 (full 0):
 garbage-first heap   total reserved 4194304K, committed 247808K, used 101735K [0x0000000700000000, 0x0000000800000000)
  region size 2048K, 2 young (4096K), 2 survivors (4096K)
 Metaspace       used 69667K, committed 71424K, reserved 1114112K
  class space    used 9725K, committed 10560K, reserved 1048576K
}
Event: 213.911 GC heap before
{Heap before GC invocations=29 (full 0):
 garbage-first heap   total reserved 4194304K, committed 247808K, used 216423K [0x0000000700000000, 0x0000000800000000)
  region size 2048K, 59 young (120832K), 2 survivors (4096K)
 Metaspace       used 69752K, committed 71488K, reserved 1114112K
  class space    used 9726K, committed 10560K, reserved 1048576K
}
Event: 213.917 GC heap after
{Heap after GC invocations=30 (full 0):
 garbage-first heap   total reserved 4194304K, committed 247808K, used 104521K [0x0000000700000000, 0x0000000800000000)
  region size 2048K, 3 young (6144K), 3 survivors (6144K)
 Metaspace       used 69752K, committed 71488K, reserved 1114112K
  class space    used 9726K, committed 10560K, reserved 1048576K
}
Event: 214.163 GC heap before
{Heap before GC invocations=31 (full 0):
 garbage-first heap   total reserved 4194304K, committed 247808K, used 221257K [0x0000000700000000, 0x0000000800000000)
  region size 2048K, 60 young (122880K), 3 survivors (6144K)
 Metaspace       used 69807K, committed 71616K, reserved 1114112K
  class space    used 9726K, committed 10560K, reserved 1048576K
}
Event: 214.171 GC heap after
{Heap after GC invocations=32 (full 0):
 garbage-first heap   total reserved 4194304K, committed 247808K, used 107658K [0x0000000700000000, 0x0000000800000000)
  region size 2048K, 4 young (8192K), 4 survivors (8192K)
 Metaspace       used 69807K, committed 71616K, reserved 1114112K
  class space    used 9726K, committed 10560K, reserved 1048576K
}
Event: 214.445 GC heap before
{Heap before GC invocations=32 (full 0):
 garbage-first heap   total reserved 4194304K, committed 247808K, used 220298K [0x0000000700000000, 0x0000000800000000)
  region size 2048K, 60 young (122880K), 4 survivors (8192K)
 Metaspace       used 69902K, committed 71680K, reserved 1114112K
  class space    used 9726K, committed 10560K, reserved 1048576K
}
Event: 214.452 GC heap after
{Heap after GC invocations=33 (full 0):
 garbage-first heap   total reserved 4194304K, committed 397312K, used 104184K [0x0000000700000000, 0x0000000800000000)
  region size 2048K, 4 young (8192K), 4 survivors (8192K)
 Metaspace       used 69902K, committed 71680K, reserved 1114112K
  class space    used 9726K, committed 10560K, reserved 1048576K
}
Event: 215.054 GC heap before
{Heap before GC invocations=33 (full 0):
 garbage-first heap   total reserved 4194304K, committed 397312K, used 333560K [0x0000000700000000, 0x0000000800000000)
  region size 2048K, 116 young (237568K), 4 survivors (8192K)
 Metaspace       used 70020K, committed 71872K, reserved 1114112K
  class space    used 9728K, committed 10624K, reserved 1048576K
}
Event: 215.061 GC heap after
{Heap after GC invocations=34 (full 0):
 garbage-first heap   total reserved 4194304K, committed 397312K, used 109195K [0x0000000700000000, 0x0000000800000000)
  region size 2048K, 6 young (12288K), 6 survivors (12288K)
 Metaspace       used 70020K, committed 71872K, reserved 1114112K
  class space    used 9728K, committed 10624K, reserved 1048576K
}
Event: 215.416 GC heap before
{Heap before GC invocations=35 (full 0):
 garbage-first heap   total reserved 4194304K, committed 368640K, used 316043K [0x0000000700000000, 0x0000000800000000)
  region size 2048K, 108 young (221184K), 6 survivors (12288K)
 Metaspace       used 70036K, committed 71872K, reserved 1114112K
  class space    used 9730K, committed 10624K, reserved 1048576K
}
Event: 215.427 GC heap after
{Heap after GC invocations=36 (full 0):
 garbage-first heap   total reserved 4194304K, committed 368640K, used 110196K [0x0000000700000000, 0x0000000800000000)
  region size 2048K, 7 young (14336K), 7 survivors (14336K)
 Metaspace       used 70036K, committed 71872K, reserved 1114112K
  class space    used 9730K, committed 10624K, reserved 1048576K
}
Event: 215.685 GC heap before
{Heap before GC invocations=36 (full 0):
 garbage-first heap   total reserved 4194304K, committed 368640K, used 317044K [0x0000000700000000, 0x0000000800000000)
  region size 2048K, 108 young (221184K), 7 survivors (14336K)
 Metaspace       used 70041K, committed 71872K, reserved 1114112K
  class space    used 9730K, committed 10624K, reserved 1048576K
}
Event: 215.695 GC heap after
{Heap after GC invocations=37 (full 0):
 garbage-first heap   total reserved 4194304K, committed 368640K, used 110016K [0x0000000700000000, 0x0000000800000000)
  region size 2048K, 8 young (16384K), 8 survivors (16384K)
 Metaspace       used 70041K, committed 71872K, reserved 1114112K
  class space    used 9730K, committed 10624K, reserved 1048576K
}
Event: 216.029 GC heap before
{Heap before GC invocations=37 (full 0):
 garbage-first heap   total reserved 4194304K, committed 368640K, used 312768K [0x0000000700000000, 0x0000000800000000)
  region size 2048K, 108 young (221184K), 8 survivors (16384K)
 Metaspace       used 70044K, committed 71872K, reserved 1114112K
  class space    used 9730K, committed 10624K, reserved 1048576K
}
Event: 216.043 GC heap after
{Heap after GC invocations=38 (full 0):
 garbage-first heap   total reserved 4194304K, committed 368640K, used 114345K [0x0000000700000000, 0x0000000800000000)
  region size 2048K, 10 young (20480K), 10 survivors (20480K)
 Metaspace       used 70044K, committed 71872K, reserved 1114112K
  class space    used 9730K, committed 10624K, reserved 1048576K
}
Event: 216.369 GC heap before
{Heap before GC invocations=39 (full 0):
 garbage-first heap   total reserved 4194304K, committed 368640K, used 313001K [0x0000000700000000, 0x0000000800000000)
  region size 2048K, 108 young (221184K), 10 survivors (20480K)
 Metaspace       used 70049K, committed 71872K, reserved 1114112K
  class space    used 9730K, committed 10624K, reserved 1048576K
}
Event: 216.381 GC heap after
{Heap after GC invocations=40 (full 0):
 garbage-first heap   total reserved 4194304K, committed 368640K, used 117857K [0x0000000700000000, 0x0000000800000000)
  region size 2048K, 9 young (18432K), 9 survivors (18432K)
 Metaspace       used 70049K, committed 71872K, reserved 1114112K
  class space    used 9730K, committed 10624K, reserved 1048576K
}
Event: 216.560 GC heap before
{Heap before GC invocations=40 (full 0):
 garbage-first heap   total reserved 4194304K, committed 368640K, used 318561K [0x0000000700000000, 0x0000000800000000)
  region size 2048K, 108 young (221184K), 9 survivors (18432K)
 Metaspace       used 70049K, committed 71872K, reserved 1114112K
  class space    used 9730K, committed 10624K, reserved 1048576K
}

Dll operation events (15 events):
Event: 0.008 Loaded shared library C:\Program Files\Java\jdk-22\bin\java.dll
Event: 0.036 Loaded shared library C:\Program Files\Java\jdk-22\bin\jsvml.dll
Event: 0.076 Loaded shared library C:\Program Files\Java\jdk-22\bin\zip.dll
Event: 0.078 Loaded shared library C:\Program Files\Java\jdk-22\bin\instrument.dll
Event: 0.081 Loaded shared library C:\Program Files\Java\jdk-22\bin\net.dll
Event: 0.083 Loaded shared library C:\Program Files\Java\jdk-22\bin\nio.dll
Event: 0.086 Loaded shared library C:\Program Files\Java\jdk-22\bin\zip.dll
Event: 0.287 Loaded shared library C:\Program Files\Java\jdk-22\bin\jimage.dll
Event: 0.389 Loaded shared library C:\Program Files\Java\jdk-22\bin\verify.dll
Event: 0.501 Loaded shared library C:\Users\user\.gradle\native\c067742578af261105cb4f569cf0c3c89f3d7b1fecec35dd04571415982c5e48\windows-amd64\native-platform.dll
Event: 0.505 Loaded shared library C:\Users\user\.gradle\native\100fb08df4bc3b14c8652ba06237920a3bd2aa13389f12d3474272988ae205f9\windows-amd64\native-platform-file-events.dll
Event: 1.393 Loaded shared library C:\Program Files\Java\jdk-22\bin\management.dll
Event: 1.395 Loaded shared library C:\Program Files\Java\jdk-22\bin\management_ext.dll
Event: 1.553 Loaded shared library C:\Program Files\Java\jdk-22\bin\extnet.dll
Event: 1.663 Loaded shared library C:\Program Files\Java\jdk-22\bin\sunmscapi.dll

Deoptimization events (20 events):
Event: 215.998 Thread 0x0000021fc799faf0 DEOPT PACKING pc=0x0000021feefd0d08 sp=0x0000003231ffb070
Event: 215.998 Thread 0x0000021fc799faf0 DEOPT UNPACKING pc=0x0000021fee8f46a2 sp=0x0000003231ffb088 mode 2
Event: 216.076 Thread 0x0000021fc799bfe0 Uncommon trap: trap_request=0xffffff45 fr.pc=0x0000021fef3a5a54 relative=0x00000000000024d4
Event: 216.076 Thread 0x0000021fc799bfe0 Uncommon trap: reason=unstable_if action=reinterpret pc=0x0000021fef3a5a54 method=org.objectweb.asm.SymbolTable.addConstantNameAndType(Ljava/lang/String;Ljava/lang/String;)I @ 66 c2
Event: 216.077 Thread 0x0000021fc799bfe0 DEOPT PACKING pc=0x0000021fef3a5a54 sp=0x00000032321f9f20
Event: 216.077 Thread 0x0000021fc799bfe0 DEOPT UNPACKING pc=0x0000021fee8f46a2 sp=0x00000032321f9e78 mode 2
Event: 216.170 Thread 0x0000021fc8c1b540 Uncommon trap: trap_request=0xffffff45 fr.pc=0x0000021fef235b14 relative=0x0000000000003194
Event: 216.170 Thread 0x0000021fc8c1b540 Uncommon trap: reason=unstable_if action=reinterpret pc=0x0000021fef235b14 method=org.gradle.internal.classpath.generated.InterceptorDeclaration_ConfigCacheJvmBytecode.visitMethodInsn(Ljava/lang/String;ILjava/lang/String;Ljava/lang/String;Ljava/lang/Strin
Event: 216.170 Thread 0x0000021fc8c1b540 DEOPT PACKING pc=0x0000021fef235b14 sp=0x00000032318fab80
Event: 216.170 Thread 0x0000021fc8c1b540 DEOPT UNPACKING pc=0x0000021fee8f46a2 sp=0x00000032318faae8 mode 2
Event: 216.344 Thread 0x0000021fc6f43490 DEOPT PACKING pc=0x0000021fe7ff0232 sp=0x000000322bffe0f0
Event: 216.344 Thread 0x0000021fc6f43490 DEOPT UNPACKING pc=0x0000021fee8f4e42 sp=0x000000322bffd660 mode 0
Event: 216.493 Thread 0x0000021fc799bfe0 Uncommon trap: trap_request=0xffffff45 fr.pc=0x0000021fef3d5bcc relative=0x000000000000118c
Event: 216.493 Thread 0x0000021fc799bfe0 Uncommon trap: reason=unstable_if action=reinterpret pc=0x0000021fef3d5bcc method=org.objectweb.asm.MethodWriter.visitFrame(II[Ljava/lang/Object;I[Ljava/lang/Object;)V @ 771 c2
Event: 216.493 Thread 0x0000021fc799bfe0 DEOPT PACKING pc=0x0000021fef3d5bcc sp=0x00000032321fa4f0
Event: 216.493 Thread 0x0000021fc799bfe0 DEOPT UNPACKING pc=0x0000021fee8f46a2 sp=0x00000032321fa4a8 mode 2
Event: 216.502 Thread 0x0000021fc8c180c0 Uncommon trap: trap_request=0xffffff45 fr.pc=0x0000021fef2f58e0 relative=0x0000000000000de0
Event: 216.502 Thread 0x0000021fc8c180c0 Uncommon trap: reason=unstable_if action=reinterpret pc=0x0000021fef2f58e0 method=org.objectweb.asm.SymbolTable.addConstantNameAndType(Ljava/lang/String;Ljava/lang/String;)I @ 54 c2
Event: 216.502 Thread 0x0000021fc8c180c0 DEOPT PACKING pc=0x0000021fef2f58e0 sp=0x0000003231bfa8c0
Event: 216.502 Thread 0x0000021fc8c180c0 DEOPT UNPACKING pc=0x0000021fee8f46a2 sp=0x0000003231bfa880 mode 2

Classes loaded (20 events):
Event: 200.980 Loading class sun/nio/cs/ISO_8859_1$Decoder
Event: 200.980 Loading class sun/nio/cs/ISO_8859_1$Decoder done
Event: 201.537 Loading class sun/security/ssl/Alert
Event: 201.538 Loading class sun/security/ssl/Alert done
Event: 201.538 Loading class sun/security/ssl/Alert$AlertConsumer
Event: 201.538 Loading class sun/security/ssl/Alert$AlertConsumer done
Event: 201.538 Loading class sun/security/ssl/Alert$Level
Event: 201.538 Loading class sun/security/ssl/Alert$Level done
Event: 211.255 Loading class sun/reflect/ReflectionFactory
Event: 211.255 Loading class sun/reflect/ReflectionFactory done
Event: 211.255 Loading class sun/reflect/ReflectionFactory$1
Event: 211.256 Loading class sun/reflect/ReflectionFactory$1 done
Event: 211.332 Loading class java/util/zip/ZipFile$ZipEntryIterator
Event: 211.332 Loading class java/util/zip/ZipFile$ZipEntryIterator done
Event: 211.335 Loading class java/util/zip/ZipInputStream
Event: 211.335 Loading class java/util/zip/ZipInputStream done
Event: 213.202 Loading class java/util/zip/Deflater
Event: 213.203 Loading class java/util/zip/Deflater done
Event: 213.206 Loading class java/util/zip/Deflater$DeflaterZStreamRef
Event: 213.206 Loading class java/util/zip/Deflater$DeflaterZStreamRef done

Classes unloaded (2 events):
Event: 211.591 Thread 0x0000021ffe537c90 Unloading class 0x0000021f818b0538 '_BuildScript_$_run_closure1'
Event: 211.591 Thread 0x0000021ffe537c90 Unloading class 0x0000021f818b0000 '_BuildScript_'

Classes redefined (0 events):
No events

Internal exceptions (20 events):
Event: 214.082 Thread 0x0000021fc799bfe0 Exception <a 'sun/nio/fs/WindowsException'{0x000000070bc76930}> (0x000000070bc76930) 
thrown [s\open\src\hotspot\share\prims\jni.cpp, line 520]
Event: 214.143 Thread 0x0000021fc799faf0 Exception <a 'sun/nio/fs/WindowsException'{0x0000000707993aa0}> (0x0000000707993aa0) 
thrown [s\open\src\hotspot\share\prims\jni.cpp, line 520]
Event: 214.193 Thread 0x0000021fc79a0810 Exception <a 'sun/nio/fs/WindowsException'{0x000000070fee3c58}> (0x000000070fee3c58) 
thrown [s\open\src\hotspot\share\prims\jni.cpp, line 520]
Event: 214.229 Thread 0x0000021fc6f406a0 Exception <a 'sun/nio/fs/WindowsException'{0x000000070cdf4aa8}> (0x000000070cdf4aa8) 
thrown [s\open\src\hotspot\share\prims\jni.cpp, line 520]
Event: 214.246 Thread 0x0000021fc79a1bc0 Exception <a 'sun/nio/fs/WindowsException'{0x000000070c394e48}> (0x000000070c394e48) 
thrown [s\open\src\hotspot\share\prims\jni.cpp, line 520]
Event: 214.315 Thread 0x0000021fc799d390 Exception <a 'sun/nio/fs/WindowsException'{0x000000070b5d3958}> (0x000000070b5d3958) 
thrown [s\open\src\hotspot\share\prims\jni.cpp, line 520]
Event: 214.318 Thread 0x0000021fc8c173a0 Exception <a 'sun/nio/fs/WindowsException'{0x000000070b4dbfb0}> (0x000000070b4dbfb0) 
thrown [s\open\src\hotspot\share\prims\jni.cpp, line 520]
Event: 214.341 Thread 0x0000021fc79a2250 Exception <a 'sun/nio/fs/WindowsException'{0x000000070ab6ad98}> (0x000000070ab6ad98) 
thrown [s\open\src\hotspot\share\prims\jni.cpp, line 520]
Event: 214.401 Thread 0x0000021fc799faf0 Exception <a 'sun/nio/fs/WindowsException'{0x0000000708b47900}> (0x0000000708b47900) 
thrown [s\open\src\hotspot\share\prims\jni.cpp, line 520]
Event: 214.402 Thread 0x0000021fc799e740 Exception <a 'sun/nio/fs/WindowsException'{0x0000000708856308}> (0x0000000708856308) 
thrown [s\open\src\hotspot\share\prims\jni.cpp, line 520]
Event: 214.407 Thread 0x0000021fc8c17a30 Exception <a 'sun/nio/fs/WindowsException'{0x00000007086ebda8}> (0x00000007086ebda8) 
thrown [s\open\src\hotspot\share\prims\jni.cpp, line 520]
Event: 214.468 Thread 0x0000021fc6f406a0 Exception <a 'sun/nio/fs/WindowsException'{0x0000000716f2ca58}> (0x0000000716f2ca58) 
thrown [s\open\src\hotspot\share\prims\jni.cpp, line 520]
Event: 214.508 Thread 0x0000021fc79a0810 Exception <a 'sun/nio/fs/WindowsException'{0x00000007ff3f0b40}> (0x00000007ff3f0b40) 
thrown [s\open\src\hotspot\share\prims\jni.cpp, line 520]
Event: 214.515 Thread 0x0000021fc799d390 Exception <a 'sun/nio/fs/WindowsException'{0x00000007169e6fe0}> (0x00000007169e6fe0) 
thrown [s\open\src\hotspot\share\prims\jni.cpp, line 520]
Event: 214.557 Thread 0x0000021fc8c173a0 Exception <a 'sun/nio/fs/WindowsException'{0x0000000714f0a890}> (0x0000000714f0a890) 
thrown [s\open\src\hotspot\share\prims\jni.cpp, line 520]
Event: 214.605 Thread 0x0000021fc79a1bc0 Exception <a 'sun/nio/fs/WindowsException'{0x0000000713d28d00}> (0x0000000713d28d00) 
thrown [s\open\src\hotspot\share\prims\jni.cpp, line 520]
Event: 214.774 Thread 0x0000021fc79a2250 Exception <a 'sun/nio/fs/WindowsException'{0x0000000711e29f98}> (0x0000000711e29f98) 
thrown [s\open\src\hotspot\share\prims\jni.cpp, line 520]
Event: 214.981 Thread 0x0000021fc799e740 Exception <a 'sun/nio/fs/WindowsException'{0x000000070d8d4068}> (0x000000070d8d4068) 
thrown [s\open\src\hotspot\share\prims\jni.cpp, line 520]
Event: 215.192 Thread 0x0000021fc8c173a0 Exception <a 'sun/nio/fs/WindowsException'{0x000000071239caf8}> (0x000000071239caf8) 
thrown [s\open\src\hotspot\share\prims\jni.cpp, line 520]
Event: 215.983 Thread 0x0000021fc799faf0 Exception <a 'sun/nio/fs/WindowsException'{0x000000070ac0bbe8}> (0x000000070ac0bbe8) 
thrown [s\open\src\hotspot\share\prims\jni.cpp, line 520]

ZGC Phase Switch (0 events):
No events

VM Operations (20 events):
Event: 214.452 Executing VM operation: G1CollectForAllocation (G1 Evacuation Pause) done
Event: 215.054 Executing VM operation: G1CollectForAllocation (G1 Evacuation Pause)
Event: 215.061 Executing VM operation: G1CollectForAllocation (G1 Evacuation Pause) done
Event: 215.161 Executing VM operation: G1PauseRemark
Event: 215.166 Executing VM operation: G1PauseRemark done
Event: 215.198 Executing VM operation: G1PauseCleanup
Event: 215.199 Executing VM operation: G1PauseCleanup done
Event: 215.416 Executing VM operation: G1CollectForAllocation (G1 Evacuation Pause)
Event: 215.427 Executing VM operation: G1CollectForAllocation (G1 Evacuation Pause) done
Event: 215.685 Executing VM operation: G1CollectForAllocation (G1 Evacuation Pause)
Event: 215.695 Executing VM operation: G1CollectForAllocation (G1 Evacuation Pause) done
Event: 216.029 Executing VM operation: G1CollectForAllocation (G1 Evacuation Pause)
Event: 216.043 Executing VM operation: G1CollectForAllocation (G1 Evacuation Pause) done
Event: 216.145 Executing VM operation: G1PauseRemark
Event: 216.156 Executing VM operation: G1PauseRemark done
Event: 216.188 Executing VM operation: G1PauseCleanup
Event: 216.188 Executing VM operation: G1PauseCleanup done
Event: 216.369 Executing VM operation: G1CollectForAllocation (G1 Evacuation Pause)
Event: 216.382 Executing VM operation: G1CollectForAllocation (G1 Evacuation Pause) done
Event: 216.560 Executing VM operation: G1CollectForAllocation (G1 Evacuation Pause)

Events (20 events):
Event: 216.155 Thread 0x0000021ffe537c90 flushing nmethod 0x0000021fe7be6710
Event: 216.155 Thread 0x0000021ffe537c90 flushing nmethod 0x0000021fe7c11c90
Event: 216.155 Thread 0x0000021ffe537c90 flushing nmethod 0x0000021fe7c12510
Event: 216.155 Thread 0x0000021ffe537c90 flushing nmethod 0x0000021fe7c12e90
Event: 216.155 Thread 0x0000021ffe537c90 flushing nmethod 0x0000021fe7c13810
Event: 216.155 Thread 0x0000021ffe537c90 flushing nmethod 0x0000021fe7fabb90
Event: 216.155 Thread 0x0000021ffe537c90 flushing nmethod 0x0000021fe7fac510
Event: 216.155 Thread 0x0000021ffe537c90 flushing nmethod 0x0000021fe8041b10
Event: 216.155 Thread 0x0000021ffe537c90 flushing nmethod 0x0000021fe80d8a90
Event: 216.155 Thread 0x0000021ffe537c90 flushing nmethod 0x0000021fe8462610
Event: 216.155 Thread 0x0000021ffe537c90 flushing nmethod 0x0000021fe8485910
Event: 216.155 Thread 0x0000021ffe537c90 flushing nmethod 0x0000021fe84a1d90
Event: 216.155 Thread 0x0000021ffe537c90 flushing nmethod 0x0000021fe84a6c90
Event: 216.155 Thread 0x0000021ffe537c90 flushing nmethod 0x0000021fe84a7090
Event: 216.155 Thread 0x0000021ffe537c90 flushing nmethod 0x0000021fe8573510
Event: 216.155 Thread 0x0000021ffe537c90 flushing nmethod 0x0000021fe8737790
Event: 216.155 Thread 0x0000021ffe537c90 flushing nmethod 0x0000021fe873a810
Event: 216.155 Thread 0x0000021ffe537c90 flushing nmethod 0x0000021fe873e790
Event: 216.155 Thread 0x0000021ffe537c90 flushing nmethod 0x0000021fe8787990
Event: 216.155 Thread 0x0000021ffe537c90 flushing nmethod 0x0000021fe8787e10


Dynamic libraries:
0x00007ff676cc0000 - 0x00007ff676cd0000 	C:\Program Files\Java\jdk-22\bin\java.exe
0x00007ff9cea90000 - 0x00007ff9cec88000 	C:\Windows\SYSTEM32\ntdll.dll
0x00007ff9ce5e0000 - 0x00007ff9ce6a2000 	C:\Windows\System32\KERNEL32.DLL
0x00007ff9cc290000 - 0x00007ff9cc58f000 	C:\Windows\System32\KERNELBASE.dll
0x00007ff9c9260000 - 0x00007ff9c92f4000 	C:\Windows\SYSTEM32\apphelp.dll
0x00007ff9cc9b0000 - 0x00007ff9ccab0000 	C:\Windows\System32\ucrtbase.dll
0x00007ff9a6f70000 - 0x00007ff9a6f87000 	C:\Program Files\Java\jdk-22\bin\jli.dll
0x00007ff9b20e0000 - 0x00007ff9b20fb000 	C:\Program Files\Java\jdk-22\bin\VCRUNTIME140.dll
0x00007ff9cd6c0000 - 0x00007ff9cd76f000 	C:\Windows\System32\ADVAPI32.dll
0x00007ff9ce750000 - 0x00007ff9ce7ee000 	C:\Windows\System32\msvcrt.dll
0x00007ff9cd390000 - 0x00007ff9cd42f000 	C:\Windows\System32\sechost.dll
0x00007ff9cd580000 - 0x00007ff9cd6a3000 	C:\Windows\System32\RPCRT4.dll
0x00007ff9cc640000 - 0x00007ff9cc667000 	C:\Windows\System32\bcrypt.dll
0x00007ff9cd770000 - 0x00007ff9cd90d000 	C:\Windows\System32\USER32.dll
0x00007ff9cc8c0000 - 0x00007ff9cc8e2000 	C:\Windows\System32\win32u.dll
0x00007ff9cd550000 - 0x00007ff9cd57b000 	C:\Windows\System32\GDI32.dll
0x00007ff9ba660000 - 0x00007ff9ba8fa000 	C:\Windows\WinSxS\amd64_microsoft.windows.common-controls_6595b64144ccf1df_6.0.19041.4355_none_60b8b9eb71f62e16\COMCTL32.dll
0x00007ff9cc7a0000 - 0x00007ff9cc8ba000 	C:\Windows\System32\gdi32full.dll
0x00007ff9cc700000 - 0x00007ff9cc79d000 	C:\Windows\System32\msvcp_win.dll
0x00007ff9c5c50000 - 0x00007ff9c5c5a000 	C:\Windows\SYSTEM32\VERSION.dll
0x00007ff9cd510000 - 0x00007ff9cd53f000 	C:\Windows\System32\IMM32.DLL
0x00007ff9a99c0000 - 0x00007ff9a99cc000 	C:\Program Files\Java\jdk-22\bin\vcruntime140_1.dll
0x00007ff99be00000 - 0x00007ff99be8e000 	C:\Program Files\Java\jdk-22\bin\msvcp140.dll
0x00007ff963640000 - 0x00007ff964388000 	C:\Program Files\Java\jdk-22\bin\server\jvm.dll
0x00007ff9cd4a0000 - 0x00007ff9cd50b000 	C:\Windows\System32\WS2_32.dll
0x00007ff9cbf90000 - 0x00007ff9cbfdb000 	C:\Windows\SYSTEM32\POWRPROF.dll
0x00007ff9ba620000 - 0x00007ff9ba647000 	C:\Windows\SYSTEM32\WINMM.dll
0x00007ff9cbf70000 - 0x00007ff9cbf82000 	C:\Windows\SYSTEM32\UMPDC.dll
0x00007ff9c9e80000 - 0x00007ff9c9e92000 	C:\Windows\SYSTEM32\kernel.appcore.dll
0x00007ff9a8780000 - 0x00007ff9a878a000 	C:\Program Files\Java\jdk-22\bin\jimage.dll
0x00007ff9c6540000 - 0x00007ff9c6724000 	C:\Windows\SYSTEM32\DBGHELP.DLL
0x00007ff9b02e0000 - 0x00007ff9b0314000 	C:\Windows\SYSTEM32\dbgcore.DLL
0x00007ff9cc670000 - 0x00007ff9cc6f2000 	C:\Windows\System32\bcryptPrimitives.dll
0x00007ff9a74d0000 - 0x00007ff9a74df000 	C:\Program Files\Java\jdk-22\bin\instrument.dll
0x00007ff9a6f50000 - 0x00007ff9a6f6e000 	C:\Program Files\Java\jdk-22\bin\java.dll
0x00007ff9cd910000 - 0x00007ff9ce07d000 	C:\Windows\System32\SHELL32.dll
0x00007ff9ce7f0000 - 0x00007ff9ce91b000 	C:\Windows\System32\ole32.dll
0x00007ff9ce160000 - 0x00007ff9ce4b5000 	C:\Windows\System32\combase.dll
0x00007ff9ca190000 - 0x00007ff9ca934000 	C:\Windows\SYSTEM32\windows.storage.dll
0x00007ff9cba10000 - 0x00007ff9cba3f000 	C:\Windows\SYSTEM32\Wldp.dll
0x00007ff9ce980000 - 0x00007ff9cea4d000 	C:\Windows\System32\OLEAUT32.dll
0x00007ff9cccc0000 - 0x00007ff9ccd6d000 	C:\Windows\System32\SHCORE.dll
0x00007ff9ce920000 - 0x00007ff9ce975000 	C:\Windows\System32\shlwapi.dll
0x00007ff9cc060000 - 0x00007ff9cc084000 	C:\Windows\SYSTEM32\profapi.dll
0x00007ff99bd20000 - 0x00007ff99bdf7000 	C:\Program Files\Java\jdk-22\bin\jsvml.dll
0x00007ff9a6f30000 - 0x00007ff9a6f47000 	C:\Program Files\Java\jdk-22\bin\zip.dll
0x00007ff9a6f20000 - 0x00007ff9a6f30000 	C:\Program Files\Java\jdk-22\bin\net.dll
0x00007ff9cb7f0000 - 0x00007ff9cb85c000 	C:\Windows\system32\mswsock.dll
0x00007ff9a6ec0000 - 0x00007ff9a6ed6000 	C:\Program Files\Java\jdk-22\bin\nio.dll
0x00007ff9a6eb0000 - 0x00007ff9a6ec0000 	C:\Program Files\Java\jdk-22\bin\verify.dll
0x00007ff9a6990000 - 0x00007ff9a69b7000 	C:\Users\user\.gradle\native\c067742578af261105cb4f569cf0c3c89f3d7b1fecec35dd04571415982c5e48\windows-amd64\native-platform.dll
0x00007ff96d8d0000 - 0x00007ff96da14000 	C:\Users\user\.gradle\native\100fb08df4bc3b14c8652ba06237920a3bd2aa13389f12d3474272988ae205f9\windows-amd64\native-platform-file-events.dll
0x00007ff9a49a0000 - 0x00007ff9a49aa000 	C:\Program Files\Java\jdk-22\bin\management.dll
0x00007ff9a42f0000 - 0x00007ff9a42fb000 	C:\Program Files\Java\jdk-22\bin\management_ext.dll
0x00007ff9cd540000 - 0x00007ff9cd548000 	C:\Windows\System32\PSAPI.DLL
0x00007ff9cba50000 - 0x00007ff9cba68000 	C:\Windows\SYSTEM32\CRYPTSP.dll
0x00007ff9cb0d0000 - 0x00007ff9cb104000 	C:\Windows\system32\rsaenh.dll
0x00007ff9cbfe0000 - 0x00007ff9cc00e000 	C:\Windows\SYSTEM32\USERENV.dll
0x00007ff9cb980000 - 0x00007ff9cb98c000 	C:\Windows\SYSTEM32\CRYPTBASE.dll
0x00007ff9cb4f0000 - 0x00007ff9cb52b000 	C:\Windows\SYSTEM32\IPHLPAPI.DLL
0x00007ff9cd490000 - 0x00007ff9cd498000 	C:\Windows\System32\NSI.dll
0x00007ff9a42e0000 - 0x00007ff9a42e9000 	C:\Program Files\Java\jdk-22\bin\extnet.dll
0x00007ff9a42d0000 - 0x00007ff9a42de000 	C:\Program Files\Java\jdk-22\bin\sunmscapi.dll
0x00007ff9cc130000 - 0x00007ff9cc28c000 	C:\Windows\System32\CRYPT32.dll
0x00007ff9cbad0000 - 0x00007ff9cbaf7000 	C:\Windows\SYSTEM32\ncrypt.dll
0x00007ff9cba90000 - 0x00007ff9cbacb000 	C:\Windows\SYSTEM32\NTASN1.dll
0x00007ff9ba460000 - 0x00007ff9ba467000 	C:\Windows\system32\wshunix.dll
0x00007ff9cb530000 - 0x00007ff9cb5fa000 	C:\Windows\SYSTEM32\DNSAPI.dll
0x00007ff9c26f0000 - 0x00007ff9c26fa000 	C:\Windows\System32\rasadhlp.dll
0x00007ff9c28e0000 - 0x00007ff9c2960000 	C:\Windows\System32\fwpuclnt.dll

dbghelp: loaded successfully - version: 4.0.5 - missing functions: none
symbol engine: initialized successfully - sym options: 0x614 - pdb path: .;C:\Program Files\Java\jdk-22\bin;C:\Windows\SYSTEM32;C:\Windows\WinSxS\amd64_microsoft.windows.common-controls_6595b64144ccf1df_6.0.19041.4355_none_60b8b9eb71f62e16;C:\Program Files\Java\jdk-22\bin\server;C:\Users\user\.gradle\native\c067742578af261105cb4f569cf0c3c89f3d7b1fecec35dd04571415982c5e48\windows-amd64;C:\Users\user\.gradle\native\100fb08df4bc3b14c8652ba06237920a3bd2aa13389f12d3474272988ae205f9\windows-amd64

VM Arguments:
jvm_args: --add-opens=java.base/java.util=ALL-UNNAMED --add-opens=java.base/java.lang=ALL-UNNAMED --add-opens=java.base/java.lang.invoke=ALL-UNNAMED --add-opens=java.prefs/java.util.prefs=ALL-UNNAMED --add-exports=jdk.compiler/com.sun.tools.javac.api=ALL-UNNAMED --add-exports=jdk.compiler/com.sun.tools.javac.util=ALL-UNNAMED --add-opens=java.base/java.nio.charset=ALL-UNNAMED --add-opens=java.base/java.net=ALL-UNNAMED --add-opens=java.base/java.util.concurrent.atomic=ALL-UNNAMED -Xmx4096m -Dfile.encoding=UTF-8 -Duser.country=RU -Duser.language=ru -Duser.variant -javaagent:C:\Users\user\.gradle\wrapper\dists\gradle-8.9-bin\90cnw93cvbtalezasaz0blq0a\gradle-8.9\lib\agents\gradle-instrumentation-agent-8.9.jar 
java_command: org.gradle.launcher.daemon.bootstrap.GradleDaemon 8.9
java_class_path (initial): C:\Users\user\.gradle\wrapper\dists\gradle-8.9-bin\90cnw93cvbtalezasaz0blq0a\gradle-8.9\lib\gradle-daemon-main-8.9.jar
Launcher Type: SUN_STANDARD

[Global flags]
     intx CICompilerCount                          = 4                                         {product} {ergonomic}
     uint ConcGCThreads                            = 3                                         {product} {ergonomic}
     uint G1ConcRefinementThreads                  = 10                                        {product} {ergonomic}
   size_t G1HeapRegionSize                         = 2097152                                   {product} {ergonomic}
   size_t InitialHeapSize                          = 268435456                                 {product} {ergonomic}
   size_t MarkStackSize                            = 4194304                                   {product} {ergonomic}
   size_t MaxHeapSize                              = 4294967296                                {product} {command line}
   size_t MaxNewSize                               = 2575302656                                {product} {ergonomic}
   size_t MinHeapDeltaBytes                        = 2097152                                   {product} {ergonomic}
   size_t MinHeapSize                              = 8388608                                   {product} {ergonomic}
    uintx NonNMethodCodeHeapSize                   = 5839372                                {pd product} {ergonomic}
    uintx NonProfiledCodeHeapSize                  = 122909434                              {pd product} {ergonomic}
    uintx ProfiledCodeHeapSize                     = 122909434                              {pd product} {ergonomic}
    uintx ReservedCodeCacheSize                    = 251658240                              {pd product} {ergonomic}
     bool SegmentedCodeCache                       = true                                      {product} {ergonomic}
   size_t SoftMaxHeapSize                          = 4294967296                             {manageable} {ergonomic}
     bool UseCompressedOops                        = true                           {product lp64_product} {ergonomic}
     bool UseG1GC                                  = true                                      {product} {ergonomic}
     bool UseLargePagesIndividualAllocation        = false                                  {pd product} {ergonomic}

Logging:
Log output configuration:
 #0: stdout all=warning uptime,level,tags foldmultilines=false
 #1: stderr all=off uptime,level,tags foldmultilines=false

Environment Variables:
PATH=C:\Program Files (x86)\NVIDIA Corporation\PhysX\Common;C:\Program Files\Common Files\Oracle\Java\javapath;C:\Program Files (x86)\Common Files\Oracle\Java\javapath;C:\Windows\system32;C:\Windows;C:\Windows\System32\Wbem;C:\Windows\System32\WindowsPowerShell\v1.0\;C:\Windows\System32\OpenSSH\;C:\Program Files\dotnet\;C:\Program Files\Git\cmd;C:\Program Files\nodejs\;C:\Program Files\MySQL\MySQL Shell 8.0\bin\;C:\Users\user\python\Scripts\;C:\Users\user\python\;C:\Users\user\AppData\Local\Microsoft\WindowsApps;C:\Users\user\AppData\Local\Programs\Microsoft VS Code\bin;C:\Program Files\Git\cmd;E:\ospanel\modules\php\PHP_8.1;;C:\Program Files\JetBrains\IntelliJ IDEA Community Edition 2023.3.6\bin;;C:\Users\user\AppData\Roaming\npm;C:\cursor\resources\app\bin
USERNAME=user
OS=Windows_NT
PROCESSOR_IDENTIFIER=AMD64 Family 23 Model 8 Stepping 2, AuthenticAMD
TMP=C:\Users\user\AppData\Local\Temp
TEMP=C:\Users\user\AppData\Local\Temp




Periodic native trim disabled

---------------  S Y S T E M  ---------------

OS:
 Windows 10 , 64 bit Build 19041 (10.0.19041.5438)
OS uptime: 0 days 8:48 hours
Hyper-V role detected

CPU: total 12 (initial active 12) (12 cores per cpu, 2 threads per core) family 23 model 8 stepping 2 microcode 0x0, cx8, cmov, fxsr, ht, mmx, 3dnowpref, sse, sse2, sse3, ssse3, sse4a, sse4.1, sse4.2, popcnt, lzcnt, tsc, tscinvbit, avx, avx2, aes, clmul, bmi1, bmi2, adx, sha, fma, vzeroupper, clflush, clflushopt, hv, rdtscp, f16c
Processor Information for all 12 processors :
  Max Mhz: 3400, Current Mhz: 3400, Mhz Limit: 3400

Memory: 4k page, system-wide physical 16309M (712M free)
TotalPageFile size 24501M (AvailPageFile size 86M)
current process WorkingSet (physical memory assigned to process): 638M, peak: 663M
current process commit charge ("private bytes"): 710M, peak: 819M

vm_info: Java HotSpot(TM) 64-Bit Server VM (22+36-2370) for windows-amd64 JRE (22+36-2370), built on 2024-02-15T22:15:19Z by "mach5one" with MS VC++ 17.6 (VS2022)

END.
