#
# There is insufficient memory for the Java Runtime Environment to continue.
# Native memory allocation (malloc) failed to allocate 296016 bytes. Error detail: Chunk::new
# Possible reasons:
#   The system is out of physical RAM or swap space
#   This process is running with CompressedOops enabled, and the Java Heap may be blocking the growth of the native heap
# Possible solutions:
#   Reduce memory load on the system
#   Increase physical memory or swap space
#   Check if swap backing store is full
#   Decrease Java heap size (-Xmx/-Xms)
#   Decrease number of Java threads
#   Decrease Java thread stack sizes (-Xss)
#   Set larger code cache with -XX:ReservedCodeCacheSize=
#   JVM is running with Zero Based Compressed Oops mode in which the Java heap is
#     placed in the first 32GB address space. The Java Heap base address is the
#     maximum limit for the native heap growth. Please use -XX:HeapBaseMinAddress
#     to set the Java Heap base and to place the Java Heap above 32GB virtual address.
# This output file may be truncated or incomplete.
#
#  Out of Memory Error (arena.cpp:150), pid=17084, tid=8876
#
# JRE version: Java(TM) SE Runtime Environment (22.0+36) (build 22+36-2370)
# Java VM: Java HotSpot(TM) 64-Bit Server VM (22+36-2370, mixed mode, sharing, tiered, compressed oops, compressed class ptrs, g1 gc, windows-amd64)
# No core dump will be written. Minidumps are not enabled by default on client versions of Windows
#

---------------  S U M M A R Y ------------

Command Line: --add-opens=java.base/java.util=ALL-UNNAMED --add-opens=java.base/java.lang=ALL-UNNAMED --add-opens=java.base/java.lang.invoke=ALL-UNNAMED --add-opens=java.prefs/java.util.prefs=ALL-UNNAMED --add-exports=jdk.compiler/com.sun.tools.javac.api=ALL-UNNAMED --add-exports=jdk.compiler/com.sun.tools.javac.util=ALL-UNNAMED --add-opens=java.base/java.nio.charset=ALL-UNNAMED --add-opens=java.base/java.net=ALL-UNNAMED --add-opens=java.base/java.util.concurrent.atomic=ALL-UNNAMED -Xmx4096m -Dfile.encoding=UTF-8 -Duser.country=RU -Duser.language=ru -Duser.variant -javaagent:C:\Users\user\.gradle\wrapper\dists\gradle-8.9-bin\90cnw93cvbtalezasaz0blq0a\gradle-8.9\lib\agents\gradle-instrumentation-agent-8.9.jar org.gradle.launcher.daemon.bootstrap.GradleDaemon 8.9

Host: AMD Ryzen 5 2600 Six-Core Processor            , 12 cores, 15G,  Windows 10 , 64 bit Build 19041 (10.0.19041.5438)
Time: Thu Apr 24 00:11:00 2025 RTZ 4 (s 10 , 64 bit Build 19041 (10.0.19041.5438) elapsed time: 91.427221 seconds (0d 0h 1m 31s)

---------------  T H R E A D  ---------------

Current thread (0x00000243082224a0):  JavaThread "C2 CompilerThread1" daemon [_thread_in_native, id=8876, stack(0x000000db04100000,0x000000db04200000) (1024K)]


Current CompileTask:
C2:91427 12281       4       groovyjarjarantlr4.v4.runtime.atn.LexerATNSimulator::getEpsilonTarget (320 bytes)

Stack: [0x000000db04100000,0x000000db04200000]
Native frames: (J=compiled Java code, j=interpreted, Vv=VM code, C=native code)
V  [jvm.dll+0x6e2349]  (no source info available)
V  [jvm.dll+0x874ed3]  (no source info available)
V  [jvm.dll+0x8772fe]  (no source info available)
V  [jvm.dll+0x8779d3]  (no source info available)
V  [jvm.dll+0x27fcb6]  (no source info available)
V  [jvm.dll+0xc3d0f]  (no source info available)
V  [jvm.dll+0xc3f6b]  (no source info available)
V  [jvm.dll+0x3bb022]  (no source info available)
V  [jvm.dll+0x387abb]  (no source info available)
V  [jvm.dll+0x386f2a]  (no source info available)
V  [jvm.dll+0x247908]  (no source info available)
V  [jvm.dll+0x246faf]  (no source info available)
V  [jvm.dll+0x1c4e90]  (no source info available)
V  [jvm.dll+0x25699e]  (no source info available)
V  [jvm.dll+0x254c5a]  (no source info available)
V  [jvm.dll+0x3f5426]  (no source info available)
V  [jvm.dll+0x81d50b]  (no source info available)
V  [jvm.dll+0x6e09e5]  (no source info available)
C  [ucrtbase.dll+0x21bb2]  (no source info available)
C  [KERNEL32.DLL+0x17374]  (no source info available)
C  [ntdll.dll+0x4cc91]  (no source info available)


---------------  P R O C E S S  ---------------

Threads class SMR info:
_java_thread_list=0x0000024307f954d0, length=47, elements={
0x000002431db03e00, 0x000002433d00de00, 0x000002433d00eb20, 0x000002433d010b10,
0x000002433d0117f0, 0x000002433d012250, 0x000002433d014cc0, 0x000002433d018f50,
0x000002433d019a00, 0x000002433d03deb0, 0x000002433d3e4e00, 0x000002437ffce510,
0x000002437fe7f5c0, 0x0000024304086730, 0x000002430426cb30, 0x000002430426be10,
0x000002430426b780, 0x0000024304c3be00, 0x0000024304c3d840, 0x0000024304c3a3c0,
0x0000024304c3f910, 0x0000024304c3ded0, 0x0000024304c39d30, 0x0000024304c3c490,
0x0000024304c41350, 0x0000024304c40cc0, 0x0000024304c3b0e0, 0x0000024304c3cb20,
0x0000024304c3d1b0, 0x0000024304c3f280, 0x0000024304c3e560, 0x00000243056505f0,
0x0000024305655b40, 0x0000024305654e20, 0x00000243056554b0, 0x0000024305653a70,
0x0000024305652d50, 0x00000243056561d0, 0x000002430564f8d0, 0x0000024305656ef0,
0x00000243082224a0, 0x0000024305651310, 0x000002430564ff60, 0x00000243056526c0,
0x00000243089c40c0, 0x00000243089c2680, 0x0000024308223240
}

Java Threads: ( => current thread )
  0x000002431db03e00 JavaThread "main"                              [_thread_blocked, id=9408, stack(0x000000db02200000,0x000000db02300000) (1024K)]
  0x000002433d00de00 JavaThread "Reference Handler"          daemon [_thread_blocked, id=18488, stack(0x000000db02a00000,0x000000db02b00000) (1024K)]
  0x000002433d00eb20 JavaThread "Finalizer"                  daemon [_thread_blocked, id=10424, stack(0x000000db02b00000,0x000000db02c00000) (1024K)]
  0x000002433d010b10 JavaThread "Signal Dispatcher"          daemon [_thread_blocked, id=8848, stack(0x000000db02c00000,0x000000db02d00000) (1024K)]
  0x000002433d0117f0 JavaThread "Attach Listener"            daemon [_thread_blocked, id=20712, stack(0x000000db02d00000,0x000000db02e00000) (1024K)]
  0x000002433d012250 JavaThread "Service Thread"             daemon [_thread_blocked, id=13692, stack(0x000000db02e00000,0x000000db02f00000) (1024K)]
  0x000002433d014cc0 JavaThread "Monitor Deflation Thread"   daemon [_thread_blocked, id=10496, stack(0x000000db02f00000,0x000000db03000000) (1024K)]
  0x000002433d018f50 JavaThread "C2 CompilerThread0"         daemon [_thread_in_native, id=11136, stack(0x000000db03000000,0x000000db03100000) (1024K)]
  0x000002433d019a00 JavaThread "C1 CompilerThread0"         daemon [_thread_blocked, id=15136, stack(0x000000db03100000,0x000000db03200000) (1024K)]
  0x000002433d03deb0 JavaThread "Common-Cleaner"             daemon [_thread_blocked, id=18468, stack(0x000000db03200000,0x000000db03300000) (1024K)]
  0x000002433d3e4e00 JavaThread "Notification Thread"        daemon [_thread_blocked, id=15016, stack(0x000000db03400000,0x000000db03500000) (1024K)]
  0x000002437ffce510 JavaThread "Daemon health stats"               [_thread_blocked, id=14832, stack(0x000000db03500000,0x000000db03600000) (1024K)]
  0x000002437fe7f5c0 JavaThread "Incoming local TCP Connector on port 64264"        [_thread_in_native, id=996, stack(0x000000db03b00000,0x000000db03c00000) (1024K)]
  0x0000024304086730 JavaThread "Daemon periodic checks"            [_thread_blocked, id=20212, stack(0x000000db03c00000,0x000000db03d00000) (1024K)]
  0x000002430426cb30 JavaThread "Cache worker for journal cache (C:\Users\user\.gradle\caches\journal-1)"        [_thread_blocked, id=20104, stack(0x000000db04400000,0x000000db04500000) (1024K)]
  0x000002430426be10 JavaThread "File lock request listener"        [_thread_in_native, id=20868, stack(0x000000db04500000,0x000000db04600000) (1024K)]
  0x000002430426b780 JavaThread "Cache worker for file hash cache (C:\Users\user\.gradle\caches\8.9\fileHashes)"        [_thread_blocked, id=20616, stack(0x000000db04600000,0x000000db04700000) (1024K)]
  0x0000024304c3be00 JavaThread "File watcher server"        daemon [_thread_in_native, id=20828, stack(0x000000db05000000,0x000000db05100000) (1024K)]
  0x0000024304c3d840 JavaThread "File watcher consumer"      daemon [_thread_blocked, id=20884, stack(0x000000db04700000,0x000000db04800000) (1024K)]
  0x0000024304c3a3c0 JavaThread "jar transforms"                    [_thread_blocked, id=20840, stack(0x000000db05100000,0x000000db05200000) (1024K)]
  0x0000024304c3f910 JavaThread "jar transforms Thread 2"           [_thread_blocked, id=20832, stack(0x000000db05200000,0x000000db05300000) (1024K)]
  0x0000024304c3ded0 JavaThread "jar transforms Thread 3"           [_thread_blocked, id=20912, stack(0x000000db05300000,0x000000db05400000) (1024K)]
  0x0000024304c39d30 JavaThread "Cache worker for file content cache (C:\Users\user\.gradle\caches\8.9\fileContent)"        [_thread_blocked, id=20612, stack(0x000000db05600000,0x000000db05700000) (1024K)]
  0x0000024304c3c490 JavaThread "jar transforms Thread 4"           [_thread_blocked, id=3960, stack(0x000000db05900000,0x000000db05a00000) (1024K)]
  0x0000024304c41350 JavaThread "jar transforms Thread 5"           [_thread_blocked, id=13496, stack(0x000000db05a00000,0x000000db05b00000) (1024K)]
  0x0000024304c40cc0 JavaThread "jar transforms Thread 6"           [_thread_blocked, id=20784, stack(0x000000db05b00000,0x000000db05c00000) (1024K)]
  0x0000024304c3b0e0 JavaThread "jar transforms Thread 7"           [_thread_blocked, id=20736, stack(0x000000db05c00000,0x000000db05d00000) (1024K)]
  0x0000024304c3cb20 JavaThread "jar transforms Thread 8"           [_thread_blocked, id=20904, stack(0x000000db05d00000,0x000000db05e00000) (1024K)]
  0x0000024304c3d1b0 JavaThread "jar transforms Thread 9"           [_thread_blocked, id=8396, stack(0x000000db05e00000,0x000000db05f00000) (1024K)]
  0x0000024304c3f280 JavaThread "jar transforms Thread 10"          [_thread_blocked, id=17388, stack(0x000000db05f00000,0x000000db06000000) (1024K)]
  0x0000024304c3e560 JavaThread "jar transforms Thread 11"          [_thread_blocked, id=12676, stack(0x000000db06000000,0x000000db06100000) (1024K)]
  0x00000243056505f0 JavaThread "jar transforms Thread 12"          [_thread_blocked, id=19980, stack(0x000000db06100000,0x000000db06200000) (1024K)]
  0x0000024305655b40 JavaThread "File lock release action executor Thread 2"        [_thread_blocked, id=20952, stack(0x000000db01f00000,0x000000db02000000) (1024K)]
  0x0000024305654e20 JavaThread "Daemon Thread 2"                   [_thread_blocked, id=15064, stack(0x000000db02000000,0x000000db02100000) (1024K)]
  0x00000243056554b0 JavaThread "Handler for socket connection from /127.0.0.1:64264 to /127.0.0.1:50394"        [_thread_in_native, id=21032, stack(0x000000db02100000,0x000000db02200000) (1024K)]
  0x0000024305653a70 JavaThread "Cancel handler"                    [_thread_blocked, id=15120, stack(0x000000db03300000,0x000000db03400000) (1024K)]
  0x0000024305652d50 JavaThread "Daemon worker Thread 2"            [_thread_in_vm, id=2808, stack(0x000000db03d00000,0x000000db03e00000) (1024K)]
  0x00000243056561d0 JavaThread "Asynchronous log dispatcher for DefaultDaemonConnection: socket connection from /127.0.0.1:64264 to /127.0.0.1:50394"        [_thread_blocked, id=19824, stack(0x000000db03e00000,0x000000db03f00000) (1024K)]
  0x000002430564f8d0 JavaThread "Stdin handler"                     [_thread_blocked, id=19652, stack(0x000000db03f00000,0x000000db04000000) (1024K)]
  0x0000024305656ef0 JavaThread "Daemon client event forwarder"        [_thread_blocked, id=7892, stack(0x000000db04000000,0x000000db04100000) (1024K)]
=>0x00000243082224a0 JavaThread "C2 CompilerThread1"         daemon [_thread_in_native, id=8876, stack(0x000000db04100000,0x000000db04200000) (1024K)]
  0x0000024305651310 JavaThread "Cache worker for file hash cache (C:\Users\user\AndroidStudioProjects\StoryThere\.gradle\8.9\fileHashes)"        [_thread_blocked, id=8892, stack(0x000000db04200000,0x000000db04300000) (1024K)]
  0x000002430564ff60 JavaThread "Cache worker for Build Output Cleanup Cache (C:\Users\user\AndroidStudioProjects\StoryThere\.gradle\buildOutputCleanup)"        [_thread_blocked, id=21232, stack(0x000000db04300000,0x000000db04400000) (1024K)]
  0x00000243056526c0 JavaThread "Cache worker for checksums cache (C:\Users\user\AndroidStudioProjects\StoryThere\.gradle\8.9\checksums)"        [_thread_blocked, id=19484, stack(0x000000db04e00000,0x000000db04f00000) (1024K)]
  0x00000243089c40c0 JavaThread "Cache worker for cache directory md-rule (C:\Users\user\.gradle\caches\8.9\md-rule)"        [_thread_blocked, id=19664, stack(0x000000db04f00000,0x000000db05000000) (1024K)]
  0x00000243089c2680 JavaThread "Cache worker for cache directory md-supplier (C:\Users\user\.gradle\caches\8.9\md-supplier)"        [_thread_blocked, id=19488, stack(0x000000db05400000,0x000000db05500000) (1024K)]
  0x0000024308223240 JavaThread "C2 CompilerThread2"         daemon [_thread_in_native, id=19964, stack(0x000000db05500000,0x000000db05600000) (1024K)]
Total: 47

Other Threads:
  0x000002433cfec6d0 VMThread "VM Thread"                           [id=19960, stack(0x000000db02900000,0x000000db02a00000) (1024K)]
  0x000002433cfd5070 WatcherThread "VM Periodic Task Thread"        [id=15852, stack(0x000000db02800000,0x000000db02900000) (1024K)]
  0x000002431db6cfb0 WorkerThread "GC Thread#0"                     [id=16024, stack(0x000000db02300000,0x000000db02400000) (1024K)]
  0x000002433d9b1c80 WorkerThread "GC Thread#1"                     [id=10864, stack(0x000000db03600000,0x000000db03700000) (1024K)]
  0x000002433da02ae0 WorkerThread "GC Thread#2"                     [id=13852, stack(0x000000db03700000,0x000000db03800000) (1024K)]
  0x000002433d8dc100 WorkerThread "GC Thread#3"                     [id=13420, stack(0x000000db03800000,0x000000db03900000) (1024K)]
  0x000002433d8dc4b0 WorkerThread "GC Thread#4"                     [id=9456, stack(0x000000db03900000,0x000000db03a00000) (1024K)]
  0x000002433d8dcc70 WorkerThread "GC Thread#5"                     [id=14284, stack(0x000000db03a00000,0x000000db03b00000) (1024K)]
  0x00000243043eef80 WorkerThread "GC Thread#6"                     [id=20812, stack(0x000000db04800000,0x000000db04900000) (1024K)]
  0x0000024304b0e2e0 WorkerThread "GC Thread#7"                     [id=20816, stack(0x000000db04900000,0x000000db04a00000) (1024K)]
  0x0000024304b0df30 WorkerThread "GC Thread#8"                     [id=20808, stack(0x000000db04a00000,0x000000db04b00000) (1024K)]
  0x0000024304b0ea40 WorkerThread "GC Thread#9"                     [id=20908, stack(0x000000db04b00000,0x000000db04c00000) (1024K)]
  0x000002431db7e570 ConcurrentGCThread "G1 Main Marker"            [id=17312, stack(0x000000db02400000,0x000000db02500000) (1024K)]
  0x000002431db7ee90 WorkerThread "G1 Conc#0"                       [id=15348, stack(0x000000db02500000,0x000000db02600000) (1024K)]
  0x0000024304b0d420 WorkerThread "G1 Conc#1"                       [id=20872, stack(0x000000db04c00000,0x000000db04d00000) (1024K)]
  0x0000024304b0fcb0 WorkerThread "G1 Conc#2"                       [id=20836, stack(0x000000db04d00000,0x000000db04e00000) (1024K)]
  0x000002431dbce000 ConcurrentGCThread "G1 Refine#0"               [id=16412, stack(0x000000db02600000,0x000000db02700000) (1024K)]
  0x000002431dbce990 ConcurrentGCThread "G1 Service"                [id=16688, stack(0x000000db02700000,0x000000db02800000) (1024K)]
Total: 18

Threads with active compile tasks:
C2 CompilerThread0  91465 12296       4       groovyjarjarantlr4.v4.runtime.atn.ParserATNSimulator::closure (784 bytes)
C2 CompilerThread1  91465 12281       4       groovyjarjarantlr4.v4.runtime.atn.LexerATNSimulator::getEpsilonTarget (320 bytes)
C2 CompilerThread2  91465 12288       4       java.util.HashSet::add (20 bytes)
Total: 3

VM state: not at safepoint (normal execution)

VM Mutex/Monitor currently owned by a thread: None

Heap address: 0x0000000700000000, size: 4096 MB, Compressed Oops mode: Zero based, Oop shift amount: 3

CDS archive(s) mapped at: [0x000002433e000000-0x000002433ec60000-0x000002433ec60000), size 12976128, SharedBaseAddress: 0x000002433e000000, ArchiveRelocationMode: 1.
Compressed class space mapped at: 0x000002433f000000-0x000002437f000000, reserved size: 1073741824
Narrow klass base: 0x000002433e000000, Narrow klass shift: 0, Narrow klass range: 0x41000000

GC Precious Log:
 CardTable entry size: 512
 Card Set container configuration: InlinePtr #cards 4 size 8 Array Of Cards #cards 16 size 48 Howl #buckets 8 coarsen threshold 3686 Howl Bitmap #cards 512 size 80 coarsen threshold 460 Card regions per heap region 1 cards per card region 4096
 CPUs: 12 total, 12 available
 Memory: 16309M
 Large Page Support: Disabled
 NUMA Support: Disabled
 Compressed Oops: Enabled (Zero based)
 Heap Region Size: 2M
 Heap Min Capacity: 8M
 Heap Initial Capacity: 256M
 Heap Max Capacity: 4G
 Pre-touch: Disabled
 Parallel Workers: 10
 Concurrent Workers: 3
 Concurrent Refinement Workers: 10
 Periodic GC: Disabled

Heap:
 garbage-first heap   total reserved 4194304K, committed 280576K, used 227441K [0x0000000700000000, 0x0000000800000000)
  region size 2048K, 78 young (159744K), 3 survivors (6144K)
 Metaspace       used 61528K, committed 63424K, reserved 1114112K
  class space    used 8814K, committed 9728K, reserved 1048576K

Heap Regions: E=young(eden), S=young(survivor), O=old, HS=humongous(starts), HC=humongous(continues), CS=collection set, F=free, TAMS=top-at-mark-start, PB=parsable bottom
|   0|0x0000000700000000, 0x0000000700200000, 0x0000000700200000|100%|HS|  |TAMS 0x0000000700000000| PB 0x0000000700000000| Complete |  0
|   1|0x0000000700200000, 0x0000000700400000, 0x0000000700400000|100%|HC|  |TAMS 0x0000000700200000| PB 0x0000000700200000| Complete |  0
|   2|0x0000000700400000, 0x0000000700600000, 0x0000000700600000|100%| O|  |TAMS 0x0000000700400000| PB 0x0000000700400000| Untracked |  0
|   3|0x0000000700600000, 0x0000000700800000, 0x0000000700800000|100%| O|  |TAMS 0x0000000700600000| PB 0x0000000700600000| Untracked |  0
|   4|0x0000000700800000, 0x0000000700a00000, 0x0000000700a00000|100%| O|  |TAMS 0x0000000700800000| PB 0x0000000700800000| Untracked |  0
|   5|0x0000000700a00000, 0x0000000700c00000, 0x0000000700c00000|100%| O|  |TAMS 0x0000000700a00000| PB 0x0000000700a00000| Untracked |  0
|   6|0x0000000700c00000, 0x0000000700e00000, 0x0000000700e00000|100%| O|  |TAMS 0x0000000700c00000| PB 0x0000000700c00000| Untracked |  0
|   7|0x0000000700e00000, 0x0000000701000000, 0x0000000701000000|100%| O|  |TAMS 0x0000000700e00000| PB 0x0000000700e00000| Untracked |  0
|   8|0x0000000701000000, 0x0000000701200000, 0x0000000701200000|100%| O|  |TAMS 0x0000000701000000| PB 0x0000000701000000| Untracked |  0
|   9|0x0000000701200000, 0x0000000701400000, 0x0000000701400000|100%| O|  |TAMS 0x0000000701200000| PB 0x0000000701200000| Untracked |  0
|  10|0x0000000701400000, 0x0000000701600000, 0x0000000701600000|100%| O|  |TAMS 0x0000000701400000| PB 0x0000000701400000| Untracked |  0
|  11|0x0000000701600000, 0x0000000701800000, 0x0000000701800000|100%| O|  |TAMS 0x0000000701600000| PB 0x0000000701600000| Untracked |  0
|  12|0x0000000701800000, 0x0000000701a00000, 0x0000000701a00000|100%| O|  |TAMS 0x0000000701800000| PB 0x0000000701800000| Untracked |  0
|  13|0x0000000701a00000, 0x0000000701c00000, 0x0000000701c00000|100%| O|  |TAMS 0x0000000701a00000| PB 0x0000000701a00000| Untracked |  0
|  14|0x0000000701c00000, 0x0000000701e00000, 0x0000000701e00000|100%| O|  |TAMS 0x0000000701c00000| PB 0x0000000701c00000| Untracked |  0
|  15|0x0000000701e00000, 0x0000000702000000, 0x0000000702000000|100%| O|  |TAMS 0x0000000701e00000| PB 0x0000000701e00000| Untracked |  0
|  16|0x0000000702000000, 0x0000000702105ab0, 0x0000000702200000| 51%| O|  |TAMS 0x0000000702000000| PB 0x0000000702000000| Untracked |  0
|  17|0x0000000702200000, 0x0000000702400000, 0x0000000702400000|100%| O|  |TAMS 0x0000000702200000| PB 0x0000000702200000| Untracked |  0
|  18|0x0000000702400000, 0x0000000702600000, 0x0000000702600000|100%| O|  |TAMS 0x0000000702400000| PB 0x0000000702400000| Untracked |  0
|  19|0x0000000702600000, 0x0000000702800000, 0x0000000702800000|100%| O|  |TAMS 0x0000000702600000| PB 0x0000000702600000| Untracked |  0
|  20|0x0000000702800000, 0x0000000702800000, 0x0000000702a00000|  0%| F|  |TAMS 0x0000000702800000| PB 0x0000000702800000| Untracked |  0
|  21|0x0000000702a00000, 0x0000000702c00000, 0x0000000702c00000|100%| O|  |TAMS 0x0000000702a00000| PB 0x0000000702a00000| Untracked |  0
|  22|0x0000000702c00000, 0x0000000702c00000, 0x0000000702e00000|  0%| F|  |TAMS 0x0000000702c00000| PB 0x0000000702c00000| Untracked |  0
|  23|0x0000000702e00000, 0x0000000703000000, 0x0000000703000000|100%| O|  |TAMS 0x0000000702e00000| PB 0x0000000702e00000| Untracked |  0
|  24|0x0000000703000000, 0x0000000703162b70, 0x0000000703200000| 69%| O|  |TAMS 0x0000000703000000| PB 0x0000000703000000| Untracked |  0
|  25|0x0000000703200000, 0x0000000703200000, 0x0000000703400000|  0%| F|  |TAMS 0x0000000703200000| PB 0x0000000703200000| Untracked |  0
|  26|0x0000000703400000, 0x0000000703400000, 0x0000000703600000|  0%| F|  |TAMS 0x0000000703400000| PB 0x0000000703400000| Untracked |  0
|  27|0x0000000703600000, 0x0000000703800000, 0x0000000703800000|100%| O|  |TAMS 0x0000000703600000| PB 0x0000000703600000| Untracked |  0
|  28|0x0000000703800000, 0x0000000703a00000, 0x0000000703a00000|100%| O|  |TAMS 0x0000000703800000| PB 0x0000000703800000| Untracked |  0
|  29|0x0000000703a00000, 0x0000000703c00000, 0x0000000703c00000|100%| O|  |TAMS 0x0000000703a00000| PB 0x0000000703a00000| Untracked |  0
|  30|0x0000000703c00000, 0x0000000703c00000, 0x0000000703e00000|  0%| F|  |TAMS 0x0000000703c00000| PB 0x0000000703c00000| Untracked |  0
|  31|0x0000000703e00000, 0x0000000703e00000, 0x0000000704000000|  0%| F|  |TAMS 0x0000000703e00000| PB 0x0000000703e00000| Untracked |  0
|  32|0x0000000704000000, 0x0000000704000000, 0x0000000704200000|  0%| F|  |TAMS 0x0000000704000000| PB 0x0000000704000000| Untracked |  0
|  33|0x0000000704200000, 0x0000000704400000, 0x0000000704400000|100%| O|  |TAMS 0x0000000704200000| PB 0x0000000704200000| Untracked |  0
|  34|0x0000000704400000, 0x0000000704600000, 0x0000000704600000|100%| O|  |TAMS 0x0000000704400000| PB 0x0000000704400000| Untracked |  0
|  35|0x0000000704600000, 0x0000000704800000, 0x0000000704800000|100%| O|  |TAMS 0x0000000704600000| PB 0x0000000704600000| Untracked |  0
|  36|0x0000000704800000, 0x0000000704800000, 0x0000000704a00000|  0%| F|  |TAMS 0x0000000704800000| PB 0x0000000704800000| Untracked |  0
|  37|0x0000000704a00000, 0x0000000704a00000, 0x0000000704c00000|  0%| F|  |TAMS 0x0000000704a00000| PB 0x0000000704a00000| Untracked |  0
|  38|0x0000000704c00000, 0x0000000704c00000, 0x0000000704e00000|  0%| F|  |TAMS 0x0000000704c00000| PB 0x0000000704c00000| Untracked |  0
|  39|0x0000000704e00000, 0x0000000704e00000, 0x0000000705000000|  0%| F|  |TAMS 0x0000000704e00000| PB 0x0000000704e00000| Untracked |  0
|  40|0x0000000705000000, 0x0000000705000000, 0x0000000705200000|  0%| F|  |TAMS 0x0000000705000000| PB 0x0000000705000000| Untracked |  0
|  41|0x0000000705200000, 0x0000000705200000, 0x0000000705400000|  0%| F|  |TAMS 0x0000000705200000| PB 0x0000000705200000| Untracked |  0
|  42|0x0000000705400000, 0x0000000705400000, 0x0000000705600000|  0%| F|  |TAMS 0x0000000705400000| PB 0x0000000705400000| Untracked |  0
|  43|0x0000000705600000, 0x0000000705600000, 0x0000000705800000|  0%| F|  |TAMS 0x0000000705600000| PB 0x0000000705600000| Untracked |  0
|  44|0x0000000705800000, 0x0000000705800000, 0x0000000705a00000|  0%| F|  |TAMS 0x0000000705800000| PB 0x0000000705800000| Untracked |  0
|  45|0x0000000705a00000, 0x0000000705a00000, 0x0000000705c00000|  0%| F|  |TAMS 0x0000000705a00000| PB 0x0000000705a00000| Untracked |  0
|  46|0x0000000705c00000, 0x0000000705db3f78, 0x0000000705e00000| 85%| S|CS|TAMS 0x0000000705c00000| PB 0x0000000705c00000| Complete |  0
|  47|0x0000000705e00000, 0x0000000706000000, 0x0000000706000000|100%| S|CS|TAMS 0x0000000705e00000| PB 0x0000000705e00000| Complete |  0
|  48|0x0000000706000000, 0x0000000706000000, 0x0000000706200000|  0%| F|  |TAMS 0x0000000706000000| PB 0x0000000706000000| Untracked |  0
|  49|0x0000000706200000, 0x0000000706200000, 0x0000000706400000|  0%| F|  |TAMS 0x0000000706200000| PB 0x0000000706200000| Untracked |  0
|  50|0x0000000706400000, 0x0000000706600000, 0x0000000706600000|100%| S|CS|TAMS 0x0000000706400000| PB 0x0000000706400000| Complete |  0
|  51|0x0000000706600000, 0x0000000706600000, 0x0000000706800000|  0%| F|  |TAMS 0x0000000706600000| PB 0x0000000706600000| Untracked |  0
|  52|0x0000000706800000, 0x0000000706800000, 0x0000000706a00000|  0%| F|  |TAMS 0x0000000706800000| PB 0x0000000706800000| Untracked |  0
|  53|0x0000000706a00000, 0x0000000706a00000, 0x0000000706c00000|  0%| F|  |TAMS 0x0000000706a00000| PB 0x0000000706a00000| Untracked |  0
|  54|0x0000000706c00000, 0x0000000706c00000, 0x0000000706e00000|  0%| F|  |TAMS 0x0000000706c00000| PB 0x0000000706c00000| Untracked |  0
|  55|0x0000000706e00000, 0x0000000706e00000, 0x0000000707000000|  0%| F|  |TAMS 0x0000000706e00000| PB 0x0000000706e00000| Untracked |  0
|  56|0x0000000707000000, 0x00000007071678f0, 0x0000000707200000| 70%| E|  |TAMS 0x0000000707000000| PB 0x0000000707000000| Complete |  0
|  57|0x0000000707200000, 0x0000000707400000, 0x0000000707400000|100%| E|CS|TAMS 0x0000000707200000| PB 0x0000000707200000| Complete |  0
|  58|0x0000000707400000, 0x0000000707600000, 0x0000000707600000|100%| E|CS|TAMS 0x0000000707400000| PB 0x0000000707400000| Complete |  0
|  59|0x0000000707600000, 0x0000000707800000, 0x0000000707800000|100%| E|CS|TAMS 0x0000000707600000| PB 0x0000000707600000| Complete |  0
|  60|0x0000000707800000, 0x0000000707a00000, 0x0000000707a00000|100%| E|CS|TAMS 0x0000000707800000| PB 0x0000000707800000| Complete |  0
|  61|0x0000000707a00000, 0x0000000707c00000, 0x0000000707c00000|100%| E|CS|TAMS 0x0000000707a00000| PB 0x0000000707a00000| Complete |  0
|  62|0x0000000707c00000, 0x0000000707e00000, 0x0000000707e00000|100%| E|CS|TAMS 0x0000000707c00000| PB 0x0000000707c00000| Complete |  0
|  63|0x0000000707e00000, 0x0000000708000000, 0x0000000708000000|100%| E|CS|TAMS 0x0000000707e00000| PB 0x0000000707e00000| Complete |  0
|  64|0x0000000708000000, 0x0000000708200000, 0x0000000708200000|100%| E|CS|TAMS 0x0000000708000000| PB 0x0000000708000000| Complete |  0
|  65|0x0000000708200000, 0x0000000708400000, 0x0000000708400000|100%| E|CS|TAMS 0x0000000708200000| PB 0x0000000708200000| Complete |  0
|  66|0x0000000708400000, 0x0000000708600000, 0x0000000708600000|100%| E|CS|TAMS 0x0000000708400000| PB 0x0000000708400000| Complete |  0
|  67|0x0000000708600000, 0x0000000708800000, 0x0000000708800000|100%| E|CS|TAMS 0x0000000708600000| PB 0x0000000708600000| Complete |  0
|  68|0x0000000708800000, 0x0000000708a00000, 0x0000000708a00000|100%| E|CS|TAMS 0x0000000708800000| PB 0x0000000708800000| Complete |  0
|  69|0x0000000708a00000, 0x0000000708c00000, 0x0000000708c00000|100%| E|CS|TAMS 0x0000000708a00000| PB 0x0000000708a00000| Complete |  0
|  70|0x0000000708c00000, 0x0000000708e00000, 0x0000000708e00000|100%| E|CS|TAMS 0x0000000708c00000| PB 0x0000000708c00000| Complete |  0
|  71|0x0000000708e00000, 0x0000000709000000, 0x0000000709000000|100%| E|CS|TAMS 0x0000000708e00000| PB 0x0000000708e00000| Complete |  0
|  72|0x0000000709000000, 0x0000000709200000, 0x0000000709200000|100%| E|CS|TAMS 0x0000000709000000| PB 0x0000000709000000| Complete |  0
|  73|0x0000000709200000, 0x0000000709400000, 0x0000000709400000|100%| E|CS|TAMS 0x0000000709200000| PB 0x0000000709200000| Complete |  0
|  74|0x0000000709400000, 0x0000000709600000, 0x0000000709600000|100%| E|CS|TAMS 0x0000000709400000| PB 0x0000000709400000| Complete |  0
|  75|0x0000000709600000, 0x0000000709800000, 0x0000000709800000|100%| E|CS|TAMS 0x0000000709600000| PB 0x0000000709600000| Complete |  0
|  76|0x0000000709800000, 0x0000000709a00000, 0x0000000709a00000|100%| E|CS|TAMS 0x0000000709800000| PB 0x0000000709800000| Complete |  0
|  77|0x0000000709a00000, 0x0000000709c00000, 0x0000000709c00000|100%| E|CS|TAMS 0x0000000709a00000| PB 0x0000000709a00000| Complete |  0
|  78|0x0000000709c00000, 0x0000000709e00000, 0x0000000709e00000|100%| E|CS|TAMS 0x0000000709c00000| PB 0x0000000709c00000| Complete |  0
|  79|0x0000000709e00000, 0x000000070a000000, 0x000000070a000000|100%| E|CS|TAMS 0x0000000709e00000| PB 0x0000000709e00000| Complete |  0
|  80|0x000000070a000000, 0x000000070a200000, 0x000000070a200000|100%| E|CS|TAMS 0x000000070a000000| PB 0x000000070a000000| Complete |  0
|  81|0x000000070a200000, 0x000000070a400000, 0x000000070a400000|100%| E|CS|TAMS 0x000000070a200000| PB 0x000000070a200000| Complete |  0
|  82|0x000000070a400000, 0x000000070a600000, 0x000000070a600000|100%| E|CS|TAMS 0x000000070a400000| PB 0x000000070a400000| Complete |  0
|  83|0x000000070a600000, 0x000000070a800000, 0x000000070a800000|100%| E|CS|TAMS 0x000000070a600000| PB 0x000000070a600000| Complete |  0
|  84|0x000000070a800000, 0x000000070aa00000, 0x000000070aa00000|100%| E|CS|TAMS 0x000000070a800000| PB 0x000000070a800000| Complete |  0
|  85|0x000000070aa00000, 0x000000070ac00000, 0x000000070ac00000|100%| E|CS|TAMS 0x000000070aa00000| PB 0x000000070aa00000| Complete |  0
|  86|0x000000070ac00000, 0x000000070ae00000, 0x000000070ae00000|100%| E|CS|TAMS 0x000000070ac00000| PB 0x000000070ac00000| Complete |  0
|  87|0x000000070ae00000, 0x000000070b000000, 0x000000070b000000|100%| E|CS|TAMS 0x000000070ae00000| PB 0x000000070ae00000| Complete |  0
|  88|0x000000070b000000, 0x000000070b200000, 0x000000070b200000|100%| E|CS|TAMS 0x000000070b000000| PB 0x000000070b000000| Complete |  0
|  89|0x000000070b200000, 0x000000070b400000, 0x000000070b400000|100%| E|CS|TAMS 0x000000070b200000| PB 0x000000070b200000| Complete |  0
|  90|0x000000070b400000, 0x000000070b600000, 0x000000070b600000|100%| E|CS|TAMS 0x000000070b400000| PB 0x000000070b400000| Complete |  0
|  91|0x000000070b600000, 0x000000070b800000, 0x000000070b800000|100%| E|CS|TAMS 0x000000070b600000| PB 0x000000070b600000| Complete |  0
|  92|0x000000070b800000, 0x000000070ba00000, 0x000000070ba00000|100%| E|CS|TAMS 0x000000070b800000| PB 0x000000070b800000| Complete |  0
|  93|0x000000070ba00000, 0x000000070bc00000, 0x000000070bc00000|100%| E|CS|TAMS 0x000000070ba00000| PB 0x000000070ba00000| Complete |  0
|  94|0x000000070bc00000, 0x000000070be00000, 0x000000070be00000|100%| E|CS|TAMS 0x000000070bc00000| PB 0x000000070bc00000| Complete |  0
|  95|0x000000070be00000, 0x000000070c000000, 0x000000070c000000|100%| E|CS|TAMS 0x000000070be00000| PB 0x000000070be00000| Complete |  0
|  96|0x000000070c000000, 0x000000070c200000, 0x000000070c200000|100%| E|CS|TAMS 0x000000070c000000| PB 0x000000070c000000| Complete |  0
|  97|0x000000070c200000, 0x000000070c400000, 0x000000070c400000|100%| E|CS|TAMS 0x000000070c200000| PB 0x000000070c200000| Complete |  0
|  98|0x000000070c400000, 0x000000070c600000, 0x000000070c600000|100%| E|CS|TAMS 0x000000070c400000| PB 0x000000070c400000| Complete |  0
|  99|0x000000070c600000, 0x000000070c800000, 0x000000070c800000|100%| E|CS|TAMS 0x000000070c600000| PB 0x000000070c600000| Complete |  0
| 100|0x000000070c800000, 0x000000070ca00000, 0x000000070ca00000|100%| E|CS|TAMS 0x000000070c800000| PB 0x000000070c800000| Complete |  0
| 101|0x000000070ca00000, 0x000000070cc00000, 0x000000070cc00000|100%| E|CS|TAMS 0x000000070ca00000| PB 0x000000070ca00000| Complete |  0
| 102|0x000000070cc00000, 0x000000070ce00000, 0x000000070ce00000|100%| E|CS|TAMS 0x000000070cc00000| PB 0x000000070cc00000| Complete |  0
| 103|0x000000070ce00000, 0x000000070d000000, 0x000000070d000000|100%| E|CS|TAMS 0x000000070ce00000| PB 0x000000070ce00000| Complete |  0
| 104|0x000000070d000000, 0x000000070d200000, 0x000000070d200000|100%| E|CS|TAMS 0x000000070d000000| PB 0x000000070d000000| Complete |  0
| 105|0x000000070d200000, 0x000000070d400000, 0x000000070d400000|100%| E|CS|TAMS 0x000000070d200000| PB 0x000000070d200000| Complete |  0
| 106|0x000000070d400000, 0x000000070d600000, 0x000000070d600000|100%| E|CS|TAMS 0x000000070d400000| PB 0x000000070d400000| Complete |  0
| 107|0x000000070d600000, 0x000000070d800000, 0x000000070d800000|100%| E|CS|TAMS 0x000000070d600000| PB 0x000000070d600000| Complete |  0
| 108|0x000000070d800000, 0x000000070da00000, 0x000000070da00000|100%| E|CS|TAMS 0x000000070d800000| PB 0x000000070d800000| Complete |  0
| 109|0x000000070da00000, 0x000000070dc00000, 0x000000070dc00000|100%| E|CS|TAMS 0x000000070da00000| PB 0x000000070da00000| Complete |  0
| 110|0x000000070dc00000, 0x000000070de00000, 0x000000070de00000|100%| E|CS|TAMS 0x000000070dc00000| PB 0x000000070dc00000| Complete |  0
| 111|0x000000070de00000, 0x000000070e000000, 0x000000070e000000|100%| E|CS|TAMS 0x000000070de00000| PB 0x000000070de00000| Complete |  0
| 112|0x000000070e000000, 0x000000070e200000, 0x000000070e200000|100%| E|CS|TAMS 0x000000070e000000| PB 0x000000070e000000| Complete |  0
| 113|0x000000070e200000, 0x000000070e400000, 0x000000070e400000|100%| E|CS|TAMS 0x000000070e200000| PB 0x000000070e200000| Complete |  0
| 114|0x000000070e400000, 0x000000070e600000, 0x000000070e600000|100%| E|CS|TAMS 0x000000070e400000| PB 0x000000070e400000| Complete |  0
| 115|0x000000070e600000, 0x000000070e800000, 0x000000070e800000|100%| E|CS|TAMS 0x000000070e600000| PB 0x000000070e600000| Complete |  0
| 116|0x000000070e800000, 0x000000070ea00000, 0x000000070ea00000|100%| E|CS|TAMS 0x000000070e800000| PB 0x000000070e800000| Complete |  0
| 117|0x000000070ea00000, 0x000000070ec00000, 0x000000070ec00000|100%| E|CS|TAMS 0x000000070ea00000| PB 0x000000070ea00000| Complete |  0
| 159|0x0000000713e00000, 0x0000000714000000, 0x0000000714000000|100%| E|CS|TAMS 0x0000000713e00000| PB 0x0000000713e00000| Complete |  0
| 160|0x0000000714000000, 0x0000000714200000, 0x0000000714200000|100%| E|CS|TAMS 0x0000000714000000| PB 0x0000000714000000| Complete |  0
| 161|0x0000000714200000, 0x0000000714400000, 0x0000000714400000|100%| E|CS|TAMS 0x0000000714200000| PB 0x0000000714200000| Complete |  0
| 162|0x0000000714400000, 0x0000000714600000, 0x0000000714600000|100%| E|CS|TAMS 0x0000000714400000| PB 0x0000000714400000| Complete |  0
| 163|0x0000000714600000, 0x0000000714800000, 0x0000000714800000|100%| E|CS|TAMS 0x0000000714600000| PB 0x0000000714600000| Complete |  0
| 164|0x0000000714800000, 0x0000000714a00000, 0x0000000714a00000|100%| E|CS|TAMS 0x0000000714800000| PB 0x0000000714800000| Complete |  0
| 165|0x0000000714a00000, 0x0000000714c00000, 0x0000000714c00000|100%| E|CS|TAMS 0x0000000714a00000| PB 0x0000000714a00000| Complete |  0
| 166|0x0000000714c00000, 0x0000000714e00000, 0x0000000714e00000|100%| E|CS|TAMS 0x0000000714c00000| PB 0x0000000714c00000| Complete |  0
| 170|0x0000000715400000, 0x0000000715600000, 0x0000000715600000|100%| E|CS|TAMS 0x0000000715400000| PB 0x0000000715400000| Complete |  0
| 171|0x0000000715600000, 0x0000000715800000, 0x0000000715800000|100%| E|CS|TAMS 0x0000000715600000| PB 0x0000000715600000| Complete |  0
| 172|0x0000000715800000, 0x0000000715a00000, 0x0000000715a00000|100%| E|CS|TAMS 0x0000000715800000| PB 0x0000000715800000| Complete |  0
| 173|0x0000000715a00000, 0x0000000715c00000, 0x0000000715c00000|100%| E|CS|TAMS 0x0000000715a00000| PB 0x0000000715a00000| Complete |  0
|2041|0x00000007ff200000, 0x00000007ff400000, 0x00000007ff400000|100%| E|CS|TAMS 0x00000007ff200000| PB 0x00000007ff200000| Complete |  0
|2042|0x00000007ff400000, 0x00000007ff600000, 0x00000007ff600000|100%| O|  |TAMS 0x00000007ff400000| PB 0x00000007ff400000| Untracked |  0
|2043|0x00000007ff600000, 0x00000007ff800000, 0x00000007ff800000|100%| O|  |TAMS 0x00000007ff600000| PB 0x00000007ff600000| Untracked |  0
|2044|0x00000007ff800000, 0x00000007ffa00000, 0x00000007ffa00000|100%| O|  |TAMS 0x00000007ff800000| PB 0x00000007ff800000| Untracked |  0
|2045|0x00000007ffa00000, 0x00000007ffc00000, 0x00000007ffc00000|100%| O|  |TAMS 0x00000007ffa00000| PB 0x00000007ffa00000| Untracked |  0
|2046|0x00000007ffc00000, 0x00000007ffe00000, 0x00000007ffe00000|100%| O|  |TAMS 0x00000007ffc00000| PB 0x00000007ffc00000| Untracked |  0
|2047|0x00000007ffe00000, 0x0000000800000000, 0x0000000800000000|100%| O|  |TAMS 0x00000007ffe00000| PB 0x00000007ffe00000| Untracked |  0

Card table byte_map: [0x0000024335ba0000,0x00000243363a0000] _byte_map_base: 0x00000243323a0000

Marking Bits: (CMBitMap*) 0x000002431db6d4d0
 Bits: [0x00000243363a0000, 0x000002433a3a0000)

Polling page: 0x000002431baa0000

Metaspace:

Usage:
  Non-class:     51.48 MB used.
      Class:      8.61 MB used.
       Both:     60.09 MB used.

Virtual space:
  Non-class space:       64.00 MB reserved,      52.44 MB ( 82%) committed,  1 nodes.
      Class space:        1.00 GB reserved,       9.50 MB ( <1%) committed,  1 nodes.
             Both:        1.06 GB reserved,      61.94 MB (  6%) committed. 

Chunk freelists:
   Non-Class:  10.23 MB
       Class:  6.36 MB
        Both:  16.59 MB

MaxMetaspaceSize: unlimited
CompressedClassSpaceSize: 1.00 GB
Initial GC threshold: 21.00 MB
Current GC threshold: 92.62 MB
CDS: on
 - commit_granule_bytes: 65536.
 - commit_granule_words: 8192.
 - virtual_space_node_default_size: 8388608.
 - enlarge_chunks_in_place: 1.
 - use_allocation_guard: 0.


Internal statistics:

num_allocs_failed_limit: 9.
num_arena_births: 3052.
num_arena_deaths: 0.
num_vsnodes_births: 2.
num_vsnodes_deaths: 0.
num_space_committed: 991.
num_space_uncommitted: 0.
num_chunks_returned_to_freelist: 9.
num_chunks_taken_from_freelist: 5682.
num_chunk_merges: 6.
num_chunk_splits: 3742.
num_chunks_enlarged: 2437.
num_inconsistent_stats: 0.

CodeHeap 'non-profiled nmethods': size=120000Kb used=8100Kb max_used=8100Kb free=111899Kb
 bounds [0x000002432d920000, 0x000002432e110000, 0x0000024334e50000]
CodeHeap 'profiled nmethods': size=120000Kb used=19109Kb max_used=19109Kb free=100890Kb
 bounds [0x0000024325e50000, 0x0000024327100000, 0x000002432d380000]
CodeHeap 'non-nmethods': size=5760Kb used=2786Kb max_used=2895Kb free=2974Kb
 bounds [0x000002432d380000, 0x000002432d660000, 0x000002432d920000]
 total_blobs=11459 nmethods=10554 adapters=808
 compilation: enabled
              stopped_count=0, restarted_count=0
 full_count=0

Compilation events (20 events):
Event: 91.405 Thread 0x000002433d018f50 12279       4       groovyjarjarantlr4.v4.runtime.misc.IntervalSet::contains (97 bytes)
Event: 91.405 Thread 0x00000243082224a0 12281       4       groovyjarjarantlr4.v4.runtime.atn.LexerATNSimulator::getEpsilonTarget (320 bytes)
Event: 91.406 Thread 0x000002433d019a00 nmethod 12277 0x00000243270e7010 code [0x00000243270e7360, 0x00000243270e8c08]
Event: 91.406 Thread 0x000002433d019a00 12278       3       groovyjarjarantlr4.v4.runtime.CodePointCharStream::release (1 bytes)
Event: 91.406 Thread 0x000002433d019a00 nmethod 12278 0x00000243270e9510 code [0x00000243270e96a0, 0x00000243270e97a8]
Event: 91.406 Thread 0x000002433d019a00 12280       3       groovyjarjarantlr4.v4.runtime.ParserRuleContext::addChild (7 bytes)
Event: 91.406 Thread 0x000002433d019a00 nmethod 12280 0x00000243270e9810 code [0x00000243270e99c0, 0x00000243270e9b80]
Event: 91.407 Thread 0x000002433d019a00 12284       3       groovyjarjarantlr4.v4.runtime.atn.ParserATNSimulator::closure (784 bytes)
Event: 91.409 Thread 0x000002433d018f50 nmethod 12279 0x000002432e107f90 code [0x000002432e108120, 0x000002432e108360]
Event: 91.409 Thread 0x000002433d018f50 12283       4       groovyjarjarantlr4.v4.runtime.misc.FlexibleHashMap::get (85 bytes)
Event: 91.411 Thread 0x000002433d019a00 nmethod 12284 0x00000243270e9c10 code [0x00000243270ea180, 0x00000243270edc18]
Event: 91.411 Thread 0x000002433d019a00 12286       3       groovyjarjarantlr4.v4.runtime.atn.ATNConfigSet::<init> (159 bytes)
Event: 91.414 Thread 0x000002433d019a00 nmethod 12286 0x00000243270eec10 code [0x00000243270eeea0, 0x00000243270efd30]
Event: 91.415 Thread 0x000002433d019a00 12290 %     3       groovyjarjarantlr4.v4.runtime.atn.ParserATNSimulator::closure @ 298 (784 bytes)
Event: 91.415 Thread 0x0000024308223240 12288       4       java.util.HashSet::add (20 bytes)
Event: 91.420 Thread 0x000002433d019a00 nmethod 12290% 0x00000243270f0110 code [0x00000243270f0680, 0x00000243270f4578]
Event: 91.420 Thread 0x000002433d019a00 12293       3       groovyjarjarantlr4.v4.runtime.atn.ParserATNSimulator::actionTransition (10 bytes)
Event: 91.421 Thread 0x000002433d019a00 nmethod 12293 0x00000243270f5610 code [0x00000243270f57c0, 0x00000243270f5920]
Event: 91.421 Thread 0x000002433d019a00 12287   !   3       java.util.ArrayList::clone (40 bytes)
Event: 91.421 Thread 0x000002433d019a00 nmethod 12287 0x00000243270f5a10 code [0x00000243270f5c00, 0x00000243270f6050]

GC Heap History (20 events):
Event: 10.271 GC heap before
{Heap before GC invocations=24 (full 0):
 garbage-first heap   total reserved 4194304K, committed 286720K, used 255267K [0x0000000700000000, 0x0000000800000000)
  region size 2048K, 84 young (172032K), 3 survivors (6144K)
 Metaspace       used 54777K, committed 56576K, reserved 1114112K
  class space    used 7911K, committed 8768K, reserved 1048576K
}
Event: 10.277 GC heap after
{Heap after GC invocations=25 (full 0):
 garbage-first heap   total reserved 4194304K, committed 286720K, used 86134K [0x0000000700000000, 0x0000000800000000)
  region size 2048K, 4 young (8192K), 4 survivors (8192K)
 Metaspace       used 54777K, committed 56576K, reserved 1114112K
  class space    used 7911K, committed 8768K, reserved 1048576K
}
Event: 10.481 GC heap before
{Heap before GC invocations=25 (full 0):
 garbage-first heap   total reserved 4194304K, committed 286720K, used 249974K [0x0000000700000000, 0x0000000800000000)
  region size 2048K, 84 young (172032K), 4 survivors (8192K)
 Metaspace       used 54805K, committed 56576K, reserved 1114112K
  class space    used 7911K, committed 8768K, reserved 1048576K
}
Event: 10.486 GC heap after
{Heap after GC invocations=26 (full 0):
 garbage-first heap   total reserved 4194304K, committed 286720K, used 86028K [0x0000000700000000, 0x0000000800000000)
  region size 2048K, 4 young (8192K), 4 survivors (8192K)
 Metaspace       used 54805K, committed 56576K, reserved 1114112K
  class space    used 7911K, committed 8768K, reserved 1048576K
}
Event: 10.709 GC heap before
{Heap before GC invocations=27 (full 0):
 garbage-first heap   total reserved 4194304K, committed 286720K, used 249868K [0x0000000700000000, 0x0000000800000000)
  region size 2048K, 84 young (172032K), 4 survivors (8192K)
 Metaspace       used 54841K, committed 56640K, reserved 1114112K
  class space    used 7911K, committed 8768K, reserved 1048576K
}
Event: 10.715 GC heap after
{Heap after GC invocations=28 (full 0):
 garbage-first heap   total reserved 4194304K, committed 286720K, used 88901K [0x0000000700000000, 0x0000000800000000)
  region size 2048K, 4 young (8192K), 4 survivors (8192K)
 Metaspace       used 54841K, committed 56640K, reserved 1114112K
  class space    used 7911K, committed 8768K, reserved 1048576K
}
Event: 10.957 GC heap before
{Heap before GC invocations=28 (full 0):
 garbage-first heap   total reserved 4194304K, committed 286720K, used 252741K [0x0000000700000000, 0x0000000800000000)
  region size 2048K, 84 young (172032K), 4 survivors (8192K)
 Metaspace       used 54842K, committed 56640K, reserved 1114112K
  class space    used 7911K, committed 8768K, reserved 1048576K
}
Event: 10.967 GC heap after
{Heap after GC invocations=29 (full 0):
 garbage-first heap   total reserved 4194304K, committed 286720K, used 84632K [0x0000000700000000, 0x0000000800000000)
  region size 2048K, 5 young (10240K), 5 survivors (10240K)
 Metaspace       used 54842K, committed 56640K, reserved 1114112K
  class space    used 7911K, committed 8768K, reserved 1048576K
}
Event: 11.239 GC heap before
{Heap before GC invocations=29 (full 0):
 garbage-first heap   total reserved 4194304K, committed 286720K, used 246424K [0x0000000700000000, 0x0000000800000000)
  region size 2048K, 84 young (172032K), 5 survivors (10240K)
 Metaspace       used 54846K, committed 56640K, reserved 1114112K
  class space    used 7911K, committed 8768K, reserved 1048576K
}
Event: 11.245 GC heap after
{Heap after GC invocations=30 (full 0):
 garbage-first heap   total reserved 4194304K, committed 370688K, used 84972K [0x0000000700000000, 0x0000000800000000)
  region size 2048K, 5 young (10240K), 5 survivors (10240K)
 Metaspace       used 54846K, committed 56640K, reserved 1114112K
  class space    used 7911K, committed 8768K, reserved 1048576K
}
Event: 11.559 GC heap before
{Heap before GC invocations=31 (full 0):
 garbage-first heap   total reserved 4194304K, committed 286720K, used 246764K [0x0000000700000000, 0x0000000800000000)
  region size 2048K, 84 young (172032K), 5 survivors (10240K)
 Metaspace       used 54846K, committed 56640K, reserved 1114112K
  class space    used 7911K, committed 8768K, reserved 1048576K
}
Event: 11.563 GC heap after
{Heap after GC invocations=32 (full 0):
 garbage-first heap   total reserved 4194304K, committed 286720K, used 81462K [0x0000000700000000, 0x0000000800000000)
  region size 2048K, 4 young (8192K), 4 survivors (8192K)
 Metaspace       used 54846K, committed 56640K, reserved 1114112K
  class space    used 7911K, committed 8768K, reserved 1048576K
}
Event: 12.141 GC heap before
{Heap before GC invocations=32 (full 0):
 garbage-first heap   total reserved 4194304K, committed 286720K, used 245302K [0x0000000700000000, 0x0000000800000000)
  region size 2048K, 84 young (172032K), 4 survivors (8192K)
 Metaspace       used 54983K, committed 56768K, reserved 1114112K
  class space    used 7921K, committed 8768K, reserved 1048576K
}
Event: 12.149 GC heap after
{Heap after GC invocations=33 (full 0):
 garbage-first heap   total reserved 4194304K, committed 286720K, used 77083K [0x0000000700000000, 0x0000000800000000)
  region size 2048K, 3 young (6144K), 3 survivors (6144K)
 Metaspace       used 54983K, committed 56768K, reserved 1114112K
  class space    used 7921K, committed 8768K, reserved 1048576K
}
Event: 14.054 GC heap before
{Heap before GC invocations=33 (full 0):
 garbage-first heap   total reserved 4194304K, committed 286720K, used 242971K [0x0000000700000000, 0x0000000800000000)
  region size 2048K, 84 young (172032K), 3 survivors (6144K)
 Metaspace       used 55133K, committed 56896K, reserved 1114112K
  class space    used 7939K, committed 8768K, reserved 1048576K
}
Event: 14.060 GC heap after
{Heap after GC invocations=34 (full 0):
 garbage-first heap   total reserved 4194304K, committed 286720K, used 80721K [0x0000000700000000, 0x0000000800000000)
  region size 2048K, 5 young (10240K), 5 survivors (10240K)
 Metaspace       used 55133K, committed 56896K, reserved 1114112K
  class space    used 7939K, committed 8768K, reserved 1048576K
}
Event: 14.612 GC heap before
{Heap before GC invocations=35 (full 0):
 garbage-first heap   total reserved 4194304K, committed 280576K, used 236369K [0x0000000700000000, 0x0000000800000000)
  region size 2048K, 82 young (167936K), 5 survivors (10240K)
 Metaspace       used 55144K, committed 56896K, reserved 1114112K
  class space    used 7939K, committed 8768K, reserved 1048576K
}
Event: 14.617 GC heap after
{Heap after GC invocations=36 (full 0):
 garbage-first heap   total reserved 4194304K, committed 280576K, used 79017K [0x0000000700000000, 0x0000000800000000)
  region size 2048K, 4 young (8192K), 4 survivors (8192K)
 Metaspace       used 55144K, committed 56896K, reserved 1114112K
  class space    used 7939K, committed 8768K, reserved 1048576K
}
Event: 15.081 GC heap before
{Heap before GC invocations=36 (full 0):
 garbage-first heap   total reserved 4194304K, committed 280576K, used 238761K [0x0000000700000000, 0x0000000800000000)
  region size 2048K, 82 young (167936K), 4 survivors (8192K)
 Metaspace       used 55144K, committed 56896K, reserved 1114112K
  class space    used 7939K, committed 8768K, reserved 1048576K
}
Event: 15.086 GC heap after
{Heap after GC invocations=37 (full 0):
 garbage-first heap   total reserved 4194304K, committed 280576K, used 75889K [0x0000000700000000, 0x0000000800000000)
  region size 2048K, 3 young (6144K), 3 survivors (6144K)
 Metaspace       used 55144K, committed 56896K, reserved 1114112K
  class space    used 7939K, committed 8768K, reserved 1048576K
}

Dll operation events (15 events):
Event: 0.008 Loaded shared library C:\Program Files\Java\jdk-22\bin\java.dll
Event: 0.037 Loaded shared library C:\Program Files\Java\jdk-22\bin\jsvml.dll
Event: 0.082 Loaded shared library C:\Program Files\Java\jdk-22\bin\zip.dll
Event: 0.085 Loaded shared library C:\Program Files\Java\jdk-22\bin\instrument.dll
Event: 0.089 Loaded shared library C:\Program Files\Java\jdk-22\bin\net.dll
Event: 0.091 Loaded shared library C:\Program Files\Java\jdk-22\bin\nio.dll
Event: 0.093 Loaded shared library C:\Program Files\Java\jdk-22\bin\zip.dll
Event: 0.326 Loaded shared library C:\Program Files\Java\jdk-22\bin\jimage.dll
Event: 0.465 Loaded shared library C:\Program Files\Java\jdk-22\bin\verify.dll
Event: 0.585 Loaded shared library C:\Users\user\.gradle\native\c067742578af261105cb4f569cf0c3c89f3d7b1fecec35dd04571415982c5e48\windows-amd64\native-platform.dll
Event: 0.589 Loaded shared library C:\Users\user\.gradle\native\100fb08df4bc3b14c8652ba06237920a3bd2aa13389f12d3474272988ae205f9\windows-amd64\native-platform-file-events.dll
Event: 1.552 Loaded shared library C:\Program Files\Java\jdk-22\bin\management.dll
Event: 1.555 Loaded shared library C:\Program Files\Java\jdk-22\bin\management_ext.dll
Event: 1.746 Loaded shared library C:\Program Files\Java\jdk-22\bin\extnet.dll
Event: 1.873 Loaded shared library C:\Program Files\Java\jdk-22\bin\sunmscapi.dll

Deoptimization events (20 events):
Event: 91.273 Thread 0x0000024305652d50 DEOPT PACKING pc=0x000002432dc591e0 sp=0x000000db03dfaac0
Event: 91.273 Thread 0x0000024305652d50 DEOPT UNPACKING pc=0x000002432d3d46a2 sp=0x000000db03dfa998 mode 2
Event: 91.296 Thread 0x0000024305652d50 DEOPT PACKING pc=0x0000024326633fb2 sp=0x000000db03dfb5c0
Event: 91.297 Thread 0x0000024305652d50 DEOPT UNPACKING pc=0x000002432d3d4e42 sp=0x000000db03dfaaa0 mode 0
Event: 91.393 Thread 0x0000024305652d50 Uncommon trap: trap_request=0xffffff45 fr.pc=0x000002432df899cc relative=0x000000000000056c
Event: 91.393 Thread 0x0000024305652d50 Uncommon trap: reason=unstable_if action=reinterpret pc=0x000002432df899cc method=groovyjarjarantlr4.v4.runtime.atn.ATNConfig.transform(Lgroovyjarjarantlr4/v4/runtime/atn/ATNState;Lgroovyjarjarantlr4/v4/runtime/atn/PredictionContext;Lgroovyjarjarantlr4/v4
Event: 91.393 Thread 0x0000024305652d50 DEOPT PACKING pc=0x000002432df899cc sp=0x000000db03df75f0
Event: 91.393 Thread 0x0000024305652d50 DEOPT UNPACKING pc=0x000002432d3d46a2 sp=0x000000db03df7528 mode 2
Event: 91.393 Thread 0x0000024305652d50 Uncommon trap: trap_request=0xffffff45 fr.pc=0x000002432df870b0 relative=0x00000000000004d0
Event: 91.393 Thread 0x0000024305652d50 Uncommon trap: reason=unstable_if action=reinterpret pc=0x000002432df870b0 method=groovyjarjarantlr4.v4.runtime.atn.ATNConfig.transform(Lgroovyjarjarantlr4/v4/runtime/atn/ATNState;Lgroovyjarjarantlr4/v4/runtime/atn/PredictionContext;Lgroovyjarjarantlr4/v4
Event: 91.393 Thread 0x0000024305652d50 DEOPT PACKING pc=0x000002432df870b0 sp=0x000000db03df7470
Event: 91.393 Thread 0x0000024305652d50 DEOPT UNPACKING pc=0x000002432d3d46a2 sp=0x000000db03df7448 mode 2
Event: 91.393 Thread 0x0000024305652d50 Uncommon trap: trap_request=0xffffff45 fr.pc=0x000002432df945bc relative=0x00000000000002fc
Event: 91.393 Thread 0x0000024305652d50 Uncommon trap: reason=unstable_if action=reinterpret pc=0x000002432df945bc method=groovyjarjarantlr4.v4.runtime.atn.ATNConfig.hashCode()I @ 67 c2
Event: 91.393 Thread 0x0000024305652d50 DEOPT PACKING pc=0x000002432df945bc sp=0x000000db03df73f0
Event: 91.393 Thread 0x0000024305652d50 DEOPT UNPACKING pc=0x000002432d3d46a2 sp=0x000000db03df7378 mode 2
Event: 91.399 Thread 0x0000024305652d50 Uncommon trap: trap_request=0xffffff45 fr.pc=0x000002432df9f914 relative=0x0000000000003274
Event: 91.399 Thread 0x0000024305652d50 Uncommon trap: reason=unstable_if action=reinterpret pc=0x000002432df9f914 method=groovyjarjarantlr4.v4.runtime.atn.ParserATNSimulator.closure(Lgroovyjarjarantlr4/v4/runtime/atn/ATNConfig;Lgroovyjarjarantlr4/v4/runtime/atn/ATNConfigSet;Lgroovyjarjarantlr4
Event: 91.399 Thread 0x0000024305652d50 DEOPT PACKING pc=0x000002432df9f914 sp=0x000000db03df6af0
Event: 91.399 Thread 0x0000024305652d50 DEOPT UNPACKING pc=0x000002432d3d46a2 sp=0x000000db03df6ab8 mode 2

Classes loaded (20 events):
Event: 15.827 Loading class java/time/Ser
Event: 15.827 Loading class java/time/Ser done
Event: 15.837 Loading class java/util/logging/LogRecord
Event: 15.837 Loading class java/util/logging/LogRecord done
Event: 15.889 Loading class java/util/concurrent/ConcurrentLinkedQueue$Itr
Event: 15.889 Loading class java/util/concurrent/ConcurrentLinkedQueue$Itr done
Event: 15.920 Loading class java/util/Collections$EmptyListIterator
Event: 15.920 Loading class java/util/Collections$EmptyListIterator done
Event: 15.926 Loading class java/time/Instant$1
Event: 15.926 Loading class java/time/Instant$1 done
Event: 15.960 Loading class java/net/UrlDeserializedState
Event: 15.960 Loading class java/net/UrlDeserializedState done
Event: 15.960 Loading class java/net/Proxy
Event: 15.960 Loading class java/net/Proxy done
Event: 15.963 Loading class java/util/concurrent/CompletableFuture$AsyncRun
Event: 15.963 Loading class java/util/concurrent/CompletableFuture$AsyncRun done
Event: 17.157 Loading class jdk/internal/math/FormattedFPDecimal
Event: 17.157 Loading class jdk/internal/math/FormattedFPDecimal done
Event: 17.157 Loading class sun/text/resources/cldr/FormatData_en
Event: 17.158 Loading class sun/text/resources/cldr/FormatData_en done

Classes unloaded (0 events):
No events

Classes redefined (0 events):
No events

Internal exceptions (20 events):
Event: 15.826 Thread 0x000002430426aa60 Exception <a 'java/lang/NoSuchMethodError'{0x000000070c31db38}: static Lorg/gradle/internal/build/event/types/DefaultBinaryPluginIdentifier;.<clinit>()V> (0x000000070c31db38) 
thrown [s\open\src\hotspot\share\prims\jni.cpp, line 1111]
Event: 15.828 Thread 0x000002430426aa60 Exception <a 'java/lang/NoSuchMethodError'{0x000000070c00a818}: static Lorg/gradle/internal/build/event/types/DefaultScriptPluginIdentifier;.<clinit>()V> (0x000000070c00a818) 
thrown [s\open\src\hotspot\share\prims\jni.cpp, line 1111]
Event: 15.842 Thread 0x000002430426b0f0 Exception <a 'java/lang/NoSuchMethodError'{0x000000070c01a448}: 'void java.lang.invoke.DirectMethodHandle$Holder.invokeInterface(java.lang.Object, java.lang.Object, java.lang.Object, int)'> (0x000000070c01a448) 
thrown [s\open\src\hotspot\share\interpreter\linkResolver.cpp, line 774]
Event: 15.843 Thread 0x000002430426b0f0 Exception <a 'java/lang/IncompatibleClassChangeError'{0x000000070c01dfb0}: Found class java.lang.Object, but interface was expected> (0x000000070c01dfb0) 
thrown [s\open\src\hotspot\share\interpreter\linkResolver.cpp, line 841]
Event: 15.843 Thread 0x000002430426b0f0 Exception <a 'java/lang/NoSuchMethodError'{0x000000070c022690}: 'void java.lang.invoke.DelegatingMethodHandle$Holder.reinvoke_L(java.lang.Object, java.lang.Object, java.lang.Object, int)'> (0x000000070c022690) 
thrown [s\open\src\hotspot\share\interpreter\linkResolver.cpp, line 774]
Event: 15.853 Thread 0x000002430426b0f0 Exception <a 'java/lang/NoSuchMethodError'{0x000000070c080b50}: 'void java.lang.invoke.DirectMethodHandle$Holder.invokeStatic(java.lang.Object, int, java.lang.Object)'> (0x000000070c080b50) 
thrown [s\open\src\hotspot\share\interpreter\linkResolver.cpp, line 774]
Event: 15.887 Thread 0x000002430426b0f0 Exception <a 'java/lang/IncompatibleClassChangeError'{0x000000070be18268}: Found class java.lang.Object, but interface was expected> (0x000000070be18268) 
thrown [s\open\src\hotspot\share\interpreter\linkResolver.cpp, line 841]
Event: 15.901 Thread 0x000002430426b0f0 Exception <a 'java/lang/IncompatibleClassChangeError'{0x000000070bc3e840}: Found class java.lang.Object, but interface was expected> (0x000000070bc3e840) 
thrown [s\open\src\hotspot\share\interpreter\linkResolver.cpp, line 841]
Event: 15.960 Thread 0x00000243040562f0 Exception <a 'java/lang/NoSuchMethodError'{0x000000070b590908}: static Lorg/gradle/internal/classloader/ClassLoaderSpec;.<clinit>()V> (0x000000070b590908) 
thrown [s\open\src\hotspot\share\prims\jni.cpp, line 1111]
Event: 15.960 Thread 0x00000243040562f0 Exception <a 'java/lang/NoSuchMethodError'{0x000000070b59a038}: static Lorg/gradle/internal/classloader/VisitableURLClassLoader$Spec;.<clinit>()V> (0x000000070b59a038) 
thrown [s\open\src\hotspot\share\prims\jni.cpp, line 1111]
Event: 17.231 Thread 0x000002430426b0f0 Exception <a 'sun/nio/fs/WindowsException'{0x000000070ac8aba8}> (0x000000070ac8aba8) 
thrown [s\open\src\hotspot\share\prims\jni.cpp, line 520]
Event: 17.232 Thread 0x000002430426b0f0 Exception <a 'sun/nio/fs/WindowsException'{0x000000070ac8c320}> (0x000000070ac8c320) 
thrown [s\open\src\hotspot\share\prims\jni.cpp, line 520]
Event: 17.232 Thread 0x000002430426b0f0 Exception <a 'sun/nio/fs/WindowsException'{0x000000070ac8da90}> (0x000000070ac8da90) 
thrown [s\open\src\hotspot\share\prims\jni.cpp, line 520]
Event: 17.232 Thread 0x000002430426b0f0 Exception <a 'sun/nio/fs/WindowsException'{0x000000070ac8f1f0}> (0x000000070ac8f1f0) 
thrown [s\open\src\hotspot\share\prims\jni.cpp, line 520]
Event: 17.243 Thread 0x000002430426b0f0 Exception <a 'sun/nio/fs/WindowsException'{0x000000070accc448}> (0x000000070accc448) 
thrown [s\open\src\hotspot\share\prims\jni.cpp, line 520]
Event: 17.244 Thread 0x000002430426b0f0 Exception <a 'sun/nio/fs/WindowsException'{0x000000070accdc20}> (0x000000070accdc20) 
thrown [s\open\src\hotspot\share\prims\jni.cpp, line 520]
Event: 17.244 Thread 0x000002430426b0f0 Exception <a 'sun/nio/fs/WindowsException'{0x000000070acd15b0}> (0x000000070acd15b0) 
thrown [s\open\src\hotspot\share\prims\jni.cpp, line 520]
Event: 17.256 Thread 0x000002430426b0f0 Implicit null exception at 0x000002432dd9665a to 0x000002432dd966ac
Event: 17.313 Thread 0x000002430426b0f0 Implicit null exception at 0x000002432dcead5d to 0x000002432dceb2a8
Event: 17.586 Thread 0x00000243096c6530 Implicit null exception at 0x000002432dbaf887 to 0x000002432dbaf968

ZGC Phase Switch (0 events):
No events

VM Operations (20 events):
Event: 26.614 Executing VM operation: Cleanup
Event: 26.614 Executing VM operation: Cleanup done
Event: 31.669 Executing VM operation: Cleanup
Event: 31.669 Executing VM operation: Cleanup done
Event: 43.742 Executing VM operation: Cleanup
Event: 43.742 Executing VM operation: Cleanup done
Event: 45.750 Executing VM operation: Cleanup
Event: 45.750 Executing VM operation: Cleanup done
Event: 46.763 Executing VM operation: Cleanup
Event: 46.763 Executing VM operation: Cleanup done
Event: 59.859 Executing VM operation: Cleanup
Event: 59.859 Executing VM operation: Cleanup done
Event: 60.135 Executing VM operation: HandshakeAllThreads (HandshakeForDeflation)
Event: 60.135 Executing VM operation: HandshakeAllThreads (HandshakeForDeflation) done
Event: 60.135 Executing VM operation: RendezvousGCThreads
Event: 60.135 Executing VM operation: RendezvousGCThreads done
Event: 62.154 Executing VM operation: Cleanup
Event: 62.155 Executing VM operation: Cleanup done
Event: 91.395 Executing VM operation: Cleanup
Event: 91.396 Executing VM operation: Cleanup done

Events (20 events):
Event: 21.587 Thread 0x00000243082224a0 Thread exited: 0x00000243082224a0
Event: 76.240 Thread 0x00000243096c30b0 Thread exited: 0x00000243096c30b0
Event: 78.110 Thread 0x000002430426b0f0 Thread exited: 0x000002430426b0f0
Event: 78.126 Thread 0x00000243040562f0 Thread exited: 0x00000243040562f0
Event: 78.156 Thread 0x00000243096c2390 Thread exited: 0x00000243096c2390
Event: 90.937 Thread 0x0000024305655b40 Thread added: 0x0000024305655b40
Event: 91.157 Thread 0x0000024305654e20 Thread added: 0x0000024305654e20
Event: 91.160 Thread 0x00000243056554b0 Thread added: 0x00000243056554b0
Event: 91.192 Thread 0x0000024305653a70 Thread added: 0x0000024305653a70
Event: 91.216 Thread 0x0000024305652d50 Thread added: 0x0000024305652d50
Event: 91.238 Thread 0x00000243056561d0 Thread added: 0x00000243056561d0
Event: 91.239 Thread 0x000002430564f8d0 Thread added: 0x000002430564f8d0
Event: 91.240 Thread 0x0000024305656ef0 Thread added: 0x0000024305656ef0
Event: 91.256 Thread 0x00000243082224a0 Thread added: 0x00000243082224a0
Event: 91.258 Thread 0x0000024305651310 Thread added: 0x0000024305651310
Event: 91.270 Thread 0x000002430564ff60 Thread added: 0x000002430564ff60
Event: 91.300 Thread 0x00000243056526c0 Thread added: 0x00000243056526c0
Event: 91.304 Thread 0x00000243089c40c0 Thread added: 0x00000243089c40c0
Event: 91.307 Thread 0x00000243089c2680 Thread added: 0x00000243089c2680
Event: 91.415 Thread 0x0000024308223240 Thread added: 0x0000024308223240


Dynamic libraries:
0x00007ff676cc0000 - 0x00007ff676cd0000 	C:\Program Files\Java\jdk-22\bin\java.exe
0x00007ff9cea90000 - 0x00007ff9cec88000 	C:\Windows\SYSTEM32\ntdll.dll
0x00007ff9ce5e0000 - 0x00007ff9ce6a2000 	C:\Windows\System32\KERNEL32.DLL
0x00007ff9cc290000 - 0x00007ff9cc58f000 	C:\Windows\System32\KERNELBASE.dll
0x00007ff9cc9b0000 - 0x00007ff9ccab0000 	C:\Windows\System32\ucrtbase.dll
0x00007ff9a6f70000 - 0x00007ff9a6f87000 	C:\Program Files\Java\jdk-22\bin\jli.dll
0x00007ff9b20e0000 - 0x00007ff9b20fb000 	C:\Program Files\Java\jdk-22\bin\VCRUNTIME140.dll
0x00007ff9cd6c0000 - 0x00007ff9cd76f000 	C:\Windows\System32\ADVAPI32.dll
0x00007ff9ce750000 - 0x00007ff9ce7ee000 	C:\Windows\System32\msvcrt.dll
0x00007ff9cd390000 - 0x00007ff9cd42f000 	C:\Windows\System32\sechost.dll
0x00007ff9cd580000 - 0x00007ff9cd6a3000 	C:\Windows\System32\RPCRT4.dll
0x00007ff9cc640000 - 0x00007ff9cc667000 	C:\Windows\System32\bcrypt.dll
0x00007ff9cd770000 - 0x00007ff9cd90d000 	C:\Windows\System32\USER32.dll
0x00007ff9cc8c0000 - 0x00007ff9cc8e2000 	C:\Windows\System32\win32u.dll
0x00007ff9ba660000 - 0x00007ff9ba8fa000 	C:\Windows\WinSxS\amd64_microsoft.windows.common-controls_6595b64144ccf1df_6.0.19041.4355_none_60b8b9eb71f62e16\COMCTL32.dll
0x00007ff9cd550000 - 0x00007ff9cd57b000 	C:\Windows\System32\GDI32.dll
0x00007ff9cc7a0000 - 0x00007ff9cc8ba000 	C:\Windows\System32\gdi32full.dll
0x00007ff9cc700000 - 0x00007ff9cc79d000 	C:\Windows\System32\msvcp_win.dll
0x00007ff9c5c50000 - 0x00007ff9c5c5a000 	C:\Windows\SYSTEM32\VERSION.dll
0x00007ff9cd510000 - 0x00007ff9cd53f000 	C:\Windows\System32\IMM32.DLL
0x00007ff9a99c0000 - 0x00007ff9a99cc000 	C:\Program Files\Java\jdk-22\bin\vcruntime140_1.dll
0x00007ff99be00000 - 0x00007ff99be8e000 	C:\Program Files\Java\jdk-22\bin\msvcp140.dll
0x00007ff963640000 - 0x00007ff964388000 	C:\Program Files\Java\jdk-22\bin\server\jvm.dll
0x00007ff9cd4a0000 - 0x00007ff9cd50b000 	C:\Windows\System32\WS2_32.dll
0x00007ff9cbf90000 - 0x00007ff9cbfdb000 	C:\Windows\SYSTEM32\POWRPROF.dll
0x00007ff9ba620000 - 0x00007ff9ba647000 	C:\Windows\SYSTEM32\WINMM.dll
0x00007ff9cbf70000 - 0x00007ff9cbf82000 	C:\Windows\SYSTEM32\UMPDC.dll
0x00007ff9c9e80000 - 0x00007ff9c9e92000 	C:\Windows\SYSTEM32\kernel.appcore.dll
0x00007ff9a8780000 - 0x00007ff9a878a000 	C:\Program Files\Java\jdk-22\bin\jimage.dll
0x00007ff9c6540000 - 0x00007ff9c6724000 	C:\Windows\SYSTEM32\DBGHELP.DLL
0x00007ff9b02e0000 - 0x00007ff9b0314000 	C:\Windows\SYSTEM32\dbgcore.DLL
0x00007ff9cc670000 - 0x00007ff9cc6f2000 	C:\Windows\System32\bcryptPrimitives.dll
0x00007ff9a74d0000 - 0x00007ff9a74df000 	C:\Program Files\Java\jdk-22\bin\instrument.dll
0x00007ff9a6f50000 - 0x00007ff9a6f6e000 	C:\Program Files\Java\jdk-22\bin\java.dll
0x00007ff9cd910000 - 0x00007ff9ce07d000 	C:\Windows\System32\SHELL32.dll
0x00007ff9ce7f0000 - 0x00007ff9ce91b000 	C:\Windows\System32\ole32.dll
0x00007ff9ce160000 - 0x00007ff9ce4b5000 	C:\Windows\System32\combase.dll
0x00007ff9ca190000 - 0x00007ff9ca934000 	C:\Windows\SYSTEM32\windows.storage.dll
0x00007ff9cba10000 - 0x00007ff9cba3f000 	C:\Windows\SYSTEM32\Wldp.dll
0x00007ff9ce980000 - 0x00007ff9cea4d000 	C:\Windows\System32\OLEAUT32.dll
0x00007ff9cccc0000 - 0x00007ff9ccd6d000 	C:\Windows\System32\SHCORE.dll
0x00007ff9ce920000 - 0x00007ff9ce975000 	C:\Windows\System32\shlwapi.dll
0x00007ff9cc060000 - 0x00007ff9cc084000 	C:\Windows\SYSTEM32\profapi.dll
0x00007ff99bd20000 - 0x00007ff99bdf7000 	C:\Program Files\Java\jdk-22\bin\jsvml.dll
0x00007ff9a6f30000 - 0x00007ff9a6f47000 	C:\Program Files\Java\jdk-22\bin\zip.dll
0x00007ff9a6f20000 - 0x00007ff9a6f30000 	C:\Program Files\Java\jdk-22\bin\net.dll
0x00007ff9cb7f0000 - 0x00007ff9cb85c000 	C:\Windows\system32\mswsock.dll
0x00007ff9a6ec0000 - 0x00007ff9a6ed6000 	C:\Program Files\Java\jdk-22\bin\nio.dll
0x00007ff9a6eb0000 - 0x00007ff9a6ec0000 	C:\Program Files\Java\jdk-22\bin\verify.dll
0x00007ff9a6990000 - 0x00007ff9a69b7000 	C:\Users\user\.gradle\native\c067742578af261105cb4f569cf0c3c89f3d7b1fecec35dd04571415982c5e48\windows-amd64\native-platform.dll
0x00007ff96d8d0000 - 0x00007ff96da14000 	C:\Users\user\.gradle\native\100fb08df4bc3b14c8652ba06237920a3bd2aa13389f12d3474272988ae205f9\windows-amd64\native-platform-file-events.dll
0x00007ff9a49a0000 - 0x00007ff9a49aa000 	C:\Program Files\Java\jdk-22\bin\management.dll
0x00007ff9a42f0000 - 0x00007ff9a42fb000 	C:\Program Files\Java\jdk-22\bin\management_ext.dll
0x00007ff9cd540000 - 0x00007ff9cd548000 	C:\Windows\System32\PSAPI.DLL
0x00007ff9cba50000 - 0x00007ff9cba68000 	C:\Windows\SYSTEM32\CRYPTSP.dll
0x00007ff9cb0d0000 - 0x00007ff9cb104000 	C:\Windows\system32\rsaenh.dll
0x00007ff9cbfe0000 - 0x00007ff9cc00e000 	C:\Windows\SYSTEM32\USERENV.dll
0x00007ff9cb980000 - 0x00007ff9cb98c000 	C:\Windows\SYSTEM32\CRYPTBASE.dll
0x00007ff9cb4f0000 - 0x00007ff9cb52b000 	C:\Windows\SYSTEM32\IPHLPAPI.DLL
0x00007ff9cd490000 - 0x00007ff9cd498000 	C:\Windows\System32\NSI.dll
0x00007ff9a42e0000 - 0x00007ff9a42e9000 	C:\Program Files\Java\jdk-22\bin\extnet.dll
0x00007ff9a42d0000 - 0x00007ff9a42de000 	C:\Program Files\Java\jdk-22\bin\sunmscapi.dll
0x00007ff9cc130000 - 0x00007ff9cc28c000 	C:\Windows\System32\CRYPT32.dll
0x00007ff9cbad0000 - 0x00007ff9cbaf7000 	C:\Windows\SYSTEM32\ncrypt.dll
0x00007ff9cba90000 - 0x00007ff9cbacb000 	C:\Windows\SYSTEM32\NTASN1.dll
0x00007ff9ba460000 - 0x00007ff9ba467000 	C:\Windows\system32\wshunix.dll

dbghelp: loaded successfully - version: 4.0.5 - missing functions: none
symbol engine: initialized successfully - sym options: 0x614 - pdb path: .;C:\Program Files\Java\jdk-22\bin;C:\Windows\SYSTEM32;C:\Windows\WinSxS\amd64_microsoft.windows.common-controls_6595b64144ccf1df_6.0.19041.4355_none_60b8b9eb71f62e16;C:\Program Files\Java\jdk-22\bin\server;C:\Users\user\.gradle\native\c067742578af261105cb4f569cf0c3c89f3d7b1fecec35dd04571415982c5e48\windows-amd64;C:\Users\user\.gradle\native\100fb08df4bc3b14c8652ba06237920a3bd2aa13389f12d3474272988ae205f9\windows-amd64

VM Arguments:
jvm_args: --add-opens=java.base/java.util=ALL-UNNAMED --add-opens=java.base/java.lang=ALL-UNNAMED --add-opens=java.base/java.lang.invoke=ALL-UNNAMED --add-opens=java.prefs/java.util.prefs=ALL-UNNAMED --add-exports=jdk.compiler/com.sun.tools.javac.api=ALL-UNNAMED --add-exports=jdk.compiler/com.sun.tools.javac.util=ALL-UNNAMED --add-opens=java.base/java.nio.charset=ALL-UNNAMED --add-opens=java.base/java.net=ALL-UNNAMED --add-opens=java.base/java.util.concurrent.atomic=ALL-UNNAMED -Xmx4096m -Dfile.encoding=UTF-8 -Duser.country=RU -Duser.language=ru -Duser.variant -javaagent:C:\Users\user\.gradle\wrapper\dists\gradle-8.9-bin\90cnw93cvbtalezasaz0blq0a\gradle-8.9\lib\agents\gradle-instrumentation-agent-8.9.jar 
java_command: org.gradle.launcher.daemon.bootstrap.GradleDaemon 8.9
java_class_path (initial): C:\Users\user\.gradle\wrapper\dists\gradle-8.9-bin\90cnw93cvbtalezasaz0blq0a\gradle-8.9\lib\gradle-daemon-main-8.9.jar
Launcher Type: SUN_STANDARD

[Global flags]
     intx CICompilerCount                          = 4                                         {product} {ergonomic}
     uint ConcGCThreads                            = 3                                         {product} {ergonomic}
     uint G1ConcRefinementThreads                  = 10                                        {product} {ergonomic}
   size_t G1HeapRegionSize                         = 2097152                                   {product} {ergonomic}
   size_t InitialHeapSize                          = 268435456                                 {product} {ergonomic}
   size_t MarkStackSize                            = 4194304                                   {product} {ergonomic}
   size_t MaxHeapSize                              = 4294967296                                {product} {command line}
   size_t MaxNewSize                               = 2575302656                                {product} {ergonomic}
   size_t MinHeapDeltaBytes                        = 2097152                                   {product} {ergonomic}
   size_t MinHeapSize                              = 8388608                                   {product} {ergonomic}
    uintx NonNMethodCodeHeapSize                   = 5839372                                {pd product} {ergonomic}
    uintx NonProfiledCodeHeapSize                  = 122909434                              {pd product} {ergonomic}
    uintx ProfiledCodeHeapSize                     = 122909434                              {pd product} {ergonomic}
    uintx ReservedCodeCacheSize                    = 251658240                              {pd product} {ergonomic}
     bool SegmentedCodeCache                       = true                                      {product} {ergonomic}
   size_t SoftMaxHeapSize                          = 4294967296                             {manageable} {ergonomic}
     bool UseCompressedOops                        = true                           {product lp64_product} {ergonomic}
     bool UseG1GC                                  = true                                      {product} {ergonomic}
     bool UseLargePagesIndividualAllocation        = false                                  {pd product} {ergonomic}

Logging:
Log output configuration:
 #0: stdout all=warning uptime,level,tags foldmultilines=false
 #1: stderr all=off uptime,level,tags foldmultilines=false

Environment Variables:
PATH=C:\Program Files (x86)\NVIDIA Corporation\PhysX\Common;C:\Program Files\Common Files\Oracle\Java\javapath;C:\Program Files (x86)\Common Files\Oracle\Java\javapath;C:\Windows\system32;C:\Windows;C:\Windows\System32\Wbem;C:\Windows\System32\WindowsPowerShell\v1.0\;C:\Windows\System32\OpenSSH\;C:\Program Files\dotnet\;C:\Program Files\Git\cmd;C:\Program Files\nodejs\;C:\Program Files\MySQL\MySQL Shell 8.0\bin\;C:\Users\user\python\Scripts\;C:\Users\user\python\;C:\Users\user\AppData\Local\Microsoft\WindowsApps;C:\Users\user\AppData\Local\Programs\Microsoft VS Code\bin;C:\Program Files\Git\cmd;E:\ospanel\modules\php\PHP_8.1;;C:\Program Files\JetBrains\IntelliJ IDEA Community Edition 2023.3.6\bin;;C:\Users\user\AppData\Roaming\npm;C:\cursor\resources\app\bin
USERNAME=user
OS=Windows_NT
PROCESSOR_IDENTIFIER=AMD64 Family 23 Model 8 Stepping 2, AuthenticAMD
TMP=C:\Users\user\AppData\Local\Temp
TEMP=C:\Users\user\AppData\Local\Temp




Periodic native trim disabled

---------------  S Y S T E M  ---------------

OS:
 Windows 10 , 64 bit Build 19041 (10.0.19041.5438)
OS uptime: 0 days 8:50 hours
Hyper-V role detected

CPU: total 12 (initial active 12) (12 cores per cpu, 2 threads per core) family 23 model 8 stepping 2 microcode 0x0, cx8, cmov, fxsr, ht, mmx, 3dnowpref, sse, sse2, sse3, ssse3, sse4a, sse4.1, sse4.2, popcnt, lzcnt, tsc, tscinvbit, avx, avx2, aes, clmul, bmi1, bmi2, adx, sha, fma, vzeroupper, clflush, clflushopt, hv, rdtscp, f16c
Processor Information for all 12 processors :
  Max Mhz: 3400, Current Mhz: 3400, Mhz Limit: 3400

Memory: 4k page, system-wide physical 16309M (939M free)
TotalPageFile size 24501M (AvailPageFile size 170M)
current process WorkingSet (physical memory assigned to process): 478M, peak: 559M
current process commit charge ("private bytes"): 529M, peak: 659M

vm_info: Java HotSpot(TM) 64-Bit Server VM (22+36-2370) for windows-amd64 JRE (22+36-2370), built on 2024-02-15T22:15:19Z by "mach5one" with MS VC++ 17.6 (VS2022)

END.
