#
# There is insufficient memory for the Java Runtime Environment to continue.
# Native memory allocation (malloc) failed to allocate 233920 bytes. Error detail: Chunk::new
# Possible reasons:
#   The system is out of physical RAM or swap space
#   This process is running with CompressedOops enabled, and the Java Heap may be blocking the growth of the native heap
# Possible solutions:
#   Reduce memory load on the system
#   Increase physical memory or swap space
#   Check if swap backing store is full
#   Decrease Java heap size (-Xmx/-Xms)
#   Decrease number of Java threads
#   Decrease Java thread stack sizes (-Xss)
#   Set larger code cache with -XX:ReservedCodeCacheSize=
#   JVM is running with Unscaled Compressed Oops mode in which the Java heap is
#     placed in the first 4GB address space. The Java Heap base address is the
#     maximum limit for the native heap growth. Please use -XX:HeapBaseMinAddress
#     to set the Java Heap base and to place the Java Heap above 4GB virtual address.
# This output file may be truncated or incomplete.
#
#  Out of Memory Error (arena.cpp:168), pid=17396, tid=13760
#
# JRE version: OpenJDK Runtime Environment Temurin-21.0.6+7 (21.0.6+7) (build 21.0.6+7-LTS)
# Java VM: OpenJDK 64-Bit Server VM Temurin-21.0.6+7 (21.0.6+7-LTS, mixed mode, sharing, tiered, compressed oops, compressed class ptrs, parallel gc, windows-amd64)
# No core dump will be written. Minidumps are not enabled by default on client versions of Windows
#

---------------  S U M M A R Y ------------

Command Line: --add-modules=ALL-SYSTEM --add-opens=java.base/java.util=ALL-UNNAMED --add-opens=java.base/java.lang=ALL-UNNAMED --add-opens=java.base/sun.nio.fs=ALL-UNNAMED -Declipse.application=org.eclipse.jdt.ls.core.id1 -Dosgi.bundles.defaultStartLevel=4 -Declipse.product=org.eclipse.jdt.ls.core.product -Djava.import.generatesMetadataFilesAtProjectRoot=false -DDetectVMInstallationsJob.disabled=true -Dfile.encoding=utf8 -XX:+UseParallelGC -XX:GCTimeRatio=4 -XX:AdaptiveSizePolicyWeight=90 -Dsun.zip.disableMemoryMapping=true -Xmx1G -Xms100m -Xlog:disable -javaagent:c:\Users\user\.cursor\extensions\redhat.java-1.41.1-win32-x64\lombok\lombok-1.18.36.jar -XX:+HeapDumpOnOutOfMemoryError -XX:HeapDumpPath=c:\Users\user\AppData\Roaming\Cursor\User\workspaceStorage\f3c442a9c50ab3c94a1272807d9e31f5\redhat.java -Daether.dependencyCollector.impl=bf c:\Users\user\.cursor\extensions\redhat.java-1.41.1-win32-x64\server\plugins\org.eclipse.equinox.launcher_1.7.0.v20250331-1702.jar -configuration c:\Users\user\AppData\Roaming\Cursor\User\globalStorage\redhat.java\1.41.1\config_win -data c:\Users\user\AppData\Roaming\Cursor\User\workspaceStorage\f3c442a9c50ab3c94a1272807d9e31f5\redhat.java\jdt_ws --pipe=\\.\pipe\lsp-572cfbf9aa87dacc725ef03b8ed0fec4-sock

Host: AMD Ryzen 5 2600 Six-Core Processor            , 12 cores, 15G,  Windows 10 , 64 bit Build 19041 (10.0.19041.5438)
Time: Thu Apr 24 00:04:26 2025 RTZ 4 (s 10 , 64 bit Build 19041 (10.0.19041.5438) elapsed time: 26.975236 seconds (0d 0h 0m 26s)

---------------  T H R E A D  ---------------

Current thread (0x0000010611bdb500):  JavaThread "C2 CompilerThread0" daemon [_thread_in_native, id=13760, stack(0x0000000101000000,0x0000000101100000) (1024K)]


Current CompileTask:
C2:26975 8712 %     4       org.eclipse.jdt.internal.core.index.DiskIndex::writeCategoryTable @ 22 (252 bytes)

Stack: [0x0000000101000000,0x0000000101100000]
Native frames: (J=compiled Java code, j=interpreted, Vv=VM code, C=native code)
V  [jvm.dll+0x6cdee9]
V  [jvm.dll+0x8a83d1]
V  [jvm.dll+0x8aa8fe]
V  [jvm.dll+0x8aafe3]
V  [jvm.dll+0x27f706]
V  [jvm.dll+0xc500d]
V  [jvm.dll+0xc5543]
V  [jvm.dll+0x3b678c]
V  [jvm.dll+0x1dfc8a]
V  [jvm.dll+0x247b42]
V  [jvm.dll+0x246fcf]
V  [jvm.dll+0x1c75ee]
V  [jvm.dll+0x25685a]
V  [jvm.dll+0x254dfa]
V  [jvm.dll+0x3f0256]
V  [jvm.dll+0x851f8b]
V  [jvm.dll+0x6cc5ed]
C  [ucrtbase.dll+0x21bb2]
C  [KERNEL32.DLL+0x17374]
C  [ntdll.dll+0x4cc91]


---------------  P R O C E S S  ---------------

Threads class SMR info:
_java_thread_list=0x0000010672de65a0, length=62, elements={
0x000001060f85c880, 0x0000010611bc21b0, 0x0000010611bc3210, 0x0000010625f0cf70,
0x0000010625f0dd80, 0x0000010611bd5410, 0x0000010611bd7280, 0x0000010611bdb500,
0x0000010611bdbf90, 0x000001066855ffd0, 0x000001066879a000, 0x0000010669b9cfe0,
0x000001066e173c70, 0x0000010669be9790, 0x0000010669bea5f0, 0x000001066ea9b010,
0x000001066e7d7990, 0x000001066e180d90, 0x000001066e180700, 0x000001066e1827d0,
0x000001066e182e60, 0x000001066e181ab0, 0x000001066e1834f0, 0x000001066e183b80,
0x00000106713c9410, 0x00000106713c7340, 0x00000106713c3ec0, 0x00000106713c9aa0,
0x00000106713c4be0, 0x00000106713ca130, 0x00000106713c8060, 0x00000106713ca7c0,
0x00000106713c79d0, 0x00000106713c5270, 0x00000106713c3830, 0x00000106713c4550,
0x00000106713c8d80, 0x00000106713c86f0, 0x00000106713cae50, 0x00000106713c5900,
0x00000106713c5f90, 0x00000106713c6620, 0x000001067017aa00, 0x000001067017eba0,
0x000001067017f230, 0x000001067017d7f0, 0x000001067017f8c0, 0x000001067017bdb0,
0x00000106701805e0, 0x0000010670181300, 0x000001067017ff50, 0x000001067017cad0,
0x000001067017c440, 0x000001067ca8acf0, 0x000001067ca892b0, 0x000001067ca8dae0,
0x000001067ca89fd0, 0x000001067ca8cdc0, 0x000001067ca8e170, 0x000001067ca8a660,
0x000001067ca8ee90, 0x000001067ca8e800
}

Java Threads: ( => current thread )
  0x000001060f85c880 JavaThread "main"                              [_thread_blocked, id=14696, stack(0x0000000100600000,0x0000000100700000) (1024K)]
  0x0000010611bc21b0 JavaThread "Reference Handler"          daemon [_thread_blocked, id=16496, stack(0x0000000100a00000,0x0000000100b00000) (1024K)]
  0x0000010611bc3210 JavaThread "Finalizer"                  daemon [_thread_blocked, id=10844, stack(0x0000000100b00000,0x0000000100c00000) (1024K)]
  0x0000010625f0cf70 JavaThread "Signal Dispatcher"          daemon [_thread_blocked, id=7720, stack(0x0000000100c00000,0x0000000100d00000) (1024K)]
  0x0000010625f0dd80 JavaThread "Attach Listener"            daemon [_thread_blocked, id=15932, stack(0x0000000100d00000,0x0000000100e00000) (1024K)]
  0x0000010611bd5410 JavaThread "Service Thread"             daemon [_thread_blocked, id=8936, stack(0x0000000100e00000,0x0000000100f00000) (1024K)]
  0x0000010611bd7280 JavaThread "Monitor Deflation Thread"   daemon [_thread_blocked, id=13508, stack(0x0000000100f00000,0x0000000101000000) (1024K)]
=>0x0000010611bdb500 JavaThread "C2 CompilerThread0"         daemon [_thread_in_native, id=13760, stack(0x0000000101000000,0x0000000101100000) (1024K)]
  0x0000010611bdbf90 JavaThread "C1 CompilerThread0"         daemon [_thread_blocked, id=16748, stack(0x0000000101100000,0x0000000101200000) (1024K)]
  0x000001066855ffd0 JavaThread "Common-Cleaner"             daemon [_thread_blocked, id=15720, stack(0x0000000101200000,0x0000000101300000) (1024K)]
  0x000001066879a000 JavaThread "Notification Thread"        daemon [_thread_blocked, id=4352, stack(0x0000000101300000,0x0000000101400000) (1024K)]
  0x0000010669b9cfe0 JavaThread "Active Thread: Equinox Container: 7aa6100a-b8d1-4b41-a7c8-5291e0853f9d"        [_thread_blocked, id=17268, stack(0x0000000101500000,0x0000000101600000) (1024K)]
  0x000001066e173c70 JavaThread "Refresh Thread: Equinox Container: 7aa6100a-b8d1-4b41-a7c8-5291e0853f9d" daemon [_thread_blocked, id=15100, stack(0x0000000101c00000,0x0000000101d00000) (1024K)]
  0x0000010669be9790 JavaThread "Framework Event Dispatcher: Equinox Container: 7aa6100a-b8d1-4b41-a7c8-5291e0853f9d" daemon [_thread_blocked, id=16696, stack(0x0000000101e00000,0x0000000101f00000) (1024K)]
  0x0000010669bea5f0 JavaThread "Start Level: Equinox Container: 7aa6100a-b8d1-4b41-a7c8-5291e0853f9d" daemon [_thread_blocked, id=2652, stack(0x0000000101f00000,0x0000000102000000) (1024K)]
  0x000001066ea9b010 JavaThread "Bundle File Closer"         daemon [_thread_blocked, id=16648, stack(0x0000000102100000,0x0000000102200000) (1024K)]
  0x000001066e7d7990 JavaThread "SCR Component Actor"        daemon [_thread_blocked, id=13544, stack(0x0000000101400000,0x0000000101500000) (1024K)]
  0x000001066e180d90 JavaThread "Worker-JM"                         [_thread_blocked, id=15628, stack(0x0000000102500000,0x0000000102600000) (1024K)]
  0x000001066e180700 JavaThread "JNA Cleaner"                daemon [_thread_blocked, id=11032, stack(0x0000000102600000,0x0000000102700000) (1024K)]
  0x000001066e1827d0 JavaThread "Worker-0"                          [_thread_blocked, id=11216, stack(0x0000000102700000,0x0000000102800000) (1024K)]
  0x000001066e182e60 JavaThread "Worker-1: Initialize Workspace"        [_thread_blocked, id=1212, stack(0x0000000102800000,0x0000000102900000) (1024K)]
  0x000001066e181ab0 JavaThread "Worker-2"                          [_thread_blocked, id=13564, stack(0x0000000102900000,0x0000000102a00000) (1024K)]
  0x000001066e1834f0 JavaThread "Java indexing"              daemon [_thread_blocked, id=8784, stack(0x0000000102a00000,0x0000000102b00000) (1024K)]
  0x000001066e183b80 JavaThread "Worker-3"                          [_thread_blocked, id=15216, stack(0x0000000102b00000,0x0000000102c00000) (1024K)]
  0x00000106713c9410 JavaThread "Worker-4: Synchronize Gradle projects with workspace"        [_thread_blocked, id=15692, stack(0x0000000102f00000,0x0000000103000000) (1024K)]
  0x00000106713c7340 JavaThread "Worker-5: Java indexing... "        [_thread_blocked, id=13152, stack(0x0000000103000000,0x0000000103100000) (1024K)]
  0x00000106713c3ec0 JavaThread "Thread-2"                   daemon [_thread_in_native, id=16540, stack(0x0000000103100000,0x0000000103200000) (1024K)]
  0x00000106713c9aa0 JavaThread "Thread-3"                   daemon [_thread_in_native, id=8268, stack(0x0000000103200000,0x0000000103300000) (1024K)]
  0x00000106713c4be0 JavaThread "Thread-4"                   daemon [_thread_in_native, id=16764, stack(0x0000000103300000,0x0000000103400000) (1024K)]
  0x00000106713ca130 JavaThread "Thread-5"                   daemon [_thread_in_native, id=16664, stack(0x0000000103400000,0x0000000103500000) (1024K)]
  0x00000106713c8060 JavaThread "Thread-6"                   daemon [_thread_in_native, id=14184, stack(0x0000000103500000,0x0000000103600000) (1024K)]
  0x00000106713ca7c0 JavaThread "Thread-7"                   daemon [_thread_in_native, id=16392, stack(0x0000000103600000,0x0000000103700000) (1024K)]
  0x00000106713c79d0 JavaThread "Thread-8"                   daemon [_thread_in_native, id=12280, stack(0x0000000103700000,0x0000000103800000) (1024K)]
  0x00000106713c5270 JavaThread "Thread-9"                   daemon [_thread_in_native, id=1748, stack(0x0000000103800000,0x0000000103900000) (1024K)]
  0x00000106713c3830 JavaThread "Thread-10"                  daemon [_thread_in_native, id=14428, stack(0x0000000103900000,0x0000000103a00000) (1024K)]
  0x00000106713c4550 JavaThread "Thread-11"                  daemon [_thread_in_native, id=13392, stack(0x0000000103a00000,0x0000000103b00000) (1024K)]
  0x00000106713c8d80 JavaThread "Thread-12"                  daemon [_thread_in_native, id=16328, stack(0x0000000103b00000,0x0000000103c00000) (1024K)]
  0x00000106713c86f0 JavaThread "Thread-13"                  daemon [_thread_in_native, id=15824, stack(0x0000000103c00000,0x0000000103d00000) (1024K)]
  0x00000106713cae50 JavaThread "Thread-14"                  daemon [_thread_in_native, id=2088, stack(0x0000000103d00000,0x0000000103e00000) (1024K)]
  0x00000106713c5900 JavaThread "pool-2-thread-1"                   [_thread_blocked, id=15704, stack(0x0000000103e00000,0x0000000103f00000) (1024K)]
  0x00000106713c5f90 JavaThread "WorkspaceEventsHandler"            [_thread_blocked, id=5460, stack(0x0000000103f00000,0x0000000104000000) (1024K)]
  0x00000106713c6620 JavaThread "pool-1-thread-1"                   [_thread_blocked, id=4068, stack(0x0000000104000000,0x0000000104100000) (1024K)]
  0x000001067017aa00 JavaThread "Timer-0"                           [_thread_blocked, id=10344, stack(0x0000000102c00000,0x0000000102d00000) (1024K)]
  0x000001067017eba0 JavaThread "Timer-1"                           [_thread_blocked, id=18144, stack(0x0000000102000000,0x0000000102100000) (1024K)]
  0x000001067017f230 JavaThread "Timer-2"                           [_thread_blocked, id=3844, stack(0x0000000104100000,0x0000000104200000) (1024K)]
  0x000001067017d7f0 JavaThread "Timer-3"                           [_thread_blocked, id=16356, stack(0x0000000104200000,0x0000000104300000) (1024K)]
  0x000001067017f8c0 JavaThread "Timer-4"                           [_thread_blocked, id=16232, stack(0x0000000104300000,0x0000000104400000) (1024K)]
  0x000001067017bdb0 JavaThread "Connection worker"                 [_thread_blocked, id=8732, stack(0x0000000104400000,0x0000000104500000) (1024K)]
  0x00000106701805e0 JavaThread "Timer-5"                           [_thread_blocked, id=8876, stack(0x0000000104500000,0x0000000104600000) (1024K)]
  0x0000010670181300 JavaThread "Timer-6"                           [_thread_blocked, id=15124, stack(0x0000000104600000,0x0000000104700000) (1024K)]
  0x000001067017ff50 JavaThread "Timer-7"                           [_thread_blocked, id=15604, stack(0x0000000104700000,0x0000000104800000) (1024K)]
  0x000001067017cad0 JavaThread "Timer-8"                           [_thread_blocked, id=17988, stack(0x0000000104900000,0x0000000104a00000) (1024K)]
  0x000001067017c440 JavaThread "pool-3-thread-1"                   [_thread_blocked, id=14040, stack(0x0000000104800000,0x0000000104900000) (1024K)]
  0x000001067ca8acf0 JavaThread "Exec process"                      [_thread_blocked, id=12752, stack(0x0000000104c00000,0x0000000104d00000) (1024K)]
  0x000001067ca892b0 JavaThread "Exec process Thread 2"             [_thread_blocked, id=14476, stack(0x0000000104d00000,0x0000000104e00000) (1024K)]
  0x000001067ca8dae0 JavaThread "Exec process Thread 3"             [_thread_blocked, id=18208, stack(0x0000000104e00000,0x0000000104f00000) (1024K)]
  0x000001067ca89fd0 JavaThread "Exec process"                      [_thread_blocked, id=17572, stack(0x0000000104f00000,0x0000000105000000) (1024K)]
  0x000001067ca8cdc0 JavaThread "Exec process Thread 2"             [_thread_blocked, id=13164, stack(0x0000000105000000,0x0000000105100000) (1024K)]
  0x000001067ca8e170 JavaThread "Exec process Thread 3"             [_thread_blocked, id=15644, stack(0x0000000105100000,0x0000000105200000) (1024K)]
  0x000001067ca8a660 JavaThread "Timer-9"                           [_thread_blocked, id=18568, stack(0x0000000104a00000,0x0000000104b00000) (1024K)]
  0x000001067ca8ee90 JavaThread "Exec process"                      [_thread_in_native, id=18584, stack(0x0000000102400000,0x0000000102500000) (1024K)]
  0x000001067ca8e800 JavaThread "Exec process Thread 2"             [_thread_blocked, id=18600, stack(0x0000000105200000,0x0000000105300000) (1024K)]
Total: 62

Other Threads:
  0x0000010625ef4240 VMThread "VM Thread"                           [id=15196, stack(0x0000000100900000,0x0000000100a00000) (1024K)]
  0x0000010611b8bc20 WatcherThread "VM Periodic Task Thread"        [id=14972, stack(0x0000000100800000,0x0000000100900000) (1024K)]
  0x0000010611b3d020 WorkerThread "GC Thread#0"                     [id=15968, stack(0x0000000100700000,0x0000000100800000) (1024K)]
  0x00000106696ee650 WorkerThread "GC Thread#1"                     [id=13572, stack(0x0000000101600000,0x0000000101700000) (1024K)]
  0x00000106696ef130 WorkerThread "GC Thread#2"                     [id=18116, stack(0x0000000101700000,0x0000000101800000) (1024K)]
  0x00000106696ee9f0 WorkerThread "GC Thread#3"                     [id=16056, stack(0x0000000101800000,0x0000000101900000) (1024K)]
  0x00000106696eed90 WorkerThread "GC Thread#4"                     [id=15936, stack(0x0000000101900000,0x0000000101a00000) (1024K)]
  0x00000106696ef4d0 WorkerThread "GC Thread#5"                     [id=15520, stack(0x0000000101a00000,0x0000000101b00000) (1024K)]
  0x00000106696edb70 WorkerThread "GC Thread#6"                     [id=3916, stack(0x0000000101b00000,0x0000000101c00000) (1024K)]
  0x00000106696edf10 WorkerThread "GC Thread#7"                     [id=12856, stack(0x0000000101d00000,0x0000000101e00000) (1024K)]
  0x000001066e697e20 WorkerThread "GC Thread#8"                     [id=11044, stack(0x0000000102200000,0x0000000102300000) (1024K)]
  0x000001066e696860 WorkerThread "GC Thread#9"                     [id=10156, stack(0x0000000102300000,0x0000000102400000) (1024K)]
Total: 12

Threads with active compile tasks:
C2 CompilerThread0  27065 8712 %     4       org.eclipse.jdt.internal.core.index.DiskIndex::writeCategoryTable @ 22 (252 bytes)
Total: 1

VM state: at safepoint (normal execution)

VM Mutex/Monitor currently owned by a thread:  ([mutex/lock_event])
[0x00007ff9698ee380] Threads_lock - owner thread: 0x0000010625ef4240
[0x00007ff9698ee480] Heap_lock - owner thread: 0x000001066e1834f0

Heap address: 0x00000000c0000000, size: 1024 MB, Compressed Oops mode: 32-bit

CDS archive(s) mapped at: [0x0000010626000000-0x0000010626ba0000-0x0000010626ba0000), size 12189696, SharedBaseAddress: 0x0000010626000000, ArchiveRelocationMode: 1.
Compressed class space mapped at: 0x0000010627000000-0x0000010667000000, reserved size: 1073741824
Narrow klass base: 0x0000010626000000, Narrow klass shift: 0, Narrow klass range: 0x100000000

GC Precious Log:
 CardTable entry size: 512
 CPUs: 12 total, 12 available
 Memory: 16309M
 Large Page Support: Disabled
 NUMA Support: Disabled
 Compressed Oops: Enabled (32-bit)
 Alignments: Space 512K, Generation 512K, Heap 2M
 Heap Min Capacity: 100M
 Heap Initial Capacity: 100M
 Heap Max Capacity: 1G
 Pre-touch: Disabled
 Parallel Workers: 10

Heap:
 PSYoungGen      total 3584K, used 3088K [0x00000000eab00000, 0x00000000eb080000, 0x0000000100000000)
  eden space 1536K, 100% used [0x00000000eab00000,0x00000000eac80000,0x00000000eac80000)
  from space 2048K, 75% used [0x00000000eac80000,0x00000000eae04000,0x00000000eae80000)
  to   space 2048K, 67% used [0x00000000eae80000,0x00000000eafdc000,0x00000000eb080000)
 ParOldGen       total 420352K, used 420348K [0x00000000c0000000, 0x00000000d9a80000, 0x00000000eab00000)
  object space 420352K, 99% used [0x00000000c0000000,0x00000000d9a7f1b8,0x00000000d9a80000)
 Metaspace       used 73614K, committed 75136K, reserved 1179648K
  class space    used 9170K, committed 9856K, reserved 1048576K

Card table byte_map: [0x00000106114e0000,0x00000106116f0000] _byte_map_base: 0x0000010610ee0000

Marking Bits: (ParMarkBitMap*) 0x00007ff9698f3260
 Begin Bits: [0x0000010623d10000, 0x0000010624d10000)
 End Bits:   [0x0000010624d10000, 0x0000010625d10000)

Polling page: 0x000001060fa10000

Metaspace:

Usage:
  Non-class:     62.93 MB used.
      Class:      8.96 MB used.
       Both:     71.89 MB used.

Virtual space:
  Non-class space:      128.00 MB reserved,      63.75 MB ( 50%) committed,  2 nodes.
      Class space:        1.00 GB reserved,       9.62 MB ( <1%) committed,  1 nodes.
             Both:        1.12 GB reserved,      73.38 MB (  6%) committed. 

Chunk freelists:
   Non-Class:  15.84 MB
       Class:  6.23 MB
        Both:  22.08 MB

MaxMetaspaceSize: unlimited
CompressedClassSpaceSize: 1.00 GB
Initial GC threshold: 21.00 MB
Current GC threshold: 97.31 MB
CDS: on
 - commit_granule_bytes: 65536.
 - commit_granule_words: 8192.
 - virtual_space_node_default_size: 8388608.
 - enlarge_chunks_in_place: 1.
 - use_allocation_guard: 0.


Internal statistics:

num_allocs_failed_limit: 13.
num_arena_births: 1312.
num_arena_deaths: 26.
num_vsnodes_births: 3.
num_vsnodes_deaths: 0.
num_space_committed: 1174.
num_space_uncommitted: 0.
num_chunks_returned_to_freelist: 44.
num_chunks_taken_from_freelist: 4559.
num_chunk_merges: 18.
num_chunk_splits: 2961.
num_chunks_enlarged: 1858.
num_inconsistent_stats: 0.

CodeHeap 'non-profiled nmethods': size=120000Kb used=6826Kb max_used=6826Kb free=113173Kb
 bounds [0x000001061c7e0000, 0x000001061ce90000, 0x0000010623d10000]
CodeHeap 'profiled nmethods': size=120000Kb used=16204Kb max_used=16204Kb free=103795Kb
 bounds [0x0000010614d10000, 0x0000010615cf0000, 0x000001061c240000]
CodeHeap 'non-nmethods': size=5760Kb used=1409Kb max_used=1471Kb free=4350Kb
 bounds [0x000001061c240000, 0x000001061c4b0000, 0x000001061c7e0000]
 total_blobs=8712 nmethods=7993 adapters=625
 compilation: enabled
              stopped_count=0, restarted_count=0
 full_count=0

Compilation events (20 events):
Event: 26.872 Thread 0x0000010611bdbf90 nmethod 8704% 0x0000010615cd2f10 code [0x0000010615cd37e0, 0x0000010615cd8fc0]
Event: 26.896 Thread 0x0000010611bdbf90 8705       3       org.eclipse.jdt.internal.core.index.DiskIndex$IntList::asArray (23 bytes)
Event: 26.897 Thread 0x0000010611bdbf90 nmethod 8705 0x0000010615cdbc90 code [0x0000010615cdbe40, 0x0000010615cdc0a0]
Event: 26.898 Thread 0x0000010611bdbf90 8706       3       org.eclipse.jdt.internal.core.util.Util::quickSort (101 bytes)
Event: 26.899 Thread 0x0000010611bdbf90 nmethod 8706 0x0000010615cdc190 code [0x0000010615cdc380, 0x0000010615cdc848]
Event: 26.900 Thread 0x0000010611bdb500 8707       4       org.eclipse.jdt.internal.core.util.Util::quickSort (101 bytes)
Event: 26.900 Thread 0x0000010611bdbf90 8708       3       java.io.BufferedOutputStream::implWrite (71 bytes)
Event: 26.901 Thread 0x0000010611bdbf90 nmethod 8708 0x0000010615cdca90 code [0x0000010615cdcca0, 0x0000010615cdd350]
Event: 26.903 Thread 0x0000010611bdbf90 8710 %     3       org.eclipse.jdt.internal.core.index.DiskIndex::writeCategoryTable @ 22 (252 bytes)
Event: 26.905 Thread 0x0000010611bdbf90 nmethod 8710% 0x0000010615cdd590 code [0x0000010615cdd8a0, 0x0000010615cdee48]
Event: 26.905 Thread 0x0000010611bdbf90 8711       3       org.eclipse.jdt.internal.core.index.DiskIndex::writeCategoryTable (252 bytes)
Event: 26.906 Thread 0x0000010611bdbf90 nmethod 8711 0x0000010615cdf590 code [0x0000010615cdf880, 0x0000010615ce0b60]
Event: 26.909 Thread 0x0000010611bdbf90 8713       3       org.eclipse.jdt.internal.core.index.DiskIndex::writeStreamInt (122 bytes)
Event: 26.909 Thread 0x0000010611bdbf90 nmethod 8713 0x0000010615ce1190 code [0x0000010615ce1340, 0x0000010615ce1640]
Event: 26.909 Thread 0x0000010611bdbf90 8714       3       org.eclipse.jdt.internal.core.index.DiskIndex::writeDocumentNumbers (384 bytes)
Event: 26.910 Thread 0x0000010611bdbf90 nmethod 8714 0x0000010615ce1790 code [0x0000010615ce1a20, 0x0000010615ce2748]
Event: 26.910 Thread 0x0000010611bdbf90 8715       3       org.eclipse.jdt.internal.core.util.Util::sort (16 bytes)
Event: 26.910 Thread 0x0000010611bdbf90 nmethod 8715 0x0000010615ce2d10 code [0x0000010615ce2ec0, 0x0000010615ce3028]
Event: 26.916 Thread 0x0000010611bdb500 nmethod 8707 0x000001061ce89b90 code [0x000001061ce89da0, 0x000001061ce8a5e0]
Event: 26.917 Thread 0x0000010611bdb500 8712 %     4       org.eclipse.jdt.internal.core.index.DiskIndex::writeCategoryTable @ 22 (252 bytes)

GC Heap History (20 events):
Event: 26.516 GC heap after
{Heap after GC invocations=345 (full 3):
 PSYoungGen      total 3584K, used 1667K [0x00000000eab00000, 0x00000000eb080000, 0x0000000100000000)
  eden space 1536K, 0% used [0x00000000eab00000,0x00000000eab00000,0x00000000eac80000)
  from space 2048K, 81% used [0x00000000eae80000,0x00000000eb020ee8,0x00000000eb080000)
  to   space 2048K, 0% used [0x00000000eac80000,0x00000000eac80000,0x00000000eae80000)
 ParOldGen       total 406016K, used 405768K [0x00000000c0000000, 0x00000000d8c80000, 0x00000000eab00000)
  object space 406016K, 99% used [0x00000000c0000000,0x00000000d8c42378,0x00000000d8c80000)
 Metaspace       used 73591K, committed 75136K, reserved 1179648K
  class space    used 9170K, committed 9856K, reserved 1048576K
}
Event: 26.575 GC heap before
{Heap before GC invocations=346 (full 3):
 PSYoungGen      total 3584K, used 3203K [0x00000000eab00000, 0x00000000eb080000, 0x0000000100000000)
  eden space 1536K, 100% used [0x00000000eab00000,0x00000000eac80000,0x00000000eac80000)
  from space 2048K, 81% used [0x00000000eae80000,0x00000000eb020ee8,0x00000000eb080000)
  to   space 2048K, 0% used [0x00000000eac80000,0x00000000eac80000,0x00000000eae80000)
 ParOldGen       total 406016K, used 405768K [0x00000000c0000000, 0x00000000d8c80000, 0x00000000eab00000)
  object space 406016K, 99% used [0x00000000c0000000,0x00000000d8c42378,0x00000000d8c80000)
 Metaspace       used 73591K, committed 75136K, reserved 1179648K
  class space    used 9170K, committed 9856K, reserved 1048576K
}
Event: 26.579 GC heap after
{Heap after GC invocations=346 (full 3):
 PSYoungGen      total 3584K, used 1667K [0x00000000eab00000, 0x00000000eb080000, 0x0000000100000000)
  eden space 1536K, 0% used [0x00000000eab00000,0x00000000eab00000,0x00000000eac80000)
  from space 2048K, 81% used [0x00000000eac80000,0x00000000eae20ee8,0x00000000eae80000)
  to   space 2048K, 0% used [0x00000000eae80000,0x00000000eae80000,0x00000000eb080000)
 ParOldGen       total 407552K, used 407321K [0x00000000c0000000, 0x00000000d8e00000, 0x00000000eab00000)
  object space 407552K, 99% used [0x00000000c0000000,0x00000000d8dc6708,0x00000000d8e00000)
 Metaspace       used 73591K, committed 75136K, reserved 1179648K
  class space    used 9170K, committed 9856K, reserved 1048576K
}
Event: 26.607 GC heap before
{Heap before GC invocations=347 (full 3):
 PSYoungGen      total 3584K, used 3203K [0x00000000eab00000, 0x00000000eb080000, 0x0000000100000000)
  eden space 1536K, 100% used [0x00000000eab00000,0x00000000eac80000,0x00000000eac80000)
  from space 2048K, 81% used [0x00000000eac80000,0x00000000eae20ee8,0x00000000eae80000)
  to   space 2048K, 0% used [0x00000000eae80000,0x00000000eae80000,0x00000000eb080000)
 ParOldGen       total 407552K, used 407321K [0x00000000c0000000, 0x00000000d8e00000, 0x00000000eab00000)
  object space 407552K, 99% used [0x00000000c0000000,0x00000000d8dc6708,0x00000000d8e00000)
 Metaspace       used 73591K, committed 75136K, reserved 1179648K
  class space    used 9170K, committed 9856K, reserved 1048576K
}
Event: 26.611 GC heap after
{Heap after GC invocations=347 (full 3):
 PSYoungGen      total 3584K, used 1671K [0x00000000eab00000, 0x00000000eb080000, 0x0000000100000000)
  eden space 1536K, 0% used [0x00000000eab00000,0x00000000eab00000,0x00000000eac80000)
  from space 2048K, 81% used [0x00000000eae80000,0x00000000eb021fa0,0x00000000eb080000)
  to   space 2048K, 0% used [0x00000000eac80000,0x00000000eac80000,0x00000000eae80000)
 ParOldGen       total 409088K, used 408888K [0x00000000c0000000, 0x00000000d8f80000, 0x00000000eab00000)
  object space 409088K, 99% used [0x00000000c0000000,0x00000000d8f4e030,0x00000000d8f80000)
 Metaspace       used 73591K, committed 75136K, reserved 1179648K
  class space    used 9170K, committed 9856K, reserved 1048576K
}
Event: 26.638 GC heap before
{Heap before GC invocations=348 (full 3):
 PSYoungGen      total 3584K, used 3207K [0x00000000eab00000, 0x00000000eb080000, 0x0000000100000000)
  eden space 1536K, 100% used [0x00000000eab00000,0x00000000eac80000,0x00000000eac80000)
  from space 2048K, 81% used [0x00000000eae80000,0x00000000eb021fa0,0x00000000eb080000)
  to   space 2048K, 0% used [0x00000000eac80000,0x00000000eac80000,0x00000000eae80000)
 ParOldGen       total 409088K, used 408888K [0x00000000c0000000, 0x00000000d8f80000, 0x00000000eab00000)
  object space 409088K, 99% used [0x00000000c0000000,0x00000000d8f4e030,0x00000000d8f80000)
 Metaspace       used 73591K, committed 75136K, reserved 1179648K
  class space    used 9170K, committed 9856K, reserved 1048576K
}
Event: 26.642 GC heap after
{Heap after GC invocations=348 (full 3):
 PSYoungGen      total 3584K, used 1698K [0x00000000eab00000, 0x00000000eb080000, 0x0000000100000000)
  eden space 1536K, 0% used [0x00000000eab00000,0x00000000eab00000,0x00000000eac80000)
  from space 2048K, 82% used [0x00000000eac80000,0x00000000eae28928,0x00000000eae80000)
  to   space 2048K, 0% used [0x00000000eae80000,0x00000000eae80000,0x00000000eb080000)
 ParOldGen       total 410624K, used 410450K [0x00000000c0000000, 0x00000000d9100000, 0x00000000eab00000)
  object space 410624K, 99% used [0x00000000c0000000,0x00000000d90d4a00,0x00000000d9100000)
 Metaspace       used 73591K, committed 75136K, reserved 1179648K
  class space    used 9170K, committed 9856K, reserved 1048576K
}
Event: 26.671 GC heap before
{Heap before GC invocations=349 (full 3):
 PSYoungGen      total 3584K, used 3234K [0x00000000eab00000, 0x00000000eb080000, 0x0000000100000000)
  eden space 1536K, 100% used [0x00000000eab00000,0x00000000eac80000,0x00000000eac80000)
  from space 2048K, 82% used [0x00000000eac80000,0x00000000eae28928,0x00000000eae80000)
  to   space 2048K, 0% used [0x00000000eae80000,0x00000000eae80000,0x00000000eb080000)
 ParOldGen       total 410624K, used 410450K [0x00000000c0000000, 0x00000000d9100000, 0x00000000eab00000)
  object space 410624K, 99% used [0x00000000c0000000,0x00000000d90d4a00,0x00000000d9100000)
 Metaspace       used 73591K, committed 75136K, reserved 1179648K
  class space    used 9170K, committed 9856K, reserved 1048576K
}
Event: 26.677 GC heap after
{Heap after GC invocations=349 (full 3):
 PSYoungGen      total 3584K, used 1715K [0x00000000eab00000, 0x00000000eb080000, 0x0000000100000000)
  eden space 1536K, 0% used [0x00000000eab00000,0x00000000eab00000,0x00000000eac80000)
  from space 2048K, 83% used [0x00000000eae80000,0x00000000eb02cfd0,0x00000000eb080000)
  to   space 2048K, 0% used [0x00000000eac80000,0x00000000eac80000,0x00000000eae80000)
 ParOldGen       total 412160K, used 412004K [0x00000000c0000000, 0x00000000d9280000, 0x00000000eab00000)
  object space 412160K, 99% used [0x00000000c0000000,0x00000000d92592d0,0x00000000d9280000)
 Metaspace       used 73591K, committed 75136K, reserved 1179648K
  class space    used 9170K, committed 9856K, reserved 1048576K
}
Event: 26.721 GC heap before
{Heap before GC invocations=350 (full 3):
 PSYoungGen      total 3584K, used 3251K [0x00000000eab00000, 0x00000000eb080000, 0x0000000100000000)
  eden space 1536K, 100% used [0x00000000eab00000,0x00000000eac80000,0x00000000eac80000)
  from space 2048K, 83% used [0x00000000eae80000,0x00000000eb02cfd0,0x00000000eb080000)
  to   space 2048K, 0% used [0x00000000eac80000,0x00000000eac80000,0x00000000eae80000)
 ParOldGen       total 412160K, used 412004K [0x00000000c0000000, 0x00000000d9280000, 0x00000000eab00000)
  object space 412160K, 99% used [0x00000000c0000000,0x00000000d92592d0,0x00000000d9280000)
 Metaspace       used 73591K, committed 75136K, reserved 1179648K
  class space    used 9170K, committed 9856K, reserved 1048576K
}
Event: 26.726 GC heap after
{Heap after GC invocations=350 (full 3):
 PSYoungGen      total 3584K, used 1659K [0x00000000eab00000, 0x00000000eb080000, 0x0000000100000000)
  eden space 1536K, 0% used [0x00000000eab00000,0x00000000eab00000,0x00000000eac80000)
  from space 2048K, 81% used [0x00000000eac80000,0x00000000eae1ef70,0x00000000eae80000)
  to   space 2048K, 0% used [0x00000000eae80000,0x00000000eae80000,0x00000000eb080000)
 ParOldGen       total 413696K, used 413563K [0x00000000c0000000, 0x00000000d9400000, 0x00000000eab00000)
  object space 413696K, 99% used [0x00000000c0000000,0x00000000d93ded30,0x00000000d9400000)
 Metaspace       used 73591K, committed 75136K, reserved 1179648K
  class space    used 9170K, committed 9856K, reserved 1048576K
}
Event: 26.747 GC heap before
{Heap before GC invocations=351 (full 3):
 PSYoungGen      total 3584K, used 3130K [0x00000000eab00000, 0x00000000eb080000, 0x0000000100000000)
  eden space 1536K, 95% used [0x00000000eab00000,0x00000000eac6fa88,0x00000000eac80000)
  from space 2048K, 81% used [0x00000000eac80000,0x00000000eae1ef70,0x00000000eae80000)
  to   space 2048K, 0% used [0x00000000eae80000,0x00000000eae80000,0x00000000eb080000)
 ParOldGen       total 413696K, used 413563K [0x00000000c0000000, 0x00000000d9400000, 0x00000000eab00000)
  object space 413696K, 99% used [0x00000000c0000000,0x00000000d93ded30,0x00000000d9400000)
 Metaspace       used 73591K, committed 75136K, reserved 1179648K
  class space    used 9170K, committed 9856K, reserved 1048576K
}
Event: 26.753 GC heap after
{Heap after GC invocations=351 (full 3):
 PSYoungGen      total 3584K, used 1607K [0x00000000eab00000, 0x00000000eb080000, 0x0000000100000000)
  eden space 1536K, 0% used [0x00000000eab00000,0x00000000eab00000,0x00000000eac80000)
  from space 2048K, 78% used [0x00000000eae80000,0x00000000eb011fd0,0x00000000eb080000)
  to   space 2048K, 0% used [0x00000000eac80000,0x00000000eac80000,0x00000000eae80000)
 ParOldGen       total 415232K, used 415127K [0x00000000c0000000, 0x00000000d9580000, 0x00000000eab00000)
  object space 415232K, 99% used [0x00000000c0000000,0x00000000d9565c38,0x00000000d9580000)
 Metaspace       used 73591K, committed 75136K, reserved 1179648K
  class space    used 9170K, committed 9856K, reserved 1048576K
}
Event: 26.784 GC heap before
{Heap before GC invocations=352 (full 3):
 PSYoungGen      total 3584K, used 3143K [0x00000000eab00000, 0x00000000eb080000, 0x0000000100000000)
  eden space 1536K, 100% used [0x00000000eab00000,0x00000000eac80000,0x00000000eac80000)
  from space 2048K, 78% used [0x00000000eae80000,0x00000000eb011fd0,0x00000000eb080000)
  to   space 2048K, 0% used [0x00000000eac80000,0x00000000eac80000,0x00000000eae80000)
 ParOldGen       total 415232K, used 415127K [0x00000000c0000000, 0x00000000d9580000, 0x00000000eab00000)
  object space 415232K, 99% used [0x00000000c0000000,0x00000000d9565c38,0x00000000d9580000)
 Metaspace       used 73591K, committed 75136K, reserved 1179648K
  class space    used 9170K, committed 9856K, reserved 1048576K
}
Event: 26.788 GC heap after
{Heap after GC invocations=352 (full 3):
 PSYoungGen      total 3584K, used 1687K [0x00000000eab00000, 0x00000000eb080000, 0x0000000100000000)
  eden space 1536K, 0% used [0x00000000eab00000,0x00000000eab00000,0x00000000eac80000)
  from space 2048K, 82% used [0x00000000eac80000,0x00000000eae25ee8,0x00000000eae80000)
  to   space 2048K, 0% used [0x00000000eae80000,0x00000000eae80000,0x00000000eb080000)
 ParOldGen       total 416768K, used 416614K [0x00000000c0000000, 0x00000000d9700000, 0x00000000eab00000)
  object space 416768K, 99% used [0x00000000c0000000,0x00000000d96d9bd0,0x00000000d9700000)
 Metaspace       used 73591K, committed 75136K, reserved 1179648K
  class space    used 9170K, committed 9856K, reserved 1048576K
}
Event: 26.835 GC heap before
{Heap before GC invocations=353 (full 3):
 PSYoungGen      total 3584K, used 3223K [0x00000000eab00000, 0x00000000eb080000, 0x0000000100000000)
  eden space 1536K, 100% used [0x00000000eab00000,0x00000000eac80000,0x00000000eac80000)
  from space 2048K, 82% used [0x00000000eac80000,0x00000000eae25ee8,0x00000000eae80000)
  to   space 2048K, 0% used [0x00000000eae80000,0x00000000eae80000,0x00000000eb080000)
 ParOldGen       total 416768K, used 416614K [0x00000000c0000000, 0x00000000d9700000, 0x00000000eab00000)
  object space 416768K, 99% used [0x00000000c0000000,0x00000000d96d9bd0,0x00000000d9700000)
 Metaspace       used 73591K, committed 75136K, reserved 1179648K
  class space    used 9170K, committed 9856K, reserved 1048576K
}
Event: 26.843 GC heap after
{Heap after GC invocations=353 (full 3):
 PSYoungGen      total 3584K, used 1679K [0x00000000eab00000, 0x00000000eb080000, 0x0000000100000000)
  eden space 1536K, 0% used [0x00000000eab00000,0x00000000eab00000,0x00000000eac80000)
  from space 2048K, 81% used [0x00000000eae80000,0x00000000eb023d20,0x00000000eb080000)
  to   space 2048K, 0% used [0x00000000eac80000,0x00000000eac80000,0x00000000eae80000)
 ParOldGen       total 418304K, used 418177K [0x00000000c0000000, 0x00000000d9880000, 0x00000000eab00000)
  object space 418304K, 99% used [0x00000000c0000000,0x00000000d9860558,0x00000000d9880000)
 Metaspace       used 73591K, committed 75136K, reserved 1179648K
  class space    used 9170K, committed 9856K, reserved 1048576K
}
Event: 26.880 GC heap before
{Heap before GC invocations=354 (full 3):
 PSYoungGen      total 3584K, used 3123K [0x00000000eab00000, 0x00000000eb080000, 0x0000000100000000)
  eden space 1536K, 94% used [0x00000000eab00000,0x00000000eac69028,0x00000000eac80000)
  from space 2048K, 81% used [0x00000000eae80000,0x00000000eb023d20,0x00000000eb080000)
  to   space 2048K, 0% used [0x00000000eac80000,0x00000000eac80000,0x00000000eae80000)
 ParOldGen       total 418304K, used 418177K [0x00000000c0000000, 0x00000000d9880000, 0x00000000eab00000)
  object space 418304K, 99% used [0x00000000c0000000,0x00000000d9860558,0x00000000d9880000)
 Metaspace       used 73609K, committed 75136K, reserved 1179648K
  class space    used 9170K, committed 9856K, reserved 1048576K
}
Event: 26.885 GC heap after
{Heap after GC invocations=354 (full 3):
 PSYoungGen      total 3584K, used 1552K [0x00000000eab00000, 0x00000000eb080000, 0x0000000100000000)
  eden space 1536K, 0% used [0x00000000eab00000,0x00000000eab00000,0x00000000eac80000)
  from space 2048K, 75% used [0x00000000eac80000,0x00000000eae04000,0x00000000eae80000)
  to   space 2048K, 0% used [0x00000000eae80000,0x00000000eae80000,0x00000000eb080000)
 ParOldGen       total 419840K, used 419739K [0x00000000c0000000, 0x00000000d9a00000, 0x00000000eab00000)
  object space 419840K, 99% used [0x00000000c0000000,0x00000000d99e6c70,0x00000000d9a00000)
 Metaspace       used 73609K, committed 75136K, reserved 1179648K
  class space    used 9170K, committed 9856K, reserved 1048576K
}
Event: 26.969 GC heap before
{Heap before GC invocations=355 (full 3):
 PSYoungGen      total 3584K, used 3088K [0x00000000eab00000, 0x00000000eb080000, 0x0000000100000000)
  eden space 1536K, 100% used [0x00000000eab00000,0x00000000eac80000,0x00000000eac80000)
  from space 2048K, 75% used [0x00000000eac80000,0x00000000eae04000,0x00000000eae80000)
  to   space 2048K, 0% used [0x00000000eae80000,0x00000000eae80000,0x00000000eb080000)
 ParOldGen       total 419840K, used 419739K [0x00000000c0000000, 0x00000000d9a00000, 0x00000000eab00000)
  object space 419840K, 99% used [0x00000000c0000000,0x00000000d99e6c70,0x00000000d9a00000)
 Metaspace       used 73614K, committed 75136K, reserved 1179648K
  class space    used 9170K, committed 9856K, reserved 1048576K
}

Dll operation events (15 events):
Event: 0.013 Loaded shared library c:\Users\user\.cursor\extensions\redhat.java-1.41.1-win32-x64\jre\21.0.6-win32-x86_64\bin\java.dll
Event: 0.052 Loaded shared library c:\Users\user\.cursor\extensions\redhat.java-1.41.1-win32-x64\jre\21.0.6-win32-x86_64\bin\zip.dll
Event: 0.140 Loaded shared library C:\Users\user\.cursor\extensions\redhat.java-1.41.1-win32-x64\jre\21.0.6-win32-x86_64\bin\instrument.dll
Event: 0.146 Loaded shared library C:\Users\user\.cursor\extensions\redhat.java-1.41.1-win32-x64\jre\21.0.6-win32-x86_64\bin\net.dll
Event: 0.149 Loaded shared library C:\Users\user\.cursor\extensions\redhat.java-1.41.1-win32-x64\jre\21.0.6-win32-x86_64\bin\nio.dll
Event: 0.157 Loaded shared library C:\Users\user\.cursor\extensions\redhat.java-1.41.1-win32-x64\jre\21.0.6-win32-x86_64\bin\zip.dll
Event: 0.181 Loaded shared library C:\Users\user\.cursor\extensions\redhat.java-1.41.1-win32-x64\jre\21.0.6-win32-x86_64\bin\jimage.dll
Event: 0.326 Loaded shared library c:\Users\user\.cursor\extensions\redhat.java-1.41.1-win32-x64\jre\21.0.6-win32-x86_64\bin\verify.dll
Event: 2.169 Loaded shared library C:\Users\user\AppData\Roaming\Cursor\User\globalStorage\redhat.java\1.41.1\config_win\org.eclipse.equinox.launcher\org.eclipse.equinox.launcher.win32.win32.x86_64_1.2.1300.v20250331-1702\eclipse_11911.dll
Event: 5.373 Loaded shared library C:\Users\user\AppData\Local\Temp\jna-3599307\jna10139494593885677373.dll
Event: 15.244 Loaded shared library C:\Users\user\.gradle\native\c067742578af261105cb4f569cf0c3c89f3d7b1fecec35dd04571415982c5e48\windows-amd64\native-platform.dll
Event: 18.257 Loaded shared library C:\Users\user\.cursor\extensions\redhat.java-1.41.1-win32-x64\jre\21.0.6-win32-x86_64\bin\management.dll
Event: 18.262 Loaded shared library C:\Users\user\.cursor\extensions\redhat.java-1.41.1-win32-x64\jre\21.0.6-win32-x86_64\bin\management_ext.dll
Event: 20.755 Loaded shared library C:\Users\user\.gradle\native\c067742578af261105cb4f569cf0c3c89f3d7b1fecec35dd04571415982c5e48\windows-amd64-min\native-platform.dll
Event: 23.297 Loaded shared library C:\Users\user\.cursor\extensions\redhat.java-1.41.1-win32-x64\jre\21.0.6-win32-x86_64\bin\extnet.dll

Deoptimization events (20 events):
Event: 24.852 Thread 0x000001066e1834f0 DEOPT PACKING pc=0x0000010615ccf90b sp=0x0000000102aff280
Event: 24.852 Thread 0x000001066e1834f0 DEOPT UNPACKING pc=0x000001061c294242 sp=0x0000000102afe748 mode 0
Event: 24.859 Thread 0x000001066e1834f0 DEOPT PACKING pc=0x0000010615ccf90b sp=0x0000000102aff280
Event: 24.859 Thread 0x000001066e1834f0 DEOPT UNPACKING pc=0x000001061c294242 sp=0x0000000102afe748 mode 0
Event: 24.862 Thread 0x000001066e1834f0 DEOPT PACKING pc=0x0000010615ccf90b sp=0x0000000102aff280
Event: 24.862 Thread 0x000001066e1834f0 DEOPT UNPACKING pc=0x000001061c294242 sp=0x0000000102afe748 mode 0
Event: 24.871 Thread 0x000001066e1834f0 DEOPT PACKING pc=0x0000010615ccf90b sp=0x0000000102aff280
Event: 24.871 Thread 0x000001066e1834f0 DEOPT UNPACKING pc=0x000001061c294242 sp=0x0000000102afe748 mode 0
Event: 24.878 Thread 0x000001066e1834f0 DEOPT PACKING pc=0x0000010615ccf90b sp=0x0000000102aff280
Event: 24.878 Thread 0x000001066e1834f0 DEOPT UNPACKING pc=0x000001061c294242 sp=0x0000000102afe748 mode 0
Event: 24.880 Thread 0x000001066e1834f0 DEOPT PACKING pc=0x0000010615ccf90b sp=0x0000000102aff280
Event: 24.880 Thread 0x000001066e1834f0 DEOPT UNPACKING pc=0x000001061c294242 sp=0x0000000102afe748 mode 0
Event: 24.887 Thread 0x000001066e1834f0 DEOPT PACKING pc=0x0000010615ccf90b sp=0x0000000102aff280
Event: 24.887 Thread 0x000001066e1834f0 DEOPT UNPACKING pc=0x000001061c294242 sp=0x0000000102afe748 mode 0
Event: 24.892 Thread 0x000001066e1834f0 DEOPT PACKING pc=0x0000010615ccf90b sp=0x0000000102aff280
Event: 24.892 Thread 0x000001066e1834f0 DEOPT UNPACKING pc=0x000001061c294242 sp=0x0000000102afe748 mode 0
Event: 24.895 Thread 0x000001066e1834f0 DEOPT PACKING pc=0x0000010615ccf90b sp=0x0000000102aff280
Event: 24.895 Thread 0x000001066e1834f0 DEOPT UNPACKING pc=0x000001061c294242 sp=0x0000000102afe748 mode 0
Event: 24.916 Thread 0x000001066e1834f0 DEOPT PACKING pc=0x0000010615ccf90b sp=0x0000000102aff280
Event: 24.916 Thread 0x000001066e1834f0 DEOPT UNPACKING pc=0x000001061c294242 sp=0x0000000102afe748 mode 0

Classes loaded (20 events):
Event: 23.590 Loading class java/lang/ProcessImpl$2
Event: 23.592 Loading class java/lang/ProcessImpl$2 done
Event: 23.592 Loading class java/lang/Process$PipeInputStream
Event: 23.592 Loading class java/lang/Process$PipeInputStream done
Event: 23.603 Loading class jdk/internal/event/ProcessStartEvent
Event: 23.605 Loading class jdk/internal/event/ProcessStartEvent done
Event: 23.957 Loading class java/util/EnumMap$EntrySet
Event: 23.957 Loading class java/util/EnumMap$EntrySet done
Event: 23.957 Loading class java/util/EnumMap$EntryIterator
Event: 23.957 Loading class java/util/EnumMap$EnumMapIterator
Event: 23.957 Loading class java/util/EnumMap$EnumMapIterator done
Event: 23.958 Loading class java/util/EnumMap$EntryIterator done
Event: 23.958 Loading class java/util/EnumMap$EntryIterator$Entry
Event: 23.958 Loading class java/util/EnumMap$EntryIterator$Entry done
Event: 24.262 Loading class java/lang/ProcessBuilder$NullInputStream
Event: 24.262 Loading class java/lang/ProcessBuilder$NullInputStream done
Event: 24.265 Loading class java/util/Scanner
Event: 24.266 Loading class java/util/Scanner done
Event: 24.268 Loading class java/util/Scanner$PatternLRUCache
Event: 24.268 Loading class java/util/Scanner$PatternLRUCache done

Classes unloaded (13 events):
Event: 6.452 Thread 0x0000010625ef4240 Unloading class 0x000001062719e800 'java/lang/invoke/LambdaForm$MH+0x000001062719e800'
Event: 6.452 Thread 0x0000010625ef4240 Unloading class 0x000001062719e400 'java/lang/invoke/LambdaForm$MH+0x000001062719e400'
Event: 6.452 Thread 0x0000010625ef4240 Unloading class 0x000001062719e000 'java/lang/invoke/LambdaForm$MH+0x000001062719e000'
Event: 6.452 Thread 0x0000010625ef4240 Unloading class 0x000001062719dc00 'java/lang/invoke/LambdaForm$MH+0x000001062719dc00'
Event: 6.452 Thread 0x0000010625ef4240 Unloading class 0x000001062719d800 'java/lang/invoke/LambdaForm$BMH+0x000001062719d800'
Event: 6.452 Thread 0x0000010625ef4240 Unloading class 0x000001062719d400 'java/lang/invoke/LambdaForm$DMH+0x000001062719d400'
Event: 6.452 Thread 0x0000010625ef4240 Unloading class 0x000001062719c400 'java/lang/invoke/LambdaForm$DMH+0x000001062719c400'
Event: 8.414 Thread 0x0000010625ef4240 Unloading class 0x00000106272cbc00 'java/lang/invoke/LambdaForm$MH+0x00000106272cbc00'
Event: 8.414 Thread 0x0000010625ef4240 Unloading class 0x00000106272cb800 'java/lang/invoke/LambdaForm$MH+0x00000106272cb800'
Event: 8.414 Thread 0x0000010625ef4240 Unloading class 0x00000106272ca800 'java/lang/invoke/LambdaForm$MH+0x00000106272ca800'
Event: 8.414 Thread 0x0000010625ef4240 Unloading class 0x00000106272ca000 'java/lang/invoke/LambdaForm$MH+0x00000106272ca000'
Event: 8.414 Thread 0x0000010625ef4240 Unloading class 0x00000106272c9800 'java/lang/invoke/LambdaForm$MH+0x00000106272c9800'
Event: 8.414 Thread 0x0000010625ef4240 Unloading class 0x00000106272c9400 'java/lang/invoke/LambdaForm$DMH+0x00000106272c9400'

Classes redefined (0 events):
No events

Internal exceptions (20 events):
Event: 14.525 Thread 0x000001066e182e60 Exception <a 'java/lang/NoSuchMethodError'{0x00000000eb60ecb8}: 'java.lang.Object java.lang.invoke.DirectMethodHandle$Holder.invokeVirtual(java.lang.Object, java.lang.Object, java.lang.Object, java.lang.Object, java.lang.Object)'> (0x00000000eb60ecb8) 
thrown [s\src\hotspot\share\interpreter\linkResolver.cpp, line 773]
Event: 15.963 Thread 0x000001066e1834f0 Implicit null exception at 0x000001061cc4f687 to 0x000001061cc53860
Event: 17.589 Thread 0x000001067017ff50 Exception <a 'java/lang/NoSuchMethodError'{0x00000000eb0264a0}: 'java.lang.Object java.lang.invoke.DirectMethodHandle$Holder.invokeVirtual(java.lang.Object, java.lang.Object, java.lang.Object, java.lang.Object, java.lang.Object, java.lang.Object)'> (0x00000000eb0264a0) 
thrown [s\src\hotspot\share\interpreter\linkResolver.cpp, line 773]
Event: 17.773 Thread 0x000001067017ff50 Exception <a 'java/lang/NoSuchMethodError'{0x00000000eaea94e8}: 'java.lang.Object java.lang.invoke.DirectMethodHandle$Holder.invokeVirtual(java.lang.Object, java.lang.Object, java.lang.Object, java.lang.Object, java.lang.Object, java.lang.Object, java.lang.Object)'> (0x00000000eaea94e8) 
thrown [s\src\hotspot\share\interpreter\linkResolver.cpp, line 773]
Event: 18.012 Thread 0x000001067017ff50 Exception <a 'java/lang/NoClassDefFoundError'{0x00000000eacf4440}: org/slf4j/impl/StaticMarkerBinder> (0x00000000eacf4440) 
thrown [s\src\hotspot\share\classfile\systemDictionary.cpp, line 301]
Event: 18.048 Thread 0x000001067017ff50 Exception <a 'java/lang/NoSuchMethodError'{0x00000000eadd4050}: 'java.lang.Object java.lang.invoke.DirectMethodHandle$Holder.invokeVirtual(java.lang.Object, java.lang.Object, java.lang.Object, java.lang.Object, java.lang.Object, java.lang.Object, java.lang.Object, java.lang.Object)'> (0x00000000eadd4050) 
thrown [s\src\hotspot\share\interpreter\linkResolver.cpp, line 773]
Event: 18.067 Thread 0x000001067017ff50 Exception <a 'java/lang/NoSuchMethodError'{0x00000000ead011c8}: 'java.lang.Object java.lang.invoke.DirectMethodHandle$Holder.invokeVirtual(java.lang.Object, java.lang.Object, java.lang.Object, java.lang.Object, java.lang.Object, java.lang.Object, java.lang.Object, java.lang.Object, java.lang.Object)'> (0x00000000ead011c8) 
thrown [s\src\hotspot\share\interpreter\linkResolver.cpp, line 773]
Event: 18.154 Thread 0x000001067017ff50 Exception <a 'java/lang/NoSuchMethodError'{0x00000000eab027f0}: 'java.lang.Object java.lang.invoke.DirectMethodHandle$Holder.invokeVirtual(java.lang.Object, java.lang.Object, java.lang.Object, java.lang.Object, java.lang.Object, java.lang.Object, java.lang.Object, java.lang.Object, java.lang.Object, java.lang.Object)'> (0x00000000eab027f0) 
thrown [s\src\hotspot\share\interpreter\linkResolver.cpp, line 773]
Event: 18.755 Thread 0x00000106713c6620 Exception <a 'java/lang/IncompatibleClassChangeError'{0x00000000eadb0b38}: Found class java.lang.Object, but interface was expected> (0x00000000eadb0b38) 
thrown [s\src\hotspot\share\interpreter\linkResolver.cpp, line 840]
Event: 18.997 Thread 0x000001066e182e60 Exception <a 'sun/nio/fs/WindowsException'{0x00000000eaede560}> (0x00000000eaede560) 
thrown [s\src\hotspot\share\prims\jni.cpp, line 520]
Event: 20.225 Thread 0x000001067017d160 Implicit null exception at 0x000001061cc27200 to 0x000001061cc27604
Event: 22.906 Thread 0x000001067017d160 Exception <a 'java/lang/NoClassDefFoundError'{0x00000000eb1c2af8}: org/slf4j/impl/StaticMarkerBinder> (0x00000000eb1c2af8) 
thrown [s\src\hotspot\share\classfile\systemDictionary.cpp, line 301]
Event: 23.174 Thread 0x000001067017d160 Exception <a 'java/lang/NoSuchMethodError'{0x00000000eaf4e868}: 'java.lang.Object java.lang.invoke.DirectMethodHandle$Holder.invokeVirtual(java.lang.Object, java.lang.Object, java.lang.Object, java.lang.Object, java.lang.Object, java.lang.Object, java.lang.Object, java.lang.Object, java.lang.Object, java.lang.Object, java.lang.Object)'> (0x00000000eaf4e868) 
thrown [s\src\hotspot\share\interpreter\linkResolver.cpp, line 773]
Event: 23.180 Thread 0x000001067017d160 Exception <a 'java/lang/NoSuchMethodError'{0x00000000eb081368}: 'java.lang.Object java.lang.invoke.DirectMethodHandle$Holder.invokeStatic(java.lang.Object, java.lang.Object, java.lang.Object, java.lang.Object, java.lang.Object, java.lang.Object, java.lang.Object, java.lang.Object, java.lang.Object, java.lang.Object, java.lang.Object, java.lang.Object, java.lang.Object)'> (0x00000000eb081368) 
thrown [s\src\hotspot\share\interpreter\linkResolver.cpp, line 773]
Event: 23.238 Thread 0x000001067017bdb0 Exception <a 'java/lang/NoSuchMethodError'{0x00000000eaea59f0}: 'long java.lang.invoke.DirectMethodHandle$Holder.invokeVirtual(java.lang.Object, java.lang.Object)'> (0x00000000eaea59f0) 
thrown [s\src\hotspot\share\interpreter\linkResolver.cpp, line 773]
Event: 23.238 Thread 0x000001067017bdb0 Exception <a 'java/lang/NoSuchMethodError'{0x00000000eaea8df0}: 'long java.lang.invoke.DelegatingMethodHandle$Holder.reinvoke_L(java.lang.Object, java.lang.Object)'> (0x00000000eaea8df0) 
thrown [s\src\hotspot\share\interpreter\linkResolver.cpp, line 773]
Event: 23.590 Thread 0x000001067ca8acf0 Exception <a 'java/lang/NoSuchMethodError'{0x00000000eab01610}: 'void java.lang.invoke.DirectMethodHandle$Holder.invokeStatic(java.lang.Object, long)'> (0x00000000eab01610) 
thrown [s\src\hotspot\share\interpreter\linkResolver.cpp, line 773]
Event: 23.948 Thread 0x000001067ca89fd0 Exception <a 'java/lang/NoSuchMethodError'{0x00000000eac7ff20}: 'void java.lang.invoke.DirectMethodHandle$Holder.invokeSpecial(java.lang.Object, java.lang.Object, int)'> (0x00000000eac7ff20) 
thrown [s\src\hotspot\share\interpreter\linkResolver.cpp, line 773]
Event: 23.950 Thread 0x000001067ca89fd0 Exception <a 'java/lang/NoSuchMethodError'{0x00000000ead21490}: 'java.lang.Object java.lang.invoke.DirectMethodHandle$Holder.newInvokeSpecial(java.lang.Object, java.lang.Object, int)'> (0x00000000ead21490) 
thrown [s\src\hotspot\share\interpreter\linkResolver.cpp, line 773]
Event: 23.955 Thread 0x000001067ca8acf0 Exception <a 'java/lang/NoSuchMethodError'{0x00000000eab030a8}: 'void java.lang.invoke.DirectMethodHandle$Holder.invokeSpecial(java.lang.Object, java.lang.Object, int)'> (0x00000000eab030a8) 
thrown [s\src\hotspot\share\interpreter\linkResolver.cpp, line 773]

ZGC Phase Switch (0 events):
No events

VM Operations (20 events):
Event: 26.516 Executing VM operation: ParallelGCFailedAllocation (Allocation Failure) done
Event: 26.575 Executing VM operation: ParallelGCFailedAllocation (Allocation Failure)
Event: 26.579 Executing VM operation: ParallelGCFailedAllocation (Allocation Failure) done
Event: 26.607 Executing VM operation: ParallelGCFailedAllocation (Allocation Failure)
Event: 26.611 Executing VM operation: ParallelGCFailedAllocation (Allocation Failure) done
Event: 26.638 Executing VM operation: ParallelGCFailedAllocation (Allocation Failure)
Event: 26.642 Executing VM operation: ParallelGCFailedAllocation (Allocation Failure) done
Event: 26.671 Executing VM operation: ParallelGCFailedAllocation (Allocation Failure)
Event: 26.677 Executing VM operation: ParallelGCFailedAllocation (Allocation Failure) done
Event: 26.721 Executing VM operation: ParallelGCFailedAllocation (Allocation Failure)
Event: 26.726 Executing VM operation: ParallelGCFailedAllocation (Allocation Failure) done
Event: 26.747 Executing VM operation: ParallelGCFailedAllocation (Allocation Failure)
Event: 26.753 Executing VM operation: ParallelGCFailedAllocation (Allocation Failure) done
Event: 26.784 Executing VM operation: ParallelGCFailedAllocation (Allocation Failure)
Event: 26.788 Executing VM operation: ParallelGCFailedAllocation (Allocation Failure) done
Event: 26.835 Executing VM operation: ParallelGCFailedAllocation (Allocation Failure)
Event: 26.843 Executing VM operation: ParallelGCFailedAllocation (Allocation Failure) done
Event: 26.880 Executing VM operation: ParallelGCFailedAllocation (Allocation Failure)
Event: 26.885 Executing VM operation: ParallelGCFailedAllocation (Allocation Failure) done
Event: 26.969 Executing VM operation: ParallelGCFailedAllocation (Allocation Failure)

Memory protections (0 events):
No events

Nmethod flushes (20 events):
Event: 18.471 Thread 0x0000010625ef4240 flushing  nmethod 0x00000106155e3610
Event: 18.471 Thread 0x0000010625ef4240 flushing  nmethod 0x0000010615601c90
Event: 18.471 Thread 0x0000010625ef4240 flushing  nmethod 0x0000010615603590
Event: 18.471 Thread 0x0000010625ef4240 flushing  nmethod 0x0000010615603b90
Event: 18.471 Thread 0x0000010625ef4240 flushing  nmethod 0x0000010615604410
Event: 18.471 Thread 0x0000010625ef4240 flushing  nmethod 0x0000010615604b10
Event: 18.471 Thread 0x0000010625ef4240 flushing  nmethod 0x0000010615608010
Event: 18.471 Thread 0x0000010625ef4240 flushing  nmethod 0x0000010615609f10
Event: 18.471 Thread 0x0000010625ef4240 flushing  nmethod 0x000001061560a290
Event: 18.471 Thread 0x0000010625ef4240 flushing  nmethod 0x0000010615617b10
Event: 18.471 Thread 0x0000010625ef4240 flushing  nmethod 0x0000010615624810
Event: 18.471 Thread 0x0000010625ef4240 flushing  nmethod 0x000001061564d710
Event: 18.471 Thread 0x0000010625ef4240 flushing  nmethod 0x0000010615651110
Event: 18.471 Thread 0x0000010625ef4240 flushing  nmethod 0x0000010615652690
Event: 18.471 Thread 0x0000010625ef4240 flushing  nmethod 0x0000010615652c90
Event: 18.471 Thread 0x0000010625ef4240 flushing  nmethod 0x0000010615655590
Event: 18.471 Thread 0x0000010625ef4240 flushing  nmethod 0x0000010615655a10
Event: 18.471 Thread 0x0000010625ef4240 flushing  nmethod 0x000001061565bf10
Event: 18.471 Thread 0x0000010625ef4240 flushing  nmethod 0x0000010615679890
Event: 18.471 Thread 0x0000010625ef4240 flushing  nmethod 0x0000010615679d10

Events (20 events):
Event: 20.208 Thread 0x00000106713c9410 Thread added: 0x000001067017d160
Event: 20.251 Thread 0x000001067017c440 Thread exited: 0x000001067017c440
Event: 23.262 Thread 0x000001067017bdb0 Thread added: 0x000001067017c440
Event: 23.338 Thread 0x0000010611bdbf90 Thread added: 0x000001067000ea60
Event: 23.534 Thread 0x000001067017bdb0 Thread added: 0x000001067ca8acf0
Event: 23.608 Thread 0x000001067ca8acf0 Thread added: 0x000001067ca892b0
Event: 23.608 Thread 0x000001067ca8acf0 Thread added: 0x000001067ca8dae0
Event: 23.658 Thread 0x000001067017d160 Thread added: 0x000001067ca89fd0
Event: 23.678 Thread 0x000001067ca89fd0 Thread added: 0x000001067ca8cdc0
Event: 23.678 Thread 0x000001067ca89fd0 Thread added: 0x000001067ca8e170
Event: 23.924 Thread 0x000001067000ea60 Thread exited: 0x000001067000ea60
Event: 24.005 Thread 0x000001067017d160 Thread exited: 0x000001067017d160
Event: 24.006 Thread 0x00000106713c9410 Thread added: 0x000001067ca8a660
Event: 24.066 Thread 0x000001066e41e100 Thread exited: 0x000001066e41e100
Event: 24.231 Thread 0x000001067017bdb0 Thread added: 0x000001067ca8ee90
Event: 24.264 Thread 0x000001067ca8ee90 Thread added: 0x000001067ca8b380
Event: 24.265 Thread 0x000001067ca8ee90 Thread added: 0x000001067ca8e800
Event: 24.266 Thread 0x000001067ca8b380 Thread exited: 0x000001067ca8b380
Event: 24.698 Thread 0x0000010611bdb500 Thread added: 0x000001067000cf20
Event: 24.845 Thread 0x000001067000cf20 Thread exited: 0x000001067000cf20


Dynamic libraries:
0x00007ff6a0aa0000 - 0x00007ff6a0aae000 	c:\Users\user\.cursor\extensions\redhat.java-1.41.1-win32-x64\jre\21.0.6-win32-x86_64\bin\java.exe
0x00007ff9cea90000 - 0x00007ff9cec88000 	C:\Windows\SYSTEM32\ntdll.dll
0x00007ff9ce5e0000 - 0x00007ff9ce6a2000 	C:\Windows\System32\KERNEL32.DLL
0x00007ff9cc290000 - 0x00007ff9cc58f000 	C:\Windows\System32\KERNELBASE.dll
0x00007ff9c9260000 - 0x00007ff9c92f4000 	C:\Windows\SYSTEM32\apphelp.dll
0x00007ff9cc9b0000 - 0x00007ff9ccab0000 	C:\Windows\System32\ucrtbase.dll
0x00007ff9b3f20000 - 0x00007ff9b3f38000 	c:\Users\user\.cursor\extensions\redhat.java-1.41.1-win32-x64\jre\21.0.6-win32-x86_64\bin\jli.dll
0x00007ff9cd770000 - 0x00007ff9cd90d000 	C:\Windows\System32\USER32.dll
0x00007ff9b3e10000 - 0x00007ff9b3e2e000 	c:\Users\user\.cursor\extensions\redhat.java-1.41.1-win32-x64\jre\21.0.6-win32-x86_64\bin\VCRUNTIME140.dll
0x00007ff9cc8c0000 - 0x00007ff9cc8e2000 	C:\Windows\System32\win32u.dll
0x00007ff9cd550000 - 0x00007ff9cd57b000 	C:\Windows\System32\GDI32.dll
0x00007ff9ba660000 - 0x00007ff9ba8fa000 	C:\Windows\WinSxS\amd64_microsoft.windows.common-controls_6595b64144ccf1df_6.0.19041.4355_none_60b8b9eb71f62e16\COMCTL32.dll
0x00007ff9cc7a0000 - 0x00007ff9cc8ba000 	C:\Windows\System32\gdi32full.dll
0x00007ff9ce750000 - 0x00007ff9ce7ee000 	C:\Windows\System32\msvcrt.dll
0x00007ff9cc700000 - 0x00007ff9cc79d000 	C:\Windows\System32\msvcp_win.dll
0x00007ff9cd510000 - 0x00007ff9cd53f000 	C:\Windows\System32\IMM32.DLL
0x00007ff9b43a0000 - 0x00007ff9b43ac000 	c:\Users\user\.cursor\extensions\redhat.java-1.41.1-win32-x64\jre\21.0.6-win32-x86_64\bin\vcruntime140_1.dll
0x00007ff99be90000 - 0x00007ff99bf1d000 	c:\Users\user\.cursor\extensions\redhat.java-1.41.1-win32-x64\jre\21.0.6-win32-x86_64\bin\msvcp140.dll
0x00007ff968c40000 - 0x00007ff9699d0000 	c:\Users\user\.cursor\extensions\redhat.java-1.41.1-win32-x64\jre\21.0.6-win32-x86_64\bin\server\jvm.dll
0x00007ff9cd6c0000 - 0x00007ff9cd76f000 	C:\Windows\System32\ADVAPI32.dll
0x00007ff9cd390000 - 0x00007ff9cd42f000 	C:\Windows\System32\sechost.dll
0x00007ff9cd580000 - 0x00007ff9cd6a3000 	C:\Windows\System32\RPCRT4.dll
0x00007ff9cc640000 - 0x00007ff9cc667000 	C:\Windows\System32\bcrypt.dll
0x00007ff9cd4a0000 - 0x00007ff9cd50b000 	C:\Windows\System32\WS2_32.dll
0x00007ff9cbf90000 - 0x00007ff9cbfdb000 	C:\Windows\SYSTEM32\POWRPROF.dll
0x00007ff9ba620000 - 0x00007ff9ba647000 	C:\Windows\SYSTEM32\WINMM.dll
0x00007ff9c5c50000 - 0x00007ff9c5c5a000 	C:\Windows\SYSTEM32\VERSION.dll
0x00007ff9cbf70000 - 0x00007ff9cbf82000 	C:\Windows\SYSTEM32\UMPDC.dll
0x00007ff9c9e80000 - 0x00007ff9c9e92000 	C:\Windows\SYSTEM32\kernel.appcore.dll
0x00007ff9b3e00000 - 0x00007ff9b3e0a000 	c:\Users\user\.cursor\extensions\redhat.java-1.41.1-win32-x64\jre\21.0.6-win32-x86_64\bin\jimage.dll
0x00007ff9c6540000 - 0x00007ff9c6724000 	C:\Windows\SYSTEM32\DBGHELP.DLL
0x00007ff9b02e0000 - 0x00007ff9b0314000 	C:\Windows\SYSTEM32\dbgcore.DLL
0x00007ff9cc670000 - 0x00007ff9cc6f2000 	C:\Windows\System32\bcryptPrimitives.dll
0x00007ff9b18f0000 - 0x00007ff9b18ff000 	c:\Users\user\.cursor\extensions\redhat.java-1.41.1-win32-x64\jre\21.0.6-win32-x86_64\bin\instrument.dll
0x00007ff9adf90000 - 0x00007ff9adfaf000 	c:\Users\user\.cursor\extensions\redhat.java-1.41.1-win32-x64\jre\21.0.6-win32-x86_64\bin\java.dll
0x00007ff9cd910000 - 0x00007ff9ce07d000 	C:\Windows\System32\SHELL32.dll
0x00007ff9ca190000 - 0x00007ff9ca934000 	C:\Windows\SYSTEM32\windows.storage.dll
0x00007ff9ce160000 - 0x00007ff9ce4b5000 	C:\Windows\System32\combase.dll
0x00007ff9cba10000 - 0x00007ff9cba3f000 	C:\Windows\SYSTEM32\Wldp.dll
0x00007ff9ce980000 - 0x00007ff9cea4d000 	C:\Windows\System32\OLEAUT32.dll
0x00007ff9cccc0000 - 0x00007ff9ccd6d000 	C:\Windows\System32\SHCORE.dll
0x00007ff9ce920000 - 0x00007ff9ce975000 	C:\Windows\System32\shlwapi.dll
0x00007ff9cc060000 - 0x00007ff9cc084000 	C:\Windows\SYSTEM32\profapi.dll
0x00007ff9aa840000 - 0x00007ff9aa858000 	c:\Users\user\.cursor\extensions\redhat.java-1.41.1-win32-x64\jre\21.0.6-win32-x86_64\bin\zip.dll
0x00007ff9aa830000 - 0x00007ff9aa840000 	C:\Users\user\.cursor\extensions\redhat.java-1.41.1-win32-x64\jre\21.0.6-win32-x86_64\bin\net.dll
0x00007ff9c5e30000 - 0x00007ff9c5f3a000 	C:\Windows\SYSTEM32\WINHTTP.dll
0x00007ff9cb7f0000 - 0x00007ff9cb85c000 	C:\Windows\system32\mswsock.dll
0x00007ff9a7200000 - 0x00007ff9a7216000 	C:\Users\user\.cursor\extensions\redhat.java-1.41.1-win32-x64\jre\21.0.6-win32-x86_64\bin\nio.dll
0x00007ff9aa820000 - 0x00007ff9aa830000 	c:\Users\user\.cursor\extensions\redhat.java-1.41.1-win32-x64\jre\21.0.6-win32-x86_64\bin\verify.dll
0x00007ff99be40000 - 0x00007ff99be85000 	C:\Users\user\AppData\Roaming\Cursor\User\globalStorage\redhat.java\1.41.1\config_win\org.eclipse.equinox.launcher\org.eclipse.equinox.launcher.win32.win32.x86_64_1.2.1300.v20250331-1702\eclipse_11911.dll
0x00007ff9ce7f0000 - 0x00007ff9ce91b000 	C:\Windows\System32\ole32.dll
0x00007ff9cba50000 - 0x00007ff9cba68000 	C:\Windows\SYSTEM32\CRYPTSP.dll
0x00007ff9cb0d0000 - 0x00007ff9cb104000 	C:\Windows\system32\rsaenh.dll
0x00007ff9cbfe0000 - 0x00007ff9cc00e000 	C:\Windows\SYSTEM32\USERENV.dll
0x00007ff9cb980000 - 0x00007ff9cb98c000 	C:\Windows\SYSTEM32\CRYPTBASE.dll
0x00007ff9cb4f0000 - 0x00007ff9cb52b000 	C:\Windows\SYSTEM32\IPHLPAPI.DLL
0x00007ff9cd490000 - 0x00007ff9cd498000 	C:\Windows\System32\NSI.dll
0x00007ff99bda0000 - 0x00007ff99bde9000 	C:\Users\user\AppData\Local\Temp\jna-3599307\jna10139494593885677373.dll
0x00007ff9cd540000 - 0x00007ff9cd548000 	C:\Windows\System32\PSAPI.DLL
0x00007ff9c60c0000 - 0x00007ff9c60d7000 	C:\Windows\SYSTEM32\dhcpcsvc6.DLL
0x00007ff9c67b0000 - 0x00007ff9c67cd000 	C:\Windows\SYSTEM32\dhcpcsvc.DLL
0x00007ff9a6990000 - 0x00007ff9a69b7000 	C:\Users\user\.gradle\native\c067742578af261105cb4f569cf0c3c89f3d7b1fecec35dd04571415982c5e48\windows-amd64\native-platform.dll
0x00007ff9a99c0000 - 0x00007ff9a99ca000 	C:\Users\user\.cursor\extensions\redhat.java-1.41.1-win32-x64\jre\21.0.6-win32-x86_64\bin\management.dll
0x00007ff9a8780000 - 0x00007ff9a878b000 	C:\Users\user\.cursor\extensions\redhat.java-1.41.1-win32-x64\jre\21.0.6-win32-x86_64\bin\management_ext.dll
0x00007ff9a42d0000 - 0x00007ff9a42f7000 	C:\Users\user\.gradle\native\c067742578af261105cb4f569cf0c3c89f3d7b1fecec35dd04571415982c5e48\windows-amd64-min\native-platform.dll
0x00007ff9a6f30000 - 0x00007ff9a6f39000 	C:\Users\user\.cursor\extensions\redhat.java-1.41.1-win32-x64\jre\21.0.6-win32-x86_64\bin\extnet.dll

dbghelp: loaded successfully - version: 4.0.5 - missing functions: none
symbol engine: initialized successfully - sym options: 0x614 - pdb path: .;c:\Users\user\.cursor\extensions\redhat.java-1.41.1-win32-x64\jre\21.0.6-win32-x86_64\bin;C:\Windows\SYSTEM32;C:\Windows\WinSxS\amd64_microsoft.windows.common-controls_6595b64144ccf1df_6.0.19041.4355_none_60b8b9eb71f62e16;c:\Users\user\.cursor\extensions\redhat.java-1.41.1-win32-x64\jre\21.0.6-win32-x86_64\bin\server;C:\Users\user\AppData\Roaming\Cursor\User\globalStorage\redhat.java\1.41.1\config_win\org.eclipse.equinox.launcher\org.eclipse.equinox.launcher.win32.win32.x86_64_1.2.1300.v20250331-1702;C:\Users\user\AppData\Local\Temp\jna-3599307;C:\Users\user\.gradle\native\c067742578af261105cb4f569cf0c3c89f3d7b1fecec35dd04571415982c5e48\windows-amd64;C:\Users\user\.gradle\native\c067742578af261105cb4f569cf0c3c89f3d7b1fecec35dd04571415982c5e48\windows-amd64-min

VM Arguments:
jvm_args: --add-modules=ALL-SYSTEM --add-opens=java.base/java.util=ALL-UNNAMED --add-opens=java.base/java.lang=ALL-UNNAMED --add-opens=java.base/sun.nio.fs=ALL-UNNAMED -Declipse.application=org.eclipse.jdt.ls.core.id1 -Dosgi.bundles.defaultStartLevel=4 -Declipse.product=org.eclipse.jdt.ls.core.product -Djava.import.generatesMetadataFilesAtProjectRoot=false -DDetectVMInstallationsJob.disabled=true -Dfile.encoding=utf8 -XX:+UseParallelGC -XX:GCTimeRatio=4 -XX:AdaptiveSizePolicyWeight=90 -Dsun.zip.disableMemoryMapping=true -Xmx1G -Xms100m -Xlog:disable -javaagent:c:\Users\user\.cursor\extensions\redhat.java-1.41.1-win32-x64\lombok\lombok-1.18.36.jar -XX:+HeapDumpOnOutOfMemoryError -XX:HeapDumpPath=c:\Users\user\AppData\Roaming\Cursor\User\workspaceStorage\f3c442a9c50ab3c94a1272807d9e31f5\redhat.java -Daether.dependencyCollector.impl=bf 
java_command: c:\Users\user\.cursor\extensions\redhat.java-1.41.1-win32-x64\server\plugins\org.eclipse.equinox.launcher_1.7.0.v20250331-1702.jar -configuration c:\Users\user\AppData\Roaming\Cursor\User\globalStorage\redhat.java\1.41.1\config_win -data c:\Users\user\AppData\Roaming\Cursor\User\workspaceStorage\f3c442a9c50ab3c94a1272807d9e31f5\redhat.java\jdt_ws --pipe=\\.\pipe\lsp-572cfbf9aa87dacc725ef03b8ed0fec4-sock
java_class_path (initial): c:\Users\user\.cursor\extensions\redhat.java-1.41.1-win32-x64\server\plugins\org.eclipse.equinox.launcher_1.7.0.v20250331-1702.jar
Launcher Type: SUN_STANDARD

[Global flags]
    uintx AdaptiveSizePolicyWeight                 = 90                                        {product} {command line}
     intx CICompilerCount                          = 4                                         {product} {ergonomic}
    uintx GCTimeRatio                              = 4                                         {product} {command line}
     bool HeapDumpOnOutOfMemoryError               = true                                   {manageable} {command line}
    ccstr HeapDumpPath                             = c:\Users\user\AppData\Roaming\Cursor\User\workspaceStorage\f3c442a9c50ab3c94a1272807d9e31f5\redhat.java         {manageable} {command line}
   size_t InitialHeapSize                          = 104857600                                 {product} {command line}
   size_t MaxHeapSize                              = 1073741824                                {product} {command line}
   size_t MaxNewSize                               = 357564416                                 {product} {ergonomic}
   size_t MinHeapDeltaBytes                        = 524288                                    {product} {ergonomic}
   size_t MinHeapSize                              = 104857600                                 {product} {command line}
   size_t NewSize                                  = 34603008                                  {product} {ergonomic}
    uintx NonNMethodCodeHeapSize                   = 5839372                                {pd product} {ergonomic}
    uintx NonProfiledCodeHeapSize                  = 122909434                              {pd product} {ergonomic}
   size_t OldSize                                  = 70254592                                  {product} {ergonomic}
    uintx ProfiledCodeHeapSize                     = 122909434                              {pd product} {ergonomic}
    uintx ReservedCodeCacheSize                    = 251658240                              {pd product} {ergonomic}
     bool SegmentedCodeCache                       = true                                      {product} {ergonomic}
   size_t SoftMaxHeapSize                          = 1073741824                             {manageable} {ergonomic}
     bool UseCompressedOops                        = true                           {product lp64_product} {ergonomic}
     bool UseLargePagesIndividualAllocation        = false                                  {pd product} {ergonomic}
     bool UseParallelGC                            = true                                      {product} {command line}

Logging:
Log output configuration:
 #0: stdout all=off uptime,level,tags foldmultilines=false
 #1: stderr all=off uptime,level,tags foldmultilines=false

Environment Variables:
PATH=C:\Program Files (x86)\NVIDIA Corporation\PhysX\Common;C:\Program Files\Common Files\Oracle\Java\javapath;C:\Program Files (x86)\Common Files\Oracle\Java\javapath;C:\Windows\system32;C:\Windows;C:\Windows\System32\Wbem;C:\Windows\System32\WindowsPowerShell\v1.0\;C:\Windows\System32\OpenSSH\;C:\Program Files\dotnet\;C:\Program Files\Git\cmd;C:\Program Files\nodejs\;C:\Program Files\MySQL\MySQL Shell 8.0\bin\;C:\Users\user\python\Scripts\;C:\Users\user\python\;C:\Users\user\AppData\Local\Microsoft\WindowsApps;C:\Users\user\AppData\Local\Programs\Microsoft VS Code\bin;C:\Program Files\Git\cmd;E:\ospanel\modules\php\PHP_8.1;;C:\Program Files\JetBrains\IntelliJ IDEA Community Edition 2023.3.6\bin;;C:\Users\user\AppData\Roaming\npm;C:\cursor\resources\app\bin
USERNAME=user
OS=Windows_NT
PROCESSOR_IDENTIFIER=AMD64 Family 23 Model 8 Stepping 2, AuthenticAMD
TMP=C:\Users\user\AppData\Local\Temp
TEMP=C:\Users\user\AppData\Local\Temp




Periodic native trim disabled

---------------  S Y S T E M  ---------------

OS:
 Windows 10 , 64 bit Build 19041 (10.0.19041.5438)
OS uptime: 0 days 8:43 hours
Hyper-V role detected

CPU: total 12 (initial active 12) (12 cores per cpu, 2 threads per core) family 23 model 8 stepping 2 microcode 0x0, cx8, cmov, fxsr, ht, mmx, 3dnowpref, sse, sse2, sse3, ssse3, sse4a, sse4.1, sse4.2, popcnt, lzcnt, tsc, tscinvbit, avx, avx2, aes, clmul, bmi1, bmi2, adx, sha, fma, vzeroupper, clflush, clflushopt, hv, rdtscp, f16c
Processor Information for the first 12 processors :
  Max Mhz: 3400, Current Mhz: 3400, Mhz Limit: 3400

Memory: 4k page, system-wide physical 16309M (1009M free)
TotalPageFile size 24501M (AvailPageFile size 2M)
current process WorkingSet (physical memory assigned to process): 775M, peak: 775M
current process commit charge ("private bytes"): 693M, peak: 966M

vm_info: OpenJDK 64-Bit Server VM (21.0.6+7-LTS) for windows-amd64 JRE (21.0.6+7-LTS), built on 2025-01-21T00:00:00Z by "admin" with MS VC++ 17.7 (VS2022)

END.
