#
# There is insufficient memory for the Java Runtime Environment to continue.
# Native memory allocation (mmap) failed to map 65536 bytes. Error detail: Failed to commit metaspace.
# Possible reasons:
#   The system is out of physical RAM or swap space
#   This process is running with CompressedOops enabled, and the Java Heap may be blocking the growth of the native heap
# Possible solutions:
#   Reduce memory load on the system
#   Increase physical memory or swap space
#   Check if swap backing store is full
#   Decrease Java heap size (-Xmx/-Xms)
#   Decrease number of Java threads
#   Decrease Java thread stack sizes (-Xss)
#   Set larger code cache with -XX:ReservedCodeCacheSize=
#   JVM is running with Zero Based Compressed Oops mode in which the Java heap is
#     placed in the first 32GB address space. The Java Heap base address is the
#     maximum limit for the native heap growth. Please use -XX:HeapBaseMinAddress
#     to set the Java Heap base and to place the Java Heap above 32GB virtual address.
# This output file may be truncated or incomplete.
#
#  Out of Memory Error (virtualSpaceNode.cpp:113), pid=18084, tid=17252
#
# JRE version: OpenJDK Runtime Environment (21.0.5) (build 21.0.5+-13047016-b750.29)
# Java VM: OpenJDK 64-Bit Server VM (21.0.5+-13047016-b750.29, mixed mode, tiered, compressed oops, compressed class ptrs, g1 gc, windows-amd64)
# No core dump will be written. Minidumps are not enabled by default on client versions of Windows
#

---------------  S U M M A R Y ------------

Command Line: --add-opens=java.base/java.lang=ALL-UNNAMED --add-opens=java.base/java.lang.invoke=ALL-UNNAMED --add-opens=java.base/java.util=ALL-UNNAMED --add-opens=java.prefs/java.util.prefs=ALL-UNNAMED --add-exports=jdk.compiler/com.sun.tools.javac.api=ALL-UNNAMED --add-exports=jdk.compiler/com.sun.tools.javac.util=ALL-UNNAMED --add-opens=java.base/java.util=ALL-UNNAMED --add-opens=java.prefs/java.util.prefs=ALL-UNNAMED --add-opens=java.base/java.nio.charset=ALL-UNNAMED --add-opens=java.base/java.net=ALL-UNNAMED --add-opens=java.base/java.util.concurrent.atomic=ALL-UNNAMED --add-opens=java.xml/javax.xml.namespace=ALL-UNNAMED -Xmx4096m -Dfile.encoding=UTF-8 -Duser.country=RU -Duser.language=ru -Duser.variant -javaagent:C:\Users\user\.gradle\wrapper\dists\gradle-8.11.1-bin\bpt9gzteqjrbo1mjrsomdt32c\gradle-8.11.1\lib\agents\gradle-instrumentation-agent-8.11.1.jar org.gradle.launcher.daemon.bootstrap.GradleDaemon 8.11.1

Host: AMD Ryzen 5 2600 Six-Core Processor            , 12 cores, 15G,  Windows 10 , 64 bit Build 19041 (10.0.19041.5438)
Time: Thu Apr 24 00:04:27 2025 RTZ 4 (s 10 , 64 bit Build 19041 (10.0.19041.5438) elapsed time: 22.349003 seconds (0d 0h 0m 22s)

---------------  T H R E A D  ---------------

Current thread (0x0000020db04c6100):  JavaThread "C1 CompilerThread0" daemon [_thread_in_vm, id=17252, stack(0x000000d4f3700000,0x000000d4f3800000) (1024K)]


Current CompileTask:
C1:22349 7108       3       java.math.BigInteger::<init> (93 bytes)

Stack: [0x000000d4f3700000,0x000000d4f3800000]
Native frames: (J=compiled Java code, j=interpreted, Vv=VM code, C=native code)
V  [jvm.dll+0x6cfb29]
V  [jvm.dll+0x85df93]
V  [jvm.dll+0x8604ee]
V  [jvm.dll+0x860bd3]
V  [jvm.dll+0x27e6b6]
V  [jvm.dll+0x858e6e]
V  [jvm.dll+0x673d95]
V  [jvm.dll+0x673dfa]
V  [jvm.dll+0x676656]
V  [jvm.dll+0x676522]
V  [jvm.dll+0x67478e]
V  [jvm.dll+0x685b0a]
V  [jvm.dll+0x67ea92]
V  [jvm.dll+0x1f0e50]
V  [jvm.dll+0x1f1038]
V  [jvm.dll+0x162d16]
V  [jvm.dll+0x162b66]
V  [jvm.dll+0x15a109]
V  [jvm.dll+0x15c6a1]
V  [jvm.dll+0x15a9a4]
V  [jvm.dll+0x1544b0]
V  [jvm.dll+0x1648b6]
V  [jvm.dll+0x14f8a0]
V  [jvm.dll+0x14fc23]
V  [jvm.dll+0x14fee6]
V  [jvm.dll+0x14f25f]
V  [jvm.dll+0x151081]
V  [jvm.dll+0x25697c]
V  [jvm.dll+0x254ec6]
V  [jvm.dll+0x3f0ce6]
V  [jvm.dll+0x806368]
V  [jvm.dll+0x6ce3fd]
C  [ucrtbase.dll+0x21bb2]
C  [KERNEL32.DLL+0x17374]
C  [ntdll.dll+0x4cc91]


---------------  P R O C E S S  ---------------

Threads class SMR info:
_java_thread_list=0x0000020db98bd8b0, length=36, elements={
0x0000020d95f41b90, 0x0000020db04dbd80, 0x0000020db04dce90, 0x0000020db04e5cb0,
0x0000020db04e6700, 0x0000020db04e7150, 0x0000020db04c5380, 0x0000020db04fade0,
0x0000020db04c6100, 0x0000020db02b1eb0, 0x0000020db084b3f0, 0x0000020db6b38080,
0x0000020db6ba7220, 0x0000020db6afc260, 0x0000020db6b06a70, 0x0000020db69d52f0,
0x0000020db69a8cd0, 0x0000020db6a77b00, 0x0000020db6d1ee60, 0x0000020db6cb6b90,
0x0000020db6cb85d0, 0x0000020db6cb8c60, 0x0000020db6cb92f0, 0x0000020db6cb5e70,
0x0000020db6cb7220, 0x0000020db6cb78b0, 0x0000020db6cb7f40, 0x0000020db8018700,
0x0000020db8018d90, 0x0000020db8014bf0, 0x0000020db8015910, 0x0000020db8015280,
0x0000020db80179e0, 0x0000020db8015fa0, 0x0000020db801ae60, 0x0000020db8014560
}

Java Threads: ( => current thread )
  0x0000020d95f41b90 JavaThread "main"                              [_thread_blocked, id=16552, stack(0x000000d4f2800000,0x000000d4f2900000) (1024K)]
  0x0000020db04dbd80 JavaThread "Reference Handler"          daemon [_thread_blocked, id=11348, stack(0x000000d4f3000000,0x000000d4f3100000) (1024K)]
  0x0000020db04dce90 JavaThread "Finalizer"                  daemon [_thread_blocked, id=13976, stack(0x000000d4f3100000,0x000000d4f3200000) (1024K)]
  0x0000020db04e5cb0 JavaThread "Signal Dispatcher"          daemon [_thread_blocked, id=16348, stack(0x000000d4f3200000,0x000000d4f3300000) (1024K)]
  0x0000020db04e6700 JavaThread "Attach Listener"            daemon [_thread_blocked, id=13528, stack(0x000000d4f3300000,0x000000d4f3400000) (1024K)]
  0x0000020db04e7150 JavaThread "Service Thread"             daemon [_thread_blocked, id=15088, stack(0x000000d4f3400000,0x000000d4f3500000) (1024K)]
  0x0000020db04c5380 JavaThread "Monitor Deflation Thread"   daemon [_thread_blocked, id=10096, stack(0x000000d4f3500000,0x000000d4f3600000) (1024K)]
  0x0000020db04fade0 JavaThread "C2 CompilerThread0"         daemon [_thread_blocked, id=14856, stack(0x000000d4f3600000,0x000000d4f3700000) (1024K)]
=>0x0000020db04c6100 JavaThread "C1 CompilerThread0"         daemon [_thread_in_vm, id=17252, stack(0x000000d4f3700000,0x000000d4f3800000) (1024K)]
  0x0000020db02b1eb0 JavaThread "Common-Cleaner"             daemon [_thread_blocked, id=11188, stack(0x000000d4f3800000,0x000000d4f3900000) (1024K)]
  0x0000020db084b3f0 JavaThread "Notification Thread"        daemon [_thread_blocked, id=15316, stack(0x000000d4f3900000,0x000000d4f3a00000) (1024K)]
  0x0000020db6b38080 JavaThread "Daemon health stats"               [_thread_blocked, id=15064, stack(0x000000d4f3b00000,0x000000d4f3c00000) (1024K)]
  0x0000020db6ba7220 JavaThread "Incoming local TCP Connector on port 58417"        [_thread_in_native, id=13732, stack(0x000000d4f3a00000,0x000000d4f3b00000) (1024K)]
  0x0000020db6afc260 JavaThread "Daemon periodic checks"            [_thread_blocked, id=16452, stack(0x000000d4f4100000,0x000000d4f4200000) (1024K)]
  0x0000020db6b06a70 JavaThread "Daemon"                            [_thread_blocked, id=11944, stack(0x000000d4f4600000,0x000000d4f4700000) (1024K)]
  0x0000020db69d52f0 JavaThread "Handler for socket connection from /127.0.0.1:58417 to /127.0.0.1:58418"        [_thread_in_native, id=16600, stack(0x000000d4f4700000,0x000000d4f4800000) (1024K)]
  0x0000020db69a8cd0 JavaThread "Cancel handler"                    [_thread_blocked, id=3148, stack(0x000000d4f4800000,0x000000d4f4900000) (1024K)]
  0x0000020db6a77b00 JavaThread "Daemon worker"                     [_thread_in_vm, id=16564, stack(0x000000d4f4900000,0x000000d4f4a00000) (1024K)]
  0x0000020db6d1ee60 JavaThread "Asynchronous log dispatcher for DefaultDaemonConnection: socket connection from /127.0.0.1:58417 to /127.0.0.1:58418"        [_thread_blocked, id=17848, stack(0x000000d4f4a00000,0x000000d4f4b00000) (1024K)]
  0x0000020db6cb6b90 JavaThread "Stdin handler"                     [_thread_blocked, id=13484, stack(0x000000d4f4b00000,0x000000d4f4c00000) (1024K)]
  0x0000020db6cb85d0 JavaThread "Daemon client event forwarder"        [_thread_blocked, id=4360, stack(0x000000d4f4c00000,0x000000d4f4d00000) (1024K)]
  0x0000020db6cb8c60 JavaThread "Cache worker for journal cache (C:\Users\user\.gradle\caches\journal-1)"        [_thread_blocked, id=7784, stack(0x000000d4f4f00000,0x000000d4f5000000) (1024K)]
  0x0000020db6cb92f0 JavaThread "File lock request listener"        [_thread_in_native, id=15764, stack(0x000000d4f5000000,0x000000d4f5100000) (1024K)]
  0x0000020db6cb5e70 JavaThread "Cache worker for file hash cache (C:\Users\user\.gradle\caches\8.11.1\fileHashes)"        [_thread_blocked, id=14820, stack(0x000000d4f5100000,0x000000d4f5200000) (1024K)]
  0x0000020db6cb7220 JavaThread "Cache worker for file content cache (C:\Users\user\.gradle\caches\8.11.1\fileContent)"        [_thread_blocked, id=13820, stack(0x000000d4f5400000,0x000000d4f5500000) (1024K)]
  0x0000020db6cb78b0 JavaThread "Cache worker for file hash cache (C:\Users\user\AndroidStudioProjects\StoryThere\.gradle\8.11.1\fileHashes)"        [_thread_blocked, id=1324, stack(0x000000d4f5500000,0x000000d4f5600000) (1024K)]
  0x0000020db6cb7f40 JavaThread "Cache worker for Build Output Cleanup Cache (C:\Users\user\AndroidStudioProjects\StoryThere\.gradle\buildOutputCleanup)"        [_thread_blocked, id=18128, stack(0x000000d4f5600000,0x000000d4f5700000) (1024K)]
  0x0000020db8018700 JavaThread "File watcher server"        daemon [_thread_in_native, id=15428, stack(0x000000d4f5700000,0x000000d4f5800000) (1024K)]
  0x0000020db8018d90 JavaThread "File watcher consumer"      daemon [_thread_blocked, id=16332, stack(0x000000d4f5800000,0x000000d4f5900000) (1024K)]
  0x0000020db8014bf0 JavaThread "Cache worker for checksums cache (C:\Users\user\AndroidStudioProjects\StoryThere\.gradle\8.11.1\checksums)"        [_thread_blocked, id=4132, stack(0x000000d4f5200000,0x000000d4f5300000) (1024K)]
  0x0000020db8015910 JavaThread "Cache worker for cache directory md-rule (C:\Users\user\.gradle\caches\8.11.1\md-rule)"        [_thread_blocked, id=17600, stack(0x000000d4f5300000,0x000000d4f5400000) (1024K)]
  0x0000020db8015280 JavaThread "Cache worker for cache directory md-supplier (C:\Users\user\.gradle\caches\8.11.1\md-supplier)"        [_thread_blocked, id=18164, stack(0x000000d4f5900000,0x000000d4f5a00000) (1024K)]
  0x0000020db80179e0 JavaThread "jar transforms"                    [_thread_blocked, id=14804, stack(0x000000d4f5c00000,0x000000d4f5d00000) (1024K)]
  0x0000020db8015fa0 JavaThread "jar transforms Thread 2"           [_thread_blocked, id=17288, stack(0x000000d4f5d00000,0x000000d4f5e00000) (1024K)]
  0x0000020db801ae60 JavaThread "File lock release action executor"        [_thread_blocked, id=5008, stack(0x000000d4f5e00000,0x000000d4f5f00000) (1024K)]
  0x0000020db8014560 JavaThread "jar transforms Thread 3"           [_thread_blocked, id=18156, stack(0x000000d4f5a00000,0x000000d4f5b00000) (1024K)]
Total: 36

Other Threads:
  0x0000020db031e390 VMThread "VM Thread"                           [id=4548, stack(0x000000d4f2f00000,0x000000d4f3000000) (1024K)]
  0x0000020db02b0ec0 WatcherThread "VM Periodic Task Thread"        [id=16904, stack(0x000000d4f2e00000,0x000000d4f2f00000) (1024K)]
  0x0000020d95fa7480 WorkerThread "GC Thread#0"                     [id=8728, stack(0x000000d4f2900000,0x000000d4f2a00000) (1024K)]
  0x0000020db54b1a50 WorkerThread "GC Thread#1"                     [id=9852, stack(0x000000d4f3c00000,0x000000d4f3d00000) (1024K)]
  0x0000020db53b1150 WorkerThread "GC Thread#2"                     [id=6156, stack(0x000000d4f3d00000,0x000000d4f3e00000) (1024K)]
  0x0000020db50d5a50 WorkerThread "GC Thread#3"                     [id=16796, stack(0x000000d4f3e00000,0x000000d4f3f00000) (1024K)]
  0x0000020db5592040 WorkerThread "GC Thread#4"                     [id=13324, stack(0x000000d4f3f00000,0x000000d4f4000000) (1024K)]
  0x0000020db55923e0 WorkerThread "GC Thread#5"                     [id=4504, stack(0x000000d4f4000000,0x000000d4f4100000) (1024K)]
  0x0000020db6af6350 WorkerThread "GC Thread#6"                     [id=16472, stack(0x000000d4f4200000,0x000000d4f4300000) (1024K)]
  0x0000020db6af5870 WorkerThread "GC Thread#7"                     [id=8632, stack(0x000000d4f4300000,0x000000d4f4400000) (1024K)]
  0x0000020db6af71d0 WorkerThread "GC Thread#8"                     [id=18416, stack(0x000000d4f4400000,0x000000d4f4500000) (1024K)]
  0x0000020db6af66f0 WorkerThread "GC Thread#9"                     [id=15952, stack(0x000000d4f4500000,0x000000d4f4600000) (1024K)]
  0x0000020d95fb9380 ConcurrentGCThread "G1 Main Marker"            [id=5484, stack(0x000000d4f2a00000,0x000000d4f2b00000) (1024K)]
  0x0000020d95fbada0 WorkerThread "G1 Conc#0"                       [id=5004, stack(0x000000d4f2b00000,0x000000d4f2c00000) (1024K)]
  0x0000020db6af6e30 WorkerThread "G1 Conc#1"                       [id=17148, stack(0x000000d4f4d00000,0x000000d4f4e00000) (1024K)]
  0x0000020db6af5c10 WorkerThread "G1 Conc#2"                       [id=15048, stack(0x000000d4f4e00000,0x000000d4f4f00000) (1024K)]
  0x0000020db01789b0 ConcurrentGCThread "G1 Refine#0"               [id=5252, stack(0x000000d4f2c00000,0x000000d4f2d00000) (1024K)]
  0x0000020db0179330 ConcurrentGCThread "G1 Service"                [id=16724, stack(0x000000d4f2d00000,0x000000d4f2e00000) (1024K)]
Total: 18

Threads with active compile tasks:
C1 CompilerThread0  22396 7108       3       java.math.BigInteger::<init> (93 bytes)
Total: 1

VM state: not at safepoint (normal execution)

VM Mutex/Monitor currently owned by a thread:  ([mutex/lock_event])
[0x00007ff9722db160] Metaspace_lock - owner thread: 0x0000020db04c6100

Heap address: 0x0000000700000000, size: 4096 MB, Compressed Oops mode: Zero based, Oop shift amount: 3

CDS archive(s) not mapped
Compressed class space mapped at: 0x0000000800000000-0x0000000840000000, reserved size: 1073741824
Narrow klass base: 0x0000000800000000, Narrow klass shift: 0, Narrow klass range: 0x40000000

GC Precious Log:
 CardTable entry size: 512
 Card Set container configuration: InlinePtr #cards 4 size 8 Array Of Cards #cards 16 size 48 Howl #buckets 8 coarsen threshold 3686 Howl Bitmap #cards 512 size 80 coarsen threshold 460 Card regions per heap region 1 cards per card region 4096
 CPUs: 12 total, 12 available
 Memory: 16309M
 Large Page Support: Disabled
 NUMA Support: Disabled
 Compressed Oops: Enabled (Zero based)
 Heap Region Size: 2M
 Heap Min Capacity: 8M
 Heap Initial Capacity: 256M
 Heap Max Capacity: 4G
 Pre-touch: Disabled
 Parallel Workers: 10
 Concurrent Workers: 3
 Concurrent Refinement Workers: 10
 Periodic GC: Disabled

Heap:
 garbage-first heap   total 92160K, used 53609K [0x0000000700000000, 0x0000000800000000)
  region size 2048K, 5 young (10240K), 2 survivors (4096K)
 Metaspace       used 76660K, committed 78336K, reserved 1179648K
  class space    used 10374K, committed 11200K, reserved 1048576K

Heap Regions: E=young(eden), S=young(survivor), O=old, HS=humongous(starts), HC=humongous(continues), CS=collection set, F=free, TAMS=top-at-mark-start, PB=parsable bottom
|   0|0x0000000700000000, 0x0000000700200000, 0x0000000700200000|100%|HS|  |TAMS 0x0000000700000000| PB 0x0000000700000000| Complete 
|   1|0x0000000700200000, 0x0000000700400000, 0x0000000700400000|100%|HC|  |TAMS 0x0000000700200000| PB 0x0000000700200000| Complete 
|   2|0x0000000700400000, 0x0000000700600000, 0x0000000700600000|100%| O|  |TAMS 0x0000000700400000| PB 0x0000000700400000| Untracked 
|   3|0x0000000700600000, 0x0000000700800000, 0x0000000700800000|100%| O|  |TAMS 0x0000000700600000| PB 0x0000000700600000| Untracked 
|   4|0x0000000700800000, 0x0000000700a00000, 0x0000000700a00000|100%| O|  |TAMS 0x0000000700800000| PB 0x0000000700800000| Untracked 
|   5|0x0000000700a00000, 0x0000000700c00000, 0x0000000700c00000|100%| O|  |TAMS 0x0000000700a00000| PB 0x0000000700a00000| Untracked 
|   6|0x0000000700c00000, 0x0000000700e00000, 0x0000000700e00000|100%| O|  |TAMS 0x0000000700c00000| PB 0x0000000700c00000| Untracked 
|   7|0x0000000700e00000, 0x0000000701000000, 0x0000000701000000|100%| O|  |TAMS 0x0000000700e00000| PB 0x0000000700e00000| Untracked 
|   8|0x0000000701000000, 0x0000000701200000, 0x0000000701200000|100%| O|  |TAMS 0x0000000701000000| PB 0x0000000701000000| Untracked 
|   9|0x0000000701200000, 0x0000000701400000, 0x0000000701400000|100%| O|  |TAMS 0x0000000701200000| PB 0x0000000701200000| Untracked 
|  10|0x0000000701400000, 0x0000000701600000, 0x0000000701600000|100%| O|  |TAMS 0x0000000701400000| PB 0x0000000701400000| Untracked 
|  11|0x0000000701600000, 0x0000000701800000, 0x0000000701800000|100%| O|  |TAMS 0x0000000701600000| PB 0x0000000701600000| Untracked 
|  12|0x0000000701800000, 0x0000000701a00000, 0x0000000701a00000|100%| O|  |TAMS 0x0000000701800000| PB 0x0000000701800000| Untracked 
|  13|0x0000000701a00000, 0x0000000701c00000, 0x0000000701c00000|100%| O|  |TAMS 0x0000000701a00000| PB 0x0000000701a00000| Untracked 
|  14|0x0000000701c00000, 0x0000000701e00000, 0x0000000701e00000|100%| O|  |TAMS 0x0000000701c00000| PB 0x0000000701c00000| Untracked 
|  15|0x0000000701e00000, 0x0000000702000000, 0x0000000702000000|100%| O|  |TAMS 0x0000000701e00000| PB 0x0000000701e00000| Untracked 
|  16|0x0000000702000000, 0x0000000702200000, 0x0000000702200000|100%| O|  |TAMS 0x0000000702000000| PB 0x0000000702000000| Untracked 
|  17|0x0000000702200000, 0x0000000702400000, 0x0000000702400000|100%| O|  |TAMS 0x0000000702200000| PB 0x0000000702200000| Untracked 
|  18|0x0000000702400000, 0x0000000702600000, 0x0000000702600000|100%| O|  |TAMS 0x0000000702400000| PB 0x0000000702400000| Untracked 
|  19|0x0000000702600000, 0x0000000702800000, 0x0000000702800000|100%| O|  |TAMS 0x0000000702600000| PB 0x0000000702600000| Untracked 
|  20|0x0000000702800000, 0x0000000702916380, 0x0000000702a00000| 54%| O|  |TAMS 0x0000000702800000| PB 0x0000000702800000| Untracked 
|  21|0x0000000702a00000, 0x0000000702c00000, 0x0000000702c00000|100%| O|  |TAMS 0x0000000702a00000| PB 0x0000000702a00000| Untracked 
|  22|0x0000000702c00000, 0x0000000702c00000, 0x0000000702e00000|  0%| F|  |TAMS 0x0000000702c00000| PB 0x0000000702c00000| Untracked 
|  23|0x0000000702e00000, 0x0000000702e00000, 0x0000000703000000|  0%| F|  |TAMS 0x0000000702e00000| PB 0x0000000702e00000| Untracked 
|  24|0x0000000703000000, 0x0000000703000000, 0x0000000703200000|  0%| F|  |TAMS 0x0000000703000000| PB 0x0000000703000000| Untracked 
|  25|0x0000000703200000, 0x0000000703200000, 0x0000000703400000|  0%| F|  |TAMS 0x0000000703200000| PB 0x0000000703200000| Untracked 
|  26|0x0000000703400000, 0x0000000703544210, 0x0000000703600000| 63%| S|CS|TAMS 0x0000000703400000| PB 0x0000000703400000| Complete 
|  27|0x0000000703600000, 0x0000000703800000, 0x0000000703800000|100%| S|CS|TAMS 0x0000000703600000| PB 0x0000000703600000| Complete 
|  28|0x0000000703800000, 0x0000000703800000, 0x0000000703a00000|  0%| F|  |TAMS 0x0000000703800000| PB 0x0000000703800000| Untracked 
|  29|0x0000000703a00000, 0x0000000703a00000, 0x0000000703c00000|  0%| F|  |TAMS 0x0000000703a00000| PB 0x0000000703a00000| Untracked 
|  30|0x0000000703c00000, 0x0000000703c00000, 0x0000000703e00000|  0%| F|  |TAMS 0x0000000703c00000| PB 0x0000000703c00000| Untracked 
|  31|0x0000000703e00000, 0x0000000703e00000, 0x0000000704000000|  0%| F|  |TAMS 0x0000000703e00000| PB 0x0000000703e00000| Untracked 
|  32|0x0000000704000000, 0x0000000704000000, 0x0000000704200000|  0%| F|  |TAMS 0x0000000704000000| PB 0x0000000704000000| Untracked 
|  33|0x0000000704200000, 0x0000000704200000, 0x0000000704400000|  0%| F|  |TAMS 0x0000000704200000| PB 0x0000000704200000| Untracked 
|  34|0x0000000704400000, 0x0000000704400000, 0x0000000704600000|  0%| F|  |TAMS 0x0000000704400000| PB 0x0000000704400000| Untracked 
|  35|0x0000000704600000, 0x0000000704600000, 0x0000000704800000|  0%| F|  |TAMS 0x0000000704600000| PB 0x0000000704600000| Untracked 
|  36|0x0000000704800000, 0x0000000704800000, 0x0000000704a00000|  0%| F|  |TAMS 0x0000000704800000| PB 0x0000000704800000| Untracked 
|  37|0x0000000704a00000, 0x0000000704a00000, 0x0000000704c00000|  0%| F|  |TAMS 0x0000000704a00000| PB 0x0000000704a00000| Untracked 
| 116|0x000000070e800000, 0x000000070e800000, 0x000000070ea00000|  0%| F|  |TAMS 0x000000070e800000| PB 0x000000070e800000| Untracked 
| 117|0x000000070ea00000, 0x000000070ea00000, 0x000000070ec00000|  0%| F|  |TAMS 0x000000070ea00000| PB 0x000000070ea00000| Untracked 
| 118|0x000000070ec00000, 0x000000070ec00000, 0x000000070ee00000|  0%| F|  |TAMS 0x000000070ec00000| PB 0x000000070ec00000| Untracked 
| 119|0x000000070ee00000, 0x000000070ef1daf8, 0x000000070f000000| 55%| E|  |TAMS 0x000000070ee00000| PB 0x000000070ee00000| Complete 
| 120|0x000000070f000000, 0x000000070f200000, 0x000000070f200000|100%| E|CS|TAMS 0x000000070f000000| PB 0x000000070f000000| Complete 
| 127|0x000000070fe00000, 0x0000000710000000, 0x0000000710000000|100%| E|CS|TAMS 0x000000070fe00000| PB 0x000000070fe00000| Complete 
|2047|0x00000007ffe00000, 0x0000000800000000, 0x0000000800000000|100%| O|  |TAMS 0x00000007ffe00000| PB 0x00000007ffe00000| Untracked 

Card table byte_map: [0x0000020da8df0000,0x0000020da95f0000] _byte_map_base: 0x0000020da55f0000

Marking Bits: (CMBitMap*) 0x0000020d95fa7a90
 Bits: [0x0000020da95f0000, 0x0000020dad5f0000)

Polling page: 0x0000020d95710000

Metaspace:

Usage:
  Non-class:     64.73 MB used.
      Class:     10.13 MB used.
       Both:     74.86 MB used.

Virtual space:
  Non-class space:      128.00 MB reserved,      65.56 MB ( 51%) committed,  2 nodes.
      Class space:        1.00 GB reserved,      10.94 MB (  1%) committed,  1 nodes.
             Both:        1.12 GB reserved,      76.50 MB (  7%) committed. 

Chunk freelists:
   Non-Class:  14.05 MB
       Class:  4.92 MB
        Both:  18.97 MB

MaxMetaspaceSize: unlimited
CompressedClassSpaceSize: 1.00 GB
Initial GC threshold: 21.00 MB
Current GC threshold: 99.19 MB
CDS: off
 - commit_granule_bytes: 65536.
 - commit_granule_words: 8192.
 - virtual_space_node_default_size: 8388608.
 - enlarge_chunks_in_place: 1.
 - use_allocation_guard: 0.


Internal statistics:

num_allocs_failed_limit: 12.
num_arena_births: 3034.
num_arena_deaths: 0.
num_vsnodes_births: 3.
num_vsnodes_deaths: 0.
num_space_committed: 1224.
num_space_uncommitted: 0.
num_chunks_returned_to_freelist: 12.
num_chunks_taken_from_freelist: 5897.
num_chunk_merges: 12.
num_chunk_splits: 3827.
num_chunks_enlarged: 2406.
num_inconsistent_stats: 0.

CodeHeap 'non-profiled nmethods': size=120000Kb used=4416Kb max_used=4416Kb free=115584Kb
 bounds [0x0000020da0b70000, 0x0000020da0fc0000, 0x0000020da80a0000]
CodeHeap 'profiled nmethods': size=120000Kb used=12867Kb max_used=12867Kb free=107132Kb
 bounds [0x0000020d990a0000, 0x0000020d99d40000, 0x0000020da05d0000]
CodeHeap 'non-nmethods': size=5760Kb used=2815Kb max_used=2849Kb free=2944Kb
 bounds [0x0000020da05d0000, 0x0000020da08a0000, 0x0000020da0b70000]
 total_blobs=7460 nmethods=6522 adapters=842
 compilation: enabled
              stopped_count=0, restarted_count=0
 full_count=0

Compilation events (20 events):
Event: 22.115 Thread 0x0000020db04c6100 7096       1       org.gradle.internal.operations.DefaultBuildOperationListenerManager::access$000 (5 bytes)
Event: 22.115 Thread 0x0000020db04c6100 nmethod 7096 0x0000020da0fbec90 code [0x0000020da0fbee20, 0x0000020da0fbeed0]
Event: 22.115 Thread 0x0000020db04c6100 7100       1       org.gradle.cache.internal.filelock.DefaultLockStateSerializer::getVersion (2 bytes)
Event: 22.115 Thread 0x0000020db04c6100 nmethod 7100 0x0000020da0fbef90 code [0x0000020da0fbf120, 0x0000020da0fbf1e8]
Event: 22.119 Thread 0x0000020db04c6100 7101       3       sun.nio.ch.Util::getTemporaryDirectBuffer (55 bytes)
Event: 22.120 Thread 0x0000020db04c6100 nmethod 7101 0x0000020d99d2c490 code [0x0000020d99d2c720, 0x0000020d99d2d298]
Event: 22.120 Thread 0x0000020db04c6100 7102       3       sun.nio.ch.Util$BufferCache::get (164 bytes)
Event: 22.121 Thread 0x0000020db04c6100 nmethod 7102 0x0000020d99d2d610 code [0x0000020d99d2d840, 0x0000020d99d2e230]
Event: 22.121 Thread 0x0000020db04c6100 7103       3       sun.nio.ch.Util::offerFirstTemporaryDirectBuffer (53 bytes)
Event: 22.122 Thread 0x0000020db04c6100 nmethod 7103 0x0000020d99d2e590 code [0x0000020d99d2e800, 0x0000020d99d2f318]
Event: 22.136 Thread 0x0000020db04fade0 nmethod 7099% 0x0000020da0fbf290 code [0x0000020da0fbf440, 0x0000020da0fbfd88]
Event: 22.344 Thread 0x0000020db04c6100 7104       3       org.gradle.internal.logging.slf4j.OutputEventListenerBackedLogger::debug (7 bytes)
Event: 22.344 Thread 0x0000020db04c6100 nmethod 7104 0x0000020d99d2f690 code [0x0000020d99d2f840, 0x0000020d99d2f980]
Event: 22.345 Thread 0x0000020db04c6100 7106       3       java.util.HashMap$HashIterator::<init> (79 bytes)
Event: 22.345 Thread 0x0000020db04c6100 nmethod 7106 0x0000020d99d2fa10 code [0x0000020d99d2fbe0, 0x0000020d99d2fff8]
Event: 22.345 Thread 0x0000020db04c6100 7105       3       org.gradle.internal.logging.slf4j.BuildOperationAwareLogger::debug (18 bytes)
Event: 22.345 Thread 0x0000020db04c6100 nmethod 7105 0x0000020d99d30190 code [0x0000020d99d30360, 0x0000020d99d306a0]
Event: 22.345 Thread 0x0000020db04c6100 7107       3       org.gradle.internal.serialize.kryo.KryoBackedEncoder::writeString (23 bytes)
Event: 22.345 Thread 0x0000020db04c6100 nmethod 7107 0x0000020d99d30810 code [0x0000020d99d309e0, 0x0000020d99d30c40]
Event: 22.345 Thread 0x0000020db04c6100 7108       3       java.math.BigInteger::<init> (93 bytes)

GC Heap History (20 events):
Event: 9.645 GC heap before
{Heap before GC invocations=6 (full 0):
 garbage-first heap   total 88064K, used 62682K [0x0000000700000000, 0x0000000800000000)
  region size 2048K, 25 young (51200K), 6 survivors (12288K)
 Metaspace       used 34566K, committed 35392K, reserved 1114112K
  class space    used 4598K, committed 4992K, reserved 1048576K
}
Event: 9.654 GC heap after
{Heap after GC invocations=7 (full 0):
 garbage-first heap   total 88064K, used 26188K [0x0000000700000000, 0x0000000800000000)
  region size 2048K, 4 young (8192K), 4 survivors (8192K)
 Metaspace       used 34566K, committed 35392K, reserved 1114112K
  class space    used 4598K, committed 4992K, reserved 1048576K
}
Event: 9.865 GC heap before
{Heap before GC invocations=7 (full 0):
 garbage-first heap   total 88064K, used 30284K [0x0000000700000000, 0x0000000800000000)
  region size 2048K, 8 young (16384K), 4 survivors (8192K)
 Metaspace       used 35264K, committed 36096K, reserved 1114112K
  class space    used 4715K, committed 5120K, reserved 1048576K
}
Event: 9.872 GC heap after
{Heap after GC invocations=8 (full 0):
 garbage-first heap   total 88064K, used 26691K [0x0000000700000000, 0x0000000800000000)
  region size 2048K, 2 young (4096K), 2 survivors (4096K)
 Metaspace       used 35264K, committed 36096K, reserved 1114112K
  class space    used 4715K, committed 5120K, reserved 1048576K
}
Event: 11.112 GC heap before
{Heap before GC invocations=9 (full 0):
 garbage-first heap   total 88064K, used 71747K [0x0000000700000000, 0x0000000800000000)
  region size 2048K, 24 young (49152K), 2 survivors (4096K)
 Metaspace       used 41775K, committed 43008K, reserved 1114112K
  class space    used 5671K, committed 6272K, reserved 1048576K
}
Event: 11.117 GC heap after
{Heap after GC invocations=10 (full 0):
 garbage-first heap   total 88064K, used 29402K [0x0000000700000000, 0x0000000800000000)
  region size 2048K, 3 young (6144K), 3 survivors (6144K)
 Metaspace       used 41775K, committed 43008K, reserved 1114112K
  class space    used 5671K, committed 6272K, reserved 1048576K
}
Event: 12.553 GC heap before
{Heap before GC invocations=10 (full 0):
 garbage-first heap   total 88064K, used 72410K [0x0000000700000000, 0x0000000800000000)
  region size 2048K, 25 young (51200K), 3 survivors (6144K)
 Metaspace       used 47662K, committed 48832K, reserved 1114112K
  class space    used 6401K, committed 6976K, reserved 1048576K
}
Event: 12.564 GC heap after
{Heap after GC invocations=11 (full 0):
 garbage-first heap   total 88064K, used 34523K [0x0000000700000000, 0x0000000800000000)
  region size 2048K, 4 young (8192K), 4 survivors (8192K)
 Metaspace       used 47662K, committed 48832K, reserved 1114112K
  class space    used 6401K, committed 6976K, reserved 1048576K
}
Event: 13.643 GC heap before
{Heap before GC invocations=11 (full 0):
 garbage-first heap   total 88064K, used 75483K [0x0000000700000000, 0x0000000800000000)
  region size 2048K, 23 young (47104K), 4 survivors (8192K)
 Metaspace       used 51158K, committed 52544K, reserved 1114112K
  class space    used 6822K, committed 7488K, reserved 1048576K
}
Event: 13.652 GC heap after
{Heap after GC invocations=12 (full 0):
 garbage-first heap   total 92160K, used 38190K [0x0000000700000000, 0x0000000800000000)
  region size 2048K, 3 young (6144K), 3 survivors (6144K)
 Metaspace       used 51158K, committed 52544K, reserved 1114112K
  class space    used 6822K, committed 7488K, reserved 1048576K
}
Event: 14.985 GC heap before
{Heap before GC invocations=12 (full 0):
 garbage-first heap   total 92160K, used 77102K [0x0000000700000000, 0x0000000800000000)
  region size 2048K, 22 young (45056K), 3 survivors (6144K)
 Metaspace       used 56535K, committed 58112K, reserved 1114112K
  class space    used 7668K, committed 8448K, reserved 1048576K
}
Event: 14.993 GC heap after
{Heap after GC invocations=13 (full 0):
 garbage-first heap   total 92160K, used 40417K [0x0000000700000000, 0x0000000800000000)
  region size 2048K, 2 young (4096K), 2 survivors (4096K)
 Metaspace       used 56535K, committed 58112K, reserved 1114112K
  class space    used 7668K, committed 8448K, reserved 1048576K
}
Event: 15.686 GC heap before
{Heap before GC invocations=13 (full 0):
 garbage-first heap   total 92160K, used 54753K [0x0000000700000000, 0x0000000800000000)
  region size 2048K, 11 young (22528K), 2 survivors (4096K)
 Metaspace       used 58862K, committed 60416K, reserved 1114112K
  class space    used 7988K, committed 8768K, reserved 1048576K
}
Event: 15.690 GC heap after
{Heap after GC invocations=14 (full 0):
 garbage-first heap   total 92160K, used 41518K [0x0000000700000000, 0x0000000800000000)
  region size 2048K, 2 young (4096K), 2 survivors (4096K)
 Metaspace       used 58862K, committed 60416K, reserved 1114112K
  class space    used 7988K, committed 8768K, reserved 1048576K
}
Event: 16.782 GC heap before
{Heap before GC invocations=15 (full 0):
 garbage-first heap   total 92160K, used 80430K [0x0000000700000000, 0x0000000800000000)
  region size 2048K, 21 young (43008K), 2 survivors (4096K)
 Metaspace       used 63109K, committed 64704K, reserved 1114112K
  class space    used 8626K, committed 9408K, reserved 1048576K
}
Event: 16.788 GC heap after
{Heap after GC invocations=16 (full 0):
 garbage-first heap   total 92160K, used 42924K [0x0000000700000000, 0x0000000800000000)
  region size 2048K, 2 young (4096K), 2 survivors (4096K)
 Metaspace       used 63109K, committed 64704K, reserved 1114112K
  class space    used 8626K, committed 9408K, reserved 1048576K
}
Event: 18.614 GC heap before
{Heap before GC invocations=16 (full 0):
 garbage-first heap   total 92160K, used 79788K [0x0000000700000000, 0x0000000800000000)
  region size 2048K, 20 young (40960K), 2 survivors (4096K)
 Metaspace       used 69524K, committed 71168K, reserved 1114112K
  class space    used 9394K, committed 10176K, reserved 1048576K
}
Event: 18.629 GC heap after
{Heap after GC invocations=17 (full 0):
 garbage-first heap   total 92160K, used 46173K [0x0000000700000000, 0x0000000800000000)
  region size 2048K, 3 young (6144K), 3 survivors (6144K)
 Metaspace       used 69524K, committed 71168K, reserved 1114112K
  class space    used 9394K, committed 10176K, reserved 1048576K
}
Event: 21.323 GC heap before
{Heap before GC invocations=17 (full 0):
 garbage-first heap   total 92160K, used 78941K [0x0000000700000000, 0x0000000800000000)
  region size 2048K, 19 young (38912K), 3 survivors (6144K)
 Metaspace       used 76151K, committed 77824K, reserved 1179648K
  class space    used 10310K, committed 11136K, reserved 1048576K
}
Event: 21.331 GC heap after
{Heap after GC invocations=18 (full 0):
 garbage-first heap   total 92160K, used 49513K [0x0000000700000000, 0x0000000800000000)
  region size 2048K, 2 young (4096K), 2 survivors (4096K)
 Metaspace       used 76151K, committed 77824K, reserved 1179648K
  class space    used 10310K, committed 11136K, reserved 1048576K
}

Dll operation events (3 events):
Event: 0.015 Loaded shared library C:\Program Files\Android\Android Studio\jbr\bin\java.dll
Event: 0.027 Loaded shared library C:\Program Files\Android\Android Studio\jbr\bin\zip.dll
Event: 1.422 Loaded shared library C:\Program Files\Android\Android Studio\jbr\bin\verify.dll

Deoptimization events (20 events):
Event: 21.337 Thread 0x0000020db04dce90 DEOPT PACKING pc=0x0000020da0d39c6c sp=0x000000d4f31ff240
Event: 21.337 Thread 0x0000020db04dce90 DEOPT UNPACKING pc=0x0000020da06246a2 sp=0x000000d4f31ff1f8 mode 2
Event: 21.423 Thread 0x0000020db6a77b00 Uncommon trap: trap_request=0xffffffc6 fr.pc=0x0000020da0ed81ac relative=0x0000000000000dac
Event: 21.423 Thread 0x0000020db6a77b00 Uncommon trap: reason=bimorphic_or_optimized_type_check action=maybe_recompile pc=0x0000020da0ed81ac method=java.util.HashMap.computeIfAbsent(Ljava/lang/Object;Ljava/util/function/Function;)Ljava/lang/Object; @ 142 c2
Event: 21.423 Thread 0x0000020db6a77b00 DEOPT PACKING pc=0x0000020da0ed81ac sp=0x000000d4f49f8450
Event: 21.423 Thread 0x0000020db6a77b00 DEOPT UNPACKING pc=0x0000020da06246a2 sp=0x000000d4f49f8418 mode 2
Event: 21.434 Thread 0x0000020db6a77b00 Uncommon trap: trap_request=0xffffffc6 fr.pc=0x0000020da0ed81ac relative=0x0000000000000dac
Event: 21.434 Thread 0x0000020db6a77b00 Uncommon trap: reason=bimorphic_or_optimized_type_check action=maybe_recompile pc=0x0000020da0ed81ac method=java.util.HashMap.computeIfAbsent(Ljava/lang/Object;Ljava/util/function/Function;)Ljava/lang/Object; @ 142 c2
Event: 21.434 Thread 0x0000020db6a77b00 DEOPT PACKING pc=0x0000020da0ed81ac sp=0x000000d4f49f8450
Event: 21.434 Thread 0x0000020db6a77b00 DEOPT UNPACKING pc=0x0000020da06246a2 sp=0x000000d4f49f8418 mode 2
Event: 21.791 Thread 0x0000020db6a77b00 Uncommon trap: trap_request=0xffffffde fr.pc=0x0000020da0f493c0 relative=0x00000000000003c0
Event: 21.791 Thread 0x0000020db6a77b00 Uncommon trap: reason=class_check action=maybe_recompile pc=0x0000020da0f493c0 method=java.io.BufferedReader.readLine(Z[Z)Ljava/lang/String; @ 6 c2
Event: 21.791 Thread 0x0000020db6a77b00 DEOPT PACKING pc=0x0000020da0f493c0 sp=0x000000d4f49f6d70
Event: 21.791 Thread 0x0000020db6a77b00 DEOPT UNPACKING pc=0x0000020da06246a2 sp=0x000000d4f49f6d28 mode 2
Event: 22.114 Thread 0x0000020db6a77b00 DEOPT PACKING pc=0x0000020d994a24a5 sp=0x000000d4f49f6650
Event: 22.114 Thread 0x0000020db6a77b00 DEOPT UNPACKING pc=0x0000020da0624e42 sp=0x000000d4f49f5ae8 mode 0
Event: 22.114 Thread 0x0000020db6a77b00 DEOPT PACKING pc=0x0000020d994a24a5 sp=0x000000d4f49f6650
Event: 22.114 Thread 0x0000020db6a77b00 DEOPT UNPACKING pc=0x0000020da0624e42 sp=0x000000d4f49f5ae8 mode 0
Event: 22.114 Thread 0x0000020db6a77b00 DEOPT PACKING pc=0x0000020d994a24a5 sp=0x000000d4f49f6650
Event: 22.114 Thread 0x0000020db6a77b00 DEOPT UNPACKING pc=0x0000020da0624e42 sp=0x000000d4f49f5ae8 mode 0

Classes loaded (20 events):
Event: 20.647 Loading class sun/security/ssl/SSLEngineOutputRecord
Event: 20.648 Loading class sun/security/ssl/SSLEngineOutputRecord done
Event: 20.648 Loading class sun/security/ssl/SSLEngineOutputRecord$HandshakeFragment
Event: 20.648 Loading class sun/security/ssl/SSLEngineOutputRecord$HandshakeFragment done
Event: 20.649 Loading class sun/security/ssl/SSLEngineOutputRecord$HandshakeMemo
Event: 20.649 Loading class sun/security/ssl/SSLEngineOutputRecord$RecordMemo
Event: 20.649 Loading class sun/security/ssl/SSLEngineOutputRecord$RecordMemo done
Event: 20.649 Loading class sun/security/ssl/SSLEngineOutputRecord$HandshakeMemo done
Event: 20.750 Loading class sun/security/ssl/PreSharedKeyExtension$SHPreSharedKeySpec
Event: 20.750 Loading class sun/security/ssl/PreSharedKeyExtension$SHPreSharedKeySpec done
Event: 21.334 Loading class sun/security/ssl/Alert
Event: 21.334 Loading class sun/security/ssl/Alert done
Event: 21.335 Loading class sun/security/ssl/Alert$AlertConsumer
Event: 21.335 Loading class sun/security/ssl/Alert$AlertConsumer done
Event: 21.335 Loading class sun/security/ssl/Alert$Level
Event: 21.335 Loading class sun/security/ssl/Alert$Level done
Event: 21.805 Loading class com/sun/org/apache/xerces/internal/dom/DeferredCommentImpl
Event: 21.805 Loading class com/sun/org/apache/xerces/internal/dom/CommentImpl
Event: 21.805 Loading class com/sun/org/apache/xerces/internal/dom/CommentImpl done
Event: 21.806 Loading class com/sun/org/apache/xerces/internal/dom/DeferredCommentImpl done

Classes unloaded (0 events):
No events

Classes redefined (0 events):
No events

Internal exceptions (20 events):
Event: 20.035 Thread 0x0000020db6cb85d0 Exception <a 'java/lang/NoSuchMethodError'{0x0000000704618ff0}: static Lorg/gradle/internal/build/event/types/DefaultOperationFinishedProgressEvent;.<clinit>()V> (0x0000000704618ff0) 
thrown [s\src\hotspot\share\prims\jni.cpp, line 1135]
Event: 20.044 Thread 0x0000020db6cb85d0 Exception <a 'java/lang/NoSuchMethodError'{0x000000070463e1a0}: static Lorg/gradle/internal/build/event/types/DefaultFileDownloadSuccessResult;.<clinit>()V> (0x000000070463e1a0) 
thrown [s\src\hotspot\share\prims\jni.cpp, line 1135]
Event: 20.044 Thread 0x0000020db6cb85d0 Exception <a 'java/lang/NoSuchMethodError'{0x000000070463efd8}: static Lorg/gradle/internal/build/event/types/DefaultSuccessResult;.<clinit>()V> (0x000000070463efd8) 
thrown [s\src\hotspot\share\prims\jni.cpp, line 1135]
Event: 20.045 Thread 0x0000020db6cb85d0 Exception <a 'java/lang/NoSuchMethodError'{0x000000070463fc58}: static Lorg/gradle/internal/build/event/types/AbstractOperationResult;.<clinit>()V> (0x000000070463fc58) 
thrown [s\src\hotspot\share\prims\jni.cpp, line 1135]
Event: 20.045 Thread 0x0000020db6cb85d0 Exception <a 'java/lang/NoSuchMethodError'{0x0000000704640fd0}: static Lorg/gradle/internal/build/event/types/AbstractResult;.<clinit>()V> (0x0000000704640fd0) 
thrown [s\src\hotspot\share\prims\jni.cpp, line 1135]
Event: 20.121 Thread 0x0000020db6a77b00 Exception <a 'java/lang/NoSuchMethodError'{0x00000007047057a8}: 'int java.lang.invoke.DirectMethodHandle$Holder.invokeSpecial(java.lang.Object, java.lang.Object, int)'> (0x00000007047057a8) 
thrown [s\src\hotspot\share\interpreter\linkResolver.cpp, line 784]
Event: 20.386 Thread 0x0000020db6a77b00 Exception <a 'java/lang/NoSuchMethodError'{0x0000000704008f20}: 'java.lang.Object java.lang.invoke.DirectMethodHandle$Holder.newInvokeSpecial(java.lang.Object, java.lang.Object, java.lang.Object, java.lang.Object, int)'> (0x0000000704008f20) 
thrown [s\src\hotspot\share\interpreter\linkResolver.cpp, line 784]
Event: 20.386 Thread 0x0000020db6a77b00 Exception <a 'java/lang/NoSuchMethodError'{0x000000070400df90}: 'java.lang.Object java.lang.invoke.DirectMethodHandle$Holder.invokeSpecial(java.lang.Object, java.lang.Object, java.lang.Object, java.lang.Object, java.lang.Object, int)'> (0x000000070400df90) 
thrown [s\src\hotspot\share\interpreter\linkResolver.cpp, line 784]
Event: 20.387 Thread 0x0000020db6a77b00 Exception <a 'java/lang/NoSuchMethodError'{0x0000000704012978}: 'java.lang.Object java.lang.invoke.Invokers$Holder.linkToTargetMethod(java.lang.Object, java.lang.Object, java.lang.Object, int, java.lang.Object)'> (0x0000000704012978) 
thrown [s\src\hotspot\share\interpreter\linkResolver.cpp, line 784]
Event: 20.397 Thread 0x0000020db6a77b00 Exception <a 'java/lang/NoSuchMethodError'{0x0000000704045b98}: 'java.lang.Object java.lang.invoke.DirectMethodHandle$Holder.invokeSpecial(java.lang.Object, java.lang.Object, java.lang.Object, java.lang.Object, java.lang.Object, long)'> (0x0000000704045b98) 
thrown [s\src\hotspot\share\interpreter\linkResolver.cpp, line 784]
Event: 20.399 Thread 0x0000020db6a77b00 Exception <a 'java/lang/NoSuchMethodError'{0x0000000704065d78}: 'void java.lang.invoke.DirectMethodHandle$Holder.invokeStatic(java.lang.Object, java.lang.Object, java.lang.Object, int, java.lang.Object)'> (0x0000000704065d78) 
thrown [s\src\hotspot\share\interpreter\linkResolver.cpp, line 784]
Event: 21.235 Thread 0x0000020db6a77b00 Exception <a 'java/lang/NoSuchMethodError'{0x0000000703b0a670}: 'int java.lang.invoke.DirectMethodHandle$Holder.invokeInterface(java.lang.Object, java.lang.Object, java.lang.Object, java.lang.Object)'> (0x0000000703b0a670) 
thrown [s\src\hotspot\share\interpreter\linkResolver.cpp, line 784]
Event: 21.288 Thread 0x0000020db6a77b00 Exception <a 'java/lang/NoSuchMethodError'{0x00000007038aab38}: 'java.lang.Object java.lang.invoke.DirectMethodHandle$Holder.invokeStatic(java.lang.Object, long, java.lang.Object)'> (0x00000007038aab38) 
thrown [s\src\hotspot\share\interpreter\linkResolver.cpp, line 784]
Event: 21.289 Thread 0x0000020db6a77b00 Exception <a 'java/lang/NoSuchMethodError'{0x00000007038b1ab0}: 'java.lang.Object java.lang.invoke.DirectMethodHandle$Holder.newInvokeSpecial(java.lang.Object, long)'> (0x00000007038b1ab0) 
thrown [s\src\hotspot\share\interpreter\linkResolver.cpp, line 784]
Event: 21.300 Thread 0x0000020db6a77b00 Exception <a 'java/lang/NoSuchMethodError'{0x000000070391a478}: 'java.lang.Object java.lang.invoke.Invokers$Holder.linkToTargetMethod(java.lang.Object, java.lang.Object, java.lang.Object, java.lang.Object, long, java.lang.Object, java.lang.Object)'> (0x000000070391a478) 
thrown [s\src\hotspot\share\interpreter\linkResolver.cpp, line 784]
Event: 21.306 Thread 0x0000020db6a77b00 Exception <a 'java/lang/NoSuchMethodError'{0x000000070395f9b8}: 'java.lang.Object java.lang.invoke.DirectMethodHandle$Holder.newInvokeSpecial(java.lang.Object, java.lang.Object, java.lang.Object, long, java.lang.Object)'> (0x000000070395f9b8) 
thrown [s\src\hotspot\share\interpreter\linkResolver.cpp, line 784]
Event: 21.306 Thread 0x0000020db6a77b00 Exception <a 'java/lang/NoSuchMethodError'{0x0000000703964860}: 'java.lang.Object java.lang.invoke.DirectMethodHandle$Holder.invokeSpecial(java.lang.Object, java.lang.Object, java.lang.Object, java.lang.Object, long, java.lang.Object)'> (0x0000000703964860) 
thrown [s\src\hotspot\share\interpreter\linkResolver.cpp, line 784]
Event: 21.307 Thread 0x0000020db6a77b00 Exception <a 'java/lang/NoSuchMethodError'{0x0000000703968ae8}: 'java.lang.Object java.lang.invoke.Invokers$Holder.linkToTargetMethod(java.lang.Object, java.lang.Object, long, java.lang.Object, java.lang.Object)'> (0x0000000703968ae8) 
thrown [s\src\hotspot\share\interpreter\linkResolver.cpp, line 784]
Event: 21.335 Thread 0x0000020db04dce90 Implicit null exception at 0x0000020da0dfbd87 to 0x0000020da0dfbe64
Event: 21.388 Thread 0x0000020db6a77b00 Exception <a 'java/lang/NoSuchMethodError'{0x000000070ff9e8d0}: 'java.lang.Object java.lang.invoke.DirectMethodHandle$Holder.invokeSpecial(java.lang.Object, java.lang.Object, long, java.lang.Object, java.lang.Object)'> (0x000000070ff9e8d0) 
thrown [s\src\hotspot\share\interpreter\linkResolver.cpp, line 784]

ZGC Phase Switch (0 events):
No events

VM Operations (20 events):
Event: 18.614 Executing VM operation: G1CollectForAllocation (G1 Evacuation Pause)
Event: 18.629 Executing VM operation: G1CollectForAllocation (G1 Evacuation Pause) done
Event: 18.732 Executing VM operation: HandshakeAllThreads (Deoptimize)
Event: 18.732 Executing VM operation: HandshakeAllThreads (Deoptimize) done
Event: 19.054 Executing VM operation: HandshakeAllThreads (Deoptimize)
Event: 19.054 Executing VM operation: HandshakeAllThreads (Deoptimize) done
Event: 19.296 Executing VM operation: HandshakeAllThreads (Deoptimize)
Event: 19.296 Executing VM operation: HandshakeAllThreads (Deoptimize) done
Event: 20.147 Executing VM operation: HandshakeAllThreads (Deoptimize)
Event: 20.147 Executing VM operation: HandshakeAllThreads (Deoptimize) done
Event: 20.147 Executing VM operation: Cleanup
Event: 20.147 Executing VM operation: Cleanup done
Event: 21.148 Executing VM operation: Cleanup
Event: 21.148 Executing VM operation: Cleanup done
Event: 21.234 Executing VM operation: HandshakeAllThreads (Deoptimize)
Event: 21.234 Executing VM operation: HandshakeAllThreads (Deoptimize) done
Event: 21.323 Executing VM operation: G1CollectForAllocation (G1 Evacuation Pause)
Event: 21.332 Executing VM operation: G1CollectForAllocation (G1 Evacuation Pause) done
Event: 22.344 Executing VM operation: Cleanup
Event: 22.344 Executing VM operation: Cleanup done

Memory protections (0 events):
No events

Nmethod flushes (20 events):
Event: 15.728 Thread 0x0000020db031e390 flushing  nmethod 0x0000020d9920fb10
Event: 15.728 Thread 0x0000020db031e390 flushing  nmethod 0x0000020d99211a90
Event: 15.728 Thread 0x0000020db031e390 flushing  nmethod 0x0000020d9921ba10
Event: 15.728 Thread 0x0000020db031e390 flushing  nmethod 0x0000020d9926fc90
Event: 15.728 Thread 0x0000020db031e390 flushing  nmethod 0x0000020d99272310
Event: 15.728 Thread 0x0000020db031e390 flushing  nmethod 0x0000020d99273390
Event: 15.728 Thread 0x0000020db031e390 flushing  nmethod 0x0000020d99275290
Event: 15.728 Thread 0x0000020db031e390 flushing  nmethod 0x0000020d99275e90
Event: 15.728 Thread 0x0000020db031e390 flushing  nmethod 0x0000020d99277110
Event: 15.728 Thread 0x0000020db031e390 flushing  nmethod 0x0000020d992de010
Event: 15.728 Thread 0x0000020db031e390 flushing  nmethod 0x0000020d992de510
Event: 15.728 Thread 0x0000020db031e390 flushing  nmethod 0x0000020d9938ed90
Event: 15.728 Thread 0x0000020db031e390 flushing  nmethod 0x0000020d9938fc10
Event: 15.728 Thread 0x0000020db031e390 flushing  nmethod 0x0000020d99443010
Event: 15.728 Thread 0x0000020db031e390 flushing  nmethod 0x0000020d99443710
Event: 15.728 Thread 0x0000020db031e390 flushing  nmethod 0x0000020d99496210
Event: 15.728 Thread 0x0000020db031e390 flushing  nmethod 0x0000020d9957cc90
Event: 15.728 Thread 0x0000020db031e390 flushing  nmethod 0x0000020d99581810
Event: 15.728 Thread 0x0000020db031e390 flushing  nmethod 0x0000020d99584310
Event: 15.728 Thread 0x0000020db031e390 flushing  nmethod 0x0000020d996cf310

Events (20 events):
Event: 15.950 Thread 0x0000020db893bb20 Thread exited: 0x0000020db893bb20
Event: 16.028 Thread 0x0000020db893ad80 Thread exited: 0x0000020db893ad80
Event: 16.360 Thread 0x0000020db04c6100 Thread added: 0x0000020db893ad80
Event: 16.366 Thread 0x0000020db04c6100 Thread added: 0x0000020db893bb20
Event: 16.795 Thread 0x0000020db6cb92f0 Thread added: 0x0000020db801ae60
Event: 17.020 Thread 0x0000020db893bb20 Thread exited: 0x0000020db893bb20
Event: 17.026 Thread 0x0000020db893ad80 Thread exited: 0x0000020db893ad80
Event: 17.662 Thread 0x0000020db6a77b00 Thread added: 0x0000020db8014560
Event: 17.662 Thread 0x0000020db04c6100 Thread added: 0x0000020db893bb20
Event: 17.763 Thread 0x0000020db04c6100 Thread added: 0x0000020db893ad80
Event: 18.799 Thread 0x0000020db893ad80 Thread exited: 0x0000020db893ad80
Event: 18.901 Thread 0x0000020db893bb20 Thread exited: 0x0000020db893bb20
Event: 19.285 Thread 0x0000020db04c6100 Thread added: 0x0000020db893ad80
Event: 19.451 Thread 0x0000020db04c6100 Thread added: 0x0000020db893bb20
Event: 20.536 Thread 0x0000020db893bb20 Thread exited: 0x0000020db893bb20
Event: 20.536 Thread 0x0000020db893ad80 Thread exited: 0x0000020db893ad80
Event: 21.798 Thread 0x0000020db04c6100 Thread added: 0x0000020db893bb20
Event: 21.814 Thread 0x0000020db04c6100 Thread added: 0x0000020db893cf90
Event: 22.008 Thread 0x0000020db893cf90 Thread exited: 0x0000020db893cf90
Event: 22.082 Thread 0x0000020db893bb20 Thread exited: 0x0000020db893bb20


Dynamic libraries:
0x00007ff6d3fe0000 - 0x00007ff6d3fea000 	C:\Program Files\Android\Android Studio\jbr\bin\java.exe
0x00007ff9cea90000 - 0x00007ff9cec88000 	C:\Windows\SYSTEM32\ntdll.dll
0x00007ff9ce5e0000 - 0x00007ff9ce6a2000 	C:\Windows\System32\KERNEL32.DLL
0x00007ff9cc290000 - 0x00007ff9cc58f000 	C:\Windows\System32\KERNELBASE.dll
0x00007ff9cc9b0000 - 0x00007ff9ccab0000 	C:\Windows\System32\ucrtbase.dll
0x00007ff9ab5c0000 - 0x00007ff9ab5d8000 	C:\Program Files\Android\Android Studio\jbr\bin\jli.dll
0x00007ff9c90f0000 - 0x00007ff9c910b000 	C:\Program Files\Android\Android Studio\jbr\bin\VCRUNTIME140.dll
0x00007ff9cd770000 - 0x00007ff9cd90d000 	C:\Windows\System32\USER32.dll
0x00007ff9cc8c0000 - 0x00007ff9cc8e2000 	C:\Windows\System32\win32u.dll
0x00007ff9ba660000 - 0x00007ff9ba8fa000 	C:\Windows\WinSxS\amd64_microsoft.windows.common-controls_6595b64144ccf1df_6.0.19041.4355_none_60b8b9eb71f62e16\COMCTL32.dll
0x00007ff9cd550000 - 0x00007ff9cd57b000 	C:\Windows\System32\GDI32.dll
0x00007ff9ce750000 - 0x00007ff9ce7ee000 	C:\Windows\System32\msvcrt.dll
0x00007ff9cc7a0000 - 0x00007ff9cc8ba000 	C:\Windows\System32\gdi32full.dll
0x00007ff9cc700000 - 0x00007ff9cc79d000 	C:\Windows\System32\msvcp_win.dll
0x00007ff9cd510000 - 0x00007ff9cd53f000 	C:\Windows\System32\IMM32.DLL
0x00007ff9c90e0000 - 0x00007ff9c90ec000 	C:\Program Files\Android\Android Studio\jbr\bin\vcruntime140_1.dll
0x00007ff99bf20000 - 0x00007ff99bfad000 	C:\Program Files\Android\Android Studio\jbr\bin\msvcp140.dll
0x00007ff971730000 - 0x00007ff9723ba000 	C:\Program Files\Android\Android Studio\jbr\bin\server\jvm.dll
0x00007ff9cd6c0000 - 0x00007ff9cd76f000 	C:\Windows\System32\ADVAPI32.dll
0x00007ff9cd390000 - 0x00007ff9cd42f000 	C:\Windows\System32\sechost.dll
0x00007ff9cd580000 - 0x00007ff9cd6a3000 	C:\Windows\System32\RPCRT4.dll
0x00007ff9cc640000 - 0x00007ff9cc667000 	C:\Windows\System32\bcrypt.dll
0x00007ff9cd4a0000 - 0x00007ff9cd50b000 	C:\Windows\System32\WS2_32.dll
0x00007ff9cbf90000 - 0x00007ff9cbfdb000 	C:\Windows\SYSTEM32\POWRPROF.dll
0x00007ff9ba620000 - 0x00007ff9ba647000 	C:\Windows\SYSTEM32\WINMM.dll
0x00007ff9c5c50000 - 0x00007ff9c5c5a000 	C:\Windows\SYSTEM32\VERSION.dll
0x00007ff9cbf70000 - 0x00007ff9cbf82000 	C:\Windows\SYSTEM32\UMPDC.dll
0x00007ff9c9e80000 - 0x00007ff9c9e92000 	C:\Windows\SYSTEM32\kernel.appcore.dll
0x00007ff9c9000000 - 0x00007ff9c900a000 	C:\Program Files\Android\Android Studio\jbr\bin\jimage.dll
0x00007ff9c6540000 - 0x00007ff9c6724000 	C:\Windows\SYSTEM32\DBGHELP.DLL
0x00007ff9b02e0000 - 0x00007ff9b0314000 	C:\Windows\SYSTEM32\dbgcore.DLL
0x00007ff9cc670000 - 0x00007ff9cc6f2000 	C:\Windows\System32\bcryptPrimitives.dll
0x00007ff9b43b0000 - 0x00007ff9b43be000 	C:\Program Files\Android\Android Studio\jbr\bin\instrument.dll
0x00007ff9c8fe0000 - 0x00007ff9c9000000 	C:\Program Files\Android\Android Studio\jbr\bin\java.dll
0x00007ff9c6280000 - 0x00007ff9c6298000 	C:\Program Files\Android\Android Studio\jbr\bin\zip.dll
0x00007ff9cd910000 - 0x00007ff9ce07d000 	C:\Windows\System32\SHELL32.dll
0x00007ff9ca190000 - 0x00007ff9ca934000 	C:\Windows\SYSTEM32\windows.storage.dll
0x00007ff9ce160000 - 0x00007ff9ce4b5000 	C:\Windows\System32\combase.dll
0x00007ff9cba10000 - 0x00007ff9cba3f000 	C:\Windows\SYSTEM32\Wldp.dll
0x00007ff9ce980000 - 0x00007ff9cea4d000 	C:\Windows\System32\OLEAUT32.dll
0x00007ff9cccc0000 - 0x00007ff9ccd6d000 	C:\Windows\System32\SHCORE.dll
0x00007ff9ce920000 - 0x00007ff9ce975000 	C:\Windows\System32\shlwapi.dll
0x00007ff9cc060000 - 0x00007ff9cc084000 	C:\Windows\SYSTEM32\profapi.dll
0x00007ff9c6270000 - 0x00007ff9c6280000 	C:\Program Files\Android\Android Studio\jbr\bin\net.dll
0x00007ff9c5e30000 - 0x00007ff9c5f3a000 	C:\Windows\SYSTEM32\WINHTTP.dll
0x00007ff9cb7f0000 - 0x00007ff9cb85c000 	C:\Windows\system32\mswsock.dll
0x00007ff9c3f50000 - 0x00007ff9c3f66000 	C:\Program Files\Android\Android Studio\jbr\bin\nio.dll
0x00007ff9b9200000 - 0x00007ff9b9210000 	C:\Program Files\Android\Android Studio\jbr\bin\verify.dll
0x00007ff9a6990000 - 0x00007ff9a69b7000 	C:\Users\user\.gradle\native\c067742578af261105cb4f569cf0c3c89f3d7b1fecec35dd04571415982c5e48\windows-amd64\native-platform.dll
0x00007ff96d8d0000 - 0x00007ff96da14000 	C:\Users\user\.gradle\native\100fb08df4bc3b14c8652ba06237920a3bd2aa13389f12d3474272988ae205f9\windows-amd64\native-platform-file-events.dll
0x00007ff9b9bb0000 - 0x00007ff9b9bb9000 	C:\Program Files\Android\Android Studio\jbr\bin\management.dll
0x00007ff9b96d0000 - 0x00007ff9b96db000 	C:\Program Files\Android\Android Studio\jbr\bin\management_ext.dll
0x00007ff9cd540000 - 0x00007ff9cd548000 	C:\Windows\System32\PSAPI.DLL
0x00007ff9cba50000 - 0x00007ff9cba68000 	C:\Windows\SYSTEM32\CRYPTSP.dll
0x00007ff9cb0d0000 - 0x00007ff9cb104000 	C:\Windows\system32\rsaenh.dll
0x00007ff9cbfe0000 - 0x00007ff9cc00e000 	C:\Windows\SYSTEM32\USERENV.dll
0x00007ff9cb980000 - 0x00007ff9cb98c000 	C:\Windows\SYSTEM32\CRYPTBASE.dll
0x00007ff9cb4f0000 - 0x00007ff9cb52b000 	C:\Windows\SYSTEM32\IPHLPAPI.DLL
0x00007ff9cd490000 - 0x00007ff9cd498000 	C:\Windows\System32\NSI.dll
0x00007ff9b9d70000 - 0x00007ff9b9d79000 	C:\Program Files\Android\Android Studio\jbr\bin\extnet.dll
0x00007ff9ba460000 - 0x00007ff9ba467000 	C:\Windows\system32\wshunix.dll
0x00007ff9cb530000 - 0x00007ff9cb5fa000 	C:\Windows\SYSTEM32\DNSAPI.dll
0x00007ff9c26f0000 - 0x00007ff9c26fa000 	C:\Windows\System32\rasadhlp.dll
0x00007ff9c28e0000 - 0x00007ff9c2960000 	C:\Windows\System32\fwpuclnt.dll

dbghelp: loaded successfully - version: 4.0.5 - missing functions: none
symbol engine: initialized successfully - sym options: 0x614 - pdb path: .;C:\Program Files\Android\Android Studio\jbr\bin;C:\Windows\SYSTEM32;C:\Windows\WinSxS\amd64_microsoft.windows.common-controls_6595b64144ccf1df_6.0.19041.4355_none_60b8b9eb71f62e16;C:\Program Files\Android\Android Studio\jbr\bin\server;C:\Users\user\.gradle\native\c067742578af261105cb4f569cf0c3c89f3d7b1fecec35dd04571415982c5e48\windows-amd64;C:\Users\user\.gradle\native\100fb08df4bc3b14c8652ba06237920a3bd2aa13389f12d3474272988ae205f9\windows-amd64

VM Arguments:
jvm_args: --add-opens=java.base/java.lang=ALL-UNNAMED --add-opens=java.base/java.lang.invoke=ALL-UNNAMED --add-opens=java.base/java.util=ALL-UNNAMED --add-opens=java.prefs/java.util.prefs=ALL-UNNAMED --add-exports=jdk.compiler/com.sun.tools.javac.api=ALL-UNNAMED --add-exports=jdk.compiler/com.sun.tools.javac.util=ALL-UNNAMED --add-opens=java.base/java.util=ALL-UNNAMED --add-opens=java.prefs/java.util.prefs=ALL-UNNAMED --add-opens=java.base/java.nio.charset=ALL-UNNAMED --add-opens=java.base/java.net=ALL-UNNAMED --add-opens=java.base/java.util.concurrent.atomic=ALL-UNNAMED --add-opens=java.xml/javax.xml.namespace=ALL-UNNAMED -Xmx4096m -Dfile.encoding=UTF-8 -Duser.country=RU -Duser.language=ru -Duser.variant -javaagent:C:\Users\user\.gradle\wrapper\dists\gradle-8.11.1-bin\bpt9gzteqjrbo1mjrsomdt32c\gradle-8.11.1\lib\agents\gradle-instrumentation-agent-8.11.1.jar 
java_command: org.gradle.launcher.daemon.bootstrap.GradleDaemon 8.11.1
java_class_path (initial): C:\Users\user\.gradle\wrapper\dists\gradle-8.11.1-bin\bpt9gzteqjrbo1mjrsomdt32c\gradle-8.11.1\lib\gradle-daemon-main-8.11.1.jar
Launcher Type: SUN_STANDARD

[Global flags]
     intx CICompilerCount                          = 4                                         {product} {ergonomic}
     uint ConcGCThreads                            = 3                                         {product} {ergonomic}
     uint G1ConcRefinementThreads                  = 10                                        {product} {ergonomic}
   size_t G1HeapRegionSize                         = 2097152                                   {product} {ergonomic}
    uintx GCDrainStackTargetSize                   = 64                                        {product} {ergonomic}
   size_t InitialHeapSize                          = 268435456                                 {product} {ergonomic}
   size_t MarkStackSize                            = 4194304                                   {product} {ergonomic}
   size_t MaxHeapSize                              = 4294967296                                {product} {command line}
   size_t MaxNewSize                               = 2575302656                                {product} {ergonomic}
   size_t MinHeapDeltaBytes                        = 2097152                                   {product} {ergonomic}
   size_t MinHeapSize                              = 8388608                                   {product} {ergonomic}
    uintx NonNMethodCodeHeapSize                   = 5839372                                {pd product} {ergonomic}
    uintx NonProfiledCodeHeapSize                  = 122909434                              {pd product} {ergonomic}
    uintx ProfiledCodeHeapSize                     = 122909434                              {pd product} {ergonomic}
    uintx ReservedCodeCacheSize                    = 251658240                              {pd product} {ergonomic}
     bool SegmentedCodeCache                       = true                                      {product} {ergonomic}
   size_t SoftMaxHeapSize                          = 4294967296                             {manageable} {ergonomic}
     bool UseCompressedOops                        = true                           {product lp64_product} {ergonomic}
     bool UseG1GC                                  = true                                      {product} {ergonomic}
     bool UseLargePagesIndividualAllocation        = false                                  {pd product} {ergonomic}

Logging:
Log output configuration:
 #0: stdout all=warning uptime,level,tags foldmultilines=false
 #1: stderr all=off uptime,level,tags foldmultilines=false

Environment Variables:
PATH=C:\Program Files (x86)\NVIDIA Corporation\PhysX\Common;C:\Program Files\Common Files\Oracle\Java\javapath;C:\Program Files (x86)\Common Files\Oracle\Java\javapath;C:\Windows\system32;C:\Windows;C:\Windows\System32\Wbem;C:\Windows\System32\WindowsPowerShell\v1.0\;C:\Windows\System32\OpenSSH\;C:\Program Files\dotnet\;C:\Program Files\Git\cmd;C:\Program Files\nodejs\;C:\Program Files\MySQL\MySQL Shell 8.0\bin\;C:\Users\user\python\Scripts\;C:\Users\user\python\;C:\Users\user\AppData\Local\Microsoft\WindowsApps;C:\Users\user\AppData\Local\Programs\Microsoft VS Code\bin;C:\Program Files\Git\cmd;E:\ospanel\modules\php\PHP_8.1;;C:\Program Files\JetBrains\IntelliJ IDEA Community Edition 2023.3.6\bin;;C:\Users\user\AppData\Roaming\npm
USERNAME=user
OS=Windows_NT
PROCESSOR_IDENTIFIER=AMD64 Family 23 Model 8 Stepping 2, AuthenticAMD
TMP=C:\Users\user\AppData\Local\Temp
TEMP=C:\Users\user\AppData\Local\Temp




Periodic native trim disabled

JNI global refs:
JNI global refs: 28, weak refs: 1

JNI global refs memory usage: 835, weak refs: 833

Process memory usage:
Resident Set Size: 295632K (1% of 16701004K total physical memory with 1031868K free physical memory)

OOME stack traces (most recent first):
Classloader memory used:
