#
# There is insufficient memory for the Java Runtime Environment to continue.
# Native memory allocation (malloc) failed to allocate 535408 bytes. Error detail: Chunk::new
# Possible reasons:
#   The system is out of physical RAM or swap space
#   This process is running with CompressedOops enabled, and the Java Heap may be blocking the growth of the native heap
# Possible solutions:
#   Reduce memory load on the system
#   Increase physical memory or swap space
#   Check if swap backing store is full
#   Decrease Java heap size (-Xmx/-Xms)
#   Decrease number of Java threads
#   Decrease Java thread stack sizes (-Xss)
#   Set larger code cache with -XX:ReservedCodeCacheSize=
#   JVM is running with Unscaled Compressed Oops mode in which the Java heap is
#     placed in the first 4GB address space. The Java Heap base address is the
#     maximum limit for the native heap growth. Please use -XX:HeapBaseMinAddress
#     to set the Java Heap base and to place the Java Heap above 4GB virtual address.
# This output file may be truncated or incomplete.
#
#  Out of Memory Error (arena.cpp:168), pid=20100, tid=16972
#
# JRE version: OpenJDK Runtime Environment Temurin-21.0.6+7 (21.0.6+7) (build 21.0.6+7-LTS)
# Java VM: OpenJDK 64-Bit Server VM Temurin-21.0.6+7 (21.0.6+7-LTS, mixed mode, sharing, tiered, compressed oops, compressed class ptrs, parallel gc, windows-amd64)
# No core dump will be written. Minidumps are not enabled by default on client versions of Windows
#

---------------  S U M M A R Y ------------

Command Line: --add-modules=ALL-SYSTEM --add-opens=java.base/java.util=ALL-UNNAMED --add-opens=java.base/java.lang=ALL-UNNAMED --add-opens=java.base/sun.nio.fs=ALL-UNNAMED -Declipse.application=org.eclipse.jdt.ls.core.id1 -Dosgi.bundles.defaultStartLevel=4 -Declipse.product=org.eclipse.jdt.ls.core.product -Djava.import.generatesMetadataFilesAtProjectRoot=false -DDetectVMInstallationsJob.disabled=true -Dfile.encoding=utf8 -XX:+UseParallelGC -XX:GCTimeRatio=4 -XX:AdaptiveSizePolicyWeight=90 -Dsun.zip.disableMemoryMapping=true -Xmx1G -Xms100m -Xlog:disable -javaagent:c:\Users\user\.cursor\extensions\redhat.java-1.41.1-win32-x64\lombok\lombok-1.18.36.jar -XX:+HeapDumpOnOutOfMemoryError -XX:HeapDumpPath=c:\Users\user\AppData\Roaming\Cursor\User\workspaceStorage\f3c442a9c50ab3c94a1272807d9e31f5\redhat.java -Daether.dependencyCollector.impl=bf c:\Users\user\.cursor\extensions\redhat.java-1.41.1-win32-x64\server\plugins\org.eclipse.equinox.launcher_1.7.0.v20250331-1702.jar -configuration c:\Users\user\AppData\Roaming\Cursor\User\globalStorage\redhat.java\1.41.1\config_win -data c:\Users\user\AppData\Roaming\Cursor\User\workspaceStorage\f3c442a9c50ab3c94a1272807d9e31f5\redhat.java\jdt_ws --pipe=\\.\pipe\lsp-afc4262090c29384c8983d81aa41052f-sock

Host: AMD Ryzen 5 2600 Six-Core Processor            , 12 cores, 15G,  Windows 10 , 64 bit Build 19041 (10.0.19041.5438)
Time: Thu Apr 24 00:11:34 2025 RTZ 4 (s 10 , 64 bit Build 19041 (10.0.19041.5438) elapsed time: 18.970050 seconds (0d 0h 0m 18s)

---------------  T H R E A D  ---------------

Current thread (0x00000246ef75d730):  JavaThread "C2 CompilerThread1" daemon [_thread_in_native, id=16972, stack(0x000000b2be900000,0x000000b2bea00000) (1024K)]


Current CompileTask:
C2:18970 8329       4       org.eclipse.osgi.storage.bundlefile.BundleFile::getResourceURL (24 bytes)

Stack: [0x000000b2be900000,0x000000b2bea00000]
Native frames: (J=compiled Java code, j=interpreted, Vv=VM code, C=native code)
V  [jvm.dll+0x6cdee9]
V  [jvm.dll+0x8a83d1]
V  [jvm.dll+0x8aa8fe]
V  [jvm.dll+0x8aafe3]
V  [jvm.dll+0x27f706]
V  [jvm.dll+0xc500d]
V  [jvm.dll+0xc5543]
V  [jvm.dll+0x3b678c]
V  [jvm.dll+0x1e0009]
V  [jvm.dll+0x247b42]
V  [jvm.dll+0x246fcf]
V  [jvm.dll+0x1c75ee]
V  [jvm.dll+0x25685a]
V  [jvm.dll+0x254dfa]
V  [jvm.dll+0x3f0256]
V  [jvm.dll+0x851f8b]
V  [jvm.dll+0x6cc5ed]
C  [ucrtbase.dll+0x21bb2]
C  [KERNEL32.DLL+0x17374]
C  [ntdll.dll+0x4cc91]


---------------  P R O C E S S  ---------------

Threads class SMR info:
_java_thread_list=0x00000246efc2d8b0, length=55, elements={
0x000002468f8a50c0, 0x00000246a5f5f8b0, 0x00000246a5f60860, 0x00000246a5f6aad0,
0x00000246a5f6bc60, 0x00000246a5f6d3b0, 0x00000246ed0030a0, 0x00000246ed006f30,
0x00000246ed009d20, 0x00000246ed0ea2a0, 0x00000246ed36eda0, 0x00000246eda63440,
0x00000246eda4afb0, 0x00000246eda06580, 0x00000246eda06be0, 0x00000246ee469eb0,
0x00000246ee2af5a0, 0x00000246ee044240, 0x00000246ee042800, 0x00000246ee0448d0,
0x00000246ee042e90, 0x00000246ef75d730, 0x00000246ee043bb0, 0x00000246ee042170,
0x00000246ee041ae0, 0x00000246ee043520, 0x00000246ee041450, 0x00000246efc27cd0,
0x00000246efc29080, 0x00000246efc27640, 0x00000246efc26290, 0x00000246efc289f0,
0x00000246efc241c0, 0x00000246efc28360, 0x00000246efc24ee0, 0x00000246efc220f0,
0x00000246efc22780, 0x00000246efc24850, 0x00000246efc29710, 0x00000246efc22e10,
0x00000246efc234a0, 0x00000246efc25570, 0x00000246efc25c00, 0x00000246ef75de00,
0x00000246ee9d1fa0, 0x00000246ee9d1910, 0x00000246ee9cf840, 0x00000246ee9d2cc0,
0x00000246ee9cfed0, 0x00000246ee9d2630, 0x00000246ee9cc3c0, 0x00000246ee9d0560,
0x00000246ee9d39e0, 0x00000246ee9ce490, 0x00000246ee9cf1b0
}

Java Threads: ( => current thread )
  0x000002468f8a50c0 JavaThread "main"                              [_thread_blocked, id=21252, stack(0x000000b2bdc00000,0x000000b2bdd00000) (1024K)]
  0x00000246a5f5f8b0 JavaThread "Reference Handler"          daemon [_thread_blocked, id=15656, stack(0x000000b2be000000,0x000000b2be100000) (1024K)]
  0x00000246a5f60860 JavaThread "Finalizer"                  daemon [_thread_blocked, id=17728, stack(0x000000b2be100000,0x000000b2be200000) (1024K)]
  0x00000246a5f6aad0 JavaThread "Signal Dispatcher"          daemon [_thread_blocked, id=19876, stack(0x000000b2be200000,0x000000b2be300000) (1024K)]
  0x00000246a5f6bc60 JavaThread "Attach Listener"            daemon [_thread_blocked, id=19504, stack(0x000000b2be300000,0x000000b2be400000) (1024K)]
  0x00000246a5f6d3b0 JavaThread "Service Thread"             daemon [_thread_blocked, id=7340, stack(0x000000b2be400000,0x000000b2be500000) (1024K)]
  0x00000246ed0030a0 JavaThread "Monitor Deflation Thread"   daemon [_thread_blocked, id=19104, stack(0x000000b2be500000,0x000000b2be600000) (1024K)]
  0x00000246ed006f30 JavaThread "C2 CompilerThread0"         daemon [_thread_blocked, id=14704, stack(0x000000b2be600000,0x000000b2be700000) (1024K)]
  0x00000246ed009d20 JavaThread "C1 CompilerThread0"         daemon [_thread_blocked, id=20860, stack(0x000000b2be700000,0x000000b2be800000) (1024K)]
  0x00000246ed0ea2a0 JavaThread "Common-Cleaner"             daemon [_thread_blocked, id=21116, stack(0x000000b2be800000,0x000000b2be900000) (1024K)]
  0x00000246ed36eda0 JavaThread "Notification Thread"        daemon [_thread_blocked, id=15288, stack(0x000000b2bea00000,0x000000b2beb00000) (1024K)]
  0x00000246eda63440 JavaThread "Active Thread: Equinox Container: 3df8b4b0-04d0-4462-b5c8-355d04b29619"        [_thread_blocked, id=13900, stack(0x000000b2bf200000,0x000000b2bf300000) (1024K)]
  0x00000246eda4afb0 JavaThread "Refresh Thread: Equinox Container: 3df8b4b0-04d0-4462-b5c8-355d04b29619" daemon [_thread_blocked, id=19608, stack(0x000000b2bf300000,0x000000b2bf400000) (1024K)]
  0x00000246eda06580 JavaThread "Framework Event Dispatcher: Equinox Container: 3df8b4b0-04d0-4462-b5c8-355d04b29619" daemon [_thread_blocked, id=7660, stack(0x000000b2bf500000,0x000000b2bf600000) (1024K)]
  0x00000246eda06be0 JavaThread "Start Level: Equinox Container: 3df8b4b0-04d0-4462-b5c8-355d04b29619" daemon [_thread_blocked, id=18988, stack(0x000000b2bf600000,0x000000b2bf700000) (1024K)]
  0x00000246ee469eb0 JavaThread "Bundle File Closer"         daemon [_thread_blocked, id=19224, stack(0x000000b2bf700000,0x000000b2bf800000) (1024K)]
  0x00000246ee2af5a0 JavaThread "SCR Component Actor"        daemon [_thread_blocked, id=19656, stack(0x000000b2bfa00000,0x000000b2bfb00000) (1024K)]
  0x00000246ee044240 JavaThread "Worker-JM"                         [_thread_blocked, id=12428, stack(0x000000b2bfb00000,0x000000b2bfc00000) (1024K)]
  0x00000246ee042800 JavaThread "JNA Cleaner"                daemon [_thread_blocked, id=11124, stack(0x000000b2bfc00000,0x000000b2bfd00000) (1024K)]
  0x00000246ee0448d0 JavaThread "Worker-0: Java indexing... "        [_thread_blocked, id=15168, stack(0x000000b2bfd00000,0x000000b2bfe00000) (1024K)]
  0x00000246ee042e90 JavaThread "Worker-1: Synchronize Gradle projects with workspace"        [_thread_blocked, id=19884, stack(0x000000b2bfe00000,0x000000b2bff00000) (1024K)]
=>0x00000246ef75d730 JavaThread "C2 CompilerThread1"         daemon [_thread_in_native, id=16972, stack(0x000000b2be900000,0x000000b2bea00000) (1024K)]
  0x00000246ee043bb0 JavaThread "Worker-2"                          [_thread_blocked, id=10924, stack(0x000000b2bff00000,0x000000b2c0000000) (1024K)]
  0x00000246ee042170 JavaThread "Worker-3: Initialize Workspace"        [_thread_blocked, id=14140, stack(0x000000b2c0000000,0x000000b2c0100000) (1024K)]
  0x00000246ee041ae0 JavaThread "Java indexing"              daemon [_thread_blocked, id=16096, stack(0x000000b2c0200000,0x000000b2c0300000) (1024K)]
  0x00000246ee043520 JavaThread "Worker-4"                          [_thread_blocked, id=16452, stack(0x000000b2c0500000,0x000000b2c0600000) (1024K)]
  0x00000246ee041450 JavaThread "Worker-5"                          [_thread_blocked, id=18992, stack(0x000000b2c0600000,0x000000b2c0700000) (1024K)]
  0x00000246efc27cd0 JavaThread "Thread-2"                   daemon [_thread_in_native, id=19900, stack(0x000000b2c0700000,0x000000b2c0800000) (1024K)]
  0x00000246efc29080 JavaThread "Thread-3"                   daemon [_thread_in_native, id=15180, stack(0x000000b2c0800000,0x000000b2c0900000) (1024K)]
  0x00000246efc27640 JavaThread "Thread-4"                   daemon [_thread_in_native, id=13908, stack(0x000000b2c0900000,0x000000b2c0a00000) (1024K)]
  0x00000246efc26290 JavaThread "Thread-5"                   daemon [_thread_in_native, id=15192, stack(0x000000b2c0a00000,0x000000b2c0b00000) (1024K)]
  0x00000246efc289f0 JavaThread "Thread-6"                   daemon [_thread_in_native, id=17188, stack(0x000000b2c0b00000,0x000000b2c0c00000) (1024K)]
  0x00000246efc241c0 JavaThread "Thread-7"                   daemon [_thread_in_native, id=9760, stack(0x000000b2c0c00000,0x000000b2c0d00000) (1024K)]
  0x00000246efc28360 JavaThread "Thread-8"                   daemon [_thread_in_native, id=18052, stack(0x000000b2c0d00000,0x000000b2c0e00000) (1024K)]
  0x00000246efc24ee0 JavaThread "Thread-9"                   daemon [_thread_in_native, id=9180, stack(0x000000b2c0e00000,0x000000b2c0f00000) (1024K)]
  0x00000246efc220f0 JavaThread "Thread-10"                  daemon [_thread_in_native, id=16348, stack(0x000000b2c0f00000,0x000000b2c1000000) (1024K)]
  0x00000246efc22780 JavaThread "Thread-11"                  daemon [_thread_in_native, id=1360, stack(0x000000b2c1000000,0x000000b2c1100000) (1024K)]
  0x00000246efc24850 JavaThread "Thread-12"                  daemon [_thread_in_native, id=20208, stack(0x000000b2c1100000,0x000000b2c1200000) (1024K)]
  0x00000246efc29710 JavaThread "Thread-13"                  daemon [_thread_in_native, id=17488, stack(0x000000b2c1200000,0x000000b2c1300000) (1024K)]
  0x00000246efc22e10 JavaThread "Thread-14"                  daemon [_thread_in_native, id=19400, stack(0x000000b2c1300000,0x000000b2c1400000) (1024K)]
  0x00000246efc234a0 JavaThread "pool-2-thread-1"                   [_thread_blocked, id=21276, stack(0x000000b2c1400000,0x000000b2c1500000) (1024K)]
  0x00000246efc25570 JavaThread "WorkspaceEventsHandler"            [_thread_blocked, id=19916, stack(0x000000b2c1500000,0x000000b2c1600000) (1024K)]
  0x00000246efc25c00 JavaThread "pool-1-thread-1"                   [_thread_blocked, id=19932, stack(0x000000b2c1600000,0x000000b2c1700000) (1024K)]
  0x00000246ef75de00 JavaThread "C2 CompilerThread2"         daemon [_thread_blocked, id=8072, stack(0x000000b2c0100000,0x000000b2c0200000) (1024K)]
  0x00000246ee9d1fa0 JavaThread "Timer-0"                           [_thread_blocked, id=16288, stack(0x000000b2beb00000,0x000000b2bec00000) (1024K)]
  0x00000246ee9d1910 
[error occurred during error reporting (printing all threads), id 0xc0000005, EXCEPTION_ACCESS_VIOLATION (0xc0000005) at pc=0x00007ff968d82be0]
VM state: at safepoint (normal execution)

VM Mutex/Monitor currently owned by a thread:  ([mutex/lock_event])
[0x00007ff9698ee380] Threads_lock - owner thread: 0x00000246a5f42f60
[0x00007ff9698ee480] Heap_lock - owner thread: 0x00000246ee041ae0

Heap address: 0x00000000c0000000, size: 1024 MB, Compressed Oops mode: 32-bit

CDS archive(s) mapped at: [0x00000246a6000000-0x00000246a6ba0000-0x00000246a6ba0000), size 12189696, SharedBaseAddress: 0x00000246a6000000, ArchiveRelocationMode: 1.
Compressed class space mapped at: 0x00000246a7000000-0x00000246e7000000, reserved size: 1073741824
Narrow klass base: 0x00000246a6000000, Narrow klass shift: 0, Narrow klass range: 0x100000000

GC Precious Log:
 CardTable entry size: 512
 CPUs: 12 total, 12 available
 Memory: 16309M
 Large Page Support: Disabled
 NUMA Support: Disabled
 Compressed Oops: Enabled (32-bit)
 Alignments: Space 512K, Generation 512K, Heap 2M
 Heap Min Capacity: 100M
 Heap Initial Capacity: 100M
 Heap Max Capacity: 1G
 Pre-touch: Disabled
 Parallel Workers: 10

Heap:
 PSYoungGen      total 7168K, used 7073K [0x00000000eab00000, 0x00000000eb380000, 0x0000000100000000)
  eden space 6144K, 100% used [0x00000000eab00000,0x00000000eb100000,0x00000000eb100000)
  from space 1024K, 90% used [0x00000000eb280000,0x00000000eb368738,0x00000000eb380000)
  to   space 1024K, 97% used [0x00000000eb180000,0x00000000eb278530,0x00000000eb280000)
 ParOldGen       total 222720K, used 222296K [0x00000000c0000000, 0x00000000cd980000, 0x00000000eab00000)
  object space 222720K, 99% used [0x00000000c0000000,0x00000000cd916060,0x00000000cd980000)
 Metaspace       used 66881K, committed 68288K, reserved 1114112K
  class space    used 8194K, committed 8768K, reserved 1048576K

Card table byte_map: [0x0000024691550000,0x0000024691760000] _byte_map_base: 0x0000024690f50000

Marking Bits: (ParMarkBitMap*) 0x00007ff9698f3260
 Begin Bits: [0x00000246a3d70000, 0x00000246a4d70000)
 End Bits:   [0x00000246a4d70000, 0x00000246a5d70000)

Polling page: 0x0000024691340000

Metaspace:

Usage:
  Non-class:     57.31 MB used.
      Class:      8.00 MB used.
       Both:     65.31 MB used.

Virtual space:
  Non-class space:       64.00 MB reserved,      58.12 MB ( 91%) committed,  1 nodes.
      Class space:        1.00 GB reserved,       8.56 MB ( <1%) committed,  1 nodes.
             Both:        1.06 GB reserved,      66.69 MB (  6%) committed. 

Chunk freelists:
   Non-Class:  5.25 MB
       Class:  7.44 MB
        Both:  12.69 MB

MaxMetaspaceSize: unlimited
CompressedClassSpaceSize: 1.00 GB
Initial GC threshold: 21.00 MB
Current GC threshold: 97.31 MB
CDS: on
 - commit_granule_bytes: 65536.
 - commit_granule_words: 8192.
 - virtual_space_node_default_size: 8388608.
 - enlarge_chunks_in_place: 1.
 - use_allocation_guard: 0.


Internal statistics:

num_allocs_failed_limit: 9.
num_arena_births: 1122.
num_arena_deaths: 14.
num_vsnodes_births: 2.
num_vsnodes_deaths: 0.
num_space_committed: 1067.
num_space_uncommitted: 0.
num_chunks_returned_to_freelist: 23.
num_chunks_taken_from_freelist: 4088.
num_chunk_merges: 13.
num_chunk_splits: 2662.
num_chunks_enlarged: 1657.
num_inconsistent_stats: 0.

CodeHeap 'non-profiled nmethods': size=120000Kb used=5145Kb max_used=5994Kb free=114854Kb
 bounds [0x000002469c840000, 0x000002469ce20000, 0x00000246a3d70000]
CodeHeap 'profiled nmethods': size=120000Kb used=12476Kb max_used=15612Kb free=107523Kb
 bounds [0x0000024694d70000, 0x0000024695cb0000, 0x000002469c2a0000]
CodeHeap 'non-nmethods': size=5760Kb used=1403Kb max_used=1474Kb free=4356Kb
 bounds [0x000002469c2a0000, 0x000002469c510000, 0x000002469c840000]
 total_blobs=7464 nmethods=6753 adapters=617
 compilation: enabled
              stopped_count=0, restarted_count=0
 full_count=0

Compilation events (20 events):
Event: 18.845 Thread 0x00000246ed009d20 nmethod 8331 0x0000024695caa510 code [0x0000024695caa6c0, 0x0000024695caa9b0]
Event: 18.846 Thread 0x00000246ed009d20 8332       3       java.lang.Math::multiplyExact (27 bytes)
Event: 18.846 Thread 0x00000246ed009d20 nmethod 8332 0x0000024695caaa90 code [0x0000024695caac40, 0x0000024695caae40]
Event: 18.851 Thread 0x00000246ed009d20 8333       3       org.gradle.api.internal.classpath.DefaultModuleRegistry::getModule (38 bytes)
Event: 18.851 Thread 0x00000246ed009d20 nmethod 8333 0x0000024695caaf10 code [0x0000024695cab100, 0x0000024695cab558]
Event: 18.851 Thread 0x00000246ed009d20 8334       3       org.gradle.api.internal.classpath.DefaultModuleRegistry$DefaultModule::collectRequiredModules (99 bytes)
Event: 18.852 Thread 0x00000246ed009d20 nmethod 8334 0x0000024695cab690 code [0x0000024695cab940, 0x0000024695cac5c0]
Event: 18.852 Thread 0x00000246ed009d20 8335       3       org.gradle.api.internal.classpath.DefaultModuleRegistry$DefaultModule::collectDependenciesOf (9 bytes)
Event: 18.852 Thread 0x00000246ed009d20 nmethod 8335 0x0000024695caca90 code [0x0000024695cacc40, 0x0000024695cace80]
Event: 18.852 Thread 0x00000246ed006f30 8336   !   4       org.eclipse.osgi.storage.bundlefile.CloseableBundleFile$BundleEntryInputStream::close (86 bytes)
Event: 18.864 Thread 0x00000246ef75de00 8337       4       org.eclipse.jdt.internal.compiler.classfmt.MethodInfo::decodeMethodParameters (129 bytes)
Event: 18.864 Thread 0x00000246ed006f30 nmethod 8336 0x000002469ce14210 code [0x000002469ce14480, 0x000002469ce14e50]
Event: 18.868 Thread 0x00000246ed006f30 8338       4       org.eclipse.jdt.internal.compiler.classfmt.MethodInfo::decodeCodeAttribute (143 bytes)
Event: 18.886 Thread 0x00000246ef75de00 nmethod 8337 0x000002469ce15410 code [0x000002469ce15640, 0x000002469ce16238]
Event: 18.888 Thread 0x00000246ef75de00 8339       4       org.eclipse.osgi.internal.loader.classpath.ClasspathEntry::findResource (65 bytes)
Event: 18.901 Thread 0x00000246ed009d20 8341       3       org.gradle.api.internal.classpath.DefaultModuleRegistry::getModules (51 bytes)
Event: 18.901 Thread 0x00000246ed009d20 nmethod 8341 0x0000024695cacf90 code [0x0000024695cad1a0, 0x0000024695cad6e0]
Event: 18.925 Thread 0x00000246ed009d20 8342       3       org.gradle.internal.classpath.DefaultClassPath$ImmutableUniqueList::of (63 bytes)
Event: 18.926 Thread 0x00000246ed009d20 nmethod 8342 0x0000024695cad910 code [0x0000024695cadc00, 0x0000024695caead0]
Event: 18.937 Thread 0x00000246ed006f30 nmethod 8338 0x000002469ce16a10 code [0x000002469ce16d00, 0x000002469ce19820]

GC Heap History (20 events):
Event: 18.813 GC heap after
{Heap after GC invocations=159 (full 3):
 PSYoungGen      total 5120K, used 512K [0x00000000eab00000, 0x00000000eb100000, 0x0000000100000000)
  eden space 4096K, 0% used [0x00000000eab00000,0x00000000eab00000,0x00000000eaf00000)
  from space 1024K, 50% used [0x00000000eb000000,0x00000000eb080000,0x00000000eb100000)
  to   space 1024K, 0% used [0x00000000eaf00000,0x00000000eaf00000,0x00000000eb000000)
 ParOldGen       total 216064K, used 215894K [0x00000000c0000000, 0x00000000cd300000, 0x00000000eab00000)
  object space 216064K, 99% used [0x00000000c0000000,0x00000000cd2d5a30,0x00000000cd300000)
 Metaspace       used 66859K, committed 68288K, reserved 1114112K
  class space    used 8194K, committed 8768K, reserved 1048576K
}
Event: 18.818 GC heap before
{Heap before GC invocations=160 (full 3):
 PSYoungGen      total 5120K, used 4608K [0x00000000eab00000, 0x00000000eb100000, 0x0000000100000000)
  eden space 4096K, 100% used [0x00000000eab00000,0x00000000eaf00000,0x00000000eaf00000)
  from space 1024K, 50% used [0x00000000eb000000,0x00000000eb080000,0x00000000eb100000)
  to   space 1024K, 0% used [0x00000000eaf00000,0x00000000eaf00000,0x00000000eb000000)
 ParOldGen       total 216064K, used 215894K [0x00000000c0000000, 0x00000000cd300000, 0x00000000eab00000)
  object space 216064K, 99% used [0x00000000c0000000,0x00000000cd2d5a30,0x00000000cd300000)
 Metaspace       used 66859K, committed 68288K, reserved 1114112K
  class space    used 8194K, committed 8768K, reserved 1048576K
}
Event: 18.820 GC heap after
{Heap after GC invocations=160 (full 3):
 PSYoungGen      total 5120K, used 608K [0x00000000eab00000, 0x00000000eb200000, 0x0000000100000000)
  eden space 4096K, 0% used [0x00000000eab00000,0x00000000eab00000,0x00000000eaf00000)
  from space 1024K, 59% used [0x00000000eaf00000,0x00000000eaf98000,0x00000000eb000000)
  to   space 1024K, 0% used [0x00000000eb100000,0x00000000eb100000,0x00000000eb200000)
 ParOldGen       total 216576K, used 216283K [0x00000000c0000000, 0x00000000cd380000, 0x00000000eab00000)
  object space 216576K, 99% used [0x00000000c0000000,0x00000000cd336d30,0x00000000cd380000)
 Metaspace       used 66859K, committed 68288K, reserved 1114112K
  class space    used 8194K, committed 8768K, reserved 1048576K
}
Event: 18.826 GC heap before
{Heap before GC invocations=161 (full 3):
 PSYoungGen      total 5120K, used 4704K [0x00000000eab00000, 0x00000000eb200000, 0x0000000100000000)
  eden space 4096K, 100% used [0x00000000eab00000,0x00000000eaf00000,0x00000000eaf00000)
  from space 1024K, 59% used [0x00000000eaf00000,0x00000000eaf98000,0x00000000eb000000)
  to   space 1024K, 0% used [0x00000000eb100000,0x00000000eb100000,0x00000000eb200000)
 ParOldGen       total 216576K, used 216283K [0x00000000c0000000, 0x00000000cd380000, 0x00000000eab00000)
  object space 216576K, 99% used [0x00000000c0000000,0x00000000cd336d30,0x00000000cd380000)
 Metaspace       used 66859K, committed 68288K, reserved 1114112K
  class space    used 8194K, committed 8768K, reserved 1048576K
}
Event: 18.827 GC heap after
{Heap after GC invocations=161 (full 3):
 PSYoungGen      total 6144K, used 848K [0x00000000eab00000, 0x00000000eb200000, 0x0000000100000000)
  eden space 5120K, 0% used [0x00000000eab00000,0x00000000eab00000,0x00000000eb000000)
  from space 1024K, 82% used [0x00000000eb100000,0x00000000eb1d4280,0x00000000eb200000)
  to   space 1024K, 0% used [0x00000000eb000000,0x00000000eb000000,0x00000000eb100000)
 ParOldGen       total 217088K, used 216780K [0x00000000c0000000, 0x00000000cd400000, 0x00000000eab00000)
  object space 217088K, 99% used [0x00000000c0000000,0x00000000cd3b3198,0x00000000cd400000)
 Metaspace       used 66859K, committed 68288K, reserved 1114112K
  class space    used 8194K, committed 8768K, reserved 1048576K
}
Event: 18.834 GC heap before
{Heap before GC invocations=162 (full 3):
 PSYoungGen      total 6144K, used 5968K [0x00000000eab00000, 0x00000000eb200000, 0x0000000100000000)
  eden space 5120K, 100% used [0x00000000eab00000,0x00000000eb000000,0x00000000eb000000)
  from space 1024K, 82% used [0x00000000eb100000,0x00000000eb1d4280,0x00000000eb200000)
  to   space 1024K, 0% used [0x00000000eb000000,0x00000000eb000000,0x00000000eb100000)
 ParOldGen       total 217088K, used 216780K [0x00000000c0000000, 0x00000000cd400000, 0x00000000eab00000)
  object space 217088K, 99% used [0x00000000c0000000,0x00000000cd3b3198,0x00000000cd400000)
 Metaspace       used 66862K, committed 68288K, reserved 1114112K
  class space    used 8194K, committed 8768K, reserved 1048576K
}
Event: 18.837 GC heap after
{Heap after GC invocations=162 (full 3):
 PSYoungGen      total 6144K, used 1022K [0x00000000eab00000, 0x00000000eb500000, 0x0000000100000000)
  eden space 5120K, 0% used [0x00000000eab00000,0x00000000eab00000,0x00000000eb000000)
  from space 1024K, 99% used [0x00000000eb000000,0x00000000eb0ff810,0x00000000eb100000)
  to   space 2048K, 0% used [0x00000000eb300000,0x00000000eb300000,0x00000000eb500000)
 ParOldGen       total 217600K, used 217513K [0x00000000c0000000, 0x00000000cd480000, 0x00000000eab00000)
  object space 217600K, 99% used [0x00000000c0000000,0x00000000cd46a770,0x00000000cd480000)
 Metaspace       used 66862K, committed 68288K, reserved 1114112K
  class space    used 8194K, committed 8768K, reserved 1048576K
}
Event: 18.846 GC heap before
{Heap before GC invocations=163 (full 3):
 PSYoungGen      total 6144K, used 6142K [0x00000000eab00000, 0x00000000eb500000, 0x0000000100000000)
  eden space 5120K, 99% used [0x00000000eab00000,0x00000000eafffff0,0x00000000eb000000)
  from space 1024K, 99% used [0x00000000eb000000,0x00000000eb0ff810,0x00000000eb100000)
  to   space 2048K, 0% used [0x00000000eb300000,0x00000000eb300000,0x00000000eb500000)
 ParOldGen       total 217600K, used 217513K [0x00000000c0000000, 0x00000000cd480000, 0x00000000eab00000)
  object space 217600K, 99% used [0x00000000c0000000,0x00000000cd46a770,0x00000000cd480000)
 Metaspace       used 66863K, committed 68288K, reserved 1114112K
  class space    used 8194K, committed 8768K, reserved 1048576K
}
Event: 18.849 GC heap after
{Heap after GC invocations=163 (full 3):
 PSYoungGen      total 7168K, used 896K [0x00000000eab00000, 0x00000000eb400000, 0x0000000100000000)
  eden space 6144K, 0% used [0x00000000eab00000,0x00000000eab00000,0x00000000eb100000)
  from space 1024K, 87% used [0x00000000eb300000,0x00000000eb3e0000,0x00000000eb400000)
  to   space 1536K, 0% used [0x00000000eb100000,0x00000000eb100000,0x00000000eb280000)
 ParOldGen       total 218624K, used 218333K [0x00000000c0000000, 0x00000000cd580000, 0x00000000eab00000)
  object space 218624K, 99% used [0x00000000c0000000,0x00000000cd537410,0x00000000cd580000)
 Metaspace       used 66863K, committed 68288K, reserved 1114112K
  class space    used 8194K, committed 8768K, reserved 1048576K
}
Event: 18.860 GC heap before
{Heap before GC invocations=164 (full 3):
 PSYoungGen      total 7168K, used 7040K [0x00000000eab00000, 0x00000000eb400000, 0x0000000100000000)
  eden space 6144K, 100% used [0x00000000eab00000,0x00000000eb100000,0x00000000eb100000)
  from space 1024K, 87% used [0x00000000eb300000,0x00000000eb3e0000,0x00000000eb400000)
  to   space 1536K, 0% used [0x00000000eb100000,0x00000000eb100000,0x00000000eb280000)
 ParOldGen       total 218624K, used 218333K [0x00000000c0000000, 0x00000000cd580000, 0x00000000eab00000)
  object space 218624K, 99% used [0x00000000c0000000,0x00000000cd537410,0x00000000cd580000)
 Metaspace       used 66867K, committed 68288K, reserved 1114112K
  class space    used 8194K, committed 8768K, reserved 1048576K
}
Event: 18.862 GC heap after
{Heap after GC invocations=164 (full 3):
 PSYoungGen      total 7680K, used 1068K [0x00000000eab00000, 0x00000000eb400000, 0x0000000100000000)
  eden space 6144K, 0% used [0x00000000eab00000,0x00000000eab00000,0x00000000eb100000)
  from space 1536K, 69% used [0x00000000eb100000,0x00000000eb20b248,0x00000000eb280000)
  to   space 1536K, 0% used [0x00000000eb280000,0x00000000eb280000,0x00000000eb400000)
 ParOldGen       total 219136K, used 219073K [0x00000000c0000000, 0x00000000cd600000, 0x00000000eab00000)
  object space 219136K, 99% used [0x00000000c0000000,0x00000000cd5f0708,0x00000000cd600000)
 Metaspace       used 66867K, committed 68288K, reserved 1114112K
  class space    used 8194K, committed 8768K, reserved 1048576K
}
Event: 18.875 GC heap before
{Heap before GC invocations=165 (full 3):
 PSYoungGen      total 7680K, used 7212K [0x00000000eab00000, 0x00000000eb400000, 0x0000000100000000)
  eden space 6144K, 100% used [0x00000000eab00000,0x00000000eb100000,0x00000000eb100000)
  from space 1536K, 69% used [0x00000000eb100000,0x00000000eb20b248,0x00000000eb280000)
  to   space 1536K, 0% used [0x00000000eb280000,0x00000000eb280000,0x00000000eb400000)
 ParOldGen       total 219136K, used 219073K [0x00000000c0000000, 0x00000000cd600000, 0x00000000eab00000)
  object space 219136K, 99% used [0x00000000c0000000,0x00000000cd5f0708,0x00000000cd600000)
 Metaspace       used 66867K, committed 68288K, reserved 1114112K
  class space    used 8194K, committed 8768K, reserved 1048576K
}
Event: 18.877 GC heap after
{Heap after GC invocations=165 (full 3):
 PSYoungGen      total 7680K, used 1068K [0x00000000eab00000, 0x00000000eb400000, 0x0000000100000000)
  eden space 6144K, 0% used [0x00000000eab00000,0x00000000eab00000,0x00000000eb100000)
  from space 1536K, 69% used [0x00000000eb280000,0x00000000eb38b288,0x00000000eb400000)
  to   space 1536K, 0% used [0x00000000eb100000,0x00000000eb100000,0x00000000eb280000)
 ParOldGen       total 220160K, used 219943K [0x00000000c0000000, 0x00000000cd700000, 0x00000000eab00000)
  object space 220160K, 99% used [0x00000000c0000000,0x00000000cd6c9d30,0x00000000cd700000)
 Metaspace       used 66867K, committed 68288K, reserved 1114112K
  class space    used 8194K, committed 8768K, reserved 1048576K
}
Event: 18.893 GC heap before
{Heap before GC invocations=166 (full 3):
 PSYoungGen      total 7680K, used 7207K [0x00000000eab00000, 0x00000000eb400000, 0x0000000100000000)
  eden space 6144K, 99% used [0x00000000eab00000,0x00000000eb0febb0,0x00000000eb100000)
  from space 1536K, 69% used [0x00000000eb280000,0x00000000eb38b288,0x00000000eb400000)
  to   space 1536K, 0% used [0x00000000eb100000,0x00000000eb100000,0x00000000eb280000)
 ParOldGen       total 220160K, used 219943K [0x00000000c0000000, 0x00000000cd700000, 0x00000000eab00000)
  object space 220160K, 99% used [0x00000000c0000000,0x00000000cd6c9d30,0x00000000cd700000)
 Metaspace       used 66878K, committed 68288K, reserved 1114112K
  class space    used 8194K, committed 8768K, reserved 1048576K
}
Event: 18.895 GC heap after
{Heap after GC invocations=166 (full 3):
 PSYoungGen      total 7680K, used 1097K [0x00000000eab00000, 0x00000000eb400000, 0x0000000100000000)
  eden space 6144K, 0% used [0x00000000eab00000,0x00000000eab00000,0x00000000eb100000)
  from space 1536K, 71% used [0x00000000eb100000,0x00000000eb212698,0x00000000eb280000)
  to   space 1536K, 0% used [0x00000000eb280000,0x00000000eb280000,0x00000000eb400000)
 ParOldGen       total 221184K, used 220802K [0x00000000c0000000, 0x00000000cd800000, 0x00000000eab00000)
  object space 221184K, 99% used [0x00000000c0000000,0x00000000cd7a0930,0x00000000cd800000)
 Metaspace       used 66878K, committed 68288K, reserved 1114112K
  class space    used 8194K, committed 8768K, reserved 1048576K
}
Event: 18.916 GC heap before
{Heap before GC invocations=167 (full 3):
 PSYoungGen      total 7680K, used 7241K [0x00000000eab00000, 0x00000000eb400000, 0x0000000100000000)
  eden space 6144K, 100% used [0x00000000eab00000,0x00000000eb100000,0x00000000eb100000)
  from space 1536K, 71% used [0x00000000eb100000,0x00000000eb212698,0x00000000eb280000)
  to   space 1536K, 0% used [0x00000000eb280000,0x00000000eb280000,0x00000000eb400000)
 ParOldGen       total 221184K, used 220802K [0x00000000c0000000, 0x00000000cd800000, 0x00000000eab00000)
  object space 221184K, 99% used [0x00000000c0000000,0x00000000cd7a0930,0x00000000cd800000)
 Metaspace       used 66878K, committed 68288K, reserved 1114112K
  class space    used 8194K, committed 8768K, reserved 1048576K
}
Event: 18.919 GC heap after
{Heap after GC invocations=167 (full 3):
 PSYoungGen      total 7168K, used 929K [0x00000000eab00000, 0x00000000eb380000, 0x0000000100000000)
  eden space 6144K, 0% used [0x00000000eab00000,0x00000000eab00000,0x00000000eb100000)
  from space 1024K, 90% used [0x00000000eb280000,0x00000000eb368738,0x00000000eb380000)
  to   space 1024K, 0% used [0x00000000eb180000,0x00000000eb180000,0x00000000eb280000)
 ParOldGen       total 221696K, used 221660K [0x00000000c0000000, 0x00000000cd880000, 0x00000000eab00000)
  object space 221696K, 99% used [0x00000000c0000000,0x00000000cd877320,0x00000000cd880000)
 Metaspace       used 66878K, committed 68288K, reserved 1114112K
  class space    used 8194K, committed 8768K, reserved 1048576K
}
Event: 18.937 GC heap before
{Heap before GC invocations=168 (full 3):
 PSYoungGen      total 7168K, used 7073K [0x00000000eab00000, 0x00000000eb380000, 0x0000000100000000)
  eden space 6144K, 100% used [0x00000000eab00000,0x00000000eb100000,0x00000000eb100000)
  from space 1024K, 90% used [0x00000000eb280000,0x00000000eb368738,0x00000000eb380000)
  to   space 1024K, 0% used [0x00000000eb180000,0x00000000eb180000,0x00000000eb280000)
 ParOldGen       total 221696K, used 221660K [0x00000000c0000000, 0x00000000cd880000, 0x00000000eab00000)
  object space 221696K, 99% used [0x00000000c0000000,0x00000000cd877320,0x00000000cd880000)
 Metaspace       used 66881K, committed 68288K, reserved 1114112K
  class space    used 8194K, committed 8768K, reserved 1048576K
}
Event: 18.941 GC heap after
{Heap after GC invocations=168 (full 3):
 PSYoungGen      total 7168K, used 7073K [0x00000000eab00000, 0x00000000eb380000, 0x0000000100000000)
  eden space 6144K, 100% used [0x00000000eab00000,0x00000000eb100000,0x00000000eb100000)
  from space 1024K, 90% used [0x00000000eb280000,0x00000000eb368738,0x00000000eb380000)
  to   space 1024K, 97% used [0x00000000eb180000,0x00000000eb278530,0x00000000eb280000)
 ParOldGen       total 222720K, used 222296K [0x00000000c0000000, 0x00000000cd980000, 0x00000000eab00000)
  object space 222720K, 99% used [0x00000000c0000000,0x00000000cd916060,0x00000000cd980000)
 Metaspace       used 66881K, committed 68288K, reserved 1114112K
  class space    used 8194K, committed 8768K, reserved 1048576K
}
Event: 18.941 GC heap before
{Heap before GC invocations=169 (full 4):
 PSYoungGen      total 7168K, used 7073K [0x00000000eab00000, 0x00000000eb380000, 0x0000000100000000)
  eden space 6144K, 100% used [0x00000000eab00000,0x00000000eb100000,0x00000000eb100000)
  from space 1024K, 90% used [0x00000000eb280000,0x00000000eb368738,0x00000000eb380000)
  to   space 1024K, 97% used [0x00000000eb180000,0x00000000eb278530,0x00000000eb280000)
 ParOldGen       total 222720K, used 222296K [0x00000000c0000000, 0x00000000cd980000, 0x00000000eab00000)
  object space 222720K, 99% used [0x00000000c0000000,0x00000000cd916060,0x00000000cd980000)
 Metaspace       used 66881K, committed 68288K, reserved 1114112K
  class space    used 8194K, committed 8768K, reserved 1048576K
}

Dll operation events (14 events):
Event: 0.013 Loaded shared library c:\Users\user\.cursor\extensions\redhat.java-1.41.1-win32-x64\jre\21.0.6-win32-x86_64\bin\java.dll
Event: 0.058 Loaded shared library c:\Users\user\.cursor\extensions\redhat.java-1.41.1-win32-x64\jre\21.0.6-win32-x86_64\bin\zip.dll
Event: 0.161 Loaded shared library C:\Users\user\.cursor\extensions\redhat.java-1.41.1-win32-x64\jre\21.0.6-win32-x86_64\bin\instrument.dll
Event: 0.166 Loaded shared library C:\Users\user\.cursor\extensions\redhat.java-1.41.1-win32-x64\jre\21.0.6-win32-x86_64\bin\net.dll
Event: 0.171 Loaded shared library C:\Users\user\.cursor\extensions\redhat.java-1.41.1-win32-x64\jre\21.0.6-win32-x86_64\bin\nio.dll
Event: 0.177 Loaded shared library C:\Users\user\.cursor\extensions\redhat.java-1.41.1-win32-x64\jre\21.0.6-win32-x86_64\bin\zip.dll
Event: 0.206 Loaded shared library C:\Users\user\.cursor\extensions\redhat.java-1.41.1-win32-x64\jre\21.0.6-win32-x86_64\bin\jimage.dll
Event: 0.327 Loaded shared library c:\Users\user\.cursor\extensions\redhat.java-1.41.1-win32-x64\jre\21.0.6-win32-x86_64\bin\verify.dll
Event: 1.880 Loaded shared library C:\Users\user\AppData\Roaming\Cursor\User\globalStorage\redhat.java\1.41.1\config_win\org.eclipse.equinox.launcher\org.eclipse.equinox.launcher.win32.win32.x86_64_1.2.1300.v20250331-1702\eclipse_11911.dll
Event: 4.564 Loaded shared library C:\Users\user\AppData\Local\Temp\jna-3599307\jna8778567451527522634.dll
Event: 13.581 Loaded shared library C:\Users\user\.gradle\native\c067742578af261105cb4f569cf0c3c89f3d7b1fecec35dd04571415982c5e48\windows-amd64\native-platform.dll
Event: 15.943 Loaded shared library C:\Users\user\.cursor\extensions\redhat.java-1.41.1-win32-x64\jre\21.0.6-win32-x86_64\bin\management.dll
Event: 15.947 Loaded shared library C:\Users\user\.cursor\extensions\redhat.java-1.41.1-win32-x64\jre\21.0.6-win32-x86_64\bin\management_ext.dll
Event: 18.401 Loaded shared library C:\Users\user\.gradle\native\c067742578af261105cb4f569cf0c3c89f3d7b1fecec35dd04571415982c5e48\windows-amd64-min\native-platform.dll

Deoptimization events (20 events):
Event: 18.534 Thread 0x00000246ee9d2630 DEOPT PACKING pc=0x0000024695c711e8 sp=0x000000b2c1bfd080
Event: 18.534 Thread 0x00000246ee9d2630 DEOPT UNPACKING pc=0x000002469c2f4242 sp=0x000000b2c1bfc628 mode 0
Event: 18.633 Thread 0x00000246ee9d2630 Uncommon trap: trap_request=0xffffff45 fr.pc=0x000002469cdfe624 relative=0x0000000000000264
Event: 18.633 Thread 0x00000246ee9d2630 Uncommon trap: reason=unstable_if action=reinterpret pc=0x000002469cdfe624 method=org.objectweb.asm.Type.getTypeInternal(Ljava/lang/String;II)Lorg/objectweb/asm/Type; @ 5 c2
Event: 18.633 Thread 0x00000246ee9d2630 DEOPT PACKING pc=0x000002469cdfe624 sp=0x000000b2c1bfb180
Event: 18.633 Thread 0x00000246ee9d2630 DEOPT UNPACKING pc=0x000002469c2f3aa2 sp=0x000000b2c1bfb118 mode 2
Event: 18.656 Thread 0x00000246ee9d2630 DEOPT PACKING pc=0x0000024695c711e8 sp=0x000000b2c1bfd420
Event: 18.656 Thread 0x00000246ee9d2630 DEOPT UNPACKING pc=0x000002469c2f4242 sp=0x000000b2c1bfc9c8 mode 0
Event: 18.715 Thread 0x00000246ee041ae0 Uncommon trap: trap_request=0xffffff45 fr.pc=0x000002469cc239c8 relative=0x0000000000002248
Event: 18.715 Thread 0x00000246ee041ae0 Uncommon trap: reason=unstable_if action=reinterpret pc=0x000002469cc239c8 method=org.eclipse.jdt.internal.compiler.classfmt.MethodInfo.decodeLocalVariableAttribute(II)V @ 14 c2
Event: 18.715 Thread 0x00000246ee041ae0 DEOPT PACKING pc=0x000002469cc239c8 sp=0x000000b2c02fe890
Event: 18.715 Thread 0x00000246ee041ae0 DEOPT UNPACKING pc=0x000002469c2f3aa2 sp=0x000000b2c02fe7c0 mode 2
Event: 18.721 Thread 0x00000246ee9d2630 DEOPT PACKING pc=0x0000024695c711e8 sp=0x000000b2c1bfca00
Event: 18.721 Thread 0x00000246ee9d2630 DEOPT UNPACKING pc=0x000002469c2f4242 sp=0x000000b2c1bfbfa8 mode 0
Event: 18.746 Thread 0x00000246ee9d2630 DEOPT PACKING pc=0x0000024695c711e8 sp=0x000000b2c1bfc2c0
Event: 18.746 Thread 0x00000246ee9d2630 DEOPT UNPACKING pc=0x000002469c2f4242 sp=0x000000b2c1bfb868 mode 0
Event: 18.768 Thread 0x00000246ee9d2630 DEOPT PACKING pc=0x0000024695c711e8 sp=0x000000b2c1bfbf20
Event: 18.768 Thread 0x00000246ee9d2630 DEOPT UNPACKING pc=0x000002469c2f4242 sp=0x000000b2c1bfb4c8 mode 0
Event: 18.794 Thread 0x00000246ee9d2630 DEOPT PACKING pc=0x0000024695c711e8 sp=0x000000b2c1bf93a0
Event: 18.795 Thread 0x00000246ee9d2630 DEOPT UNPACKING pc=0x000002469c2f4242 sp=0x000000b2c1bf8948 mode 0

Classes loaded (20 events):
Event: 17.844 Loading class java/util/PrimitiveIterator$OfLong
Event: 17.844 Loading class java/util/PrimitiveIterator$OfLong done
Event: 17.845 Loading class java/util/PrimitiveIterator$OfInt
Event: 17.845 Loading class java/util/PrimitiveIterator$OfInt done
Event: 17.846 Loading class java/util/stream/LongStream
Event: 17.846 Loading class java/util/stream/LongStream done
Event: 17.846 Loading class java/util/stream/DoubleStream
Event: 17.847 Loading class java/util/stream/DoubleStream done
Event: 17.960 Loading class java/util/ArrayDeque$DeqSpliterator
Event: 17.960 Loading class java/util/ArrayDeque$DeqSpliterator done
Event: 18.092 Loading class java/util/concurrent/atomic/AtomicIntegerFieldUpdater
Event: 18.092 Loading class java/util/concurrent/atomic/AtomicIntegerFieldUpdater done
Event: 18.149 Loading class java/util/concurrent/LinkedBlockingDeque
Event: 18.149 Loading class java/util/concurrent/BlockingDeque
Event: 18.150 Loading class java/util/concurrent/BlockingDeque done
Event: 18.150 Loading class java/util/concurrent/LinkedBlockingDeque done
Event: 18.150 Loading class java/util/concurrent/PriorityBlockingQueue
Event: 18.150 Loading class java/util/concurrent/PriorityBlockingQueue done
Event: 18.668 Loading class java/io/ObjectStreamClass$ExceptionInfo
Event: 18.668 Loading class java/io/ObjectStreamClass$ExceptionInfo done

Classes unloaded (7 events):
Event: 5.632 Thread 0x00000246a5f42f60 Unloading class 0x00000246a7194800 'java/lang/invoke/LambdaForm$MH+0x00000246a7194800'
Event: 5.632 Thread 0x00000246a5f42f60 Unloading class 0x00000246a7194400 'java/lang/invoke/LambdaForm$MH+0x00000246a7194400'
Event: 5.632 Thread 0x00000246a5f42f60 Unloading class 0x00000246a7194000 'java/lang/invoke/LambdaForm$MH+0x00000246a7194000'
Event: 5.632 Thread 0x00000246a5f42f60 Unloading class 0x00000246a7193c00 'java/lang/invoke/LambdaForm$MH+0x00000246a7193c00'
Event: 5.632 Thread 0x00000246a5f42f60 Unloading class 0x00000246a7193800 'java/lang/invoke/LambdaForm$BMH+0x00000246a7193800'
Event: 5.632 Thread 0x00000246a5f42f60 Unloading class 0x00000246a7193400 'java/lang/invoke/LambdaForm$DMH+0x00000246a7193400'
Event: 5.632 Thread 0x00000246a5f42f60 Unloading class 0x00000246a7192400 'java/lang/invoke/LambdaForm$DMH+0x00000246a7192400'

Classes redefined (0 events):
No events

Internal exceptions (20 events):
Event: 11.431 Thread 0x00000246ee042e90 Exception <a 'java/io/FileNotFoundException'{0x00000000eab0cfc0}> (0x00000000eab0cfc0) 
thrown [s\src\hotspot\share\prims\jni.cpp, line 520]
Event: 11.432 Thread 0x00000246ee042e90 Exception <a 'java/io/FileNotFoundException'{0x00000000eab0e6b8}> (0x00000000eab0e6b8) 
thrown [s\src\hotspot\share\prims\jni.cpp, line 520]
Event: 11.432 Thread 0x00000246ee042e90 Exception <a 'java/io/FileNotFoundException'{0x00000000eab0fa98}> (0x00000000eab0fa98) 
thrown [s\src\hotspot\share\prims\jni.cpp, line 520]
Event: 11.798 Thread 0x00000246ee041ae0 Implicit null exception at 0x000002469cb6f45a to 0x000002469cb6f558
Event: 12.276 Thread 0x00000246ee042e90 Exception <a 'java/lang/NoSuchMethodError'{0x00000000ebc28ca0}: 'int java.lang.invoke.DirectMethodHandle$Holder.invokeSpecialIFC(java.lang.Object, java.lang.Object, java.lang.Object, java.lang.Object)'> (0x00000000ebc28ca0) 
thrown [s\src\hotspot\share\interpreter\linkResolver.cpp, line 773]
Event: 12.389 Thread 0x00000246ee042e90 Exception <a 'sun/nio/fs/WindowsException'{0x00000000ebc59178}> (0x00000000ebc59178) 
thrown [s\src\hotspot\share\prims\jni.cpp, line 520]
Event: 12.389 Thread 0x00000246ee042e90 Exception <a 'sun/nio/fs/WindowsException'{0x00000000ebc597a8}> (0x00000000ebc597a8) 
thrown [s\src\hotspot\share\prims\jni.cpp, line 520]
Event: 12.542 Thread 0x00000246ee042170 Exception <a 'java/lang/NoSuchMethodError'{0x00000000eb01d7d0}: 'int java.lang.invoke.DirectMethodHandle$Holder.invokeInterface(java.lang.Object, java.lang.Object)'> (0x00000000eb01d7d0) 
thrown [s\src\hotspot\share\interpreter\linkResolver.cpp, line 773]
Event: 12.543 Thread 0x00000246ee042170 Exception <a 'java/lang/IncompatibleClassChangeError'{0x00000000eb020f28}: Found class java.lang.Object, but interface was expected> (0x00000000eb020f28) 
thrown [s\src\hotspot\share\interpreter\linkResolver.cpp, line 840]
Event: 12.582 Thread 0x00000246ee042170 Exception <a 'java/lang/NoSuchMethodError'{0x00000000eb15d658}: method resolution failed> (0x00000000eb15d658) 
thrown [s\src\hotspot\share\prims\methodHandles.cpp, line 1144]
Event: 12.746 Thread 0x00000246ee042170 Exception <a 'java/lang/NoSuchMethodError'{0x00000000eabaed98}: 'java.lang.Object java.lang.invoke.DirectMethodHandle$Holder.invokeVirtual(java.lang.Object, java.lang.Object, java.lang.Object, java.lang.Object)'> (0x00000000eabaed98) 
thrown [s\src\hotspot\share\interpreter\linkResolver.cpp, line 773]
Event: 12.750 Thread 0x00000246ee042170 Exception <a 'java/lang/NoSuchMethodError'{0x00000000eac70460}: 'java.lang.Object java.lang.invoke.DirectMethodHandle$Holder.invokeVirtual(java.lang.Object, java.lang.Object, java.lang.Object, java.lang.Object, java.lang.Object)'> (0x00000000eac70460) 
thrown [s\src\hotspot\share\interpreter\linkResolver.cpp, line 773]
Event: 14.541 Thread 0x00000246ee041ae0 Implicit null exception at 0x000002469ccb9f93 to 0x000002469ccc3348
Event: 15.378 Thread 0x00000246ee9cf1b0 Exception <a 'java/lang/NoSuchMethodError'{0x00000000eb1d2778}: 'java.lang.Object java.lang.invoke.DirectMethodHandle$Holder.invokeVirtual(java.lang.Object, java.lang.Object, java.lang.Object, java.lang.Object, java.lang.Object, java.lang.Object)'> (0x00000000eb1d2778) 
thrown [s\src\hotspot\share\interpreter\linkResolver.cpp, line 773]
Event: 15.510 Thread 0x00000246ee9cf1b0 Exception <a 'java/lang/NoSuchMethodError'{0x00000000eb246b88}: 'java.lang.Object java.lang.invoke.DirectMethodHandle$Holder.invokeVirtual(java.lang.Object, java.lang.Object, java.lang.Object, java.lang.Object, java.lang.Object, java.lang.Object, java.lang.Object)'> (0x00000000eb246b88) 
thrown [s\src\hotspot\share\interpreter\linkResolver.cpp, line 773]
Event: 15.683 Thread 0x00000246ee9cf1b0 Exception <a 'java/lang/NoClassDefFoundError'{0x00000000eac85df0}: org/slf4j/impl/StaticMarkerBinder> (0x00000000eac85df0) 
thrown [s\src\hotspot\share\classfile\systemDictionary.cpp, line 301]
Event: 15.728 Thread 0x00000246ee9cf1b0 Exception <a 'java/lang/NoSuchMethodError'{0x00000000eafd3488}: 'java.lang.Object java.lang.invoke.DirectMethodHandle$Holder.invokeVirtual(java.lang.Object, java.lang.Object, java.lang.Object, java.lang.Object, java.lang.Object, java.lang.Object, java.lang.Object, java.lang.Object)'> (0x00000000eafd3488) 
thrown [s\src\hotspot\share\interpreter\linkResolver.cpp, line 773]
Event: 15.739 Thread 0x00000246ee9cf1b0 Exception <a 'java/lang/NoSuchMethodError'{0x00000000eb238320}: 'java.lang.Object java.lang.invoke.DirectMethodHandle$Holder.invokeVirtual(java.lang.Object, java.lang.Object, java.lang.Object, java.lang.Object, java.lang.Object, java.lang.Object, java.lang.Object, java.lang.Object, java.lang.Object)'> (0x00000000eb238320) 
thrown [s\src\hotspot\share\interpreter\linkResolver.cpp, line 773]
Event: 15.853 Thread 0x00000246ee9cf1b0 Exception <a 'java/lang/NoSuchMethodError'{0x00000000eb1f7f48}: 'java.lang.Object java.lang.invoke.DirectMethodHandle$Holder.invokeVirtual(java.lang.Object, java.lang.Object, java.lang.Object, java.lang.Object, java.lang.Object, java.lang.Object, java.lang.Object, java.lang.Object, java.lang.Object, java.lang.Object)'> (0x00000000eb1f7f48) 
thrown [s\src\hotspot\share\interpreter\linkResolver.cpp, line 773]
Event: 17.983 Thread 0x00000246ee9cf1b0 Implicit null exception at 0x000002469cc73100 to 0x000002469cc73504

ZGC Phase Switch (0 events):
No events

VM Operations (20 events):
Event: 18.807 Executing VM operation: ParallelGCFailedAllocation (Allocation Failure) done
Event: 18.812 Executing VM operation: ParallelGCFailedAllocation (Allocation Failure)
Event: 18.813 Executing VM operation: ParallelGCFailedAllocation (Allocation Failure) done
Event: 18.818 Executing VM operation: ParallelGCFailedAllocation (Allocation Failure)
Event: 18.820 Executing VM operation: ParallelGCFailedAllocation (Allocation Failure) done
Event: 18.826 Executing VM operation: ParallelGCFailedAllocation (Allocation Failure)
Event: 18.827 Executing VM operation: ParallelGCFailedAllocation (Allocation Failure) done
Event: 18.834 Executing VM operation: ParallelGCFailedAllocation (Allocation Failure)
Event: 18.837 Executing VM operation: ParallelGCFailedAllocation (Allocation Failure) done
Event: 18.846 Executing VM operation: ParallelGCFailedAllocation (Allocation Failure)
Event: 18.849 Executing VM operation: ParallelGCFailedAllocation (Allocation Failure) done
Event: 18.860 Executing VM operation: ParallelGCFailedAllocation (Allocation Failure)
Event: 18.862 Executing VM operation: ParallelGCFailedAllocation (Allocation Failure) done
Event: 18.874 Executing VM operation: ParallelGCFailedAllocation (Allocation Failure)
Event: 18.877 Executing VM operation: ParallelGCFailedAllocation (Allocation Failure) done
Event: 18.893 Executing VM operation: ParallelGCFailedAllocation (Allocation Failure)
Event: 18.895 Executing VM operation: ParallelGCFailedAllocation (Allocation Failure) done
Event: 18.916 Executing VM operation: ParallelGCFailedAllocation (Allocation Failure)
Event: 18.919 Executing VM operation: ParallelGCFailedAllocation (Allocation Failure) done
Event: 18.937 Executing VM operation: ParallelGCFailedAllocation (Allocation Failure)

Memory protections (0 events):
No events

Nmethod flushes (20 events):
Event: 16.247 Thread 0x00000246a5f42f60 flushing  nmethod 0x00000246955fd710
Event: 16.247 Thread 0x00000246a5f42f60 flushing  nmethod 0x0000024695604390
Event: 16.247 Thread 0x00000246a5f42f60 flushing  nmethod 0x000002469561b310
Event: 16.247 Thread 0x00000246a5f42f60 flushing  nmethod 0x0000024695620b90
Event: 16.247 Thread 0x00000246a5f42f60 flushing  nmethod 0x0000024695621190
Event: 16.247 Thread 0x00000246a5f42f60 flushing  nmethod 0x0000024695623390
Event: 16.247 Thread 0x00000246a5f42f60 flushing  nmethod 0x0000024695625110
Event: 16.247 Thread 0x00000246a5f42f60 flushing  nmethod 0x0000024695627310
Event: 16.247 Thread 0x00000246a5f42f60 flushing  nmethod 0x0000024695637b90
Event: 16.247 Thread 0x00000246a5f42f60 flushing  nmethod 0x000002469563e010
Event: 16.247 Thread 0x00000246a5f42f60 flushing  nmethod 0x0000024695657610
Event: 16.247 Thread 0x00000246a5f42f60 flushing  nmethod 0x0000024695661e90
Event: 16.247 Thread 0x00000246a5f42f60 flushing  nmethod 0x0000024695663490
Event: 16.247 Thread 0x00000246a5f42f60 flushing  nmethod 0x0000024695665290
Event: 16.247 Thread 0x00000246a5f42f60 flushing  nmethod 0x000002469566cc10
Event: 16.247 Thread 0x00000246a5f42f60 flushing  nmethod 0x000002469566fa90
Event: 16.247 Thread 0x00000246a5f42f60 flushing  nmethod 0x0000024695670090
Event: 16.247 Thread 0x00000246a5f42f60 flushing  nmethod 0x0000024695671610
Event: 16.247 Thread 0x00000246a5f42f60 flushing  nmethod 0x0000024695677f10
Event: 16.247 Thread 0x00000246a5f42f60 flushing  nmethod 0x00000246956bd810

Events (20 events):
Event: 10.566 Thread 0x00000246edeaee50 Thread exited: 0x00000246edeaee50
Event: 12.687 Thread 0x00000246ee042170 Thread added: 0x00000246ee9d1fa0
Event: 12.827 Thread 0x00000246ee042170 Thread added: 0x00000246ee9cf1b0
Event: 16.383 Thread 0x00000246ee9cf1b0 Thread exited: 0x00000246ee9cf1b0
Event: 16.432 Thread 0x00000246ee042170 Thread added: 0x00000246ee9d1910
Event: 16.434 Thread 0x00000246ee042170 Thread added: 0x00000246ee9d2630
Event: 16.509 Thread 0x00000246ee9d2630 Thread exited: 0x00000246ee9d2630
Event: 16.516 Thread 0x00000246ee042170 Thread added: 0x00000246ee9cf840
Event: 16.825 Thread 0x00000246ee042170 Thread added: 0x00000246ee9d2cc0
Event: 16.896 Thread 0x00000246ee042170 Thread added: 0x00000246ee9d2630
Event: 16.993 Thread 0x00000246ee9d2630 Thread exited: 0x00000246ee9d2630
Event: 16.995 Thread 0x00000246ee042170 Thread added: 0x00000246ee9cfed0
Event: 17.006 Thread 0x00000246ee042170 Thread added: 0x00000246ee9d2630
Event: 17.956 Thread 0x00000246ee041450 Thread added: 0x00000246ee9cc3c0
Event: 17.960 Thread 0x00000246ee042e90 Thread added: 0x00000246ee9d0560
Event: 17.966 Thread 0x00000246ee041450 Thread added: 0x00000246ee9d39e0
Event: 17.967 Thread 0x00000246ee042e90 Thread added: 0x00000246ee9ce490
Event: 17.968 Thread 0x00000246ee041450 Thread added: 0x00000246ee9d0bf0
Event: 17.968 Thread 0x00000246ee042e90 Thread added: 0x00000246ee9cf1b0
Event: 17.997 Thread 0x00000246ee9d0bf0 Thread exited: 0x00000246ee9d0bf0


Dynamic libraries:
0x00007ff6a0aa0000 - 0x00007ff6a0aae000 	c:\Users\user\.cursor\extensions\redhat.java-1.41.1-win32-x64\jre\21.0.6-win32-x86_64\bin\java.exe
0x00007ff9cea90000 - 0x00007ff9cec88000 	C:\Windows\SYSTEM32\ntdll.dll
0x00007ff9ce5e0000 - 0x00007ff9ce6a2000 	C:\Windows\System32\KERNEL32.DLL
0x00007ff9cc290000 - 0x00007ff9cc58f000 	C:\Windows\System32\KERNELBASE.dll
0x00007ff9cc9b0000 - 0x00007ff9ccab0000 	C:\Windows\System32\ucrtbase.dll
0x00007ff9b3f20000 - 0x00007ff9b3f38000 	c:\Users\user\.cursor\extensions\redhat.java-1.41.1-win32-x64\jre\21.0.6-win32-x86_64\bin\jli.dll
0x00007ff9b3e10000 - 0x00007ff9b3e2e000 	c:\Users\user\.cursor\extensions\redhat.java-1.41.1-win32-x64\jre\21.0.6-win32-x86_64\bin\VCRUNTIME140.dll
0x00007ff9cd770000 - 0x00007ff9cd90d000 	C:\Windows\System32\USER32.dll
0x00007ff9ba660000 - 0x00007ff9ba8fa000 	C:\Windows\WinSxS\amd64_microsoft.windows.common-controls_6595b64144ccf1df_6.0.19041.4355_none_60b8b9eb71f62e16\COMCTL32.dll
0x00007ff9ce750000 - 0x00007ff9ce7ee000 	C:\Windows\System32\msvcrt.dll
0x00007ff9cc8c0000 - 0x00007ff9cc8e2000 	C:\Windows\System32\win32u.dll
0x00007ff9cd550000 - 0x00007ff9cd57b000 	C:\Windows\System32\GDI32.dll
0x00007ff9cc7a0000 - 0x00007ff9cc8ba000 	C:\Windows\System32\gdi32full.dll
0x00007ff9cc700000 - 0x00007ff9cc79d000 	C:\Windows\System32\msvcp_win.dll
0x00007ff9cd510000 - 0x00007ff9cd53f000 	C:\Windows\System32\IMM32.DLL
0x00007ff9b43a0000 - 0x00007ff9b43ac000 	c:\Users\user\.cursor\extensions\redhat.java-1.41.1-win32-x64\jre\21.0.6-win32-x86_64\bin\vcruntime140_1.dll
0x00007ff99be90000 - 0x00007ff99bf1d000 	c:\Users\user\.cursor\extensions\redhat.java-1.41.1-win32-x64\jre\21.0.6-win32-x86_64\bin\msvcp140.dll
0x00007ff968c40000 - 0x00007ff9699d0000 	c:\Users\user\.cursor\extensions\redhat.java-1.41.1-win32-x64\jre\21.0.6-win32-x86_64\bin\server\jvm.dll
0x00007ff9cd6c0000 - 0x00007ff9cd76f000 	C:\Windows\System32\ADVAPI32.dll
0x00007ff9cd390000 - 0x00007ff9cd42f000 	C:\Windows\System32\sechost.dll
0x00007ff9cd580000 - 0x00007ff9cd6a3000 	C:\Windows\System32\RPCRT4.dll
0x00007ff9cc640000 - 0x00007ff9cc667000 	C:\Windows\System32\bcrypt.dll
0x00007ff9cd4a0000 - 0x00007ff9cd50b000 	C:\Windows\System32\WS2_32.dll
0x00007ff9ba620000 - 0x00007ff9ba647000 	C:\Windows\SYSTEM32\WINMM.dll
0x00007ff9cbf90000 - 0x00007ff9cbfdb000 	C:\Windows\SYSTEM32\POWRPROF.dll
0x00007ff9c5c50000 - 0x00007ff9c5c5a000 	C:\Windows\SYSTEM32\VERSION.dll
0x00007ff9cbf70000 - 0x00007ff9cbf82000 	C:\Windows\SYSTEM32\UMPDC.dll
0x00007ff9c9e80000 - 0x00007ff9c9e92000 	C:\Windows\SYSTEM32\kernel.appcore.dll
0x00007ff9b3e00000 - 0x00007ff9b3e0a000 	c:\Users\user\.cursor\extensions\redhat.java-1.41.1-win32-x64\jre\21.0.6-win32-x86_64\bin\jimage.dll
0x00007ff9c6540000 - 0x00007ff9c6724000 	C:\Windows\SYSTEM32\DBGHELP.DLL
0x00007ff9b02e0000 - 0x00007ff9b0314000 	C:\Windows\SYSTEM32\dbgcore.DLL
0x00007ff9cc670000 - 0x00007ff9cc6f2000 	C:\Windows\System32\bcryptPrimitives.dll
0x00007ff9b3f10000 - 0x00007ff9b3f1f000 	c:\Users\user\.cursor\extensions\redhat.java-1.41.1-win32-x64\jre\21.0.6-win32-x86_64\bin\instrument.dll
0x00007ff9adf90000 - 0x00007ff9adfaf000 	c:\Users\user\.cursor\extensions\redhat.java-1.41.1-win32-x64\jre\21.0.6-win32-x86_64\bin\java.dll
0x00007ff9cd910000 - 0x00007ff9ce07d000 	C:\Windows\System32\SHELL32.dll
0x00007ff9ca190000 - 0x00007ff9ca934000 	C:\Windows\SYSTEM32\windows.storage.dll
0x00007ff9ce160000 - 0x00007ff9ce4b5000 	C:\Windows\System32\combase.dll
0x00007ff9cba10000 - 0x00007ff9cba3f000 	C:\Windows\SYSTEM32\Wldp.dll
0x00007ff9ce980000 - 0x00007ff9cea4d000 	C:\Windows\System32\OLEAUT32.dll
0x00007ff9cccc0000 - 0x00007ff9ccd6d000 	C:\Windows\System32\SHCORE.dll
0x00007ff9ce920000 - 0x00007ff9ce975000 	C:\Windows\System32\shlwapi.dll
0x00007ff9cc060000 - 0x00007ff9cc084000 	C:\Windows\SYSTEM32\profapi.dll
0x00007ff9aa840000 - 0x00007ff9aa858000 	c:\Users\user\.cursor\extensions\redhat.java-1.41.1-win32-x64\jre\21.0.6-win32-x86_64\bin\zip.dll
0x00007ff9aa830000 - 0x00007ff9aa840000 	C:\Users\user\.cursor\extensions\redhat.java-1.41.1-win32-x64\jre\21.0.6-win32-x86_64\bin\net.dll
0x00007ff9c5e30000 - 0x00007ff9c5f3a000 	C:\Windows\SYSTEM32\WINHTTP.dll
0x00007ff9cb7f0000 - 0x00007ff9cb85c000 	C:\Windows\system32\mswsock.dll
0x00007ff9a7200000 - 0x00007ff9a7216000 	C:\Users\user\.cursor\extensions\redhat.java-1.41.1-win32-x64\jre\21.0.6-win32-x86_64\bin\nio.dll
0x00007ff9aa820000 - 0x00007ff9aa830000 	c:\Users\user\.cursor\extensions\redhat.java-1.41.1-win32-x64\jre\21.0.6-win32-x86_64\bin\verify.dll
0x00007ff9985c0000 - 0x00007ff998605000 	C:\Users\user\AppData\Roaming\Cursor\User\globalStorage\redhat.java\1.41.1\config_win\org.eclipse.equinox.launcher\org.eclipse.equinox.launcher.win32.win32.x86_64_1.2.1300.v20250331-1702\eclipse_11911.dll
0x00007ff9ce7f0000 - 0x00007ff9ce91b000 	C:\Windows\System32\ole32.dll
0x00007ff9cba50000 - 0x00007ff9cba68000 	C:\Windows\SYSTEM32\CRYPTSP.dll
0x00007ff9cb0d0000 - 0x00007ff9cb104000 	C:\Windows\system32\rsaenh.dll
0x00007ff9cbfe0000 - 0x00007ff9cc00e000 	C:\Windows\SYSTEM32\USERENV.dll
0x00007ff9cb980000 - 0x00007ff9cb98c000 	C:\Windows\SYSTEM32\CRYPTBASE.dll
0x00007ff9cb4f0000 - 0x00007ff9cb52b000 	C:\Windows\SYSTEM32\IPHLPAPI.DLL
0x00007ff9cd490000 - 0x00007ff9cd498000 	C:\Windows\System32\NSI.dll
0x00007ff982190000 - 0x00007ff9821d9000 	C:\Users\user\AppData\Local\Temp\jna-3599307\jna8778567451527522634.dll
0x00007ff9cd540000 - 0x00007ff9cd548000 	C:\Windows\System32\PSAPI.DLL
0x00007ff9c60c0000 - 0x00007ff9c60d7000 	C:\Windows\SYSTEM32\dhcpcsvc6.DLL
0x00007ff9c67b0000 - 0x00007ff9c67cd000 	C:\Windows\SYSTEM32\dhcpcsvc.DLL
0x00007ff9a6990000 - 0x00007ff9a69b7000 	C:\Users\user\.gradle\native\c067742578af261105cb4f569cf0c3c89f3d7b1fecec35dd04571415982c5e48\windows-amd64\native-platform.dll
0x00007ff9b3f00000 - 0x00007ff9b3f0a000 	C:\Users\user\.cursor\extensions\redhat.java-1.41.1-win32-x64\jre\21.0.6-win32-x86_64\bin\management.dll
0x00007ff9b3e60000 - 0x00007ff9b3e6b000 	C:\Users\user\.cursor\extensions\redhat.java-1.41.1-win32-x64\jre\21.0.6-win32-x86_64\bin\management_ext.dll
0x00007ff998590000 - 0x00007ff9985b7000 	C:\Users\user\.gradle\native\c067742578af261105cb4f569cf0c3c89f3d7b1fecec35dd04571415982c5e48\windows-amd64-min\native-platform.dll

dbghelp: loaded successfully - version: 4.0.5 - missing functions: none
symbol engine: initialized successfully - sym options: 0x614 - pdb path: .;c:\Users\user\.cursor\extensions\redhat.java-1.41.1-win32-x64\jre\21.0.6-win32-x86_64\bin;C:\Windows\SYSTEM32;C:\Windows\WinSxS\amd64_microsoft.windows.common-controls_6595b64144ccf1df_6.0.19041.4355_none_60b8b9eb71f62e16;c:\Users\user\.cursor\extensions\redhat.java-1.41.1-win32-x64\jre\21.0.6-win32-x86_64\bin\server;C:\Users\user\AppData\Roaming\Cursor\User\globalStorage\redhat.java\1.41.1\config_win\org.eclipse.equinox.launcher\org.eclipse.equinox.launcher.win32.win32.x86_64_1.2.1300.v20250331-1702;C:\Users\user\AppData\Local\Temp\jna-3599307;C:\Users\user\.gradle\native\c067742578af261105cb4f569cf0c3c89f3d7b1fecec35dd04571415982c5e48\windows-amd64;C:\Users\user\.gradle\native\c067742578af261105cb4f569cf0c3c89f3d7b1fecec35dd04571415982c5e48\windows-amd64-min

VM Arguments:
jvm_args: --add-modules=ALL-SYSTEM --add-opens=java.base/java.util=ALL-UNNAMED --add-opens=java.base/java.lang=ALL-UNNAMED --add-opens=java.base/sun.nio.fs=ALL-UNNAMED -Declipse.application=org.eclipse.jdt.ls.core.id1 -Dosgi.bundles.defaultStartLevel=4 -Declipse.product=org.eclipse.jdt.ls.core.product -Djava.import.generatesMetadataFilesAtProjectRoot=false -DDetectVMInstallationsJob.disabled=true -Dfile.encoding=utf8 -XX:+UseParallelGC -XX:GCTimeRatio=4 -XX:AdaptiveSizePolicyWeight=90 -Dsun.zip.disableMemoryMapping=true -Xmx1G -Xms100m -Xlog:disable -javaagent:c:\Users\user\.cursor\extensions\redhat.java-1.41.1-win32-x64\lombok\lombok-1.18.36.jar -XX:+HeapDumpOnOutOfMemoryError -XX:HeapDumpPath=c:\Users\user\AppData\Roaming\Cursor\User\workspaceStorage\f3c442a9c50ab3c94a1272807d9e31f5\redhat.java -Daether.dependencyCollector.impl=bf 
java_command: c:\Users\user\.cursor\extensions\redhat.java-1.41.1-win32-x64\server\plugins\org.eclipse.equinox.launcher_1.7.0.v20250331-1702.jar -configuration c:\Users\user\AppData\Roaming\Cursor\User\globalStorage\redhat.java\1.41.1\config_win -data c:\Users\user\AppData\Roaming\Cursor\User\workspaceStorage\f3c442a9c50ab3c94a1272807d9e31f5\redhat.java\jdt_ws --pipe=\\.\pipe\lsp-afc4262090c29384c8983d81aa41052f-sock
java_class_path (initial): c:\Users\user\.cursor\extensions\redhat.java-1.41.1-win32-x64\server\plugins\org.eclipse.equinox.launcher_1.7.0.v20250331-1702.jar
Launcher Type: SUN_STANDARD

[Global flags]
    uintx AdaptiveSizePolicyWeight                 = 90                                        {product} {command line}
     intx CICompilerCount                          = 4                                         {product} {ergonomic}
    uintx GCTimeRatio                              = 4                                         {product} {command line}
     bool HeapDumpOnOutOfMemoryError               = true                                   {manageable} {command line}
    ccstr HeapDumpPath                             = c:\Users\user\AppData\Roaming\Cursor\User\workspaceStorage\f3c442a9c50ab3c94a1272807d9e31f5\redhat.java         {manageable} {command line}
   size_t InitialHeapSize                          = 104857600                                 {product} {command line}
   size_t MaxHeapSize                              = 1073741824                                {product} {command line}
   size_t MaxNewSize                               = 357564416                                 {product} {ergonomic}
   size_t MinHeapDeltaBytes                        = 524288                                    {product} {ergonomic}
   size_t MinHeapSize                              = 104857600                                 {product} {command line}
   size_t NewSize                                  = 34603008                                  {product} {ergonomic}
    uintx NonNMethodCodeHeapSize                   = 5839372                                {pd product} {ergonomic}
    uintx NonProfiledCodeHeapSize                  = 122909434                              {pd product} {ergonomic}
   size_t OldSize                                  = 70254592                                  {product} {ergonomic}
    uintx ProfiledCodeHeapSize                     = 122909434                              {pd product} {ergonomic}
    uintx ReservedCodeCacheSize                    = 251658240                              {pd product} {ergonomic}
     bool SegmentedCodeCache                       = true                                      {product} {ergonomic}
   size_t SoftMaxHeapSize                          = 1073741824                             {manageable} {ergonomic}
     bool UseCompressedOops                        = true                           {product lp64_product} {ergonomic}
     bool UseLargePagesIndividualAllocation        = false                                  {pd product} {ergonomic}
     bool UseParallelGC                            = true                                      {product} {command line}

Logging:
Log output configuration:
 #0: stdout all=off uptime,level,tags foldmultilines=false
 #1: stderr all=off uptime,level,tags foldmultilines=false

Environment Variables:
PATH=C:\Program Files (x86)\NVIDIA Corporation\PhysX\Common;C:\Program Files\Common Files\Oracle\Java\javapath;C:\Program Files (x86)\Common Files\Oracle\Java\javapath;C:\Windows\system32;C:\Windows;C:\Windows\System32\Wbem;C:\Windows\System32\WindowsPowerShell\v1.0\;C:\Windows\System32\OpenSSH\;C:\Program Files\dotnet\;C:\Program Files\Git\cmd;C:\Program Files\nodejs\;C:\Program Files\MySQL\MySQL Shell 8.0\bin\;C:\Users\user\python\Scripts\;C:\Users\user\python\;C:\Users\user\AppData\Local\Microsoft\WindowsApps;C:\Users\user\AppData\Local\Programs\Microsoft VS Code\bin;C:\Program Files\Git\cmd;E:\ospanel\modules\php\PHP_8.1;;C:\Program Files\JetBrains\IntelliJ IDEA Community Edition 2023.3.6\bin;;C:\Users\user\AppData\Roaming\npm;C:\cursor\resources\app\bin
USERNAME=user
OS=Windows_NT
PROCESSOR_IDENTIFIER=AMD64 Family 23 Model 8 Stepping 2, AuthenticAMD
TMP=C:\Users\user\AppData\Local\Temp
TEMP=C:\Users\user\AppData\Local\Temp




Periodic native trim disabled

---------------  S Y S T E M  ---------------

OS:
 Windows 10 , 64 bit Build 19041 (10.0.19041.5438)
OS uptime: 0 days 8:50 hours
Hyper-V role detected

CPU: total 12 (initial active 12) (12 cores per cpu, 2 threads per core) family 23 model 8 stepping 2 microcode 0x0, cx8, cmov, fxsr, ht, mmx, 3dnowpref, sse, sse2, sse3, ssse3, sse4a, sse4.1, sse4.2, popcnt, lzcnt, tsc, tscinvbit, avx, avx2, aes, clmul, bmi1, bmi2, adx, sha, fma, vzeroupper, clflush, clflushopt, hv, rdtscp, f16c
Processor Information for the first 12 processors :
  Max Mhz: 3400, Current Mhz: 3400, Mhz Limit: 3400

Memory: 4k page, system-wide physical 16309M (1145M free)
TotalPageFile size 24501M (AvailPageFile size 15M)
current process WorkingSet (physical memory assigned to process): 537M, peak: 537M
current process commit charge ("private bytes"): 516M, peak: 982M

vm_info: OpenJDK 64-Bit Server VM (21.0.6+7-LTS) for windows-amd64 JRE (21.0.6+7-LTS), built on 2025-01-21T00:00:00Z by "admin" with MS VC++ 17.7 (VS2022)

END.
